

Microchip MPLAB XC8 Assembler V2.32 build 20210201212658 
                                                                                               Tue Aug 10 22:55:38 2021

Microchip MPLAB XC8 C Compiler v2.32 (Free license) build 20210201212658 Og1 
     1                           	processor	16F887
     2                           	pagewidth 120
     3                           	opt	flic
     4                           	psect	strings,global,class=STRING,delta=2,noexec
     5                           	psect	cinit,global,class=CODE,merge=1,delta=2
     6                           	psect	bssCOMMON,global,class=COMMON,space=1,delta=1,noexec
     7                           	psect	cstackCOMMON,global,class=COMMON,space=1,delta=1,noexec
     8                           	psect	cstackBANK0,global,class=BANK0,space=1,delta=1,noexec
     9                           	psect	maintext,global,class=CODE,split=1,delta=2
    10                           	psect	text1,local,class=CODE,merge=1,delta=2
    11                           	psect	text2,local,class=CODE,merge=1,delta=2
    12                           	psect	text3,local,class=CODE,merge=1,delta=2
    13                           	psect	text4,local,class=CODE,merge=1,delta=2
    14                           	psect	text5,local,class=CODE,merge=1,delta=2
    15                           	psect	intentry,global,class=CODE,delta=2
    16                           	psect	text6,local,class=CODE,merge=1,delta=2
    17                           	psect	config,global,abs,ovrld,class=CONFIG,space=4,delta=2,noexec
    18                           	dabs	1,0x7E,2
    19  0000                     
    20                           ; Version 2.20
    21                           ; Generated 12/02/2020 GMT
    22                           ; 
    23                           ; Copyright © 2020, Microchip Technology Inc. and its subsidiaries ("Microchip")
    24                           ; All rights reserved.
    25                           ; 
    26                           ; This software is developed by Microchip Technology Inc. and its subsidiaries ("Microch
      +                          ip").
    27                           ; 
    28                           ; Redistribution and use in source and binary forms, with or without modification, are
    29                           ; permitted provided that the following conditions are met:
    30                           ; 
    31                           ;     1. Redistributions of source code must retain the above copyright notice, this lis
      +                          t of
    32                           ;        conditions and the following disclaimer.
    33                           ; 
    34                           ;     2. Redistributions in binary form must reproduce the above copyright notice, this 
      +                          list
    35                           ;        of conditions and the following disclaimer in the documentation and/or other
    36                           ;        materials provided with the distribution.
    37                           ; 
    38                           ;     3. Microchip's name may not be used to endorse or promote products derived from th
      +                          is
    39                           ;        software without specific prior written permission.
    40                           ; 
    41                           ; THIS SOFTWARE IS PROVIDED BY MICROCHIP "AS IS" AND ANY EXPRESS OR IMPLIED WARRANTIES,
    42                           ; INCLUDING, BUT NOT LIMITED TO, THE IMPLIED WARRANTIES OF MERCHANTABILITY AND FITNESS F
      +                          OR
    43                           ; PURPOSE ARE DISCLAIMED.  IN NO EVENT SHALL MICROCHIP BE LIABLE FOR ANY DIRECT, INDIREC
      +                          T,
    44                           ; INCIDENTAL, SPECIAL, EXEMPLARY, OR CONSEQUENTIAL DAMAGES (INCLUDING BUT NOT LIMITED TO
    45                           ; PROCUREMENT OF SUBSTITUTE GOODS OR SERVICES; LOSS OF USE, DATA OR PROFITS; OR BUSINESS
    46                           ; INTERRUPTION) HOWSOEVER CAUSED AND ON ANY THEORY OF LIABILITY, WHETHER IN CONTRACT, ST
      +                          RICT
    47                           ; LIABILITY, OR TORT (INCLUDING NEGLIGENCE OR OTHERWISE) ARISING IN ANY WAY OUT OF THE U
      +                          SE OF
    48                           ; THIS SOFTWARE, EVEN IF ADVISED OF THE POSSIBILITY OF SUCH DAMAGE.
    49                           ; 
    50                           ; 
    51                           ; Code-generator required, PIC16F887 Definitions
    52                           ; 
    53                           ; SFR Addresses
    54  0000                     	;# 
    55  0001                     	;# 
    56  0002                     	;# 
    57  0003                     	;# 
    58  0004                     	;# 
    59  0005                     	;# 
    60  0006                     	;# 
    61  0007                     	;# 
    62  0008                     	;# 
    63  0009                     	;# 
    64  000A                     	;# 
    65  000B                     	;# 
    66  000C                     	;# 
    67  000D                     	;# 
    68  000E                     	;# 
    69  000E                     	;# 
    70  000F                     	;# 
    71  0010                     	;# 
    72  0011                     	;# 
    73  0012                     	;# 
    74  0013                     	;# 
    75  0014                     	;# 
    76  0015                     	;# 
    77  0015                     	;# 
    78  0016                     	;# 
    79  0017                     	;# 
    80  0018                     	;# 
    81  0019                     	;# 
    82  001A                     	;# 
    83  001B                     	;# 
    84  001B                     	;# 
    85  001C                     	;# 
    86  001D                     	;# 
    87  001E                     	;# 
    88  001F                     	;# 
    89  0081                     	;# 
    90  0085                     	;# 
    91  0086                     	;# 
    92  0087                     	;# 
    93  0088                     	;# 
    94  0089                     	;# 
    95  008C                     	;# 
    96  008D                     	;# 
    97  008E                     	;# 
    98  008F                     	;# 
    99  0090                     	;# 
   100  0091                     	;# 
   101  0092                     	;# 
   102  0093                     	;# 
   103  0093                     	;# 
   104  0093                     	;# 
   105  0094                     	;# 
   106  0095                     	;# 
   107  0096                     	;# 
   108  0097                     	;# 
   109  0098                     	;# 
   110  0099                     	;# 
   111  009A                     	;# 
   112  009B                     	;# 
   113  009C                     	;# 
   114  009D                     	;# 
   115  009E                     	;# 
   116  009F                     	;# 
   117  0105                     	;# 
   118  0107                     	;# 
   119  0108                     	;# 
   120  0109                     	;# 
   121  010C                     	;# 
   122  010C                     	;# 
   123  010D                     	;# 
   124  010E                     	;# 
   125  010F                     	;# 
   126  0185                     	;# 
   127  0187                     	;# 
   128  0188                     	;# 
   129  0189                     	;# 
   130  018C                     	;# 
   131  018D                     	;# 
   132  0000                     	;# 
   133  0001                     	;# 
   134  0002                     	;# 
   135  0003                     	;# 
   136  0004                     	;# 
   137  0005                     	;# 
   138  0006                     	;# 
   139  0007                     	;# 
   140  0008                     	;# 
   141  0009                     	;# 
   142  000A                     	;# 
   143  000B                     	;# 
   144  000C                     	;# 
   145  000D                     	;# 
   146  000E                     	;# 
   147  000E                     	;# 
   148  000F                     	;# 
   149  0010                     	;# 
   150  0011                     	;# 
   151  0012                     	;# 
   152  0013                     	;# 
   153  0014                     	;# 
   154  0015                     	;# 
   155  0015                     	;# 
   156  0016                     	;# 
   157  0017                     	;# 
   158  0018                     	;# 
   159  0019                     	;# 
   160  001A                     	;# 
   161  001B                     	;# 
   162  001B                     	;# 
   163  001C                     	;# 
   164  001D                     	;# 
   165  001E                     	;# 
   166  001F                     	;# 
   167  0081                     	;# 
   168  0085                     	;# 
   169  0086                     	;# 
   170  0087                     	;# 
   171  0088                     	;# 
   172  0089                     	;# 
   173  008C                     	;# 
   174  008D                     	;# 
   175  008E                     	;# 
   176  008F                     	;# 
   177  0090                     	;# 
   178  0091                     	;# 
   179  0092                     	;# 
   180  0093                     	;# 
   181  0093                     	;# 
   182  0093                     	;# 
   183  0094                     	;# 
   184  0095                     	;# 
   185  0096                     	;# 
   186  0097                     	;# 
   187  0098                     	;# 
   188  0099                     	;# 
   189  009A                     	;# 
   190  009B                     	;# 
   191  009C                     	;# 
   192  009D                     	;# 
   193  009E                     	;# 
   194  009F                     	;# 
   195  0105                     	;# 
   196  0107                     	;# 
   197  0108                     	;# 
   198  0109                     	;# 
   199  010C                     	;# 
   200  010C                     	;# 
   201  010D                     	;# 
   202  010E                     	;# 
   203  010F                     	;# 
   204  0185                     	;# 
   205  0187                     	;# 
   206  0188                     	;# 
   207  0189                     	;# 
   208  018C                     	;# 
   209  018D                     	;# 
   210  0000                     	;# 
   211  0001                     	;# 
   212  0002                     	;# 
   213  0003                     	;# 
   214  0004                     	;# 
   215  0005                     	;# 
   216  0006                     	;# 
   217  0007                     	;# 
   218  0008                     	;# 
   219  0009                     	;# 
   220  000A                     	;# 
   221  000B                     	;# 
   222  000C                     	;# 
   223  000D                     	;# 
   224  000E                     	;# 
   225  000E                     	;# 
   226  000F                     	;# 
   227  0010                     	;# 
   228  0011                     	;# 
   229  0012                     	;# 
   230  0013                     	;# 
   231  0014                     	;# 
   232  0015                     	;# 
   233  0015                     	;# 
   234  0016                     	;# 
   235  0017                     	;# 
   236  0018                     	;# 
   237  0019                     	;# 
   238  001A                     	;# 
   239  001B                     	;# 
   240  001B                     	;# 
   241  001C                     	;# 
   242  001D                     	;# 
   243  001E                     	;# 
   244  001F                     	;# 
   245  0081                     	;# 
   246  0085                     	;# 
   247  0086                     	;# 
   248  0087                     	;# 
   249  0088                     	;# 
   250  0089                     	;# 
   251  008C                     	;# 
   252  008D                     	;# 
   253  008E                     	;# 
   254  008F                     	;# 
   255  0090                     	;# 
   256  0091                     	;# 
   257  0092                     	;# 
   258  0093                     	;# 
   259  0093                     	;# 
   260  0093                     	;# 
   261  0094                     	;# 
   262  0095                     	;# 
   263  0096                     	;# 
   264  0097                     	;# 
   265  0098                     	;# 
   266  0099                     	;# 
   267  009A                     	;# 
   268  009B                     	;# 
   269  009C                     	;# 
   270  009D                     	;# 
   271  009E                     	;# 
   272  009F                     	;# 
   273  0105                     	;# 
   274  0107                     	;# 
   275  0108                     	;# 
   276  0109                     	;# 
   277  010C                     	;# 
   278  010C                     	;# 
   279  010D                     	;# 
   280  010E                     	;# 
   281  010F                     	;# 
   282  0185                     	;# 
   283  0187                     	;# 
   284  0188                     	;# 
   285  0189                     	;# 
   286  018C                     	;# 
   287  018D                     	;# 
   288  0000                     	;# 
   289  0001                     	;# 
   290  0002                     	;# 
   291  0003                     	;# 
   292  0004                     	;# 
   293  0005                     	;# 
   294  0006                     	;# 
   295  0007                     	;# 
   296  0008                     	;# 
   297  0009                     	;# 
   298  000A                     	;# 
   299  000B                     	;# 
   300  000C                     	;# 
   301  000D                     	;# 
   302  000E                     	;# 
   303  000E                     	;# 
   304  000F                     	;# 
   305  0010                     	;# 
   306  0011                     	;# 
   307  0012                     	;# 
   308  0013                     	;# 
   309  0014                     	;# 
   310  0015                     	;# 
   311  0015                     	;# 
   312  0016                     	;# 
   313  0017                     	;# 
   314  0018                     	;# 
   315  0019                     	;# 
   316  001A                     	;# 
   317  001B                     	;# 
   318  001B                     	;# 
   319  001C                     	;# 
   320  001D                     	;# 
   321  001E                     	;# 
   322  001F                     	;# 
   323  0081                     	;# 
   324  0085                     	;# 
   325  0086                     	;# 
   326  0087                     	;# 
   327  0088                     	;# 
   328  0089                     	;# 
   329  008C                     	;# 
   330  008D                     	;# 
   331  008E                     	;# 
   332  008F                     	;# 
   333  0090                     	;# 
   334  0091                     	;# 
   335  0092                     	;# 
   336  0093                     	;# 
   337  0093                     	;# 
   338  0093                     	;# 
   339  0094                     	;# 
   340  0095                     	;# 
   341  0096                     	;# 
   342  0097                     	;# 
   343  0098                     	;# 
   344  0099                     	;# 
   345  009A                     	;# 
   346  009B                     	;# 
   347  009C                     	;# 
   348  009D                     	;# 
   349  009E                     	;# 
   350  009F                     	;# 
   351  0105                     	;# 
   352  0107                     	;# 
   353  0108                     	;# 
   354  0109                     	;# 
   355  010C                     	;# 
   356  010C                     	;# 
   357  010D                     	;# 
   358  010E                     	;# 
   359  010F                     	;# 
   360  0185                     	;# 
   361  0187                     	;# 
   362  0188                     	;# 
   363  0189                     	;# 
   364  018C                     	;# 
   365  018D                     	;# 
   366  0000                     	;# 
   367  0001                     	;# 
   368  0002                     	;# 
   369  0003                     	;# 
   370  0004                     	;# 
   371  0005                     	;# 
   372  0006                     	;# 
   373  0007                     	;# 
   374  0008                     	;# 
   375  0009                     	;# 
   376  000A                     	;# 
   377  000B                     	;# 
   378  000C                     	;# 
   379  000D                     	;# 
   380  000E                     	;# 
   381  000E                     	;# 
   382  000F                     	;# 
   383  0010                     	;# 
   384  0011                     	;# 
   385  0012                     	;# 
   386  0013                     	;# 
   387  0014                     	;# 
   388  0015                     	;# 
   389  0015                     	;# 
   390  0016                     	;# 
   391  0017                     	;# 
   392  0018                     	;# 
   393  0019                     	;# 
   394  001A                     	;# 
   395  001B                     	;# 
   396  001B                     	;# 
   397  001C                     	;# 
   398  001D                     	;# 
   399  001E                     	;# 
   400  001F                     	;# 
   401  0081                     	;# 
   402  0085                     	;# 
   403  0086                     	;# 
   404  0087                     	;# 
   405  0088                     	;# 
   406  0089                     	;# 
   407  008C                     	;# 
   408  008D                     	;# 
   409  008E                     	;# 
   410  008F                     	;# 
   411  0090                     	;# 
   412  0091                     	;# 
   413  0092                     	;# 
   414  0093                     	;# 
   415  0093                     	;# 
   416  0093                     	;# 
   417  0094                     	;# 
   418  0095                     	;# 
   419  0096                     	;# 
   420  0097                     	;# 
   421  0098                     	;# 
   422  0099                     	;# 
   423  009A                     	;# 
   424  009B                     	;# 
   425  009C                     	;# 
   426  009D                     	;# 
   427  009E                     	;# 
   428  009F                     	;# 
   429  0105                     	;# 
   430  0107                     	;# 
   431  0108                     	;# 
   432  0109                     	;# 
   433  010C                     	;# 
   434  010C                     	;# 
   435  010D                     	;# 
   436  010E                     	;# 
   437  010F                     	;# 
   438  0185                     	;# 
   439  0187                     	;# 
   440  0188                     	;# 
   441  0189                     	;# 
   442  018C                     	;# 
   443  018D                     	;# 
   444  0014                     _SSPCON	set	20
   445  0007                     _PORTCbits	set	7
   446  0019                     _TXREG	set	25
   447  001E                     _ADRESH	set	30
   448  000B                     _INTCONbits	set	11
   449  001F                     _ADCON0bits	set	31
   450  0001                     _TMR0	set	1
   451  000B                     _INTCON	set	11
   452  0009                     _PORTE	set	9
   453  0008                     _PORTD	set	8
   454  0007                     _PORTC	set	7
   455  0005                     _PORTA	set	5
   456  0006                     _PORTB	set	6
   457  0013                     _SSPBUF	set	19
   458  0014                     _SSPCONbits	set	20
   459  000C                     _PIR1bits	set	12
   460  0063                     _SSPIF	set	99
   461  005E                     _PEIE	set	94
   462  005F                     _GIE	set	95
   463  0028                     _RA0	set	40
   464  00C4                     _CREN	set	196
   465  00C7                     _SPEN	set	199
   466  005B                     _RBIE	set	91
   467  0066                     _ADIF	set	102
   468  0091                     _SSPCON2bits	set	145
   469  0087                     _TRISCbits	set	135
   470  0093                     _SSPADD	set	147
   471  0091                     _SSPCON2	set	145
   472  0085                     _TRISAbits	set	133
   473  0094                     _SSPSTAT	set	148
   474  0087                     _TRISC	set	135
   475  0099                     _SPBRG	set	153
   476  008C                     _PIE1bits	set	140
   477  009F                     _ADCON1bits	set	159
   478  0095                     _WPUBbits	set	149
   479  0081                     _OPTION_REGbits	set	129
   480  0088                     _TRISD	set	136
   481  0089                     _TRISE	set	137
   482  0086                     _TRISB	set	134
   483  0085                     _TRISA	set	133
   484  0094                     _SSPSTATbits	set	148
   485  0463                     _SSPIE	set	1123
   486  043C                     _TRISC4	set	1084
   487  043B                     _TRISC3	set	1083
   488  043D                     _TRISC5	set	1085
   489  04C4                     _SYNC	set	1220
   490  04C5                     _TXEN	set	1221
   491  04B1                     _IOCB1	set	1201
   492  04B0                     _IOCB0	set	1200
   493  040B                     _PSA	set	1035
   494  040D                     _T0CS	set	1037
   495  040A                     _PS2	set	1034
   496  0409                     _PS1	set	1033
   497  0408                     _PS0	set	1032
   498  047E                     _IRCF2	set	1150
   499  047D                     _IRCF1	set	1149
   500  047C                     _IRCF0	set	1148
   501  04A0                     _BF	set	1184
   502  0189                     _ANSELH	set	393
   503  0188                     _ANSEL	set	392
   504                           
   505                           	psect	strings
   506  0100                     __pstrings:
   507  0100                     stringtab:
   508  0100                     __stringtab:
   509  0100                     stringcode:	
   510                           ;	String table - string pointers are 1 byte each
   511                           
   512  0100                     stringdir:
   513  0100  3001               	movlw	high stringdir
   514  0101  008A               	movwf	10
   515  0102  0804               	movf	4,w
   516  0103  0A84               	incf	4,f
   517  0104  0782               	addwf	2,f
   518  0105                     __stringbase:
   519  0105  3400               	retlw	0
   520  0106                     __end_of__stringtab:
   521  0106                     STR_1:
   522  0106  3450               	retlw	80	;'P'
   523  0107  344F               	retlw	79	;'O'
   524  0108  3454               	retlw	84	;'T'
   525  0109  3420               	retlw	32	;' '
   526  010A  3431               	retlw	49	;'1'
   527  010B  343A               	retlw	58	;':'
   528  010C  3420               	retlw	32	;' '
   529  010D  3400               	retlw	0
   530  010E                     STR_2:
   531  010E  3450               	retlw	80	;'P'
   532  010F  344F               	retlw	79	;'O'
   533  0110  3454               	retlw	84	;'T'
   534  0111  3420               	retlw	32	;' '
   535  0112  3432               	retlw	50	;'2'
   536  0113  343A               	retlw	58	;':'
   537  0114  3420               	retlw	32	;' '
   538  0115  3400               	retlw	0
   539                           
   540                           	psect	cinit
   541  000F                     start_initialization:	
   542                           ; #config settings
   543                           
   544  000F                     __initialization:
   545                           
   546                           ; Clear objects allocated to COMMON
   547  000F  01F6               	clrf	__pbssCOMMON& (0+127)
   548  0010  01F7               	clrf	(__pbssCOMMON+1)& (0+127)
   549  0011                     end_of_initialization:	
   550                           ;End of C runtime variable initialization code
   551                           
   552  0011                     __end_of__initialization:
   553  0011  0183               	clrf	3
   554  0012  120A  118A  28DE   	ljmp	_main	;jump to C main() function
   555                           
   556                           	psect	bssCOMMON
   557  0076                     __pbssCOMMON:
   558  0076                     _z:
   559  0076                     	ds	1
   560  0077                     _V_ADC_0:
   561  0077                     	ds	1
   562                           
   563                           	psect	cstackCOMMON
   564  0070                     __pcstackCOMMON:
   565  0070                     ?_Valor_ADC:
   566  0070                     ??_Valor_ADC:	
   567                           ; 1 bytes @ 0x0
   568                           
   569  0070                     ?_config:	
   570                           ; 1 bytes @ 0x0
   571                           
   572  0070                     ?_Config_Oscilador:	
   573                           ; 1 bytes @ 0x0
   574                           
   575  0070                     ?_Config_ADC:	
   576                           ; 1 bytes @ 0x0
   577                           
   578  0070                     ?_I2C_Slave_Init:	
   579                           ; 1 bytes @ 0x0
   580                           
   581  0070                     ?_isr:	
   582                           ; 1 bytes @ 0x0
   583                           
   584  0070                     ?_main:	
   585                           ; 1 bytes @ 0x0
   586                           
   587                           
   588                           ; 1 bytes @ 0x0
   589  0070                     	ds	1
   590  0071                     Valor_ADC@canal:
   591                           
   592                           ; 1 bytes @ 0x1
   593  0071                     	ds	1
   594  0072                     Valor_ADC@temp:
   595                           
   596                           ; 1 bytes @ 0x2
   597  0072                     	ds	1
   598  0073                     ??_isr:
   599                           
   600                           ; 1 bytes @ 0x3
   601  0073                     	ds	3
   602  0076                     ??_config:
   603  0076                     ??_Config_Oscilador:	
   604                           ; 1 bytes @ 0x6
   605                           
   606  0076                     ??_I2C_Slave_Init:	
   607                           ; 1 bytes @ 0x6
   608                           
   609  0076                     ??_main:	
   610                           ; 1 bytes @ 0x6
   611                           
   612                           
   613                           	psect	cstackBANK0
   614  0020                     __pcstackBANK0:	
   615                           ; 1 bytes @ 0x6
   616                           
   617  0020                     ??_Config_ADC:
   618  0020                     I2C_Slave_Init@address:	
   619                           ; 1 bytes @ 0x0
   620                           
   621                           
   622                           ; 1 bytes @ 0x0
   623  0020                     	ds	1
   624                           
   625                           	psect	maintext
   626  00DE                     __pmaintext:	
   627 ;;
   628 ;;Main: autosize = 0, tempsize = 0, incstack = 0, save=0
   629 ;;
   630 ;; *************** function _main *****************
   631 ;; Defined at:
   632 ;;		line 105 in file "Lab_04_Esclavo_1.c"
   633 ;; Parameters:    Size  Location     Type
   634 ;;		None
   635 ;; Auto vars:     Size  Location     Type
   636 ;;		None
   637 ;; Return value:  Size  Location     Type
   638 ;;                  1    wreg      void 
   639 ;; Registers used:
   640 ;;		wreg, status,2, status,0, pclath, cstack
   641 ;; Tracked objects:
   642 ;;		On entry : B00/0
   643 ;;		On exit  : 0/0
   644 ;;		Unchanged: 0/0
   645 ;; Data sizes:     COMMON   BANK0   BANK1   BANK3   BANK2
   646 ;;      Params:         0       0       0       0       0
   647 ;;      Locals:         0       0       0       0       0
   648 ;;      Temps:          0       0       0       0       0
   649 ;;      Totals:         0       0       0       0       0
   650 ;;Total ram usage:        0 bytes
   651 ;; Hardware stack levels required when called: 3
   652 ;; This function calls:
   653 ;;		_Config_ADC
   654 ;;		_Config_Oscilador
   655 ;;		_I2C_Slave_Init
   656 ;;		_config
   657 ;; This function is called by:
   658 ;;		Startup code after reset
   659 ;; This function uses a non-reentrant model
   660 ;;
   661                           
   662                           
   663                           ;psect for function _main
   664  00DE                     _main:
   665  00DE                     l1331:	
   666                           ;incstack = 0
   667                           ; Regs used in _main: [wreg+status,2+status,0+pclath+cstack]
   668                           
   669  00DE  120A  118A  2116  120A  118A  	fcall	_config
   670  00E3  120A  118A  212A  120A  118A  	fcall	_Config_Oscilador
   671  00E8  120A  118A  2082  120A  118A  	fcall	_Config_ADC
   672  00ED  3050               	movlw	80
   673  00EE  120A  118A  20C2  120A  118A  	fcall	_I2C_Slave_Init
   674  00F3                     l74:
   675  00F3                     l75:
   676  00F3  28F3               	goto	l74
   677  00F4  120A  118A  280C   	ljmp	start
   678  00F7                     __end_of_main:
   679                           
   680                           	psect	text1
   681  0116                     __ptext1:	
   682 ;; *************** function _config *****************
   683 ;; Defined at:
   684 ;;		line 122 in file "Lab_04_Esclavo_1.c"
   685 ;; Parameters:    Size  Location     Type
   686 ;;		None
   687 ;; Auto vars:     Size  Location     Type
   688 ;;		None
   689 ;; Return value:  Size  Location     Type
   690 ;;                  1    wreg      void 
   691 ;; Registers used:
   692 ;;		wreg, status,2
   693 ;; Tracked objects:
   694 ;;		On entry : 0/0
   695 ;;		On exit  : 0/0
   696 ;;		Unchanged: 0/0
   697 ;; Data sizes:     COMMON   BANK0   BANK1   BANK3   BANK2
   698 ;;      Params:         0       0       0       0       0
   699 ;;      Locals:         0       0       0       0       0
   700 ;;      Temps:          0       0       0       0       0
   701 ;;      Totals:         0       0       0       0       0
   702 ;;Total ram usage:        0 bytes
   703 ;; Hardware stack levels used: 1
   704 ;; Hardware stack levels required when called: 2
   705 ;; This function calls:
   706 ;;		Nothing
   707 ;; This function is called by:
   708 ;;		_main
   709 ;; This function uses a non-reentrant model
   710 ;;
   711                           
   712                           
   713                           ;psect for function _config
   714  0116                     _config:
   715  0116                     l981:	
   716                           ;incstack = 0
   717                           ; Regs used in _config: [wreg+status,2]
   718                           
   719  0116  3001               	movlw	1
   720  0117  1683               	bsf	3,5	;RP0=1, select bank1
   721  0118  1303               	bcf	3,6	;RP1=0, select bank1
   722  0119  0085               	movwf	5	;volatile
   723  011A                     l983:
   724  011A  0186               	clrf	6	;volatile
   725  011B                     l985:
   726  011B  0189               	clrf	9	;volatile
   727  011C                     l987:
   728  011C  0188               	clrf	8	;volatile
   729  011D                     l989:
   730  011D  3001               	movlw	1
   731  011E  1683               	bsf	3,5	;RP0=1, select bank3
   732  011F  1703               	bsf	3,6	;RP1=1, select bank3
   733  0120  0088               	movwf	8	;volatile
   734  0121  0189               	clrf	9	;volatile
   735  0122  1283               	bcf	3,5	;RP0=0, select bank0
   736  0123  1303               	bcf	3,6	;RP1=0, select bank0
   737  0124  0185               	clrf	5	;volatile
   738  0125  0186               	clrf	6	;volatile
   739  0126  0187               	clrf	7	;volatile
   740  0127  0188               	clrf	8	;volatile
   741  0128  0189               	clrf	9	;volatile
   742  0129                     l80:
   743  0129  0008               	return
   744  012A                     __end_of_config:
   745                           
   746                           	psect	text2
   747  00C2                     __ptext2:	
   748 ;; *************** function _I2C_Slave_Init *****************
   749 ;; Defined at:
   750 ;;		line 77 in file "../../LIB/LIB.X/I2C.c"
   751 ;; Parameters:    Size  Location     Type
   752 ;;  address         1    wreg     unsigned char 
   753 ;; Auto vars:     Size  Location     Type
   754 ;;  address         1    0[BANK0 ] unsigned char 
   755 ;; Return value:  Size  Location     Type
   756 ;;                  1    wreg      void 
   757 ;; Registers used:
   758 ;;		wreg
   759 ;; Tracked objects:
   760 ;;		On entry : 0/0
   761 ;;		On exit  : 0/0
   762 ;;		Unchanged: 0/0
   763 ;; Data sizes:     COMMON   BANK0   BANK1   BANK3   BANK2
   764 ;;      Params:         0       0       0       0       0
   765 ;;      Locals:         0       1       0       0       0
   766 ;;      Temps:          0       0       0       0       0
   767 ;;      Totals:         0       1       0       0       0
   768 ;;Total ram usage:        1 bytes
   769 ;; Hardware stack levels used: 1
   770 ;; Hardware stack levels required when called: 2
   771 ;; This function calls:
   772 ;;		Nothing
   773 ;; This function is called by:
   774 ;;		_main
   775 ;; This function uses a non-reentrant model
   776 ;;
   777                           
   778                           
   779                           ;psect for function _I2C_Slave_Init
   780  00C2                     _I2C_Slave_Init:
   781                           
   782                           ;incstack = 0
   783                           ; Regs used in _I2C_Slave_Init: [wreg]
   784                           ;I2C_Slave_Init@address stored from wreg
   785  00C2  1283               	bcf	3,5	;RP0=0, select bank0
   786  00C3  1303               	bcf	3,6	;RP1=0, select bank0
   787  00C4  00A0               	movwf	I2C_Slave_Init@address
   788  00C5                     l1317:
   789                           
   790                           ;../../LIB/LIB.X/I2C.c: 78:     SSPADD = address;
   791  00C5  0820               	movf	I2C_Slave_Init@address,w
   792  00C6  1683               	bsf	3,5	;RP0=1, select bank1
   793  00C7  1303               	bcf	3,6	;RP1=0, select bank1
   794  00C8  0093               	movwf	19	;volatile
   795                           
   796                           ;../../LIB/LIB.X/I2C.c: 79:     SSPCON = 0x36;
   797  00C9  3036               	movlw	54
   798  00CA  1283               	bcf	3,5	;RP0=0, select bank0
   799  00CB  1303               	bcf	3,6	;RP1=0, select bank0
   800  00CC  0094               	movwf	20	;volatile
   801                           
   802                           ;../../LIB/LIB.X/I2C.c: 80:     SSPSTAT = 0x80;
   803  00CD  3080               	movlw	128
   804  00CE  1683               	bsf	3,5	;RP0=1, select bank1
   805  00CF  1303               	bcf	3,6	;RP1=0, select bank1
   806  00D0  0094               	movwf	20	;volatile
   807                           
   808                           ;../../LIB/LIB.X/I2C.c: 81:     SSPCON2 = 0x01;
   809  00D1  3001               	movlw	1
   810  00D2  0091               	movwf	17	;volatile
   811  00D3                     l1319:
   812                           
   813                           ;../../LIB/LIB.X/I2C.c: 82:     TRISC3 = 1;
   814  00D3  1587               	bsf	7,3	;volatile
   815  00D4                     l1321:
   816                           
   817                           ;../../LIB/LIB.X/I2C.c: 83:     TRISC4 = 1;
   818  00D4  1607               	bsf	7,4	;volatile
   819  00D5                     l1323:
   820                           
   821                           ;../../LIB/LIB.X/I2C.c: 84:     GIE = 1;
   822  00D5  178B               	bsf	11,7	;volatile
   823  00D6                     l1325:
   824                           
   825                           ;../../LIB/LIB.X/I2C.c: 85:     PEIE = 1;
   826  00D6  170B               	bsf	11,6	;volatile
   827  00D7                     l1327:
   828                           
   829                           ;../../LIB/LIB.X/I2C.c: 86:     SSPIF = 0;
   830  00D7  1283               	bcf	3,5	;RP0=0, select bank0
   831  00D8  1303               	bcf	3,6	;RP1=0, select bank0
   832  00D9  118C               	bcf	12,3	;volatile
   833  00DA                     l1329:
   834                           
   835                           ;../../LIB/LIB.X/I2C.c: 87:     SSPIE = 1;
   836  00DA  1683               	bsf	3,5	;RP0=1, select bank1
   837  00DB  1303               	bcf	3,6	;RP1=0, select bank1
   838  00DC  158C               	bsf	12,3	;volatile
   839  00DD                     l335:
   840  00DD  0008               	return
   841  00DE                     __end_of_I2C_Slave_Init:
   842                           
   843                           	psect	text3
   844  012A                     __ptext3:	
   845 ;; *************** function _Config_Oscilador *****************
   846 ;; Defined at:
   847 ;;		line 7 in file "../../LIB/LIB.X/LIB.c"
   848 ;; Parameters:    Size  Location     Type
   849 ;;		None
   850 ;; Auto vars:     Size  Location     Type
   851 ;;		None
   852 ;; Return value:  Size  Location     Type
   853 ;;                  1    wreg      void 
   854 ;; Registers used:
   855 ;;		wreg
   856 ;; Tracked objects:
   857 ;;		On entry : 0/0
   858 ;;		On exit  : 0/0
   859 ;;		Unchanged: 0/0
   860 ;; Data sizes:     COMMON   BANK0   BANK1   BANK3   BANK2
   861 ;;      Params:         0       0       0       0       0
   862 ;;      Locals:         0       0       0       0       0
   863 ;;      Temps:          0       0       0       0       0
   864 ;;      Totals:         0       0       0       0       0
   865 ;;Total ram usage:        0 bytes
   866 ;; Hardware stack levels used: 1
   867 ;; Hardware stack levels required when called: 2
   868 ;; This function calls:
   869 ;;		Nothing
   870 ;; This function is called by:
   871 ;;		_main
   872 ;; This function uses a non-reentrant model
   873 ;;
   874                           
   875                           
   876                           ;psect for function _Config_Oscilador
   877  012A                     _Config_Oscilador:
   878  012A                     l991:	
   879                           ;incstack = 0
   880                           ; Regs used in _Config_Oscilador: [wreg]
   881                           
   882                           
   883                           ;../../LIB/LIB.X/LIB.c: 9:     IRCF0 = 1;
   884  012A  1683               	bsf	3,5	;RP0=1, select bank1
   885  012B  1303               	bcf	3,6	;RP1=0, select bank1
   886  012C  160F               	bsf	15,4	;volatile
   887                           
   888                           ;../../LIB/LIB.X/LIB.c: 10:     IRCF1 = 1;
   889  012D  168F               	bsf	15,5	;volatile
   890                           
   891                           ;../../LIB/LIB.X/LIB.c: 11:     IRCF2 = 1;
   892  012E  170F               	bsf	15,6	;volatile
   893  012F                     l993:
   894                           
   895                           ;../../LIB/LIB.X/LIB.c: 12:     INTCON = 0b11101000;
   896  012F  30E8               	movlw	232
   897  0130  008B               	movwf	11	;volatile
   898  0131                     l175:
   899  0131  0008               	return
   900  0132                     __end_of_Config_Oscilador:
   901                           
   902                           	psect	text4
   903  0082                     __ptext4:	
   904 ;; *************** function _Config_ADC *****************
   905 ;; Defined at:
   906 ;;		line 39 in file "../../LIB/LIB.X/LIB.c"
   907 ;; Parameters:    Size  Location     Type
   908 ;;		None
   909 ;; Auto vars:     Size  Location     Type
   910 ;;		None
   911 ;; Return value:  Size  Location     Type
   912 ;;                  1    wreg      void 
   913 ;; Registers used:
   914 ;;		wreg, status,2, status,0
   915 ;; Tracked objects:
   916 ;;		On entry : 0/0
   917 ;;		On exit  : 0/0
   918 ;;		Unchanged: 0/0
   919 ;; Data sizes:     COMMON   BANK0   BANK1   BANK3   BANK2
   920 ;;      Params:         0       0       0       0       0
   921 ;;      Locals:         0       0       0       0       0
   922 ;;      Temps:          0       1       0       0       0
   923 ;;      Totals:         0       1       0       0       0
   924 ;;Total ram usage:        1 bytes
   925 ;; Hardware stack levels used: 1
   926 ;; Hardware stack levels required when called: 2
   927 ;; This function calls:
   928 ;;		Nothing
   929 ;; This function is called by:
   930 ;;		_main
   931 ;; This function uses a non-reentrant model
   932 ;;
   933                           
   934                           
   935                           ;psect for function _Config_ADC
   936  0082                     _Config_ADC:
   937  0082                     l1297:	
   938                           ;incstack = 0
   939                           ; Regs used in _Config_ADC: [wreg+status,2+status,0]
   940                           
   941                           
   942                           ;../../LIB/LIB.X/LIB.c: 40:     ADCON0bits.ADCS0 = 0;
   943  0082  1283               	bcf	3,5	;RP0=0, select bank0
   944  0083  1303               	bcf	3,6	;RP1=0, select bank0
   945  0084  131F               	bcf	31,6	;volatile
   946                           
   947                           ;../../LIB/LIB.X/LIB.c: 41:     ADCON0bits.ADCS1 = 1;
   948  0085  179F               	bsf	31,7	;volatile
   949                           
   950                           ;../../LIB/LIB.X/LIB.c: 42:     ADCON1bits.VCFG0 = 0;
   951  0086  1683               	bsf	3,5	;RP0=1, select bank1
   952  0087  1303               	bcf	3,6	;RP1=0, select bank1
   953  0088  121F               	bcf	31,4	;volatile
   954                           
   955                           ;../../LIB/LIB.X/LIB.c: 43:     ADCON1bits.VCFG1 = 0;
   956  0089  129F               	bcf	31,5	;volatile
   957  008A                     l1299:
   958                           
   959                           ;../../LIB/LIB.X/LIB.c: 44:     ADCON0bits.CHS = 0;
   960  008A  30C3               	movlw	-61
   961  008B  1283               	bcf	3,5	;RP0=0, select bank0
   962  008C  1303               	bcf	3,6	;RP1=0, select bank0
   963  008D  059F               	andwf	31,f	;volatile
   964  008E                     l1301:
   965                           
   966                           ;../../LIB/LIB.X/LIB.c: 45:     ADCON1bits.ADFM = 0;
   967  008E  1683               	bsf	3,5	;RP0=1, select bank1
   968  008F  1303               	bcf	3,6	;RP1=0, select bank1
   969  0090  139F               	bcf	31,7	;volatile
   970  0091                     l1303:
   971                           
   972                           ;../../LIB/LIB.X/LIB.c: 46:     ADCON0bits.ADON = 1;
   973  0091  1283               	bcf	3,5	;RP0=0, select bank0
   974  0092  1303               	bcf	3,6	;RP1=0, select bank0
   975  0093  141F               	bsf	31,0	;volatile
   976  0094                     l1305:
   977                           
   978                           ;../../LIB/LIB.X/LIB.c: 47:     ADIF = 0;
   979  0094  130C               	bcf	12,6	;volatile
   980  0095                     l1307:
   981                           
   982                           ;../../LIB/LIB.X/LIB.c: 48:     PIE1bits.ADIE = 1;
   983  0095  1683               	bsf	3,5	;RP0=1, select bank1
   984  0096  1303               	bcf	3,6	;RP1=0, select bank1
   985  0097  170C               	bsf	12,6	;volatile
   986  0098                     l1309:
   987                           
   988                           ;../../LIB/LIB.X/LIB.c: 49:     INTCONbits.PEIE = 1;
   989  0098  170B               	bsf	11,6	;volatile
   990  0099                     l1311:
   991                           
   992                           ;../../LIB/LIB.X/LIB.c: 50:     INTCONbits.GIE = 1;
   993  0099  178B               	bsf	11,7	;volatile
   994  009A                     l1313:
   995                           
   996                           ;../../LIB/LIB.X/LIB.c: 52:     _delay((unsigned long)((50)*(8000000/4000000.0)));
   997  009A  3020               	movlw	32
   998  009B  1283               	bcf	3,5	;RP0=0, select bank0
   999  009C  1303               	bcf	3,6	;RP1=0, select bank0
  1000  009D  00A0               	movwf	??_Config_ADC
  1001  009E                     u307:
  1002  009E  0BA0               	decfsz	??_Config_ADC,f
  1003  009F  289E               	goto	u307
  1004  00A0  0000               	nop
  1005  00A1                     l1315:
  1006                           
  1007                           ;../../LIB/LIB.X/LIB.c: 53:     ADCON0bits.GO = 1;
  1008  00A1  1283               	bcf	3,5	;RP0=0, select bank0
  1009  00A2  1303               	bcf	3,6	;RP1=0, select bank0
  1010  00A3  149F               	bsf	31,1	;volatile
  1011  00A4                     l184:
  1012  00A4  0008               	return
  1013  00A5                     __end_of_Config_ADC:
  1014                           
  1015                           	psect	text5
  1016  0015                     __ptext5:	
  1017 ;; *************** function _isr *****************
  1018 ;; Defined at:
  1019 ;;		line 61 in file "Lab_04_Esclavo_1.c"
  1020 ;; Parameters:    Size  Location     Type
  1021 ;;		None
  1022 ;; Auto vars:     Size  Location     Type
  1023 ;;		None
  1024 ;; Return value:  Size  Location     Type
  1025 ;;                  1    wreg      void 
  1026 ;; Registers used:
  1027 ;;		wreg, status,2, status,0, pclath, cstack
  1028 ;; Tracked objects:
  1029 ;;		On entry : 0/0
  1030 ;;		On exit  : 0/0
  1031 ;;		Unchanged: 0/0
  1032 ;; Data sizes:     COMMON   BANK0   BANK1   BANK3   BANK2
  1033 ;;      Params:         0       0       0       0       0
  1034 ;;      Locals:         0       0       0       0       0
  1035 ;;      Temps:          3       0       0       0       0
  1036 ;;      Totals:         3       0       0       0       0
  1037 ;;Total ram usage:        3 bytes
  1038 ;; Hardware stack levels used: 1
  1039 ;; Hardware stack levels required when called: 1
  1040 ;; This function calls:
  1041 ;;		_Valor_ADC
  1042 ;; This function is called by:
  1043 ;;		Interrupt level 1
  1044 ;; This function uses a non-reentrant model
  1045 ;;
  1046                           
  1047                           
  1048                           ;psect for function _isr
  1049  0015                     _isr:
  1050  0015                     i1l1063:
  1051                           
  1052                           ;Lab_04_Esclavo_1.c: 63:     Config_ADC();
  1053  0015  1283               	bcf	3,5	;RP0=0, select bank0
  1054  0016  1303               	bcf	3,6	;RP1=0, select bank0
  1055  0017  1D8C               	btfss	12,3	;volatile
  1056  0018  281A               	goto	u14_21
  1057  0019  281B               	goto	u14_20
  1058  001A                     u14_21:
  1059  001A  286D               	goto	i1l55
  1060  001B                     u14_20:
  1061  001B                     i1l1065:
  1062                           
  1063                           ;Lab_04_Esclavo_1.c: 65: 
  1064  001B  1214               	bcf	20,4	;volatile
  1065                           
  1066                           ;Lab_04_Esclavo_1.c: 67: 
  1067  001C  1B14               	btfsc	20,6	;volatile
  1068  001D  281F               	goto	u15_21
  1069  001E  2820               	goto	u15_20
  1070  001F                     u15_21:
  1071  001F  2824               	goto	i1l1069
  1072  0020                     u15_20:
  1073  0020                     i1l1067:
  1074  0020  1F94               	btfss	20,7	;volatile
  1075  0021  2823               	goto	u16_21
  1076  0022  2824               	goto	u16_20
  1077  0023                     u16_21:
  1078  0023  282B               	goto	i1l1077
  1079  0024                     u16_20:
  1080  0024                     i1l1069:
  1081                           
  1082                           ;Lab_04_Esclavo_1.c: 68:     while(1){
  1083  0024  0813               	movf	19,w	;volatile
  1084  0025  00F3               	movwf	??_isr
  1085  0026  0873               	movf	??_isr,w
  1086  0027  00F6               	movwf	_z
  1087  0028                     i1l1071:
  1088                           
  1089                           ;Lab_04_Esclavo_1.c: 69: 
  1090  0028  1314               	bcf	20,6	;volatile
  1091  0029                     i1l1073:
  1092                           
  1093                           ;Lab_04_Esclavo_1.c: 70: 
  1094  0029  1394               	bcf	20,7	;volatile
  1095  002A                     i1l1075:
  1096                           
  1097                           ;Lab_04_Esclavo_1.c: 71:     }
  1098  002A  1614               	bsf	20,4	;volatile
  1099  002B                     i1l1077:
  1100                           
  1101                           ;Lab_04_Esclavo_1.c: 74: void config(void){
  1102  002B  1683               	bsf	3,5	;RP0=1, select bank1
  1103  002C  1303               	bcf	3,6	;RP1=0, select bank1
  1104  002D  1A94               	btfsc	20,5	;volatile
  1105  002E  2830               	goto	u17_21
  1106  002F  2831               	goto	u17_20
  1107  0030                     u17_21:
  1108  0030  2849               	goto	i1l59
  1109  0031                     u17_20:
  1110  0031                     i1l1079:
  1111  0031  1914               	btfsc	20,2	;volatile
  1112  0032  2834               	goto	u18_21
  1113  0033  2835               	goto	u18_20
  1114  0034                     u18_21:
  1115  0034  2849               	goto	i1l59
  1116  0035                     u18_20:
  1117  0035                     i1l1081:
  1118                           
  1119                           ;Lab_04_Esclavo_1.c: 76:     TRISB = 0;
  1120  0035  1283               	bcf	3,5	;RP0=0, select bank0
  1121  0036  1303               	bcf	3,6	;RP1=0, select bank0
  1122  0037  0813               	movf	19,w	;volatile
  1123  0038  00F3               	movwf	??_isr
  1124  0039  0873               	movf	??_isr,w
  1125  003A  00F6               	movwf	_z
  1126  003B                     i1l1083:
  1127                           
  1128                           ;Lab_04_Esclavo_1.c: 78:     TRISD = 0;
  1129  003B  118C               	bcf	12,3	;volatile
  1130  003C                     i1l1085:
  1131                           
  1132                           ;Lab_04_Esclavo_1.c: 79: 
  1133  003C  1614               	bsf	20,4	;volatile
  1134  003D                     i1l60:	
  1135                           ;Lab_04_Esclavo_1.c: 80:     ANSEL = 0b1;
  1136                           
  1137  003D  1683               	bsf	3,5	;RP0=1, select bank1
  1138  003E  1303               	bcf	3,6	;RP1=0, select bank1
  1139  003F  1C14               	btfss	20,0	;volatile
  1140  0040  2842               	goto	u19_21
  1141  0041  2843               	goto	u19_20
  1142  0042                     u19_21:
  1143  0042  283D               	goto	i1l60
  1144  0043                     u19_20:
  1145  0043                     i1l1087:
  1146                           
  1147                           ;Lab_04_Esclavo_1.c: 83: 
  1148  0043  30A6               	movlw	166
  1149  0044  00F3               	movwf	??_isr
  1150  0045                     u31_27:
  1151  0045  0BF3               	decfsz	??_isr,f
  1152  0046  2845               	goto	u31_27
  1153  0047  0000               	nop
  1154                           
  1155                           ;Lab_04_Esclavo_1.c: 85:     PORTB = 0;
  1156  0048  286A               	goto	i1l63
  1157  0049                     i1l59:
  1158  0049  1A94               	btfsc	20,5	;volatile
  1159  004A  284C               	goto	u20_21
  1160  004B  284D               	goto	u20_20
  1161  004C                     u20_21:
  1162  004C  286A               	goto	i1l63
  1163  004D                     u20_20:
  1164  004D                     i1l1089:
  1165  004D  1D14               	btfss	20,2	;volatile
  1166  004E  2850               	goto	u21_21
  1167  004F  2851               	goto	u21_20
  1168  0050                     u21_21:
  1169  0050  286A               	goto	i1l63
  1170  0051                     u21_20:
  1171  0051                     i1l1091:
  1172                           
  1173                           ;Lab_04_Esclavo_1.c: 86:     PORTC = 0;
  1174  0051  1283               	bcf	3,5	;RP0=0, select bank0
  1175  0052  1303               	bcf	3,6	;RP1=0, select bank0
  1176  0053  0813               	movf	19,w	;volatile
  1177  0054  00F3               	movwf	??_isr
  1178  0055  0873               	movf	??_isr,w
  1179  0056  00F6               	movwf	_z
  1180  0057                     i1l1093:
  1181                           
  1182                           ;Lab_04_Esclavo_1.c: 87:     PORTD = 0;
  1183  0057  1683               	bsf	3,5	;RP0=1, select bank1
  1184  0058  1303               	bcf	3,6	;RP1=0, select bank1
  1185  0059  1014               	bcf	20,0	;volatile
  1186                           
  1187                           ;Lab_04_Esclavo_1.c: 89: }
  1188  005A  1283               	bcf	3,5	;RP0=0, select bank0
  1189  005B  1303               	bcf	3,6	;RP1=0, select bank0
  1190  005C  0806               	movf	6,w	;volatile
  1191  005D  0093               	movwf	19	;volatile
  1192  005E                     i1l1095:
  1193  005E  1614               	bsf	20,4	;volatile
  1194  005F  30A6               	movlw	166
  1195  0060  00F3               	movwf	??_isr
  1196  0061                     u32_27:
  1197  0061  0BF3               	decfsz	??_isr,f
  1198  0062  2861               	goto	u32_27
  1199  0063  0000               	nop
  1200  0064                     i1l65:
  1201  0064  1683               	bsf	3,5	;RP0=1, select bank1
  1202  0065  1303               	bcf	3,6	;RP1=0, select bank1
  1203  0066  1814               	btfsc	20,0	;volatile
  1204  0067  2869               	goto	u22_21
  1205  0068  286A               	goto	u22_20
  1206  0069                     u22_21:
  1207  0069  2864               	goto	i1l65
  1208  006A                     u22_20:
  1209  006A                     i1l63:
  1210  006A  1283               	bcf	3,5	;RP0=0, select bank0
  1211  006B  1303               	bcf	3,6	;RP1=0, select bank0
  1212  006C  118C               	bcf	12,3	;volatile
  1213  006D                     i1l55:
  1214  006D  1F0C               	btfss	12,6	;volatile
  1215  006E  2870               	goto	u23_21
  1216  006F  2871               	goto	u23_20
  1217  0070                     u23_21:
  1218  0070  287B               	goto	i1l69
  1219  0071                     u23_20:
  1220  0071                     i1l1097:
  1221  0071  130C               	bcf	12,6	;volatile
  1222  0072                     i1l1099:
  1223  0072  3000               	movlw	0
  1224  0073  120A  118A  20A5  120A  118A  	fcall	_Valor_ADC
  1225  0078  1283               	bcf	3,5	;RP0=0, select bank0
  1226  0079  1303               	bcf	3,6	;RP1=0, select bank0
  1227  007A  0086               	movwf	6	;volatile
  1228  007B                     i1l69:
  1229  007B  0875               	movf	??_isr+2,w
  1230  007C  008A               	movwf	10
  1231  007D  0E74               	swapf	??_isr+1,w
  1232  007E  0083               	movwf	3
  1233  007F  0EFE               	swapf	btemp,f
  1234  0080  0E7E               	swapf	btemp,w
  1235  0081  0009               	retfie
  1236  0082                     __end_of_isr:
  1237                           
  1238                           	psect	intentry
  1239  0004                     __pintentry:	
  1240                           ;incstack = 0
  1241                           ; Regs used in _isr: [wreg+status,2+status,0+pclath+cstack]
  1242                           
  1243  0004                     interrupt_function:
  1244  007E                     saved_w	set	btemp
  1245  0004  00FE               	movwf	btemp
  1246  0005  0E03               	swapf	3,w
  1247  0006  00F4               	movwf	??_isr+1
  1248  0007  080A               	movf	10,w
  1249  0008  00F5               	movwf	??_isr+2
  1250  0009  120A  118A  2815   	ljmp	_isr
  1251                           
  1252                           	psect	text6
  1253  00A5                     __ptext6:	
  1254 ;; *************** function _Valor_ADC *****************
  1255 ;; Defined at:
  1256 ;;		line 86 in file "../../LIB/LIB.X/LIB.c"
  1257 ;; Parameters:    Size  Location     Type
  1258 ;;  canal           1    wreg     unsigned char 
  1259 ;; Auto vars:     Size  Location     Type
  1260 ;;  canal           1    1[COMMON] unsigned char 
  1261 ;;  temp            1    2[COMMON] unsigned char 
  1262 ;; Return value:  Size  Location     Type
  1263 ;;                  1    wreg      unsigned char 
  1264 ;; Registers used:
  1265 ;;		wreg, status,2, status,0
  1266 ;; Tracked objects:
  1267 ;;		On entry : 0/0
  1268 ;;		On exit  : 0/0
  1269 ;;		Unchanged: 0/0
  1270 ;; Data sizes:     COMMON   BANK0   BANK1   BANK3   BANK2
  1271 ;;      Params:         0       0       0       0       0
  1272 ;;      Locals:         2       0       0       0       0
  1273 ;;      Temps:          1       0       0       0       0
  1274 ;;      Totals:         3       0       0       0       0
  1275 ;;Total ram usage:        3 bytes
  1276 ;; Hardware stack levels used: 1
  1277 ;; This function calls:
  1278 ;;		Nothing
  1279 ;; This function is called by:
  1280 ;;		_isr
  1281 ;; This function uses a non-reentrant model
  1282 ;;
  1283                           
  1284                           
  1285                           ;psect for function _Valor_ADC
  1286  00A5                     _Valor_ADC:
  1287                           
  1288                           ;incstack = 0
  1289                           ; Regs used in _Valor_ADC: [wreg+status,2+status,0]
  1290                           ;Valor_ADC@canal stored from wreg
  1291  00A5  00F1               	movwf	Valor_ADC@canal
  1292  00A6                     i1l967:
  1293                           
  1294                           ;../../LIB/LIB.X/LIB.c: 87:     _delay((unsigned long)((50)*(8000000/4000000.0)));
  1295  00A6  3021               	movlw	33
  1296  00A7  00F0               	movwf	??_Valor_ADC
  1297  00A8                     u33_27:
  1298  00A8  0BF0               	decfsz	??_Valor_ADC,f
  1299  00A9  28A8               	goto	u33_27
  1300  00AA                     i1l969:
  1301                           
  1302                           ;../../LIB/LIB.X/LIB.c: 88:     char temp;;../../LIB/LIB.X/LIB.c: 89:     ADCON0bits.CHS
      +                           = canal;
  1303  00AA  0871               	movf	Valor_ADC@canal,w
  1304  00AB  00F0               	movwf	??_Valor_ADC
  1305  00AC  0DF0               	rlf	??_Valor_ADC,f
  1306  00AD  0DF0               	rlf	??_Valor_ADC,f
  1307  00AE  1283               	bcf	3,5	;RP0=0, select bank0
  1308  00AF  1303               	bcf	3,6	;RP1=0, select bank0
  1309  00B0  081F               	movf	31,w	;volatile
  1310  00B1  0670               	xorwf	??_Valor_ADC,w
  1311  00B2  39C3               	andlw	-61
  1312  00B3  0670               	xorwf	??_Valor_ADC,w
  1313  00B4  009F               	movwf	31	;volatile
  1314  00B5                     i1l971:
  1315                           
  1316                           ;../../LIB/LIB.X/LIB.c: 90:     temp = ADRESH;
  1317  00B5  081E               	movf	30,w	;volatile
  1318  00B6  00F0               	movwf	??_Valor_ADC
  1319  00B7  0870               	movf	??_Valor_ADC,w
  1320  00B8  00F2               	movwf	Valor_ADC@temp
  1321  00B9                     i1l973:
  1322                           
  1323                           ;../../LIB/LIB.X/LIB.c: 91:     _delay((unsigned long)((50)*(8000000/4000000.0)));
  1324  00B9  3021               	movlw	33
  1325  00BA  00F0               	movwf	??_Valor_ADC
  1326  00BB                     u34_27:
  1327  00BB  0BF0               	decfsz	??_Valor_ADC,f
  1328  00BC  28BB               	goto	u34_27
  1329  00BD                     i1l975:
  1330                           
  1331                           ;../../LIB/LIB.X/LIB.c: 92:     ADCON0bits.GO = 1;
  1332  00BD  1283               	bcf	3,5	;RP0=0, select bank0
  1333  00BE  1303               	bcf	3,6	;RP1=0, select bank0
  1334  00BF  149F               	bsf	31,1	;volatile
  1335  00C0                     i1l977:
  1336                           
  1337                           ;../../LIB/LIB.X/LIB.c: 93:     return temp;
  1338  00C0  0872               	movf	Valor_ADC@temp,w
  1339  00C1                     i1l193:
  1340  00C1  0008               	return
  1341  00C2                     __end_of_Valor_ADC:
  1342  007E                     btemp	set	126	;btemp
  1343  007E                     wtemp0	set	126
  1344                           
  1345                           	psect	config
  1346                           
  1347                           ;Config register CONFIG1 @ 0x2007
  1348                           ;	Oscillator Selection bits
  1349                           ;	FOSC = INTRC_NOCLKOUT, INTOSCIO oscillator: I/O function on RA6/OSC2/CLKOUT pin, I/O f
      +                          unction on RA7/OSC1/CLKIN
  1350                           ;	Watchdog Timer Enable bit
  1351                           ;	WDTE = OFF, WDT disabled and can be enabled by SWDTEN bit of the WDTCON register
  1352                           ;	Power-up Timer Enable bit
  1353                           ;	PWRTE = OFF, PWRT disabled
  1354                           ;	RE3/MCLR pin function select bit
  1355                           ;	MCLRE = OFF, RE3/MCLR pin function is digital input, MCLR internally tied to VDD
  1356                           ;	Code Protection bit
  1357                           ;	CP = OFF, Program memory code protection is disabled
  1358                           ;	Data Code Protection bit
  1359                           ;	CPD = OFF, Data memory code protection is disabled
  1360                           ;	Brown Out Reset Selection bits
  1361                           ;	BOREN = OFF, BOR disabled
  1362                           ;	Internal External Switchover bit
  1363                           ;	IESO = OFF, Internal/External Switchover mode is disabled
  1364                           ;	Fail-Safe Clock Monitor Enabled bit
  1365                           ;	FCMEN = OFF, Fail-Safe Clock Monitor is disabled
  1366                           ;	Low Voltage Programming Enable bit
  1367                           ;	LVP = OFF, RB3 pin has digital I/O, HV on MCLR must be used for programming
  1368                           ;	In-Circuit Debugger Mode bit
  1369                           ;	DEBUG = 0x1, unprogrammed default
  1370  2007                     	org	8199
  1371  2007  20D4               	dw	8404
  1372                           
  1373                           ;Config register CONFIG2 @ 0x2008
  1374                           ;	Brown-out Reset Selection bit
  1375                           ;	BOR4V = BOR40V, Brown-out Reset set to 4.0V
  1376                           ;	Flash Program Memory Self Write Enable bits
  1377                           ;	WRT = OFF, Write protection off
  1378  2008                     	org	8200
  1379  2008  3FFF               	dw	16383

Data Sizes:
    Strings     16
    Constant    0
    Data        0
    BSS         2
    Persistent  0
    Stack       0

Auto Spaces:
    Space          Size  Autos    Used
    COMMON           14      6       8
    BANK0            80      1       1
    BANK1            80      0       0
    BANK3            96      0       0
    BANK2            96      0       0

Pointer List with Targets:

    None.

Critical Paths under _main in COMMON

    None.

Critical Paths under _isr in COMMON

    _isr->_Valor_ADC

Critical Paths under _main in BANK0

    _main->_Config_ADC
    _main->_I2C_Slave_Init

Critical Paths under _isr in BANK0

    None.

Critical Paths under _main in BANK1

    None.

Critical Paths under _isr in BANK1

    None.

Critical Paths under _main in BANK3

    None.

Critical Paths under _isr in BANK3

    None.

Critical Paths under _main in BANK2

    None.

Critical Paths under _isr in BANK2

    None.

Call Graph Tables:

 ---------------------------------------------------------------------------------
 (Depth) Function   	        Calls       Base Space   Used Autos Params    Refs
 ---------------------------------------------------------------------------------
 (0) _main                                                 0     0      0      22
                         _Config_ADC
                   _Config_Oscilador
                     _I2C_Slave_Init
                             _config
 ---------------------------------------------------------------------------------
 (1) _config                                               0     0      0       0
 ---------------------------------------------------------------------------------
 (1) _I2C_Slave_Init                                       1     1      0      22
                                              0 BANK0      1     1      0
 ---------------------------------------------------------------------------------
 (1) _Config_Oscilador                                     0     0      0       0
 ---------------------------------------------------------------------------------
 (1) _Config_ADC                                           1     1      0       0
                                              0 BANK0      1     1      0
 ---------------------------------------------------------------------------------
 Estimated maximum stack depth 1
 ---------------------------------------------------------------------------------
 (Depth) Function   	        Calls       Base Space   Used Autos Params    Refs
 ---------------------------------------------------------------------------------
 (2) _isr                                                  3     3      0      30
                                              3 COMMON     3     3      0
                          _Valor_ADC
 ---------------------------------------------------------------------------------
 (3) _Valor_ADC                                            3     3      0      30
                                              0 COMMON     3     3      0
 ---------------------------------------------------------------------------------
 Estimated maximum stack depth 3
 ---------------------------------------------------------------------------------

 Call Graph Graphs:

 _main (ROOT)
   _Config_ADC
   _Config_Oscilador
   _I2C_Slave_Init
   _config

 _isr (ROOT)
   _Valor_ADC

 Address spaces:
Name               Size   Autos  Total    Cost      Usage
BITCOMMON            E      0       0       0        0.0%
EEDATA             100      0       0       0        0.0%
NULL                 0      0       0       0        0.0%
CODE                 0      0       0       0        0.0%
COMMON               E      6       8       1       57.1%
BITSFR0              0      0       0       1        0.0%
SFR0                 0      0       0       1        0.0%
BITSFR1              0      0       0       2        0.0%
SFR1                 0      0       0       2        0.0%
STACK                0      0       0       2        0.0%
ABS                  0      0       9       3        0.0%
BITBANK0            50      0       0       4        0.0%
BITSFR3              0      0       0       4        0.0%
SFR3                 0      0       0       4        0.0%
BANK0               50      1       1       5        1.2%
BITSFR2              0      0       0       5        0.0%
SFR2                 0      0       0       5        0.0%
BITBANK1            50      0       0       6        0.0%
BANK1               50      0       0       7        0.0%
BITBANK3            60      0       0       8        0.0%
BANK3               60      0       0       9        0.0%
BITBANK2            60      0       0      10        0.0%
BANK2               60      0       0      11        0.0%
DATA                 0      0       9      12        0.0%


Microchip Technology PIC Macro Assembler V2.32 build 20210201212658 
Symbol Table                                                                                   Tue Aug 10 22:55:38 2021

                        _z 0076                          pc 0002                _SSPSTATbits 0094  
                       _BF 04A0                         l80 0129                         l74 00F3  
                       l75 00F3                         fsr 0004                        l175 0131  
                      l335 00DD                        l184 00A4                        l981 0116  
                      l991 012A                        l983 011A                        l993 012F  
                      l985 011B                        l987 011C                        _GIE 005F  
                      l989 011D                        _RA0 0028                        u307 009E  
                      _PS0 0408                        _PS1 0409                        _PS2 040A  
                      _PSA 040B                        _isr 0015                       l1301 008E  
                     l1311 0099                       l1303 0091                       l1313 009A  
                     l1305 0094                       l1321 00D4                       l1315 00A1  
                     l1307 0095                       l1323 00D5                       l1331 00DE  
                     l1309 0098                       l1325 00D6                       l1317 00C5  
                     l1327 00D7                       l1319 00D3                       l1329 00DA  
                     l1297 0082                       l1299 008A                       _ADIF 0066  
                     ?_isr 0070                       STR_1 0106                       STR_2 010E  
                     _CREN 00C4                       _T0CS 040D                       _PEIE 005E  
                     _RBIE 005B                       i1l60 003D                       i1l63 006A  
                     i1l55 006D                       i1l65 0064                       i1l59 0049  
                     i1l69 007B                       _TMR0 0001                       _SPEN 00C7  
                     _TXEN 04C5                       _SYNC 04C4                       _main 00DE  
                     btemp 007E                       start 000C                      ??_isr 0073  
                    ?_main 0070                      _ANSEL 0188                      _IOCB0 04B0  
                    _IOCB1 04B1                      _IRCF0 047C                      _IRCF1 047D  
                    _IRCF2 047E                 _Config_ADC 0082                      i1l193 00C1  
                    i1l971 00B5                      i1l973 00B9                      i1l975 00BD  
                    i1l967 00A6                      i1l977 00C0                      i1l969 00AA  
                    u20_20 004D                      u20_21 004C                      u21_20 0051  
                    u21_21 0050                      u22_20 006A                      u14_20 001B  
                    u22_21 0069                      u14_21 001A                      u23_20 0071  
                    u15_20 0020                      u23_21 0070                      u15_21 001F  
                    u31_27 0045                      u16_20 0024                      u16_21 0023  
                    u32_27 0061                      u17_20 0031                      u17_21 0030  
                    u33_27 00A8                      u18_20 0035                      u18_21 0034  
                    _SPBRG 0099                      u34_27 00BB                      u19_20 0043  
                    u19_21 0042                      _PORTA 0005                      _PORTB 0006  
                    _PORTC 0007                      _PORTD 0008                      _PORTE 0009  
                    _TRISA 0085                      _TRISB 0086                      _TRISC 0087  
                    _TRISD 0088                      _SSPIE 0463                      _TRISE 0089  
                    _SSPIF 0063                      _TXREG 0019                      pclath 000A  
                    status 0003                      wtemp0 007E            __initialization 000F  
             __end_of_main 00F7                     ??_main 0076                     _ADRESH 001E  
                   _ANSELH 0189                     i1l1071 0028                     i1l1063 0015  
                   i1l1081 0035                     i1l1073 0029                     i1l1065 001B  
                   i1l1091 0051                     i1l1083 003B                     i1l1075 002A  
                   i1l1067 0020                     i1l1093 0057                     i1l1085 003C  
                   i1l1077 002B                     i1l1069 0024                     i1l1095 005E  
                   i1l1087 0043                     i1l1079 0031                     i1l1097 0071  
                   i1l1089 004D                     i1l1099 0072                     _INTCON 000B  
                   _SSPADD 0093                     _TRISC3 043B                     _TRISC4 043C  
                   _TRISC5 043D                     _SSPBUF 0013                     _SSPCON 0014  
 __end_of_Config_Oscilador 0132                     _config 0116         __size_of_Valor_ADC 001D  
              ?_Config_ADC 0070                     saved_w 007E    __end_of__initialization 0011  
           __pcstackCOMMON 0070    __size_of_I2C_Slave_Init 001C             _OPTION_REGbits 0081  
    I2C_Slave_Init@address 0020          __end_of_Valor_ADC 00C2        __size_of_Config_ADC 0023  
               __pmaintext 00DE                 __pintentry 0004                    ?_config 0070  
                  _SSPCON2 0091                    _SSPSTAT 0094                 __stringtab 0100  
                  _V_ADC_0 0077              Valor_ADC@temp 0072            __size_of_config 0014  
                  __ptext1 0116                    __ptext2 00C2                    __ptext3 012A  
                  __ptext4 0082                    __ptext5 0015                    __ptext6 00A5  
             __size_of_isr 006D       end_of_initialization 0011             _I2C_Slave_Init 00C2  
        ?_Config_Oscilador 0070                  _PORTCbits 0007         ??_Config_Oscilador 0076  
             ??_Config_ADC 0020                  _TRISAbits 0085                  _TRISCbits 0087  
   __end_of_I2C_Slave_Init 00DE         __end_of_Config_ADC 00A5             __end_of_config 012A  
      start_initialization 000F                __end_of_isr 0082            ?_I2C_Slave_Init 0070  
                _Valor_ADC 00A5                   ??_config 0076                __pbssCOMMON 0076  
                ___latbits 0002              __pcstackBANK0 0020                 ?_Valor_ADC 0070  
                __pstrings 0100          interrupt_function 0004                   _PIE1bits 008C  
                 _PIR1bits 000C                 _ADCON0bits 001F                __stringbase 0105  
               _ADCON1bits 009F                   _WPUBbits 0095  __size_of_Config_Oscilador 0008  
              ??_Valor_ADC 0070             Valor_ADC@canal 0071         __end_of__stringtab 0106  
         ??_I2C_Slave_Init 0076              __size_of_main 0019                 _INTCONbits 000B  
                 intlevel1 0000                  stringcode 0100                   stringdir 0100  
                 stringtab 0100                _SSPCON2bits 0091           _Config_Oscilador 012A  
               _SSPCONbits 0014  
