

Microchip MPLAB XC8 Assembler V2.32 build 20210201212658 
                                                                                               Wed Sep 01 16:30:16 2021

Microchip MPLAB XC8 C Compiler v2.32 (Free license) build 20210201212658 Og1 
     1                           	processor	16F887
     2                           	pagewidth 120
     3                           	opt	flic
     4                           	psect	cinit,global,class=CODE,merge=1,delta=2
     5                           	psect	bssCOMMON,global,class=COMMON,space=1,delta=1,noexec
     6                           	psect	cstackCOMMON,global,class=COMMON,space=1,delta=1,noexec
     7                           	psect	maintext,global,class=CODE,split=1,delta=2
     8                           	psect	text1,local,class=CODE,merge=1,delta=2
     9                           	psect	text2,local,class=CODE,merge=1,delta=2
    10                           	psect	text3,local,class=CODE,merge=1,delta=2
    11                           	psect	text4,local,class=CODE,merge=1,delta=2
    12                           	psect	intentry,global,class=CODE,delta=2
    13                           	psect	config,global,abs,ovrld,class=CONFIG,space=4,delta=2,noexec
    14                           	dabs	1,0x7E,2
    15  0000                     
    16                           ; Version 2.20
    17                           ; Generated 12/02/2020 GMT
    18                           ; 
    19                           ; Copyright © 2020, Microchip Technology Inc. and its subsidiaries ("Microchip")
    20                           ; All rights reserved.
    21                           ; 
    22                           ; This software is developed by Microchip Technology Inc. and its subsidiaries ("Microch
      +                          ip").
    23                           ; 
    24                           ; Redistribution and use in source and binary forms, with or without modification, are
    25                           ; permitted provided that the following conditions are met:
    26                           ; 
    27                           ;     1. Redistributions of source code must retain the above copyright notice, this lis
      +                          t of
    28                           ;        conditions and the following disclaimer.
    29                           ; 
    30                           ;     2. Redistributions in binary form must reproduce the above copyright notice, this 
      +                          list
    31                           ;        of conditions and the following disclaimer in the documentation and/or other
    32                           ;        materials provided with the distribution.
    33                           ; 
    34                           ;     3. Microchip's name may not be used to endorse or promote products derived from th
      +                          is
    35                           ;        software without specific prior written permission.
    36                           ; 
    37                           ; THIS SOFTWARE IS PROVIDED BY MICROCHIP "AS IS" AND ANY EXPRESS OR IMPLIED WARRANTIES,
    38                           ; INCLUDING, BUT NOT LIMITED TO, THE IMPLIED WARRANTIES OF MERCHANTABILITY AND FITNESS F
      +                          OR
    39                           ; PURPOSE ARE DISCLAIMED.  IN NO EVENT SHALL MICROCHIP BE LIABLE FOR ANY DIRECT, INDIREC
      +                          T,
    40                           ; INCIDENTAL, SPECIAL, EXEMPLARY, OR CONSEQUENTIAL DAMAGES (INCLUDING BUT NOT LIMITED TO
    41                           ; PROCUREMENT OF SUBSTITUTE GOODS OR SERVICES; LOSS OF USE, DATA OR PROFITS; OR BUSINESS
    42                           ; INTERRUPTION) HOWSOEVER CAUSED AND ON ANY THEORY OF LIABILITY, WHETHER IN CONTRACT, ST
      +                          RICT
    43                           ; LIABILITY, OR TORT (INCLUDING NEGLIGENCE OR OTHERWISE) ARISING IN ANY WAY OUT OF THE U
      +                          SE OF
    44                           ; THIS SOFTWARE, EVEN IF ADVISED OF THE POSSIBILITY OF SUCH DAMAGE.
    45                           ; 
    46                           ; 
    47                           ; Code-generator required, PIC16F887 Definitions
    48                           ; 
    49                           ; SFR Addresses
    50  0000                     	;# 
    51  0001                     	;# 
    52  0002                     	;# 
    53  0003                     	;# 
    54  0004                     	;# 
    55  0005                     	;# 
    56  0006                     	;# 
    57  0007                     	;# 
    58  0008                     	;# 
    59  0009                     	;# 
    60  000A                     	;# 
    61  000B                     	;# 
    62  000C                     	;# 
    63  000D                     	;# 
    64  000E                     	;# 
    65  000E                     	;# 
    66  000F                     	;# 
    67  0010                     	;# 
    68  0011                     	;# 
    69  0012                     	;# 
    70  0013                     	;# 
    71  0014                     	;# 
    72  0015                     	;# 
    73  0015                     	;# 
    74  0016                     	;# 
    75  0017                     	;# 
    76  0018                     	;# 
    77  0019                     	;# 
    78  001A                     	;# 
    79  001B                     	;# 
    80  001B                     	;# 
    81  001C                     	;# 
    82  001D                     	;# 
    83  001E                     	;# 
    84  001F                     	;# 
    85  0081                     	;# 
    86  0085                     	;# 
    87  0086                     	;# 
    88  0087                     	;# 
    89  0088                     	;# 
    90  0089                     	;# 
    91  008C                     	;# 
    92  008D                     	;# 
    93  008E                     	;# 
    94  008F                     	;# 
    95  0090                     	;# 
    96  0091                     	;# 
    97  0092                     	;# 
    98  0093                     	;# 
    99  0093                     	;# 
   100  0093                     	;# 
   101  0094                     	;# 
   102  0095                     	;# 
   103  0096                     	;# 
   104  0097                     	;# 
   105  0098                     	;# 
   106  0099                     	;# 
   107  009A                     	;# 
   108  009B                     	;# 
   109  009C                     	;# 
   110  009D                     	;# 
   111  009E                     	;# 
   112  009F                     	;# 
   113  0105                     	;# 
   114  0107                     	;# 
   115  0108                     	;# 
   116  0109                     	;# 
   117  010C                     	;# 
   118  010C                     	;# 
   119  010D                     	;# 
   120  010E                     	;# 
   121  010F                     	;# 
   122  0185                     	;# 
   123  0187                     	;# 
   124  0188                     	;# 
   125  0189                     	;# 
   126  018C                     	;# 
   127  018D                     	;# 
   128  0000                     	;# 
   129  0001                     	;# 
   130  0002                     	;# 
   131  0003                     	;# 
   132  0004                     	;# 
   133  0005                     	;# 
   134  0006                     	;# 
   135  0007                     	;# 
   136  0008                     	;# 
   137  0009                     	;# 
   138  000A                     	;# 
   139  000B                     	;# 
   140  000C                     	;# 
   141  000D                     	;# 
   142  000E                     	;# 
   143  000E                     	;# 
   144  000F                     	;# 
   145  0010                     	;# 
   146  0011                     	;# 
   147  0012                     	;# 
   148  0013                     	;# 
   149  0014                     	;# 
   150  0015                     	;# 
   151  0015                     	;# 
   152  0016                     	;# 
   153  0017                     	;# 
   154  0018                     	;# 
   155  0019                     	;# 
   156  001A                     	;# 
   157  001B                     	;# 
   158  001B                     	;# 
   159  001C                     	;# 
   160  001D                     	;# 
   161  001E                     	;# 
   162  001F                     	;# 
   163  0081                     	;# 
   164  0085                     	;# 
   165  0086                     	;# 
   166  0087                     	;# 
   167  0088                     	;# 
   168  0089                     	;# 
   169  008C                     	;# 
   170  008D                     	;# 
   171  008E                     	;# 
   172  008F                     	;# 
   173  0090                     	;# 
   174  0091                     	;# 
   175  0092                     	;# 
   176  0093                     	;# 
   177  0093                     	;# 
   178  0093                     	;# 
   179  0094                     	;# 
   180  0095                     	;# 
   181  0096                     	;# 
   182  0097                     	;# 
   183  0098                     	;# 
   184  0099                     	;# 
   185  009A                     	;# 
   186  009B                     	;# 
   187  009C                     	;# 
   188  009D                     	;# 
   189  009E                     	;# 
   190  009F                     	;# 
   191  0105                     	;# 
   192  0107                     	;# 
   193  0108                     	;# 
   194  0109                     	;# 
   195  010C                     	;# 
   196  010C                     	;# 
   197  010D                     	;# 
   198  010E                     	;# 
   199  010F                     	;# 
   200  0185                     	;# 
   201  0187                     	;# 
   202  0188                     	;# 
   203  0189                     	;# 
   204  018C                     	;# 
   205  018D                     	;# 
   206  0000                     	;# 
   207  0001                     	;# 
   208  0002                     	;# 
   209  0003                     	;# 
   210  0004                     	;# 
   211  0005                     	;# 
   212  0006                     	;# 
   213  0007                     	;# 
   214  0008                     	;# 
   215  0009                     	;# 
   216  000A                     	;# 
   217  000B                     	;# 
   218  000C                     	;# 
   219  000D                     	;# 
   220  000E                     	;# 
   221  000E                     	;# 
   222  000F                     	;# 
   223  0010                     	;# 
   224  0011                     	;# 
   225  0012                     	;# 
   226  0013                     	;# 
   227  0014                     	;# 
   228  0015                     	;# 
   229  0015                     	;# 
   230  0016                     	;# 
   231  0017                     	;# 
   232  0018                     	;# 
   233  0019                     	;# 
   234  001A                     	;# 
   235  001B                     	;# 
   236  001B                     	;# 
   237  001C                     	;# 
   238  001D                     	;# 
   239  001E                     	;# 
   240  001F                     	;# 
   241  0081                     	;# 
   242  0085                     	;# 
   243  0086                     	;# 
   244  0087                     	;# 
   245  0088                     	;# 
   246  0089                     	;# 
   247  008C                     	;# 
   248  008D                     	;# 
   249  008E                     	;# 
   250  008F                     	;# 
   251  0090                     	;# 
   252  0091                     	;# 
   253  0092                     	;# 
   254  0093                     	;# 
   255  0093                     	;# 
   256  0093                     	;# 
   257  0094                     	;# 
   258  0095                     	;# 
   259  0096                     	;# 
   260  0097                     	;# 
   261  0098                     	;# 
   262  0099                     	;# 
   263  009A                     	;# 
   264  009B                     	;# 
   265  009C                     	;# 
   266  009D                     	;# 
   267  009E                     	;# 
   268  009F                     	;# 
   269  0105                     	;# 
   270  0107                     	;# 
   271  0108                     	;# 
   272  0109                     	;# 
   273  010C                     	;# 
   274  010C                     	;# 
   275  010D                     	;# 
   276  010E                     	;# 
   277  010F                     	;# 
   278  0185                     	;# 
   279  0187                     	;# 
   280  0188                     	;# 
   281  0189                     	;# 
   282  018C                     	;# 
   283  018D                     	;# 
   284  0000                     	;# 
   285  0001                     	;# 
   286  0002                     	;# 
   287  0003                     	;# 
   288  0004                     	;# 
   289  0005                     	;# 
   290  0006                     	;# 
   291  0007                     	;# 
   292  0008                     	;# 
   293  0009                     	;# 
   294  000A                     	;# 
   295  000B                     	;# 
   296  000C                     	;# 
   297  000D                     	;# 
   298  000E                     	;# 
   299  000E                     	;# 
   300  000F                     	;# 
   301  0010                     	;# 
   302  0011                     	;# 
   303  0012                     	;# 
   304  0013                     	;# 
   305  0014                     	;# 
   306  0015                     	;# 
   307  0015                     	;# 
   308  0016                     	;# 
   309  0017                     	;# 
   310  0018                     	;# 
   311  0019                     	;# 
   312  001A                     	;# 
   313  001B                     	;# 
   314  001B                     	;# 
   315  001C                     	;# 
   316  001D                     	;# 
   317  001E                     	;# 
   318  001F                     	;# 
   319  0081                     	;# 
   320  0085                     	;# 
   321  0086                     	;# 
   322  0087                     	;# 
   323  0088                     	;# 
   324  0089                     	;# 
   325  008C                     	;# 
   326  008D                     	;# 
   327  008E                     	;# 
   328  008F                     	;# 
   329  0090                     	;# 
   330  0091                     	;# 
   331  0092                     	;# 
   332  0093                     	;# 
   333  0093                     	;# 
   334  0093                     	;# 
   335  0094                     	;# 
   336  0095                     	;# 
   337  0096                     	;# 
   338  0097                     	;# 
   339  0098                     	;# 
   340  0099                     	;# 
   341  009A                     	;# 
   342  009B                     	;# 
   343  009C                     	;# 
   344  009D                     	;# 
   345  009E                     	;# 
   346  009F                     	;# 
   347  0105                     	;# 
   348  0107                     	;# 
   349  0108                     	;# 
   350  0109                     	;# 
   351  010C                     	;# 
   352  010C                     	;# 
   353  010D                     	;# 
   354  010E                     	;# 
   355  010F                     	;# 
   356  0185                     	;# 
   357  0187                     	;# 
   358  0188                     	;# 
   359  0189                     	;# 
   360  018C                     	;# 
   361  018D                     	;# 
   362  000B                     _INTCONbits	set	11
   363  0009                     _PORTE	set	9
   364  0008                     _PORTD	set	8
   365  0007                     _PORTC	set	7
   366  0005                     _PORTA	set	5
   367  0014                     _SSPCONbits	set	20
   368  001E                     _ADRESH	set	30
   369  0006                     _PORTB	set	6
   370  000C                     _PIR1bits	set	12
   371  0013                     _SSPBUF	set	19
   372  0014                     _SSPCON	set	20
   373  001F                     _ADCON0bits	set	31
   374  0063                     _SSPIF	set	99
   375  005E                     _PEIE	set	94
   376  005F                     _GIE	set	95
   377  008C                     _PIE1bits	set	140
   378  008F                     _OSCCONbits	set	143
   379  0086                     _TRISB	set	134
   380  0085                     _TRISAbits	set	133
   381  0094                     _SSPSTATbits	set	148
   382  0091                     _SSPCON2bits	set	145
   383  0087                     _TRISCbits	set	135
   384  0094                     _SSPSTAT	set	148
   385  0093                     _SSPADD	set	147
   386  0091                     _SSPCON2	set	145
   387  009F                     _ADCON1bits	set	159
   388  04A0                     _BF	set	1184
   389  0463                     _SSPIE	set	1123
   390  043C                     _TRISC4	set	1084
   391  043B                     _TRISC3	set	1083
   392  0189                     _ANSELH	set	393
   393  0188                     _ANSEL	set	392
   394                           
   395                           	psect	cinit
   396  000F                     start_initialization:	
   397                           ; #config settings
   398                           
   399  000F                     __initialization:
   400                           
   401                           ; Clear objects allocated to COMMON
   402  000F  01F8               	clrf	__pbssCOMMON& (0+127)
   403  0010  01F9               	clrf	(__pbssCOMMON+1)& (0+127)
   404  0011  01FA               	clrf	(__pbssCOMMON+2)& (0+127)
   405  0012                     end_of_initialization:	
   406                           ;End of C runtime variable initialization code
   407                           
   408  0012                     __end_of__initialization:
   409  0012  0183               	clrf	3
   410  0013  120A  118A  291B   	ljmp	_main	;jump to C main() function
   411                           
   412                           	psect	bssCOMMON
   413  0078                     __pbssCOMMON:
   414  0078                     _volt:
   415  0078                     	ds	1
   416  0079                     _dato:
   417  0079                     	ds	1
   418  007A                     _z:
   419  007A                     	ds	1
   420                           
   421                           	psect	cstackCOMMON
   422  0070                     __pcstackCOMMON:
   423  0070                     ?_setup:
   424  0070                     ?_ADC_config:	
   425                           ; 1 bytes @ 0x0
   426                           
   427  0070                     ?_I2C_Slave_Init:	
   428                           ; 1 bytes @ 0x0
   429                           
   430  0070                     ?_isr:	
   431                           ; 1 bytes @ 0x0
   432                           
   433  0070                     ??_isr:	
   434                           ; 1 bytes @ 0x0
   435                           
   436  0070                     ?_main:	
   437                           ; 1 bytes @ 0x0
   438                           
   439                           
   440                           ; 1 bytes @ 0x0
   441  0070                     	ds	3
   442  0073                     ??_ADC_config:
   443  0073                     ??_I2C_Slave_Init:	
   444                           ; 1 bytes @ 0x3
   445                           
   446  0073                     I2C_Slave_Init@address:	
   447                           ; 1 bytes @ 0x3
   448                           
   449                           
   450                           ; 1 bytes @ 0x3
   451  0073                     	ds	2
   452  0075                     ADC_config@frec:
   453                           
   454                           ; 1 bytes @ 0x5
   455  0075                     	ds	1
   456  0076                     ??_setup:
   457  0076                     ??_main:	
   458                           ; 1 bytes @ 0x6
   459                           
   460                           
   461                           ; 1 bytes @ 0x6
   462  0076                     	ds	2
   463                           
   464                           	psect	maintext
   465  011B                     __pmaintext:	
   466 ;;
   467 ;;Main: autosize = 0, tempsize = 2, incstack = 0, save=0
   468 ;;
   469 ;; *************** function _main *****************
   470 ;; Defined at:
   471 ;;		line 111 in file "esc1.c"
   472 ;; Parameters:    Size  Location     Type
   473 ;;		None
   474 ;; Auto vars:     Size  Location     Type
   475 ;;		None
   476 ;; Return value:  Size  Location     Type
   477 ;;                  1    wreg      void 
   478 ;; Registers used:
   479 ;;		wreg, fsr0l, fsr0h, status,2, status,0, pclath, cstack
   480 ;; Tracked objects:
   481 ;;		On entry : B00/0
   482 ;;		On exit  : 0/0
   483 ;;		Unchanged: 0/0
   484 ;; Data sizes:     COMMON   BANK0   BANK1   BANK3   BANK2
   485 ;;      Params:         0       0       0       0       0
   486 ;;      Locals:         0       0       0       0       0
   487 ;;      Temps:          2       0       0       0       0
   488 ;;      Totals:         2       0       0       0       0
   489 ;;Total ram usage:        2 bytes
   490 ;; Hardware stack levels required when called: 3
   491 ;; This function calls:
   492 ;;		_setup
   493 ;; This function is called by:
   494 ;;		Startup code after reset
   495 ;; This function uses a non-reentrant model
   496 ;;
   497                           
   498                           
   499                           ;psect for function _main
   500  011B                     _main:
   501  011B                     l958:	
   502                           ;incstack = 0
   503                           ; Regs used in _main: [wreg-fsr0h+status,2+status,0+pclath+cstack]
   504                           
   505                           
   506                           ;esc1.c: 112:     setup();
   507  011B  120A  118A  20F2  120A  118A  	fcall	_setup
   508  0120                     l960:
   509                           
   510                           ;esc1.c: 116:         if(ADCON0bits.GO == 0){
   511  0120  1283               	bcf	3,5	;RP0=0, select bank0
   512  0121  1303               	bcf	3,6	;RP1=0, select bank0
   513  0122  189F               	btfsc	31,1	;volatile
   514  0123  2925               	goto	u161
   515  0124  2926               	goto	u160
   516  0125                     u161:
   517  0125  2920               	goto	l960
   518  0126                     u160:
   519  0126                     l962:
   520                           
   521                           ;esc1.c: 117:             _delay((unsigned long)((100)*(4000000/4000.0)));
   522  0126  3082               	movlw	130
   523  0127  00F7               	movwf	??_main+1
   524  0128  30DD               	movlw	221
   525  0129  00F6               	movwf	??_main
   526  012A                     u177:
   527  012A  0BF6               	decfsz	??_main,f
   528  012B  292A               	goto	u177
   529  012C  0BF7               	decfsz	??_main+1,f
   530  012D  292A               	goto	u177
   531  012E  292F               	nop2
   532  012F                     l964:
   533                           
   534                           ;esc1.c: 118:             ADCON0bits.GO = 1;
   535  012F  1283               	bcf	3,5	;RP0=0, select bank0
   536  0130  1303               	bcf	3,6	;RP1=0, select bank0
   537  0131  149F               	bsf	31,1	;volatile
   538  0132  2920               	goto	l960
   539  0133  120A  118A  280C   	ljmp	start
   540  0136                     __end_of_main:
   541                           
   542                           	psect	text1
   543  00F2                     __ptext1:	
   544 ;; *************** function _setup *****************
   545 ;; Defined at:
   546 ;;		line 128 in file "esc1.c"
   547 ;; Parameters:    Size  Location     Type
   548 ;;		None
   549 ;; Auto vars:     Size  Location     Type
   550 ;;		None
   551 ;; Return value:  Size  Location     Type
   552 ;;                  1    wreg      void 
   553 ;; Registers used:
   554 ;;		wreg, fsr0l, fsr0h, status,2, status,0, pclath, cstack
   555 ;; Tracked objects:
   556 ;;		On entry : 0/0
   557 ;;		On exit  : 0/0
   558 ;;		Unchanged: 0/0
   559 ;; Data sizes:     COMMON   BANK0   BANK1   BANK3   BANK2
   560 ;;      Params:         0       0       0       0       0
   561 ;;      Locals:         0       0       0       0       0
   562 ;;      Temps:          0       0       0       0       0
   563 ;;      Totals:         0       0       0       0       0
   564 ;;Total ram usage:        0 bytes
   565 ;; Hardware stack levels used: 1
   566 ;; Hardware stack levels required when called: 2
   567 ;; This function calls:
   568 ;;		_ADC_config
   569 ;;		_I2C_Slave_Init
   570 ;; This function is called by:
   571 ;;		_main
   572 ;; This function uses a non-reentrant model
   573 ;;
   574                           
   575                           
   576                           ;psect for function _setup
   577  00F2                     _setup:
   578  00F2                     l838:	
   579                           ;incstack = 0
   580                           ; Regs used in _setup: [wreg-fsr0h+status,2+status,0+pclath+cstack]
   581                           
   582                           
   583                           ;esc1.c: 129:     ANSEL = 0b00000001;
   584  00F2  3001               	movlw	1
   585  00F3  1683               	bsf	3,5	;RP0=1, select bank3
   586  00F4  1703               	bsf	3,6	;RP1=1, select bank3
   587  00F5  0088               	movwf	8	;volatile
   588  00F6                     l840:
   589                           
   590                           ;esc1.c: 130:     ANSELH = 0;
   591  00F6  0189               	clrf	9	;volatile
   592  00F7                     l842:
   593                           
   594                           ;esc1.c: 132:     TRISAbits.TRISA0 = 1;
   595  00F7  1683               	bsf	3,5	;RP0=1, select bank1
   596  00F8  1303               	bcf	3,6	;RP1=0, select bank1
   597  00F9  1405               	bsf	5,0	;volatile
   598  00FA                     l844:
   599                           
   600                           ;esc1.c: 133:     TRISB = 0;
   601  00FA  0186               	clrf	6	;volatile
   602  00FB                     l846:
   603                           
   604                           ;esc1.c: 136:     PORTA = 0x00;
   605  00FB  1283               	bcf	3,5	;RP0=0, select bank0
   606  00FC  1303               	bcf	3,6	;RP1=0, select bank0
   607  00FD  0185               	clrf	5	;volatile
   608  00FE                     l848:
   609                           
   610                           ;esc1.c: 137:     PORTB = 0x00;
   611  00FE  0186               	clrf	6	;volatile
   612  00FF                     l850:
   613                           
   614                           ;esc1.c: 138:     PORTC = 0x00;
   615  00FF  0187               	clrf	7	;volatile
   616  0100                     l852:
   617                           
   618                           ;esc1.c: 139:     PORTD = 0x00;
   619  0100  0188               	clrf	8	;volatile
   620  0101                     l854:
   621                           
   622                           ;esc1.c: 140:     PORTE = 0x00;
   623  0101  0189               	clrf	9	;volatile
   624  0102                     l856:
   625                           
   626                           ;esc1.c: 143:     OSCCONbits.IRCF0 = 0;
   627  0102  1683               	bsf	3,5	;RP0=1, select bank1
   628  0103  1303               	bcf	3,6	;RP1=0, select bank1
   629  0104  120F               	bcf	15,4	;volatile
   630  0105                     l858:
   631                           
   632                           ;esc1.c: 144:     OSCCONbits.IRCF1 = 1;
   633  0105  168F               	bsf	15,5	;volatile
   634  0106                     l860:
   635                           
   636                           ;esc1.c: 145:     OSCCONbits.IRCF2 = 1;
   637  0106  170F               	bsf	15,6	;volatile
   638  0107                     l862:
   639                           
   640                           ;esc1.c: 146:     OSCCONbits.SCS = 1;
   641  0107  140F               	bsf	15,0	;volatile
   642  0108                     l864:
   643                           
   644                           ;esc1.c: 149:     PIE1bits.ADIE = 1;
   645  0108  170C               	bsf	12,6	;volatile
   646  0109                     l866:
   647                           
   648                           ;esc1.c: 150:     PIR1bits.ADIF = 0;
   649  0109  1283               	bcf	3,5	;RP0=0, select bank0
   650  010A  1303               	bcf	3,6	;RP1=0, select bank0
   651  010B  130C               	bcf	12,6	;volatile
   652  010C                     l868:
   653                           
   654                           ;esc1.c: 151:     INTCONbits.GIE = 1;
   655  010C  178B               	bsf	11,7	;volatile
   656  010D                     l870:
   657                           
   658                           ;esc1.c: 152:     INTCONbits.PEIE = 1;
   659  010D  170B               	bsf	11,6	;volatile
   660  010E                     l872:
   661                           
   662                           ;esc1.c: 155:     ADC_config(2);
   663  010E  3002               	movlw	2
   664  010F  120A  118A  208D  120A  118A  	fcall	_ADC_config
   665  0114                     l874:
   666                           
   667                           ;esc1.c: 158:     I2C_Slave_Init(0x50);
   668  0114  3050               	movlw	80
   669  0115  120A  118A  2136  120A  118A  	fcall	_I2C_Slave_Init
   670  011A                     l154:
   671  011A  0008               	return
   672  011B                     __end_of_setup:
   673                           
   674                           	psect	text2
   675  0136                     __ptext2:	
   676 ;; *************** function _I2C_Slave_Init *****************
   677 ;; Defined at:
   678 ;;		line 67 in file "i2c.c"
   679 ;; Parameters:    Size  Location     Type
   680 ;;  address         1    wreg     unsigned char 
   681 ;; Auto vars:     Size  Location     Type
   682 ;;  address         1    3[COMMON] unsigned char 
   683 ;; Return value:  Size  Location     Type
   684 ;;                  1    wreg      void 
   685 ;; Registers used:
   686 ;;		wreg
   687 ;; Tracked objects:
   688 ;;		On entry : 0/0
   689 ;;		On exit  : 0/0
   690 ;;		Unchanged: 0/0
   691 ;; Data sizes:     COMMON   BANK0   BANK1   BANK3   BANK2
   692 ;;      Params:         0       0       0       0       0
   693 ;;      Locals:         1       0       0       0       0
   694 ;;      Temps:          0       0       0       0       0
   695 ;;      Totals:         1       0       0       0       0
   696 ;;Total ram usage:        1 bytes
   697 ;; Hardware stack levels used: 1
   698 ;; Hardware stack levels required when called: 1
   699 ;; This function calls:
   700 ;;		Nothing
   701 ;; This function is called by:
   702 ;;		_setup
   703 ;; This function uses a non-reentrant model
   704 ;;
   705                           
   706                           
   707                           ;psect for function _I2C_Slave_Init
   708  0136                     _I2C_Slave_Init:
   709                           
   710                           ;incstack = 0
   711                           ; Regs used in _I2C_Slave_Init: [wreg]
   712                           ;I2C_Slave_Init@address stored from wreg
   713  0136  00F3               	movwf	I2C_Slave_Init@address
   714  0137                     l820:
   715                           
   716                           ;i2c.c: 67: void I2C_Slave_Init(uint8_t address);i2c.c: 68: {;i2c.c: 69:     SSPADD = ad
      +                          dress;
   717  0137  0873               	movf	I2C_Slave_Init@address,w
   718  0138  1683               	bsf	3,5	;RP0=1, select bank1
   719  0139  1303               	bcf	3,6	;RP1=0, select bank1
   720  013A  0093               	movwf	19	;volatile
   721                           
   722                           ;i2c.c: 70:     SSPCON = 0x36;
   723  013B  3036               	movlw	54
   724  013C  1283               	bcf	3,5	;RP0=0, select bank0
   725  013D  1303               	bcf	3,6	;RP1=0, select bank0
   726  013E  0094               	movwf	20	;volatile
   727                           
   728                           ;i2c.c: 71:     SSPSTAT = 0x80;
   729  013F  3080               	movlw	128
   730  0140  1683               	bsf	3,5	;RP0=1, select bank1
   731  0141  1303               	bcf	3,6	;RP1=0, select bank1
   732  0142  0094               	movwf	20	;volatile
   733                           
   734                           ;i2c.c: 72:     SSPCON2 = 0x01;
   735  0143  3001               	movlw	1
   736  0144  0091               	movwf	17	;volatile
   737  0145                     l822:
   738                           
   739                           ;i2c.c: 73:     TRISC3 = 1;
   740  0145  1587               	bsf	7,3	;volatile
   741  0146                     l824:
   742                           
   743                           ;i2c.c: 74:     TRISC4 = 1;
   744  0146  1607               	bsf	7,4	;volatile
   745  0147                     l826:
   746                           
   747                           ;i2c.c: 75:     GIE = 1;
   748  0147  178B               	bsf	11,7	;volatile
   749  0148                     l828:
   750                           
   751                           ;i2c.c: 76:     PEIE = 1;
   752  0148  170B               	bsf	11,6	;volatile
   753  0149                     l830:
   754                           
   755                           ;i2c.c: 77:     SSPIF = 0;
   756  0149  1283               	bcf	3,5	;RP0=0, select bank0
   757  014A  1303               	bcf	3,6	;RP1=0, select bank0
   758  014B  118C               	bcf	12,3	;volatile
   759  014C                     l832:
   760                           
   761                           ;i2c.c: 78:     SSPIE = 1;
   762  014C  1683               	bsf	3,5	;RP0=1, select bank1
   763  014D  1303               	bcf	3,6	;RP1=0, select bank1
   764  014E  158C               	bsf	12,3	;volatile
   765  014F                     l70:
   766  014F  0008               	return
   767  0150                     __end_of_I2C_Slave_Init:
   768                           
   769                           	psect	text3
   770  008D                     __ptext3:	
   771 ;; *************** function _ADC_config *****************
   772 ;; Defined at:
   773 ;;		line 22 in file "adc.c"
   774 ;; Parameters:    Size  Location     Type
   775 ;;  frec            1    wreg     unsigned char 
   776 ;; Auto vars:     Size  Location     Type
   777 ;;  frec            1    5[COMMON] unsigned char 
   778 ;; Return value:  Size  Location     Type
   779 ;;                  1    wreg      void 
   780 ;; Registers used:
   781 ;;		wreg, fsr0l, fsr0h, status,2, status,0
   782 ;; Tracked objects:
   783 ;;		On entry : 0/0
   784 ;;		On exit  : 0/0
   785 ;;		Unchanged: 0/0
   786 ;; Data sizes:     COMMON   BANK0   BANK1   BANK3   BANK2
   787 ;;      Params:         0       0       0       0       0
   788 ;;      Locals:         1       0       0       0       0
   789 ;;      Temps:          2       0       0       0       0
   790 ;;      Totals:         3       0       0       0       0
   791 ;;Total ram usage:        3 bytes
   792 ;; Hardware stack levels used: 1
   793 ;; Hardware stack levels required when called: 1
   794 ;; This function calls:
   795 ;;		Nothing
   796 ;; This function is called by:
   797 ;;		_setup
   798 ;; This function uses a non-reentrant model
   799 ;;
   800                           
   801                           
   802                           ;psect for function _ADC_config
   803  008D                     _ADC_config:
   804                           
   805                           ;incstack = 0
   806                           ; Regs used in _ADC_config: [wreg-fsr0h+status,2+status,0]
   807                           ;ADC_config@frec stored from wreg
   808  008D  00F5               	movwf	ADC_config@frec
   809  008E                     l746:
   810                           
   811                           ;adc.c: 23:     switch(frec){
   812  008E  28DB               	goto	l814
   813  008F                     l748:
   814                           
   815                           ;adc.c: 25:             ADCON0bits.CHS = 0;
   816  008F  30C3               	movlw	-61
   817  0090  1283               	bcf	3,5	;RP0=0, select bank0
   818  0091  1303               	bcf	3,6	;RP1=0, select bank0
   819  0092  059F               	andwf	31,f	;volatile
   820  0093                     l750:
   821                           
   822                           ;adc.c: 26:             _delay((unsigned long)((100)*(4000000/4000000.0)));
   823  0093  3021               	movlw	33
   824  0094  00F3               	movwf	??_ADC_config
   825  0095                     u187:
   826  0095  0BF3               	decfsz	??_ADC_config,f
   827  0096  2895               	goto	u187
   828  0097                     l752:
   829                           
   830                           ;adc.c: 28:             ADCON0bits.ADCS0 = 0;
   831  0097  1283               	bcf	3,5	;RP0=0, select bank0
   832  0098  1303               	bcf	3,6	;RP1=0, select bank0
   833  0099  131F               	bcf	31,6	;volatile
   834  009A                     l754:
   835                           
   836                           ;adc.c: 29:             ADCON0bits.ADCS1 = 0;
   837  009A  139F               	bcf	31,7	;volatile
   838  009B                     l756:
   839                           
   840                           ;adc.c: 30:             ADCON0bits.ADON = 1;
   841  009B  141F               	bsf	31,0	;volatile
   842  009C                     l758:
   843                           
   844                           ;adc.c: 31:             ADCON1bits.ADFM = 0;
   845  009C  1683               	bsf	3,5	;RP0=1, select bank1
   846  009D  1303               	bcf	3,6	;RP1=0, select bank1
   847  009E  139F               	bcf	31,7	;volatile
   848  009F                     l760:
   849                           
   850                           ;adc.c: 32:             ADCON1bits.VCFG1 = 0;
   851  009F  129F               	bcf	31,5	;volatile
   852  00A0                     l762:
   853                           
   854                           ;adc.c: 33:             ADCON1bits.VCFG0 = 0;
   855  00A0  121F               	bcf	31,4	;volatile
   856                           
   857                           ;adc.c: 34:             break;
   858  00A1  28F1               	goto	l15
   859  00A2                     l764:
   860                           
   861                           ;adc.c: 36:             ADCON0bits.CHS = 0;
   862  00A2  30C3               	movlw	-61
   863  00A3  1283               	bcf	3,5	;RP0=0, select bank0
   864  00A4  1303               	bcf	3,6	;RP1=0, select bank0
   865  00A5  059F               	andwf	31,f	;volatile
   866  00A6                     l766:
   867                           
   868                           ;adc.c: 37:             _delay((unsigned long)((100)*(4000000/4000000.0)));
   869  00A6  3021               	movlw	33
   870  00A7  00F3               	movwf	??_ADC_config
   871  00A8                     u197:
   872  00A8  0BF3               	decfsz	??_ADC_config,f
   873  00A9  28A8               	goto	u197
   874  00AA                     l768:
   875                           
   876                           ;adc.c: 39:             ADCON0bits.ADCS0 = 1;
   877  00AA  1283               	bcf	3,5	;RP0=0, select bank0
   878  00AB  1303               	bcf	3,6	;RP1=0, select bank0
   879  00AC  171F               	bsf	31,6	;volatile
   880  00AD                     l770:
   881                           
   882                           ;adc.c: 40:             ADCON0bits.ADCS1 = 0;
   883  00AD  139F               	bcf	31,7	;volatile
   884  00AE                     l772:
   885                           
   886                           ;adc.c: 41:             ADCON0bits.ADON = 1;
   887  00AE  141F               	bsf	31,0	;volatile
   888  00AF                     l774:
   889                           
   890                           ;adc.c: 42:             ADCON1bits.ADFM = 0;
   891  00AF  1683               	bsf	3,5	;RP0=1, select bank1
   892  00B0  1303               	bcf	3,6	;RP1=0, select bank1
   893  00B1  139F               	bcf	31,7	;volatile
   894  00B2                     l776:
   895                           
   896                           ;adc.c: 43:             ADCON1bits.VCFG1 = 0;
   897  00B2  129F               	bcf	31,5	;volatile
   898  00B3                     l778:
   899                           
   900                           ;adc.c: 44:             ADCON1bits.VCFG0 = 0;
   901  00B3  121F               	bcf	31,4	;volatile
   902                           
   903                           ;adc.c: 45:             break;
   904  00B4  28F1               	goto	l15
   905  00B5                     l780:
   906                           
   907                           ;adc.c: 47:             ADCON0bits.CHS = 0;
   908  00B5  30C3               	movlw	-61
   909  00B6  1283               	bcf	3,5	;RP0=0, select bank0
   910  00B7  1303               	bcf	3,6	;RP1=0, select bank0
   911  00B8  059F               	andwf	31,f	;volatile
   912  00B9                     l782:
   913                           
   914                           ;adc.c: 48:             _delay((unsigned long)((100)*(4000000/4000000.0)));
   915  00B9  3021               	movlw	33
   916  00BA  00F3               	movwf	??_ADC_config
   917  00BB                     u207:
   918  00BB  0BF3               	decfsz	??_ADC_config,f
   919  00BC  28BB               	goto	u207
   920  00BD                     l784:
   921                           
   922                           ;adc.c: 50:             ADCON0bits.ADCS0 = 0;
   923  00BD  1283               	bcf	3,5	;RP0=0, select bank0
   924  00BE  1303               	bcf	3,6	;RP1=0, select bank0
   925  00BF  131F               	bcf	31,6	;volatile
   926  00C0                     l786:
   927                           
   928                           ;adc.c: 51:             ADCON0bits.ADCS1 = 1;
   929  00C0  179F               	bsf	31,7	;volatile
   930  00C1                     l788:
   931                           
   932                           ;adc.c: 52:             ADCON0bits.ADON = 1;
   933  00C1  141F               	bsf	31,0	;volatile
   934  00C2                     l790:
   935                           
   936                           ;adc.c: 53:             ADCON1bits.ADFM = 0;
   937  00C2  1683               	bsf	3,5	;RP0=1, select bank1
   938  00C3  1303               	bcf	3,6	;RP1=0, select bank1
   939  00C4  139F               	bcf	31,7	;volatile
   940  00C5                     l792:
   941                           
   942                           ;adc.c: 54:             ADCON1bits.VCFG1 = 0;
   943  00C5  129F               	bcf	31,5	;volatile
   944  00C6                     l794:
   945                           
   946                           ;adc.c: 55:             ADCON1bits.VCFG0 = 0;
   947  00C6  121F               	bcf	31,4	;volatile
   948                           
   949                           ;adc.c: 56:             break;
   950  00C7  28F1               	goto	l15
   951  00C8                     l796:
   952                           
   953                           ;adc.c: 58:             ADCON0bits.CHS = 0;
   954  00C8  30C3               	movlw	-61
   955  00C9  1283               	bcf	3,5	;RP0=0, select bank0
   956  00CA  1303               	bcf	3,6	;RP1=0, select bank0
   957  00CB  059F               	andwf	31,f	;volatile
   958  00CC                     l798:
   959                           
   960                           ;adc.c: 59:             _delay((unsigned long)((100)*(4000000/4000000.0)));
   961  00CC  3021               	movlw	33
   962  00CD  00F3               	movwf	??_ADC_config
   963  00CE                     u217:
   964  00CE  0BF3               	decfsz	??_ADC_config,f
   965  00CF  28CE               	goto	u217
   966  00D0                     l800:
   967                           
   968                           ;adc.c: 61:             ADCON0bits.ADCS0 = 1;
   969  00D0  1283               	bcf	3,5	;RP0=0, select bank0
   970  00D1  1303               	bcf	3,6	;RP1=0, select bank0
   971  00D2  171F               	bsf	31,6	;volatile
   972  00D3                     l802:
   973                           
   974                           ;adc.c: 62:             ADCON0bits.ADCS1 = 1;
   975  00D3  179F               	bsf	31,7	;volatile
   976  00D4                     l804:
   977                           
   978                           ;adc.c: 63:             ADCON0bits.ADON = 1;
   979  00D4  141F               	bsf	31,0	;volatile
   980  00D5                     l806:
   981                           
   982                           ;adc.c: 64:             ADCON1bits.ADFM = 0;
   983  00D5  1683               	bsf	3,5	;RP0=1, select bank1
   984  00D6  1303               	bcf	3,6	;RP1=0, select bank1
   985  00D7  139F               	bcf	31,7	;volatile
   986  00D8                     l808:
   987                           
   988                           ;adc.c: 65:             ADCON1bits.VCFG1 = 0;
   989  00D8  129F               	bcf	31,5	;volatile
   990  00D9                     l810:
   991                           
   992                           ;adc.c: 66:             ADCON1bits.VCFG0 = 0;
   993  00D9  121F               	bcf	31,4	;volatile
   994                           
   995                           ;adc.c: 67:             break;
   996  00DA  28F1               	goto	l15
   997  00DB                     l814:
   998  00DB  0875               	movf	ADC_config@frec,w
   999  00DC  00F3               	movwf	??_ADC_config
  1000  00DD  01F4               	clrf	??_ADC_config+1
  1001                           
  1002                           ; Switch on 2 bytes has been partitioned into a top level switch of size 1, and 1 sub-sw
      +                          itches
  1003                           ; Switch size 1, requested type "simple"
  1004                           ; Number of cases is 1, Range of values is 0 to 0
  1005                           ; switch strategies available:
  1006                           ; Name         Instructions Cycles
  1007                           ; simple_byte            4     3 (average)
  1008                           ; direct_byte           11     8 (fixed)
  1009                           ; jumptable            260     6 (fixed)
  1010                           ;	Chosen strategy is simple_byte
  1011  00DE  0874               	movf	??_ADC_config+1,w
  1012  00DF  3A00               	xorlw	0	; case 0
  1013  00E0  1903               	skipnz
  1014  00E1  28E3               	goto	l986
  1015  00E2  28F1               	goto	l15
  1016  00E3                     l986:
  1017                           
  1018                           ; Switch size 1, requested type "simple"
  1019                           ; Number of cases is 4, Range of values is 0 to 3
  1020                           ; switch strategies available:
  1021                           ; Name         Instructions Cycles
  1022                           ; simple_byte           13     7 (average)
  1023                           ; direct_byte           20     8 (fixed)
  1024                           ; jumptable            260     6 (fixed)
  1025                           ;	Chosen strategy is simple_byte
  1026  00E3  0873               	movf	??_ADC_config,w
  1027  00E4  3A00               	xorlw	0	; case 0
  1028  00E5  1903               	skipnz
  1029  00E6  288F               	goto	l748
  1030  00E7  3A01               	xorlw	1	; case 1
  1031  00E8  1903               	skipnz
  1032  00E9  28A2               	goto	l764
  1033  00EA  3A03               	xorlw	3	; case 2
  1034  00EB  1903               	skipnz
  1035  00EC  28B5               	goto	l780
  1036  00ED  3A01               	xorlw	1	; case 3
  1037  00EE  1903               	skipnz
  1038  00EF  28C8               	goto	l796
  1039  00F0  28F1               	goto	l15
  1040  00F1                     l15:
  1041  00F1  0008               	return
  1042  00F2                     __end_of_ADC_config:
  1043                           
  1044                           	psect	text4
  1045  0016                     __ptext4:	
  1046 ;; *************** function _isr *****************
  1047 ;; Defined at:
  1048 ;;		line 59 in file "esc1.c"
  1049 ;; Parameters:    Size  Location     Type
  1050 ;;		None
  1051 ;; Auto vars:     Size  Location     Type
  1052 ;;		None
  1053 ;; Return value:  Size  Location     Type
  1054 ;;                  1    wreg      void 
  1055 ;; Registers used:
  1056 ;;		wreg, status,2, status,0
  1057 ;; Tracked objects:
  1058 ;;		On entry : 0/0
  1059 ;;		On exit  : 0/0
  1060 ;;		Unchanged: 0/0
  1061 ;; Data sizes:     COMMON   BANK0   BANK1   BANK3   BANK2
  1062 ;;      Params:         0       0       0       0       0
  1063 ;;      Locals:         0       0       0       0       0
  1064 ;;      Temps:          3       0       0       0       0
  1065 ;;      Totals:         3       0       0       0       0
  1066 ;;Total ram usage:        3 bytes
  1067 ;; Hardware stack levels used: 1
  1068 ;; This function calls:
  1069 ;;		Nothing
  1070 ;; This function is called by:
  1071 ;;		Interrupt level 1
  1072 ;; This function uses a non-reentrant model
  1073 ;;
  1074                           
  1075                           
  1076                           ;psect for function _isr
  1077  0016                     _isr:
  1078  0016                     i1l916:
  1079                           
  1080                           ;esc1.c: 63:        if(PIR1bits.ADIF == 1)
  1081  0016  1283               	bcf	3,5	;RP0=0, select bank0
  1082  0017  1303               	bcf	3,6	;RP1=0, select bank0
  1083  0018  1F0C               	btfss	12,6	;volatile
  1084  0019  281B               	goto	u5_21
  1085  001A  281C               	goto	u5_20
  1086  001B                     u5_21:
  1087  001B  282C               	goto	i1l924
  1088  001C                     u5_20:
  1089  001C                     i1l918:
  1090                           
  1091                           ;esc1.c: 64:        {;esc1.c: 65:            if(ADCON0bits.CHS == 0) {
  1092  001C  0C1F               	rrf	31,w	;volatile
  1093  001D  00F0               	movwf	??_isr
  1094  001E  0C70               	rrf	??_isr,w
  1095  001F  390F               	andlw	15
  1096  0020  3A00               	xorlw	0
  1097  0021  1D03               	skipz
  1098  0022  2824               	goto	u6_21
  1099  0023  2825               	goto	u6_20
  1100  0024                     u6_21:
  1101  0024  282B               	goto	i1l922
  1102  0025                     u6_20:
  1103  0025                     i1l920:
  1104                           
  1105                           ;esc1.c: 66:                PORTB = ADRESH;
  1106  0025  081E               	movf	30,w	;volatile
  1107  0026  0086               	movwf	6	;volatile
  1108                           
  1109                           ;esc1.c: 67:                volt = ADRESH;
  1110  0027  081E               	movf	30,w	;volatile
  1111  0028  00F0               	movwf	??_isr
  1112  0029  0870               	movf	??_isr,w
  1113  002A  00F8               	movwf	_volt
  1114  002B                     i1l922:
  1115                           
  1116                           ;esc1.c: 71:            PIR1bits.ADIF = 0;
  1117  002B  130C               	bcf	12,6	;volatile
  1118  002C                     i1l924:
  1119                           
  1120                           ;esc1.c: 74:     if(PIR1bits.SSPIF == 1){
  1121  002C  1D8C               	btfss	12,3	;volatile
  1122  002D  282F               	goto	u7_21
  1123  002E  2830               	goto	u7_20
  1124  002F                     u7_21:
  1125  002F  2886               	goto	i1l142
  1126  0030                     u7_20:
  1127  0030                     i1l926:
  1128                           
  1129                           ;esc1.c: 76:         SSPCONbits.CKP = 0;
  1130  0030  1214               	bcf	20,4	;volatile
  1131                           
  1132                           ;esc1.c: 78:         if ((SSPCONbits.SSPOV) || (SSPCONbits.WCOL)){
  1133  0031  1B14               	btfsc	20,6	;volatile
  1134  0032  2834               	goto	u8_21
  1135  0033  2835               	goto	u8_20
  1136  0034                     u8_21:
  1137  0034  2839               	goto	i1l930
  1138  0035                     u8_20:
  1139  0035                     i1l928:
  1140  0035  1F94               	btfss	20,7	;volatile
  1141  0036  2838               	goto	u9_21
  1142  0037  2839               	goto	u9_20
  1143  0038                     u9_21:
  1144  0038  2840               	goto	i1l938
  1145  0039                     u9_20:
  1146  0039                     i1l930:
  1147                           
  1148                           ;esc1.c: 79:             z = SSPBUF;
  1149  0039  0813               	movf	19,w	;volatile
  1150  003A  00F0               	movwf	??_isr
  1151  003B  0870               	movf	??_isr,w
  1152  003C  00FA               	movwf	_z
  1153  003D                     i1l932:
  1154                           
  1155                           ;esc1.c: 80:             SSPCONbits.SSPOV = 0;
  1156  003D  1314               	bcf	20,6	;volatile
  1157  003E                     i1l934:
  1158                           
  1159                           ;esc1.c: 81:             SSPCONbits.WCOL = 0;
  1160  003E  1394               	bcf	20,7	;volatile
  1161  003F                     i1l936:
  1162                           
  1163                           ;esc1.c: 82:             SSPCONbits.CKP = 1;
  1164  003F  1614               	bsf	20,4	;volatile
  1165  0040                     i1l938:
  1166                           
  1167                           ;esc1.c: 85:         if(!SSPSTATbits.D_nA && !SSPSTATbits.R_nW) {
  1168  0040  1683               	bsf	3,5	;RP0=1, select bank1
  1169  0041  1303               	bcf	3,6	;RP1=0, select bank1
  1170  0042  1A94               	btfsc	20,5	;volatile
  1171  0043  2845               	goto	u10_21
  1172  0044  2846               	goto	u10_20
  1173  0045                     u10_21:
  1174  0045  2863               	goto	i1l133
  1175  0046                     u10_20:
  1176  0046                     i1l940:
  1177  0046  1914               	btfsc	20,2	;volatile
  1178  0047  2849               	goto	u11_21
  1179  0048  284A               	goto	u11_20
  1180  0049                     u11_21:
  1181  0049  2863               	goto	i1l133
  1182  004A                     u11_20:
  1183  004A                     i1l942:
  1184                           
  1185                           ;esc1.c: 87:             z = SSPBUF;
  1186  004A  1283               	bcf	3,5	;RP0=0, select bank0
  1187  004B  1303               	bcf	3,6	;RP1=0, select bank0
  1188  004C  0813               	movf	19,w	;volatile
  1189  004D  00F0               	movwf	??_isr
  1190  004E  0870               	movf	??_isr,w
  1191  004F  00FA               	movwf	_z
  1192  0050                     i1l944:
  1193                           
  1194                           ;esc1.c: 89:             PIR1bits.SSPIF = 0;
  1195  0050  118C               	bcf	12,3	;volatile
  1196  0051                     i1l946:
  1197                           
  1198                           ;esc1.c: 90:             SSPCONbits.CKP = 1;
  1199  0051  1614               	bsf	20,4	;volatile
  1200  0052                     i1l134:	
  1201                           ;esc1.c: 91:             while(!SSPSTATbits.BF);
  1202                           
  1203  0052  1683               	bsf	3,5	;RP0=1, select bank1
  1204  0053  1303               	bcf	3,6	;RP1=0, select bank1
  1205  0054  1C14               	btfss	20,0	;volatile
  1206  0055  2857               	goto	u12_21
  1207  0056  2858               	goto	u12_20
  1208  0057                     u12_21:
  1209  0057  2852               	goto	i1l134
  1210  0058                     u12_20:
  1211  0058                     i1l948:
  1212                           
  1213                           ;esc1.c: 92:             volt = SSPBUF;
  1214  0058  1283               	bcf	3,5	;RP0=0, select bank0
  1215  0059  1303               	bcf	3,6	;RP1=0, select bank0
  1216  005A  0813               	movf	19,w	;volatile
  1217  005B  00F0               	movwf	??_isr
  1218  005C  0870               	movf	??_isr,w
  1219  005D  00F8               	movwf	_volt
  1220                           
  1221                           ;esc1.c: 93:             _delay((unsigned long)((250)*(4000000/4000000.0)));
  1222  005E  3053               	movlw	83
  1223  005F  00F0               	movwf	??_isr
  1224  0060                     u22_27:
  1225  0060  0BF0               	decfsz	??_isr,f
  1226  0061  2860               	goto	u22_27
  1227                           
  1228                           ;esc1.c: 95:         }else if(!SSPSTATbits.D_nA && SSPSTATbits.R_nW){
  1229  0062  2883               	goto	i1l137
  1230  0063                     i1l133:
  1231  0063  1A94               	btfsc	20,5	;volatile
  1232  0064  2866               	goto	u13_21
  1233  0065  2867               	goto	u13_20
  1234  0066                     u13_21:
  1235  0066  2883               	goto	i1l137
  1236  0067                     u13_20:
  1237  0067                     i1l950:
  1238  0067  1D14               	btfss	20,2	;volatile
  1239  0068  286A               	goto	u14_21
  1240  0069  286B               	goto	u14_20
  1241  006A                     u14_21:
  1242  006A  2883               	goto	i1l137
  1243  006B                     u14_20:
  1244  006B                     i1l952:
  1245                           
  1246                           ;esc1.c: 96:             z = SSPBUF;
  1247  006B  1283               	bcf	3,5	;RP0=0, select bank0
  1248  006C  1303               	bcf	3,6	;RP1=0, select bank0
  1249  006D  0813               	movf	19,w	;volatile
  1250  006E  00F0               	movwf	??_isr
  1251  006F  0870               	movf	??_isr,w
  1252  0070  00FA               	movwf	_z
  1253  0071                     i1l954:
  1254                           
  1255                           ;esc1.c: 97:             BF = 0;
  1256  0071  1683               	bsf	3,5	;RP0=1, select bank1
  1257  0072  1303               	bcf	3,6	;RP1=0, select bank1
  1258  0073  1014               	bcf	20,0	;volatile
  1259                           
  1260                           ;esc1.c: 98:             SSPBUF = volt;
  1261  0074  0878               	movf	_volt,w
  1262  0075  1283               	bcf	3,5	;RP0=0, select bank0
  1263  0076  1303               	bcf	3,6	;RP1=0, select bank0
  1264  0077  0093               	movwf	19	;volatile
  1265  0078                     i1l956:
  1266                           
  1267                           ;esc1.c: 99:             SSPCONbits.CKP = 1;
  1268  0078  1614               	bsf	20,4	;volatile
  1269                           
  1270                           ;esc1.c: 100:             _delay((unsigned long)((250)*(4000000/4000000.0)));
  1271  0079  3053               	movlw	83
  1272  007A  00F0               	movwf	??_isr
  1273  007B                     u23_27:
  1274  007B  0BF0               	decfsz	??_isr,f
  1275  007C  287B               	goto	u23_27
  1276  007D                     i1l139:	
  1277                           ;esc1.c: 101:             while(SSPSTATbits.BF);
  1278                           
  1279  007D  1683               	bsf	3,5	;RP0=1, select bank1
  1280  007E  1303               	bcf	3,6	;RP1=0, select bank1
  1281  007F  1814               	btfsc	20,0	;volatile
  1282  0080  2882               	goto	u15_21
  1283  0081  2883               	goto	u15_20
  1284  0082                     u15_21:
  1285  0082  287D               	goto	i1l139
  1286  0083                     u15_20:
  1287  0083                     i1l137:
  1288                           
  1289                           ;esc1.c: 104:         PIR1bits.SSPIF = 0;
  1290  0083  1283               	bcf	3,5	;RP0=0, select bank0
  1291  0084  1303               	bcf	3,6	;RP1=0, select bank0
  1292  0085  118C               	bcf	12,3	;volatile
  1293  0086                     i1l142:
  1294  0086  0872               	movf	??_isr+2,w
  1295  0087  008A               	movwf	10
  1296  0088  0E71               	swapf	??_isr+1,w
  1297  0089  0083               	movwf	3
  1298  008A  0EFE               	swapf	btemp,f
  1299  008B  0E7E               	swapf	btemp,w
  1300  008C  0009               	retfie
  1301  008D                     __end_of_isr:
  1302  007E                     btemp	set	126	;btemp
  1303  007E                     wtemp0	set	126
  1304                           
  1305                           	psect	intentry
  1306  0004                     __pintentry:	
  1307                           ;incstack = 0
  1308                           ; Regs used in _isr: [wreg+status,2+status,0]
  1309                           
  1310  0004                     interrupt_function:
  1311  007E                     saved_w	set	btemp
  1312  0004  00FE               	movwf	btemp
  1313  0005  0E03               	swapf	3,w
  1314  0006  00F1               	movwf	??_isr+1
  1315  0007  080A               	movf	10,w
  1316  0008  00F2               	movwf	??_isr+2
  1317  0009  120A  118A  2816   	ljmp	_isr
  1318                           
  1319                           	psect	config
  1320                           
  1321                           ;Config register CONFIG1 @ 0x2007
  1322                           ;	Oscillator Selection bits
  1323                           ;	FOSC = INTRC_NOCLKOUT, INTOSCIO oscillator: I/O function on RA6/OSC2/CLKOUT pin, I/O f
      +                          unction on RA7/OSC1/CLKIN
  1324                           ;	Watchdog Timer Enable bit
  1325                           ;	WDTE = OFF, WDT disabled and can be enabled by SWDTEN bit of the WDTCON register
  1326                           ;	Power-up Timer Enable bit
  1327                           ;	PWRTE = OFF, PWRT disabled
  1328                           ;	RE3/MCLR pin function select bit
  1329                           ;	MCLRE = OFF, RE3/MCLR pin function is digital input, MCLR internally tied to VDD
  1330                           ;	Code Protection bit
  1331                           ;	CP = OFF, Program memory code protection is disabled
  1332                           ;	Data Code Protection bit
  1333                           ;	CPD = OFF, Data memory code protection is disabled
  1334                           ;	Brown Out Reset Selection bits
  1335                           ;	BOREN = OFF, BOR disabled
  1336                           ;	Internal External Switchover bit
  1337                           ;	IESO = OFF, Internal/External Switchover mode is disabled
  1338                           ;	Fail-Safe Clock Monitor Enabled bit
  1339                           ;	FCMEN = OFF, Fail-Safe Clock Monitor is disabled
  1340                           ;	Low Voltage Programming Enable bit
  1341                           ;	LVP = OFF, RB3 pin has digital I/O, HV on MCLR must be used for programming
  1342                           ;	In-Circuit Debugger Mode bit
  1343                           ;	DEBUG = 0x1, unprogrammed default
  1344  2007                     	org	8199
  1345  2007  20D4               	dw	8404
  1346                           
  1347                           ;Config register CONFIG2 @ 0x2008
  1348                           ;	Brown-out Reset Selection bit
  1349                           ;	BOR4V = BOR40V, Brown-out Reset set to 4.0V
  1350                           ;	Flash Program Memory Self Write Enable bits
  1351                           ;	WRT = OFF, Write protection off
  1352  2008                     	org	8200
  1353  2008  3FFF               	dw	16383

Data Sizes:
    Strings     0
    Constant    0
    Data        0
    BSS         3
    Persistent  0
    Stack       0

Auto Spaces:
    Space          Size  Autos    Used
    COMMON           14      8      11
    BANK0            80      0       0
    BANK1            80      0       0
    BANK3            96      0       0
    BANK2            96      0       0

Pointer List with Targets:

    None.

Critical Paths under _main in COMMON

    _setup->_ADC_config

Critical Paths under _isr in COMMON

    None.

Critical Paths under _main in BANK0

    None.

Critical Paths under _isr in BANK0

    None.

Critical Paths under _main in BANK1

    None.

Critical Paths under _isr in BANK1

    None.

Critical Paths under _main in BANK3

    None.

Critical Paths under _isr in BANK3

    None.

Critical Paths under _main in BANK2

    None.

Critical Paths under _isr in BANK2

    None.

Call Graph Tables:

 ---------------------------------------------------------------------------------
 (Depth) Function   	        Calls       Base Space   Used Autos Params    Refs
 ---------------------------------------------------------------------------------
 (0) _main                                                 2     2      0      30
                                              6 COMMON     2     2      0
                              _setup
 ---------------------------------------------------------------------------------
 (1) _setup                                                0     0      0      30
                         _ADC_config
                     _I2C_Slave_Init
 ---------------------------------------------------------------------------------
 (2) _I2C_Slave_Init                                       1     1      0      15
                                              3 COMMON     1     1      0
 ---------------------------------------------------------------------------------
 (2) _ADC_config                                           3     3      0      15
                                              3 COMMON     3     3      0
 ---------------------------------------------------------------------------------
 Estimated maximum stack depth 2
 ---------------------------------------------------------------------------------
 (Depth) Function   	        Calls       Base Space   Used Autos Params    Refs
 ---------------------------------------------------------------------------------
 (3) _isr                                                  3     3      0       0
                                              0 COMMON     3     3      0
 ---------------------------------------------------------------------------------
 Estimated maximum stack depth 3
 ---------------------------------------------------------------------------------

 Call Graph Graphs:

 _main (ROOT)
   _setup
     _ADC_config
     _I2C_Slave_Init

 _isr (ROOT)

 Address spaces:
Name               Size   Autos  Total    Cost      Usage
BITCOMMON            E      0       0       0        0.0%
EEDATA             100      0       0       0        0.0%
NULL                 0      0       0       0        0.0%
CODE                 0      0       0       0        0.0%
COMMON               E      8       B       1       78.6%
BITSFR0              0      0       0       1        0.0%
SFR0                 0      0       0       1        0.0%
BITSFR1              0      0       0       2        0.0%
SFR1                 0      0       0       2        0.0%
STACK                0      0       0       2        0.0%
ABS                  0      0       B       3        0.0%
BITBANK0            50      0       0       4        0.0%
BITSFR3              0      0       0       4        0.0%
SFR3                 0      0       0       4        0.0%
BANK0               50      0       0       5        0.0%
BITSFR2              0      0       0       5        0.0%
SFR2                 0      0       0       5        0.0%
BITBANK1            50      0       0       6        0.0%
BANK1               50      0       0       7        0.0%
BITBANK3            60      0       0       8        0.0%
BANK3               60      0       0       9        0.0%
BITBANK2            60      0       0      10        0.0%
BANK2               60      0       0      11        0.0%
DATA                 0      0       B      12        0.0%


Microchip Technology PIC Macro Assembler V2.32 build 20210201212658 
Symbol Table                                                                                   Wed Sep 01 16:30:16 2021

                      _z 007A              _SSPSTATbits 0094                       _BF 04A0  
                     l15 00F1                       l70 014F                      l154 011A  
                    l800 00D0                      l810 00D9                      l802 00D3  
                    l804 00D4                      l820 0137                      l806 00D5  
                    l750 0093                      l814 00DB                      l830 0149  
                    l822 0145                      l808 00D8                      l760 009F  
                    l752 0097                      l832 014C                      l824 0146  
                    l840 00F6                      l770 00AD                      l762 00A0  
                    l754 009A                      l746 008E                      l826 0147  
                    l850 00FF                      l842 00F7                      l780 00B5  
                    l772 00AE                      l764 00A2                      l756 009B  
                    l748 008F                      l828 0148                      l860 0106  
                    l852 0100                      l844 00FA                      l790 00C2  
                    l782 00B9                      l774 00AF                      l766 00A6  
                    l758 009C                      l870 010D                      l862 0107  
                    l854 0101                      l846 00FB                      l838 00F2  
                    l792 00C5                      l784 00BD                      l776 00B2  
                    l768 00AA                      l872 010E                      l864 0108  
                    l856 0102                      l848 00FE                      l960 0120  
                    l794 00C6                      l786 00C0                      l778 00B3  
                    l874 0114                      l866 0109                      l858 0105  
                    l962 0126                      l796 00C8                      l788 00C1  
                    l868 010C                      l964 012F                      l798 00CC  
                    l958 011B                      l986 00E3                      _GIE 005F  
                    u207 00BB                      u160 0126                      u217 00CE  
                    u161 0125                      u177 012A                      u187 0095  
                    u197 00A8                      _isr 0016      __size_of_ADC_config 0065  
                   ?_isr 0070                     _PEIE 005E                     u5_20 001C  
                   u5_21 001B                     u6_20 0025                     u6_21 0024  
                   u7_20 0030                     u7_21 002F                     u8_20 0035  
                   u8_21 0034                     u9_20 0039                     u9_21 0038  
                   _dato 0079                     _main 011B                     btemp 007E  
                   _volt 0078                     start 000C           ADC_config@frec 0075  
                  ??_isr 0070                    ?_main 0070                    _ANSEL 0188  
                  i1l133 0063                    i1l134 0052                    i1l142 0086  
                  i1l137 0083                    i1l139 007D                    i1l920 0025  
                  i1l930 0039                    i1l922 002B                    i1l940 0046  
                  i1l932 003D                    i1l924 002C                    i1l916 0016  
                  i1l950 0067                    i1l942 004A                    i1l934 003E  
                  i1l926 0030                    i1l918 001C                    i1l952 006B  
                  i1l944 0050                    i1l936 003F                    i1l928 0035  
                  i1l954 0071                    i1l946 0051                    i1l938 0040  
                  i1l956 0078                    i1l948 0058                    u10_20 0046  
                  u10_21 0045                    u11_20 004A                    u11_21 0049  
                  u12_20 0058                    u12_21 0057                    u13_20 0067  
                  u13_21 0066                    u14_20 006B                    u14_21 006A  
                  u22_27 0060                    u15_20 0083                    u15_21 0082  
                  u23_27 007B                    _PORTA 0005                    _PORTB 0006  
                  _PORTC 0007                    _PORTD 0008                    _PORTE 0009  
                  _TRISB 0086                    _SSPIE 0463                    _SSPIF 0063  
                  _setup 00F2                    pclath 000A                    status 0003  
                  wtemp0 007E          __initialization 000F             __end_of_main 0136  
                 ??_main 0076                   _ADRESH 001E                   ?_setup 0070  
                 _ANSELH 0189                   _SSPADD 0093                   _TRISC3 043B  
                 _TRISC4 043C                   _SSPCON 0014                   _SSPBUF 0013  
           ??_ADC_config 0073                   saved_w 007E       __end_of_ADC_config 00F2  
__end_of__initialization 0012           __pcstackCOMMON 0070  __size_of_I2C_Slave_Init 001A  
          __end_of_setup 011B                  ??_setup 0076    I2C_Slave_Init@address 0073  
             __pmaintext 011B               __pintentry 0004                  _SSPCON2 0091  
                _SSPSTAT 0094                  __ptext1 00F2                  __ptext2 0136  
                __ptext3 008D                  __ptext4 0016             __size_of_isr 0077  
   end_of_initialization 0012           _I2C_Slave_Init 0136                _TRISAbits 0085  
              _TRISCbits 0087   __end_of_I2C_Slave_Init 0150      start_initialization 000F  
            __end_of_isr 008D          ?_I2C_Slave_Init 0070              __pbssCOMMON 0078  
              ___latbits 0002           __size_of_setup 0029        interrupt_function 0004  
               _PIE1bits 008C                 _PIR1bits 000C               _ADCON0bits 001F  
             _ADCON1bits 009F               _ADC_config 008D         ??_I2C_Slave_Init 0073  
          __size_of_main 001B               _INTCONbits 000B                 intlevel1 0000  
             _OSCCONbits 008F              ?_ADC_config 0070              _SSPCON2bits 0091  
             _SSPCONbits 0014  
