

Microchip MPLAB XC8 Assembler V2.31 build 20201012212115 
                                                                                               Sat Sep 04 23:01:48 2021

Microchip MPLAB XC8 C Compiler v2.31 (Free license) build 20201012212115 Og1 
     1                           	processor	16F887
     2                           	pagewidth 120
     3                           	opt	flic
     4                           	psect	cinit,global,class=CODE,merge=1,delta=2
     5                           	psect	bssCOMMON,global,class=COMMON,space=1,delta=1,noexec
     6                           	psect	cstackCOMMON,global,class=COMMON,space=1,delta=1,noexec
     7                           	psect	maintext,global,class=CODE,split=1,delta=2
     8                           	psect	text1,local,class=CODE,merge=1,delta=2
     9                           	psect	text2,local,class=CODE,merge=1,delta=2
    10                           	psect	text3,local,class=CODE,merge=1,delta=2
    11                           	psect	intentry,global,class=CODE,delta=2
    12                           	psect	config,global,abs,ovrld,class=CONFIG,space=4,delta=2,noexec
    13                           	dabs	1,0x7E,2
    14  0000                     
    15                           ; Version 2.20
    16                           ; Generated 12/02/2020 GMT
    17                           ; 
    18                           ; Copyright © 2020, Microchip Technology Inc. and its subsidiaries ("Microchip")
    19                           ; All rights reserved.
    20                           ; 
    21                           ; This software is developed by Microchip Technology Inc. and its subsidiaries ("Microch
      +                          ip").
    22                           ; 
    23                           ; Redistribution and use in source and binary forms, with or without modification, are
    24                           ; permitted provided that the following conditions are met:
    25                           ; 
    26                           ;     1. Redistributions of source code must retain the above copyright notice, this lis
      +                          t of
    27                           ;        conditions and the following disclaimer.
    28                           ; 
    29                           ;     2. Redistributions in binary form must reproduce the above copyright notice, this 
      +                          list
    30                           ;        of conditions and the following disclaimer in the documentation and/or other
    31                           ;        materials provided with the distribution.
    32                           ; 
    33                           ;     3. Microchip's name may not be used to endorse or promote products derived from th
      +                          is
    34                           ;        software without specific prior written permission.
    35                           ; 
    36                           ; THIS SOFTWARE IS PROVIDED BY MICROCHIP "AS IS" AND ANY EXPRESS OR IMPLIED WARRANTIES,
    37                           ; INCLUDING, BUT NOT LIMITED TO, THE IMPLIED WARRANTIES OF MERCHANTABILITY AND FITNESS F
      +                          OR
    38                           ; PURPOSE ARE DISCLAIMED.  IN NO EVENT SHALL MICROCHIP BE LIABLE FOR ANY DIRECT, INDIREC
      +                          T,
    39                           ; INCIDENTAL, SPECIAL, EXEMPLARY, OR CONSEQUENTIAL DAMAGES (INCLUDING BUT NOT LIMITED TO
    40                           ; PROCUREMENT OF SUBSTITUTE GOODS OR SERVICES; LOSS OF USE, DATA OR PROFITS; OR BUSINESS
    41                           ; INTERRUPTION) HOWSOEVER CAUSED AND ON ANY THEORY OF LIABILITY, WHETHER IN CONTRACT, ST
      +                          RICT
    42                           ; LIABILITY, OR TORT (INCLUDING NEGLIGENCE OR OTHERWISE) ARISING IN ANY WAY OUT OF THE U
      +                          SE OF
    43                           ; THIS SOFTWARE, EVEN IF ADVISED OF THE POSSIBILITY OF SUCH DAMAGE.
    44                           ; 
    45                           ; 
    46                           ; Code-generator required, PIC16F887 Definitions
    47                           ; 
    48                           ; SFR Addresses
    49  0000                     	;# 
    50  0001                     	;# 
    51  0002                     	;# 
    52  0003                     	;# 
    53  0004                     	;# 
    54  0005                     	;# 
    55  0006                     	;# 
    56  0007                     	;# 
    57  0008                     	;# 
    58  0009                     	;# 
    59  000A                     	;# 
    60  000B                     	;# 
    61  000C                     	;# 
    62  000D                     	;# 
    63  000E                     	;# 
    64  000E                     	;# 
    65  000F                     	;# 
    66  0010                     	;# 
    67  0011                     	;# 
    68  0012                     	;# 
    69  0013                     	;# 
    70  0014                     	;# 
    71  0015                     	;# 
    72  0015                     	;# 
    73  0016                     	;# 
    74  0017                     	;# 
    75  0018                     	;# 
    76  0019                     	;# 
    77  001A                     	;# 
    78  001B                     	;# 
    79  001B                     	;# 
    80  001C                     	;# 
    81  001D                     	;# 
    82  001E                     	;# 
    83  001F                     	;# 
    84  0081                     	;# 
    85  0085                     	;# 
    86  0086                     	;# 
    87  0087                     	;# 
    88  0088                     	;# 
    89  0089                     	;# 
    90  008C                     	;# 
    91  008D                     	;# 
    92  008E                     	;# 
    93  008F                     	;# 
    94  0090                     	;# 
    95  0091                     	;# 
    96  0092                     	;# 
    97  0093                     	;# 
    98  0093                     	;# 
    99  0093                     	;# 
   100  0094                     	;# 
   101  0095                     	;# 
   102  0096                     	;# 
   103  0097                     	;# 
   104  0098                     	;# 
   105  0099                     	;# 
   106  009A                     	;# 
   107  009B                     	;# 
   108  009C                     	;# 
   109  009D                     	;# 
   110  009E                     	;# 
   111  009F                     	;# 
   112  0105                     	;# 
   113  0107                     	;# 
   114  0108                     	;# 
   115  0109                     	;# 
   116  010C                     	;# 
   117  010C                     	;# 
   118  010D                     	;# 
   119  010E                     	;# 
   120  010F                     	;# 
   121  0185                     	;# 
   122  0187                     	;# 
   123  0188                     	;# 
   124  0189                     	;# 
   125  018C                     	;# 
   126  018D                     	;# 
   127  0000                     	;# 
   128  0001                     	;# 
   129  0002                     	;# 
   130  0003                     	;# 
   131  0004                     	;# 
   132  0005                     	;# 
   133  0006                     	;# 
   134  0007                     	;# 
   135  0008                     	;# 
   136  0009                     	;# 
   137  000A                     	;# 
   138  000B                     	;# 
   139  000C                     	;# 
   140  000D                     	;# 
   141  000E                     	;# 
   142  000E                     	;# 
   143  000F                     	;# 
   144  0010                     	;# 
   145  0011                     	;# 
   146  0012                     	;# 
   147  0013                     	;# 
   148  0014                     	;# 
   149  0015                     	;# 
   150  0015                     	;# 
   151  0016                     	;# 
   152  0017                     	;# 
   153  0018                     	;# 
   154  0019                     	;# 
   155  001A                     	;# 
   156  001B                     	;# 
   157  001B                     	;# 
   158  001C                     	;# 
   159  001D                     	;# 
   160  001E                     	;# 
   161  001F                     	;# 
   162  0081                     	;# 
   163  0085                     	;# 
   164  0086                     	;# 
   165  0087                     	;# 
   166  0088                     	;# 
   167  0089                     	;# 
   168  008C                     	;# 
   169  008D                     	;# 
   170  008E                     	;# 
   171  008F                     	;# 
   172  0090                     	;# 
   173  0091                     	;# 
   174  0092                     	;# 
   175  0093                     	;# 
   176  0093                     	;# 
   177  0093                     	;# 
   178  0094                     	;# 
   179  0095                     	;# 
   180  0096                     	;# 
   181  0097                     	;# 
   182  0098                     	;# 
   183  0099                     	;# 
   184  009A                     	;# 
   185  009B                     	;# 
   186  009C                     	;# 
   187  009D                     	;# 
   188  009E                     	;# 
   189  009F                     	;# 
   190  0105                     	;# 
   191  0107                     	;# 
   192  0108                     	;# 
   193  0109                     	;# 
   194  010C                     	;# 
   195  010C                     	;# 
   196  010D                     	;# 
   197  010E                     	;# 
   198  010F                     	;# 
   199  0185                     	;# 
   200  0187                     	;# 
   201  0188                     	;# 
   202  0189                     	;# 
   203  018C                     	;# 
   204  018D                     	;# 
   205  0000                     	;# 
   206  0001                     	;# 
   207  0002                     	;# 
   208  0003                     	;# 
   209  0004                     	;# 
   210  0005                     	;# 
   211  0006                     	;# 
   212  0007                     	;# 
   213  0008                     	;# 
   214  0009                     	;# 
   215  000A                     	;# 
   216  000B                     	;# 
   217  000C                     	;# 
   218  000D                     	;# 
   219  000E                     	;# 
   220  000E                     	;# 
   221  000F                     	;# 
   222  0010                     	;# 
   223  0011                     	;# 
   224  0012                     	;# 
   225  0013                     	;# 
   226  0014                     	;# 
   227  0015                     	;# 
   228  0015                     	;# 
   229  0016                     	;# 
   230  0017                     	;# 
   231  0018                     	;# 
   232  0019                     	;# 
   233  001A                     	;# 
   234  001B                     	;# 
   235  001B                     	;# 
   236  001C                     	;# 
   237  001D                     	;# 
   238  001E                     	;# 
   239  001F                     	;# 
   240  0081                     	;# 
   241  0085                     	;# 
   242  0086                     	;# 
   243  0087                     	;# 
   244  0088                     	;# 
   245  0089                     	;# 
   246  008C                     	;# 
   247  008D                     	;# 
   248  008E                     	;# 
   249  008F                     	;# 
   250  0090                     	;# 
   251  0091                     	;# 
   252  0092                     	;# 
   253  0093                     	;# 
   254  0093                     	;# 
   255  0093                     	;# 
   256  0094                     	;# 
   257  0095                     	;# 
   258  0096                     	;# 
   259  0097                     	;# 
   260  0098                     	;# 
   261  0099                     	;# 
   262  009A                     	;# 
   263  009B                     	;# 
   264  009C                     	;# 
   265  009D                     	;# 
   266  009E                     	;# 
   267  009F                     	;# 
   268  0105                     	;# 
   269  0107                     	;# 
   270  0108                     	;# 
   271  0109                     	;# 
   272  010C                     	;# 
   273  010C                     	;# 
   274  010D                     	;# 
   275  010E                     	;# 
   276  010F                     	;# 
   277  0185                     	;# 
   278  0187                     	;# 
   279  0188                     	;# 
   280  0189                     	;# 
   281  018C                     	;# 
   282  018D                     	;# 
   283  0014                     _SSPCON	set	20
   284  0006                     _PORTB	set	6
   285  0005                     _PORTA	set	5
   286  0008                     _PORTD	set	8
   287  0006                     _PORTBbits	set	6
   288  0013                     _SSPBUF	set	19
   289  0014                     _SSPCONbits	set	20
   290  000C                     _PIR1bits	set	12
   291  0063                     _SSPIF	set	99
   292  005E                     _PEIE	set	94
   293  005F                     _GIE	set	95
   294  0091                     _SSPCON2bits	set	145
   295  0087                     _TRISCbits	set	135
   296  0094                     _SSPSTAT	set	148
   297  0093                     _SSPADD	set	147
   298  0091                     _SSPCON2	set	145
   299  0095                     _WPUBbits	set	149
   300  0081                     _OPTION_REGbits	set	129
   301  0088                     _TRISD	set	136
   302  0086                     _TRISB	set	134
   303  0085                     _TRISA	set	133
   304  008F                     _OSCCONbits	set	143
   305  0094                     _SSPSTATbits	set	148
   306  0463                     _SSPIE	set	1123
   307  043C                     _TRISC4	set	1084
   308  043B                     _TRISC3	set	1083
   309  04A0                     _BF	set	1184
   310  0188                     _ANSEL	set	392
   311  0189                     _ANSELH	set	393
   312                           
   313                           	psect	cinit
   314  000F                     start_initialization:	
   315                           ; #config settings
   316                           
   317  000F                     __initialization:
   318                           
   319                           ; Clear objects allocated to COMMON
   320  000F  01F0               	clrf	__pbssCOMMON& (0+127)
   321  0010  01F1               	clrf	(__pbssCOMMON+1)& (0+127)
   322  0011  01F2               	clrf	(__pbssCOMMON+2)& (0+127)
   323  0012  01F3               	clrf	(__pbssCOMMON+3)& (0+127)
   324  0013                     end_of_initialization:	
   325                           ;End of C runtime variable initialization code
   326                           
   327  0013                     __end_of__initialization:
   328  0013  0183               	clrf	3
   329  0014  120A  118A  2916   	ljmp	_main	;jump to C main() function
   330                           
   331                           	psect	bssCOMMON
   332  0070                     __pbssCOMMON:
   333  0070                     _dummydata:
   334  0070                     	ds	1
   335  0071                     _M:
   336  0071                     	ds	1
   337  0072                     _motores:
   338  0072                     	ds	1
   339  0073                     _z:
   340  0073                     	ds	1
   341                           
   342                           	psect	cstackCOMMON
   343  0074                     __pcstackCOMMON:
   344  0074                     ?_setup:
   345  0074                     ?_I2C_Slave_Init:	
   346                           ; 1 bytes @ 0x0
   347                           
   348  0074                     ?_isr:	
   349                           ; 1 bytes @ 0x0
   350                           
   351  0074                     ??_isr:	
   352                           ; 1 bytes @ 0x0
   353                           
   354  0074                     ?_main:	
   355                           ; 1 bytes @ 0x0
   356                           
   357                           
   358                           ; 1 bytes @ 0x0
   359  0074                     	ds	3
   360  0077                     ??_I2C_Slave_Init:
   361  0077                     I2C_Slave_Init@address:	
   362                           ; 1 bytes @ 0x3
   363                           
   364                           
   365                           ; 1 bytes @ 0x3
   366  0077                     	ds	1
   367  0078                     ??_setup:
   368  0078                     ??_main:	
   369                           ; 1 bytes @ 0x4
   370                           
   371                           
   372                           	psect	maintext
   373  0116                     __pmaintext:	
   374                           ; 1 bytes @ 0x4
   375 ;;
   376 ;;Main: autosize = 0, tempsize = 0, incstack = 0, save=0
   377 ;;
   378 ;; *************** function _main *****************
   379 ;; Defined at:
   380 ;;		line 113 in file "proyecto1slave1.c"
   381 ;; Parameters:    Size  Location     Type
   382 ;;		None
   383 ;; Auto vars:     Size  Location     Type
   384 ;;		None
   385 ;; Return value:  Size  Location     Type
   386 ;;                  1    wreg      void 
   387 ;; Registers used:
   388 ;;		wreg, status,2, status,0, pclath, cstack
   389 ;; Tracked objects:
   390 ;;		On entry : B00/0
   391 ;;		On exit  : 0/0
   392 ;;		Unchanged: 0/0
   393 ;; Data sizes:     COMMON   BANK0   BANK1   BANK3   BANK2
   394 ;;      Params:         0       0       0       0       0
   395 ;;      Locals:         0       0       0       0       0
   396 ;;      Temps:          0       0       0       0       0
   397 ;;      Totals:         0       0       0       0       0
   398 ;;Total ram usage:        0 bytes
   399 ;; Hardware stack levels required when called:    3
   400 ;; This function calls:
   401 ;;		_setup
   402 ;; This function is called by:
   403 ;;		Startup code after reset
   404 ;; This function uses a non-reentrant model
   405 ;;
   406                           
   407                           
   408                           ;psect for function _main
   409  0116                     _main:
   410  0116                     l860:	
   411                           ;incstack = 0
   412                           ; Regs used in _main: [wreg+status,2+status,0+pclath+cstack]
   413                           
   414                           
   415                           ;proyecto1slave1.c: 114:     setup();
   416  0116  120A  118A  20DE  120A  118A  	fcall	_setup
   417  011B                     l87:	
   418                           ;proyecto1slave1.c: 118:     while(1){}
   419                           
   420  011B                     l88:
   421  011B  291B               	goto	l87
   422  011C  120A  118A  280C   	ljmp	start
   423  011F                     __end_of_main:
   424                           
   425                           	psect	text1
   426  00DE                     __ptext1:	
   427 ;; *************** function _setup *****************
   428 ;; Defined at:
   429 ;;		line 123 in file "proyecto1slave1.c"
   430 ;; Parameters:    Size  Location     Type
   431 ;;		None
   432 ;; Auto vars:     Size  Location     Type
   433 ;;		None
   434 ;; Return value:  Size  Location     Type
   435 ;;                  1    wreg      void 
   436 ;; Registers used:
   437 ;;		wreg, status,2, status,0, pclath, cstack
   438 ;; Tracked objects:
   439 ;;		On entry : 0/0
   440 ;;		On exit  : 0/0
   441 ;;		Unchanged: 0/0
   442 ;; Data sizes:     COMMON   BANK0   BANK1   BANK3   BANK2
   443 ;;      Params:         0       0       0       0       0
   444 ;;      Locals:         0       0       0       0       0
   445 ;;      Temps:          0       0       0       0       0
   446 ;;      Totals:         0       0       0       0       0
   447 ;;Total ram usage:        0 bytes
   448 ;; Hardware stack levels used:    1
   449 ;; Hardware stack levels required when called:    2
   450 ;; This function calls:
   451 ;;		_I2C_Slave_Init
   452 ;; This function is called by:
   453 ;;		_main
   454 ;; This function uses a non-reentrant model
   455 ;;
   456                           
   457                           
   458                           ;psect for function _setup
   459  00DE                     _setup:
   460  00DE                     l754:	
   461                           ;incstack = 0
   462                           ; Regs used in _setup: [wreg+status,2+status,0+pclath+cstack]
   463                           
   464                           
   465                           ;proyecto1slave1.c: 127:     OSCCONbits.IRCF = 7;
   466  00DE  3070               	movlw	112
   467  00DF  1683               	bsf	3,5	;RP0=1, select bank1
   468  00E0  1303               	bcf	3,6	;RP1=0, select bank1
   469  00E1  048F               	iorwf	15,f	;volatile
   470  00E2                     l756:
   471                           
   472                           ;proyecto1slave1.c: 128:     OSCCONbits.SCS = 1;
   473  00E2  140F               	bsf	15,0	;volatile
   474  00E3                     l758:
   475                           
   476                           ;proyecto1slave1.c: 130:     ANSELH = 0;
   477  00E3  1683               	bsf	3,5	;RP0=1, select bank3
   478  00E4  1703               	bsf	3,6	;RP1=1, select bank3
   479  00E5  0189               	clrf	9	;volatile
   480  00E6                     l760:
   481                           
   482                           ;proyecto1slave1.c: 131:     ANSEL = 0;
   483  00E6  0188               	clrf	8	;volatile
   484  00E7                     l762:
   485                           
   486                           ;proyecto1slave1.c: 132:     TRISA = 0;
   487  00E7  1683               	bsf	3,5	;RP0=1, select bank1
   488  00E8  1303               	bcf	3,6	;RP1=0, select bank1
   489  00E9  0185               	clrf	5	;volatile
   490  00EA                     l764:
   491                           
   492                           ;proyecto1slave1.c: 133:     TRISB = 15;
   493  00EA  300F               	movlw	15
   494  00EB  0086               	movwf	6	;volatile
   495  00EC                     l766:
   496                           
   497                           ;proyecto1slave1.c: 134:     TRISD = 0;
   498  00EC  0188               	clrf	8	;volatile
   499  00ED                     l768:
   500                           
   501                           ;proyecto1slave1.c: 135:     OPTION_REGbits.nRBPU = 0;
   502  00ED  1381               	bcf	1,7	;volatile
   503  00EE                     l770:
   504                           
   505                           ;proyecto1slave1.c: 136:     WPUBbits.WPUB0 = 1;
   506  00EE  1415               	bsf	21,0	;volatile
   507  00EF                     l772:
   508                           
   509                           ;proyecto1slave1.c: 137:     WPUBbits.WPUB1 = 1;
   510  00EF  1495               	bsf	21,1	;volatile
   511  00F0                     l774:
   512                           
   513                           ;proyecto1slave1.c: 138:     PORTA = 0;
   514  00F0  1283               	bcf	3,5	;RP0=0, select bank0
   515  00F1  1303               	bcf	3,6	;RP1=0, select bank0
   516  00F2  0185               	clrf	5	;volatile
   517  00F3                     l776:
   518                           
   519                           ;proyecto1slave1.c: 139:     PORTB = 0;
   520  00F3  0186               	clrf	6	;volatile
   521  00F4                     l778:
   522                           
   523                           ;proyecto1slave1.c: 140:     PORTD = 0;
   524  00F4  0188               	clrf	8	;volatile
   525  00F5                     l780:
   526                           
   527                           ;proyecto1slave1.c: 141:     I2C_Slave_Init(0x60);
   528  00F5  3060               	movlw	96
   529  00F6  120A  118A  20FC  120A  118A  	fcall	_I2C_Slave_Init
   530  00FB                     l93:
   531  00FB  0008               	return
   532  00FC                     __end_of_setup:
   533                           
   534                           	psect	text2
   535  00FC                     __ptext2:	
   536 ;; *************** function _I2C_Slave_Init *****************
   537 ;; Defined at:
   538 ;;		line 93 in file "I2C.c"
   539 ;; Parameters:    Size  Location     Type
   540 ;;  address         1    wreg     unsigned char 
   541 ;; Auto vars:     Size  Location     Type
   542 ;;  address         1    3[COMMON] unsigned char 
   543 ;; Return value:  Size  Location     Type
   544 ;;                  1    wreg      void 
   545 ;; Registers used:
   546 ;;		wreg
   547 ;; Tracked objects:
   548 ;;		On entry : 0/0
   549 ;;		On exit  : 0/0
   550 ;;		Unchanged: 0/0
   551 ;; Data sizes:     COMMON   BANK0   BANK1   BANK3   BANK2
   552 ;;      Params:         0       0       0       0       0
   553 ;;      Locals:         1       0       0       0       0
   554 ;;      Temps:          0       0       0       0       0
   555 ;;      Totals:         1       0       0       0       0
   556 ;;Total ram usage:        1 bytes
   557 ;; Hardware stack levels used:    1
   558 ;; Hardware stack levels required when called:    1
   559 ;; This function calls:
   560 ;;		Nothing
   561 ;; This function is called by:
   562 ;;		_setup
   563 ;; This function uses a non-reentrant model
   564 ;;
   565                           
   566                           
   567                           ;psect for function _I2C_Slave_Init
   568  00FC                     _I2C_Slave_Init:
   569                           
   570                           ;incstack = 0
   571                           ; Regs used in _I2C_Slave_Init: [wreg]
   572                           ;I2C_Slave_Init@address stored from wreg
   573  00FC  00F7               	movwf	I2C_Slave_Init@address
   574  00FD                     l740:
   575                           
   576                           ;I2C.c: 93: void I2C_Slave_Init(uint8_t address);I2C.c: 94: {;I2C.c: 95:     SSPADD = ad
      +                          dress;
   577  00FD  0877               	movf	I2C_Slave_Init@address,w
   578  00FE  1683               	bsf	3,5	;RP0=1, select bank1
   579  00FF  1303               	bcf	3,6	;RP1=0, select bank1
   580  0100  0093               	movwf	19	;volatile
   581                           
   582                           ;I2C.c: 96:     SSPCON = 0x36;
   583  0101  3036               	movlw	54
   584  0102  1283               	bcf	3,5	;RP0=0, select bank0
   585  0103  1303               	bcf	3,6	;RP1=0, select bank0
   586  0104  0094               	movwf	20	;volatile
   587                           
   588                           ;I2C.c: 97:     SSPSTAT = 0x80;
   589  0105  3080               	movlw	128
   590  0106  1683               	bsf	3,5	;RP0=1, select bank1
   591  0107  1303               	bcf	3,6	;RP1=0, select bank1
   592  0108  0094               	movwf	20	;volatile
   593                           
   594                           ;I2C.c: 98:     SSPCON2 = 0x01;
   595  0109  3001               	movlw	1
   596  010A  0091               	movwf	17	;volatile
   597  010B                     l742:
   598                           
   599                           ;I2C.c: 99:     TRISC3 = 1;
   600  010B  1587               	bsf	7,3	;volatile
   601  010C                     l744:
   602                           
   603                           ;I2C.c: 100:     TRISC4 = 1;
   604  010C  1607               	bsf	7,4	;volatile
   605  010D                     l746:
   606                           
   607                           ;I2C.c: 101:     GIE = 1;
   608  010D  178B               	bsf	11,7	;volatile
   609  010E                     l748:
   610                           
   611                           ;I2C.c: 102:     PEIE = 1;
   612  010E  170B               	bsf	11,6	;volatile
   613  010F                     l750:
   614                           
   615                           ;I2C.c: 103:     SSPIF = 0;
   616  010F  1283               	bcf	3,5	;RP0=0, select bank0
   617  0110  1303               	bcf	3,6	;RP1=0, select bank0
   618  0111  118C               	bcf	12,3	;volatile
   619  0112                     l752:
   620                           
   621                           ;I2C.c: 104:     SSPIE = 1;
   622  0112  1683               	bsf	3,5	;RP0=1, select bank1
   623  0113  1303               	bcf	3,6	;RP1=0, select bank1
   624  0114  158C               	bsf	12,3	;volatile
   625  0115                     l148:
   626  0115  0008               	return
   627  0116                     __end_of_I2C_Slave_Init:
   628                           
   629                           	psect	text3
   630  0017                     __ptext3:	
   631 ;; *************** function _isr *****************
   632 ;; Defined at:
   633 ;;		line 48 in file "proyecto1slave1.c"
   634 ;; Parameters:    Size  Location     Type
   635 ;;		None
   636 ;; Auto vars:     Size  Location     Type
   637 ;;		None
   638 ;; Return value:  Size  Location     Type
   639 ;;                  1    wreg      void 
   640 ;; Registers used:
   641 ;;		wreg, status,2, status,0
   642 ;; Tracked objects:
   643 ;;		On entry : 0/0
   644 ;;		On exit  : 0/0
   645 ;;		Unchanged: 0/0
   646 ;; Data sizes:     COMMON   BANK0   BANK1   BANK3   BANK2
   647 ;;      Params:         0       0       0       0       0
   648 ;;      Locals:         0       0       0       0       0
   649 ;;      Temps:          3       0       0       0       0
   650 ;;      Totals:         3       0       0       0       0
   651 ;;Total ram usage:        3 bytes
   652 ;; Hardware stack levels used:    1
   653 ;; This function calls:
   654 ;;		Nothing
   655 ;; This function is called by:
   656 ;;		Interrupt level 1
   657 ;; This function uses a non-reentrant model
   658 ;;
   659                           
   660                           
   661                           ;psect for function _isr
   662  0017                     _isr:
   663  0017                     i1l786:
   664                           
   665                           ;proyecto1slave1.c: 49:    if(PIR1bits.SSPIF == 1){
   666  0017  1283               	bcf	3,5	;RP0=0, select bank0
   667  0018  1303               	bcf	3,6	;RP1=0, select bank0
   668  0019  1D8C               	btfss	12,3	;volatile
   669  001A  281C               	goto	u3_21
   670  001B  281D               	goto	u3_20
   671  001C                     u3_21:
   672  001C  28D7               	goto	i1l82
   673  001D                     u3_20:
   674  001D                     i1l788:
   675                           
   676                           ;proyecto1slave1.c: 51:         SSPCONbits.CKP = 0;
   677  001D  1214               	bcf	20,4	;volatile
   678                           
   679                           ;proyecto1slave1.c: 53:         if ((SSPCONbits.SSPOV) || (SSPCONbits.WCOL)){
   680  001E  1B14               	btfsc	20,6	;volatile
   681  001F  2821               	goto	u4_21
   682  0020  2822               	goto	u4_20
   683  0021                     u4_21:
   684  0021  2826               	goto	i1l792
   685  0022                     u4_20:
   686  0022                     i1l790:
   687  0022  1F94               	btfss	20,7	;volatile
   688  0023  2825               	goto	u5_21
   689  0024  2826               	goto	u5_20
   690  0025                     u5_21:
   691  0025  282D               	goto	i1l800
   692  0026                     u5_20:
   693  0026                     i1l792:
   694                           
   695                           ;proyecto1slave1.c: 54:             z = SSPBUF;
   696  0026  0813               	movf	19,w	;volatile
   697  0027  00F4               	movwf	??_isr
   698  0028  0874               	movf	??_isr,w
   699  0029  00F3               	movwf	_z
   700  002A                     i1l794:
   701                           
   702                           ;proyecto1slave1.c: 55:             SSPCONbits.SSPOV = 0;
   703  002A  1314               	bcf	20,6	;volatile
   704  002B                     i1l796:
   705                           
   706                           ;proyecto1slave1.c: 56:             SSPCONbits.WCOL = 0;
   707  002B  1394               	bcf	20,7	;volatile
   708  002C                     i1l798:
   709                           
   710                           ;proyecto1slave1.c: 57:             SSPCONbits.CKP = 1;
   711  002C  1614               	bsf	20,4	;volatile
   712  002D                     i1l800:
   713                           
   714                           ;proyecto1slave1.c: 60:         if(!SSPSTATbits.D_nA && !SSPSTATbits.R_nW) {
   715  002D  1683               	bsf	3,5	;RP0=1, select bank1
   716  002E  1303               	bcf	3,6	;RP1=0, select bank1
   717  002F  1A94               	btfsc	20,5	;volatile
   718  0030  2832               	goto	u6_21
   719  0031  2833               	goto	u6_20
   720  0032                     u6_21:
   721  0032  2851               	goto	i1l57
   722  0033                     u6_20:
   723  0033                     i1l802:
   724  0033  1914               	btfsc	20,2	;volatile
   725  0034  2836               	goto	u7_21
   726  0035  2837               	goto	u7_20
   727  0036                     u7_21:
   728  0036  2851               	goto	i1l57
   729  0037                     u7_20:
   730  0037                     i1l804:
   731                           
   732                           ;proyecto1slave1.c: 62:             z = SSPBUF;
   733  0037  1283               	bcf	3,5	;RP0=0, select bank0
   734  0038  1303               	bcf	3,6	;RP1=0, select bank0
   735  0039  0813               	movf	19,w	;volatile
   736  003A  00F4               	movwf	??_isr
   737  003B  0874               	movf	??_isr,w
   738  003C  00F3               	movwf	_z
   739  003D                     i1l806:
   740                           
   741                           ;proyecto1slave1.c: 64:             PIR1bits.SSPIF = 0;
   742  003D  118C               	bcf	12,3	;volatile
   743  003E                     i1l808:
   744                           
   745                           ;proyecto1slave1.c: 65:             SSPCONbits.CKP = 1;
   746  003E  1614               	bsf	20,4	;volatile
   747  003F                     i1l58:	
   748                           ;proyecto1slave1.c: 66:             while(!SSPSTATbits.BF);
   749                           
   750  003F  1683               	bsf	3,5	;RP0=1, select bank1
   751  0040  1303               	bcf	3,6	;RP1=0, select bank1
   752  0041  1C14               	btfss	20,0	;volatile
   753  0042  2844               	goto	u8_21
   754  0043  2845               	goto	u8_20
   755  0044                     u8_21:
   756  0044  283F               	goto	i1l58
   757  0045                     u8_20:
   758  0045                     i1l810:
   759                           
   760                           ;proyecto1slave1.c: 67:             M = SSPBUF;
   761  0045  1283               	bcf	3,5	;RP0=0, select bank0
   762  0046  1303               	bcf	3,6	;RP1=0, select bank0
   763  0047  0813               	movf	19,w	;volatile
   764  0048  00F4               	movwf	??_isr
   765  0049  0874               	movf	??_isr,w
   766  004A  00F1               	movwf	_M
   767                           
   768                           ;proyecto1slave1.c: 68:             _delay((unsigned long)((250)*(8000000/4000000.0)));
   769  004B  30A6               	movlw	166
   770  004C  00F4               	movwf	??_isr
   771  004D                     u32_27:
   772  004D  0BF4               	decfsz	??_isr,f
   773  004E  284D               	goto	u32_27
   774  004F  0000               	nop
   775                           
   776                           ;proyecto1slave1.c: 70:         }else if(!SSPSTATbits.D_nA && SSPSTATbits.R_nW){
   777  0050  28D4               	goto	i1l61
   778  0051                     i1l57:
   779  0051  1A94               	btfsc	20,5	;volatile
   780  0052  2854               	goto	u9_21
   781  0053  2855               	goto	u9_20
   782  0054                     u9_21:
   783  0054  28D4               	goto	i1l61
   784  0055                     u9_20:
   785  0055                     i1l812:
   786  0055  1D14               	btfss	20,2	;volatile
   787  0056  2858               	goto	u10_21
   788  0057  2859               	goto	u10_20
   789  0058                     u10_21:
   790  0058  28D4               	goto	i1l61
   791  0059                     u10_20:
   792  0059                     i1l814:
   793                           
   794                           ;proyecto1slave1.c: 71:             z = SSPBUF;
   795  0059  1283               	bcf	3,5	;RP0=0, select bank0
   796  005A  1303               	bcf	3,6	;RP1=0, select bank0
   797  005B  0813               	movf	19,w	;volatile
   798  005C  00F4               	movwf	??_isr
   799  005D  0874               	movf	??_isr,w
   800  005E  00F3               	movwf	_z
   801  005F                     i1l816:
   802                           
   803                           ;proyecto1slave1.c: 72:             BF = 0;
   804  005F  1683               	bsf	3,5	;RP0=1, select bank1
   805  0060  1303               	bcf	3,6	;RP1=0, select bank1
   806  0061  1014               	bcf	20,0	;volatile
   807  0062                     i1l818:
   808                           
   809                           ;proyecto1slave1.c: 73:             if (M == 0){
   810  0062  0871               	movf	_M,w
   811  0063  1D03               	btfss	3,2
   812  0064  2866               	goto	u11_21
   813  0065  2867               	goto	u11_20
   814  0066                     u11_21:
   815  0066  2894               	goto	i1l838
   816  0067                     u11_20:
   817  0067                     i1l820:
   818                           
   819                           ;proyecto1slave1.c: 74:                 if (PORTBbits.RB0 == 1 && PORTBbits.RB1 == 1){
   820  0067  1283               	bcf	3,5	;RP0=0, select bank0
   821  0068  1303               	bcf	3,6	;RP1=0, select bank0
   822  0069  1C06               	btfss	6,0	;volatile
   823  006A  286C               	goto	u12_21
   824  006B  286D               	goto	u12_20
   825  006C                     u12_21:
   826  006C  2873               	goto	i1l64
   827  006D                     u12_20:
   828  006D                     i1l822:
   829  006D  1C86               	btfss	6,1	;volatile
   830  006E  2870               	goto	u13_21
   831  006F  2871               	goto	u13_20
   832  0070                     u13_21:
   833  0070  2873               	goto	i1l64
   834  0071                     u13_20:
   835  0071                     i1l824:
   836                           
   837                           ;proyecto1slave1.c: 75:                 PORTD = 0;
   838  0071  0188               	clrf	8	;volatile
   839                           
   840                           ;proyecto1slave1.c: 76:                 }
   841  0072  2894               	goto	i1l838
   842  0073                     i1l64:	
   843                           ;proyecto1slave1.c: 77:                 else if (PORTBbits.RB0 == 0 && PORTBbits.RB1 == 
      +                          0){
   844                           
   845  0073  1806               	btfsc	6,0	;volatile
   846  0074  2876               	goto	u14_21
   847  0075  2877               	goto	u14_20
   848  0076                     u14_21:
   849  0076  287E               	goto	i1l66
   850  0077                     u14_20:
   851  0077                     i1l826:
   852  0077  1886               	btfsc	6,1	;volatile
   853  0078  287A               	goto	u15_21
   854  0079  287B               	goto	u15_20
   855  007A                     u15_21:
   856  007A  287E               	goto	i1l66
   857  007B                     u15_20:
   858  007B                     i1l828:
   859                           
   860                           ;proyecto1slave1.c: 78:                     PORTD = 0b00101101;
   861  007B  302D               	movlw	45
   862  007C  0088               	movwf	8	;volatile
   863                           
   864                           ;proyecto1slave1.c: 79:                 }
   865  007D  2894               	goto	i1l838
   866  007E                     i1l66:	
   867                           ;proyecto1slave1.c: 80:                 else if (PORTBbits.RB0 == 1 && PORTBbits.RB1 == 
      +                          0){
   868                           
   869  007E  1C06               	btfss	6,0	;volatile
   870  007F  2881               	goto	u16_21
   871  0080  2882               	goto	u16_20
   872  0081                     u16_21:
   873  0081  2889               	goto	i1l68
   874  0082                     u16_20:
   875  0082                     i1l830:
   876  0082  1886               	btfsc	6,1	;volatile
   877  0083  2885               	goto	u17_21
   878  0084  2886               	goto	u17_20
   879  0085                     u17_21:
   880  0085  2889               	goto	i1l68
   881  0086                     u17_20:
   882  0086                     i1l832:
   883                           
   884                           ;proyecto1slave1.c: 81:                     PORTD = 0b00000101;
   885  0086  3005               	movlw	5
   886  0087  0088               	movwf	8	;volatile
   887                           
   888                           ;proyecto1slave1.c: 82:                 }
   889  0088  2894               	goto	i1l838
   890  0089                     i1l68:	
   891                           ;proyecto1slave1.c: 83:                 else if (PORTBbits.RB0 == 0 && PORTBbits.RB1 == 
      +                          1){
   892                           
   893  0089  1806               	btfsc	6,0	;volatile
   894  008A  288C               	goto	u18_21
   895  008B  288D               	goto	u18_20
   896  008C                     u18_21:
   897  008C  2894               	goto	i1l65
   898  008D                     u18_20:
   899  008D                     i1l834:
   900  008D  1C86               	btfss	6,1	;volatile
   901  008E  2890               	goto	u19_21
   902  008F  2891               	goto	u19_20
   903  0090                     u19_21:
   904  0090  2894               	goto	i1l65
   905  0091                     u19_20:
   906  0091                     i1l836:
   907                           
   908                           ;proyecto1slave1.c: 84:                     PORTD = 0b00101000;
   909  0091  3028               	movlw	40
   910  0092  0088               	movwf	8	;volatile
   911  0093  2894               	goto	i1l838
   912  0094                     i1l65:
   913  0094                     i1l838:
   914                           
   915                           ;proyecto1slave1.c: 87:             if (M == 1){
   916  0094  0371               	decf	_M,w
   917  0095  1D03               	btfss	3,2
   918  0096  2898               	goto	u20_21
   919  0097  2899               	goto	u20_20
   920  0098                     u20_21:
   921  0098  28C5               	goto	i1l71
   922  0099                     u20_20:
   923  0099                     i1l840:
   924                           
   925                           ;proyecto1slave1.c: 88:                 if (PORTBbits.RB2 == 1 && PORTBbits.RB3 == 1){
   926  0099  1283               	bcf	3,5	;RP0=0, select bank0
   927  009A  1D06               	btfss	6,2	;volatile
   928  009B  289D               	goto	u21_21
   929  009C  289E               	goto	u21_20
   930  009D                     u21_21:
   931  009D  28A4               	goto	i1l72
   932  009E                     u21_20:
   933  009E                     i1l842:
   934  009E  1D86               	btfss	6,3	;volatile
   935  009F  28A1               	goto	u22_21
   936  00A0  28A2               	goto	u22_20
   937  00A1                     u22_21:
   938  00A1  28A4               	goto	i1l72
   939  00A2                     u22_20:
   940  00A2                     i1l844:
   941                           
   942                           ;proyecto1slave1.c: 89:                 PORTD = 0;
   943  00A2  0188               	clrf	8	;volatile
   944                           
   945                           ;proyecto1slave1.c: 90:                 }
   946  00A3  28C5               	goto	i1l71
   947  00A4                     i1l72:	
   948                           ;proyecto1slave1.c: 91:                 else if (PORTBbits.RB2 == 0 && PORTBbits.RB3 == 
      +                          0){
   949                           
   950  00A4  1906               	btfsc	6,2	;volatile
   951  00A5  28A7               	goto	u23_21
   952  00A6  28A8               	goto	u23_20
   953  00A7                     u23_21:
   954  00A7  28AF               	goto	i1l74
   955  00A8                     u23_20:
   956  00A8                     i1l846:
   957  00A8  1986               	btfsc	6,3	;volatile
   958  00A9  28AB               	goto	u24_21
   959  00AA  28AC               	goto	u24_20
   960  00AB                     u24_21:
   961  00AB  28AF               	goto	i1l74
   962  00AC                     u24_20:
   963  00AC                     i1l848:
   964                           
   965                           ;proyecto1slave1.c: 92:                     PORTD = 0b00101101;
   966  00AC  302D               	movlw	45
   967  00AD  0088               	movwf	8	;volatile
   968                           
   969                           ;proyecto1slave1.c: 93:                 }
   970  00AE  28C5               	goto	i1l71
   971  00AF                     i1l74:	
   972                           ;proyecto1slave1.c: 94:                 else if (PORTBbits.RB2 == 1 && PORTBbits.RB3 == 
      +                          0){
   973                           
   974  00AF  1D06               	btfss	6,2	;volatile
   975  00B0  28B2               	goto	u25_21
   976  00B1  28B3               	goto	u25_20
   977  00B2                     u25_21:
   978  00B2  28BA               	goto	i1l76
   979  00B3                     u25_20:
   980  00B3                     i1l850:
   981  00B3  1986               	btfsc	6,3	;volatile
   982  00B4  28B6               	goto	u26_21
   983  00B5  28B7               	goto	u26_20
   984  00B6                     u26_21:
   985  00B6  28BA               	goto	i1l76
   986  00B7                     u26_20:
   987  00B7                     i1l852:
   988                           
   989                           ;proyecto1slave1.c: 95:                     PORTD = 0b00000101;
   990  00B7  3005               	movlw	5
   991  00B8  0088               	movwf	8	;volatile
   992                           
   993                           ;proyecto1slave1.c: 96:                 }
   994  00B9  28C5               	goto	i1l71
   995  00BA                     i1l76:	
   996                           ;proyecto1slave1.c: 97:                 else if (PORTBbits.RB2 == 0 && PORTBbits.RB3 == 
      +                          1){
   997                           
   998  00BA  1906               	btfsc	6,2	;volatile
   999  00BB  28BD               	goto	u27_21
  1000  00BC  28BE               	goto	u27_20
  1001  00BD                     u27_21:
  1002  00BD  28C5               	goto	i1l75
  1003  00BE                     u27_20:
  1004  00BE                     i1l854:
  1005  00BE  1D86               	btfss	6,3	;volatile
  1006  00BF  28C1               	goto	u28_21
  1007  00C0  28C2               	goto	u28_20
  1008  00C1                     u28_21:
  1009  00C1  28C5               	goto	i1l75
  1010  00C2                     u28_20:
  1011  00C2                     i1l856:
  1012                           
  1013                           ;proyecto1slave1.c: 98:                     PORTD = 0b00101000;
  1014  00C2  3028               	movlw	40
  1015  00C3  0088               	movwf	8	;volatile
  1016  00C4  28C5               	goto	i1l71
  1017  00C5                     i1l75:
  1018  00C5                     i1l71:	
  1019                           ;proyecto1slave1.c: 100:             }
  1020                           
  1021                           
  1022                           ;proyecto1slave1.c: 101:             SSPBUF = PORTD;
  1023  00C5  1283               	bcf	3,5	;RP0=0, select bank0
  1024  00C6  0808               	movf	8,w	;volatile
  1025  00C7  0093               	movwf	19	;volatile
  1026  00C8                     i1l858:
  1027                           
  1028                           ;proyecto1slave1.c: 102:             SSPCONbits.CKP = 1;
  1029  00C8  1614               	bsf	20,4	;volatile
  1030                           
  1031                           ;proyecto1slave1.c: 103:             _delay((unsigned long)((250)*(8000000/4000000.0)));
  1032  00C9  30A6               	movlw	166
  1033  00CA  00F4               	movwf	??_isr
  1034  00CB                     u33_27:
  1035  00CB  0BF4               	decfsz	??_isr,f
  1036  00CC  28CB               	goto	u33_27
  1037  00CD  0000               	nop
  1038  00CE                     i1l79:	
  1039                           ;proyecto1slave1.c: 104:             while(SSPSTATbits.BF);
  1040                           
  1041  00CE  1683               	bsf	3,5	;RP0=1, select bank1
  1042  00CF  1303               	bcf	3,6	;RP1=0, select bank1
  1043  00D0  1814               	btfsc	20,0	;volatile
  1044  00D1  28D3               	goto	u29_21
  1045  00D2  28D4               	goto	u29_20
  1046  00D3                     u29_21:
  1047  00D3  28CE               	goto	i1l79
  1048  00D4                     u29_20:
  1049  00D4                     i1l61:
  1050                           
  1051                           ;proyecto1slave1.c: 107:         PIR1bits.SSPIF = 0;
  1052  00D4  1283               	bcf	3,5	;RP0=0, select bank0
  1053  00D5  1303               	bcf	3,6	;RP1=0, select bank0
  1054  00D6  118C               	bcf	12,3	;volatile
  1055  00D7                     i1l82:
  1056  00D7  0876               	movf	??_isr+2,w
  1057  00D8  008A               	movwf	10
  1058  00D9  0E75               	swapf	??_isr+1,w
  1059  00DA  0083               	movwf	3
  1060  00DB  0EFE               	swapf	btemp,f
  1061  00DC  0E7E               	swapf	btemp,w
  1062  00DD  0009               	retfie
  1063  00DE                     __end_of_isr:
  1064  007E                     btemp	set	126	;btemp
  1065  007E                     wtemp0	set	126
  1066                           
  1067                           	psect	intentry
  1068  0004                     __pintentry:	
  1069                           ;incstack = 0
  1070                           ; Regs used in _isr: [wreg+status,2+status,0]
  1071                           
  1072  0004                     interrupt_function:
  1073  007E                     saved_w	set	btemp
  1074  0004  00FE               	movwf	btemp
  1075  0005  0E03               	swapf	3,w
  1076  0006  00F5               	movwf	??_isr+1
  1077  0007  080A               	movf	10,w
  1078  0008  00F6               	movwf	??_isr+2
  1079  0009  120A  118A  2817   	ljmp	_isr
  1080                           
  1081                           	psect	config
  1082                           
  1083                           ;Config register CONFIG1 @ 0x2007
  1084                           ;	Oscillator Selection bits
  1085                           ;	FOSC = INTRC_NOCLKOUT, INTOSCIO oscillator: I/O function on RA6/OSC2/CLKOUT pin, I/O f
      +                          unction on RA7/OSC1/CLKIN
  1086                           ;	Watchdog Timer Enable bit
  1087                           ;	WDTE = OFF, WDT disabled and can be enabled by SWDTEN bit of the WDTCON register
  1088                           ;	Power-up Timer Enable bit
  1089                           ;	PWRTE = OFF, PWRT disabled
  1090                           ;	RE3/MCLR pin function select bit
  1091                           ;	MCLRE = OFF, RE3/MCLR pin function is digital input, MCLR internally tied to VDD
  1092                           ;	Code Protection bit
  1093                           ;	CP = OFF, Program memory code protection is disabled
  1094                           ;	Data Code Protection bit
  1095                           ;	CPD = OFF, Data memory code protection is disabled
  1096                           ;	Brown Out Reset Selection bits
  1097                           ;	BOREN = OFF, BOR disabled
  1098                           ;	Internal External Switchover bit
  1099                           ;	IESO = OFF, Internal/External Switchover mode is disabled
  1100                           ;	Fail-Safe Clock Monitor Enabled bit
  1101                           ;	FCMEN = OFF, Fail-Safe Clock Monitor is disabled
  1102                           ;	Low Voltage Programming Enable bit
  1103                           ;	LVP = OFF, RB3 pin has digital I/O, HV on MCLR must be used for programming
  1104                           ;	In-Circuit Debugger Mode bit
  1105                           ;	DEBUG = 0x1, unprogrammed default
  1106  2007                     	org	8199
  1107  2007  20D4               	dw	8404
  1108                           
  1109                           ;Config register CONFIG2 @ 0x2008
  1110                           ;	Brown-out Reset Selection bit
  1111                           ;	BOR4V = BOR40V, Brown-out Reset set to 4.0V
  1112                           ;	Flash Program Memory Self Write Enable bits
  1113                           ;	WRT = OFF, Write protection off
  1114  2008                     	org	8200
  1115  2008  3FFF               	dw	16383

Data Sizes:
    Strings     0
    Constant    0
    Data        0
    BSS         4
    Persistent  0
    Stack       0

Auto Spaces:
    Space          Size  Autos    Used
    COMMON           14      4       8
    BANK0            80      0       0
    BANK1            80      0       0
    BANK3            96      0       0
    BANK2            96      0       0

Pointer List with Targets:

    None.

Critical Paths under _main in COMMON

    _setup->_I2C_Slave_Init

Critical Paths under _isr in COMMON

    None.

Critical Paths under _main in BANK0

    None.

Critical Paths under _isr in BANK0

    None.

Critical Paths under _main in BANK1

    None.

Critical Paths under _isr in BANK1

    None.

Critical Paths under _main in BANK3

    None.

Critical Paths under _isr in BANK3

    None.

Critical Paths under _main in BANK2

    None.

Critical Paths under _isr in BANK2

    None.

Call Graph Tables:

 ---------------------------------------------------------------------------------
 (Depth) Function   	        Calls       Base Space   Used Autos Params    Refs
 ---------------------------------------------------------------------------------
 (0) _main                                                 0     0      0      15
                              _setup
 ---------------------------------------------------------------------------------
 (1) _setup                                                0     0      0      15
                     _I2C_Slave_Init
 ---------------------------------------------------------------------------------
 (2) _I2C_Slave_Init                                       1     1      0      15
                                              3 COMMON     1     1      0
 ---------------------------------------------------------------------------------
 Estimated maximum stack depth 2
 ---------------------------------------------------------------------------------
 (Depth) Function   	        Calls       Base Space   Used Autos Params    Refs
 ---------------------------------------------------------------------------------
 (3) _isr                                                  3     3      0       0
                                              0 COMMON     3     3      0
 ---------------------------------------------------------------------------------
 Estimated maximum stack depth 3
 ---------------------------------------------------------------------------------

 Call Graph Graphs:

 _main (ROOT)
   _setup
     _I2C_Slave_Init

 _isr (ROOT)

 Address spaces:
Name               Size   Autos  Total    Cost      Usage
BITCOMMON            E      0       0       0        0.0%
EEDATA             100      0       0       0        0.0%
NULL                 0      0       0       0        0.0%
CODE                 0      0       0       0        0.0%
COMMON               E      4       8       1       57.1%
BITSFR0              0      0       0       1        0.0%
SFR0                 0      0       0       1        0.0%
BITSFR1              0      0       0       2        0.0%
SFR1                 0      0       0       2        0.0%
STACK                0      0       0       2        0.0%
ABS                  0      0       8       3        0.0%
BITBANK0            50      0       0       4        0.0%
BITSFR3              0      0       0       4        0.0%
SFR3                 0      0       0       4        0.0%
BANK0               50      0       0       5        0.0%
BITSFR2              0      0       0       5        0.0%
SFR2                 0      0       0       5        0.0%
BITBANK1            50      0       0       6        0.0%
BANK1               50      0       0       7        0.0%
BITBANK3            60      0       0       8        0.0%
BANK3               60      0       0       9        0.0%
BITBANK2            60      0       0      10        0.0%
BANK2               60      0       0      11        0.0%
DATA                 0      0       8      12        0.0%


Microchip Technology PIC Macro Assembler V2.31 build 20201012212115 
Symbol Table                                                                                   Sat Sep 04 23:01:48 2021

                      _M 0071                        _z 0073              _SSPSTATbits 0094  
                     _BF 04A0                       l93 00FB                       l87 011B  
                     l88 011B                      l148 0115                      l740 00FD  
                    l750 010F                      l742 010B                      l752 0112  
                    l744 010C                      l760 00E6                      l746 010D  
                    l770 00EE                      l762 00E7                      l754 00DE  
                    l748 010E                      l780 00F5                      l772 00EF  
                    l764 00EA                      l756 00E2                      l860 0116  
                    l774 00F0                      l766 00EC                      l758 00E3  
                    l776 00F3                      l768 00ED                      l778 00F4  
                    _GIE 005F                      _isr 0017                     ?_isr 0074  
                   _PEIE 005E                     i1l61 00D4                     i1l71 00C5  
                   i1l72 00A4                     i1l64 0073                     i1l65 0094  
                   i1l57 0051                     i1l74 00AF                     i1l66 007E  
                   i1l58 003F                     i1l82 00D7                     i1l75 00C5  
                   i1l76 00BA                     i1l68 0089                     i1l79 00CE  
                   u3_20 001D                     u3_21 001C                     u4_20 0022  
                   u4_21 0021                     u5_20 0026                     u5_21 0025  
                   u6_20 0033                     u6_21 0032                     u7_20 0037  
                   u7_21 0036                     u8_20 0045                     u8_21 0044  
                   u9_20 0055                     u9_21 0054                     _main 0116  
                   btemp 007E                     start 000C                    ??_isr 0074  
                  ?_main 0074                    _ANSEL 0188                    i1l800 002D  
                  i1l810 0045                    i1l802 0033                    i1l820 0067  
                  i1l812 0055                    i1l804 0037                    i1l830 0082  
                  i1l822 006D                    i1l814 0059                    i1l806 003D  
                  i1l840 0099                    i1l832 0086                    i1l824 0071  
                  i1l816 005F                    i1l808 003E                    i1l850 00B3  
                  i1l842 009E                    i1l834 008D                    i1l826 0077  
                  i1l818 0062                    i1l852 00B7                    i1l844 00A2  
                  i1l836 0091                    i1l828 007B                    i1l854 00BE  
                  i1l846 00A8                    i1l838 0094                    i1l790 0022  
                  i1l856 00C2                    i1l848 00AC                    i1l792 0026  
                  i1l858 00C8                    i1l794 002A                    i1l786 0017  
                  i1l796 002B                    i1l788 001D                    i1l798 002C  
                  u10_20 0059                    u10_21 0058                    u11_20 0067  
                  u11_21 0066                    u20_20 0099                    u12_20 006D  
                  u20_21 0098                    u12_21 006C                    u21_20 009E  
                  u13_20 0071                    u21_21 009D                    u13_21 0070  
                  u22_20 00A2                    u14_20 0077                    u22_21 00A1  
                  u14_21 0076                    u23_20 00A8                    u15_20 007B  
                  u23_21 00A7                    u15_21 007A                    u24_20 00AC  
                  u16_20 0082                    u24_21 00AB                    u16_21 0081  
                  u32_27 004D                    u25_20 00B3                    u17_20 0086  
                  u25_21 00B2                    u17_21 0085                    u33_27 00CB  
                  u26_20 00B7                    u18_20 008D                    u26_21 00B6  
                  u18_21 008C                    u27_20 00BE                    u19_20 0091  
                  u27_21 00BD                    u19_21 0090                    _PORTA 0005  
                  _PORTB 0006                    _PORTD 0008                    u28_20 00C2  
                  u28_21 00C1                    u29_20 00D4                    u29_21 00D3  
                  _TRISA 0085                    _TRISB 0086                    _TRISD 0088  
                  _SSPIE 0463                    _SSPIF 0063                    _setup 00DE  
                  pclath 000A                    status 0003                    wtemp0 007E  
        __initialization 000F             __end_of_main 011F                   ??_main 0078  
                 ?_setup 0074                   _ANSELH 0189                   _SSPADD 0093  
                 _TRISC3 043B                   _TRISC4 043C                   _SSPBUF 0013  
                 _SSPCON 0014                   saved_w 007E  __end_of__initialization 0013  
         __pcstackCOMMON 0074  __size_of_I2C_Slave_Init 001A            __end_of_setup 00FC  
         _OPTION_REGbits 0081                  ??_setup 0078    I2C_Slave_Init@address 0077  
             __pmaintext 0116               __pintentry 0004                  _SSPCON2 0091  
                _SSPSTAT 0094                  __ptext1 00DE                  __ptext2 00FC  
                __ptext3 0017             __size_of_isr 00C7                  _motores 0072  
   end_of_initialization 0013           _I2C_Slave_Init 00FC                _PORTBbits 0006  
              _TRISCbits 0087   __end_of_I2C_Slave_Init 0116      start_initialization 000F  
            __end_of_isr 00DE          ?_I2C_Slave_Init 0074              __pbssCOMMON 0070  
              ___latbits 0002                _dummydata 0070           __size_of_setup 001E  
      interrupt_function 0004                 _PIR1bits 000C                 _WPUBbits 0095  
       ??_I2C_Slave_Init 0077            __size_of_main 0009                 intlevel1 0000  
             _OSCCONbits 008F              _SSPCON2bits 0091               _SSPCONbits 0014  
