

Microchip MPLAB XC8 Assembler V2.31 build 20201012212115 
                                                                                               Wed Aug 04 09:48:13 2021

Microchip MPLAB XC8 C Compiler v2.31 (Free license) build 20201012212115 Og1 
     1                           	processor	16F887
     2                           	pagewidth 120
     3                           	opt	flic
     4                           	psect	cinit,global,class=CODE,merge=1,delta=2
     5                           	psect	bssCOMMON,global,class=COMMON,space=1,delta=1,noexec
     6                           	psect	cstackCOMMON,global,class=COMMON,space=1,delta=1,noexec
     7                           	psect	maintext,global,class=CODE,split=1,delta=2
     8                           	psect	text1,local,class=CODE,merge=1,delta=2
     9                           	psect	text2,local,class=CODE,merge=1,delta=2
    10                           	psect	text3,local,class=CODE,merge=1,delta=2
    11                           	psect	text4,local,class=CODE,merge=1,delta=2
    12                           	psect	text5,local,class=CODE,merge=1,delta=2
    13                           	psect	config,global,abs,ovrld,class=CONFIG,space=4,delta=2,noexec
    14                           	dabs	1,0x7E,2
    15  0000                     
    16                           ; Version 2.20
    17                           ; Generated 12/02/2020 GMT
    18                           ; 
    19                           ; Copyright © 2020, Microchip Technology Inc. and its subsidiaries ("Microchip")
    20                           ; All rights reserved.
    21                           ; 
    22                           ; This software is developed by Microchip Technology Inc. and its subsidiaries ("Microch
      +                          ip").
    23                           ; 
    24                           ; Redistribution and use in source and binary forms, with or without modification, are
    25                           ; permitted provided that the following conditions are met:
    26                           ; 
    27                           ;     1. Redistributions of source code must retain the above copyright notice, this lis
      +                          t of
    28                           ;        conditions and the following disclaimer.
    29                           ; 
    30                           ;     2. Redistributions in binary form must reproduce the above copyright notice, this 
      +                          list
    31                           ;        of conditions and the following disclaimer in the documentation and/or other
    32                           ;        materials provided with the distribution.
    33                           ; 
    34                           ;     3. Microchip's name may not be used to endorse or promote products derived from th
      +                          is
    35                           ;        software without specific prior written permission.
    36                           ; 
    37                           ; THIS SOFTWARE IS PROVIDED BY MICROCHIP "AS IS" AND ANY EXPRESS OR IMPLIED WARRANTIES,
    38                           ; INCLUDING, BUT NOT LIMITED TO, THE IMPLIED WARRANTIES OF MERCHANTABILITY AND FITNESS F
      +                          OR
    39                           ; PURPOSE ARE DISCLAIMED.  IN NO EVENT SHALL MICROCHIP BE LIABLE FOR ANY DIRECT, INDIREC
      +                          T,
    40                           ; INCIDENTAL, SPECIAL, EXEMPLARY, OR CONSEQUENTIAL DAMAGES (INCLUDING BUT NOT LIMITED TO
    41                           ; PROCUREMENT OF SUBSTITUTE GOODS OR SERVICES; LOSS OF USE, DATA OR PROFITS; OR BUSINESS
    42                           ; INTERRUPTION) HOWSOEVER CAUSED AND ON ANY THEORY OF LIABILITY, WHETHER IN CONTRACT, ST
      +                          RICT
    43                           ; LIABILITY, OR TORT (INCLUDING NEGLIGENCE OR OTHERWISE) ARISING IN ANY WAY OUT OF THE U
      +                          SE OF
    44                           ; THIS SOFTWARE, EVEN IF ADVISED OF THE POSSIBILITY OF SUCH DAMAGE.
    45                           ; 
    46                           ; 
    47                           ; Code-generator required, PIC16F887 Definitions
    48                           ; 
    49                           ; SFR Addresses
    50  0000                     	;# 
    51  0001                     	;# 
    52  0002                     	;# 
    53  0003                     	;# 
    54  0004                     	;# 
    55  0005                     	;# 
    56  0006                     	;# 
    57  0007                     	;# 
    58  0008                     	;# 
    59  0009                     	;# 
    60  000A                     	;# 
    61  000B                     	;# 
    62  000C                     	;# 
    63  000D                     	;# 
    64  000E                     	;# 
    65  000E                     	;# 
    66  000F                     	;# 
    67  0010                     	;# 
    68  0011                     	;# 
    69  0012                     	;# 
    70  0013                     	;# 
    71  0014                     	;# 
    72  0015                     	;# 
    73  0015                     	;# 
    74  0016                     	;# 
    75  0017                     	;# 
    76  0018                     	;# 
    77  0019                     	;# 
    78  001A                     	;# 
    79  001B                     	;# 
    80  001B                     	;# 
    81  001C                     	;# 
    82  001D                     	;# 
    83  001E                     	;# 
    84  001F                     	;# 
    85  0081                     	;# 
    86  0085                     	;# 
    87  0086                     	;# 
    88  0087                     	;# 
    89  0088                     	;# 
    90  0089                     	;# 
    91  008C                     	;# 
    92  008D                     	;# 
    93  008E                     	;# 
    94  008F                     	;# 
    95  0090                     	;# 
    96  0091                     	;# 
    97  0092                     	;# 
    98  0093                     	;# 
    99  0093                     	;# 
   100  0093                     	;# 
   101  0094                     	;# 
   102  0095                     	;# 
   103  0096                     	;# 
   104  0097                     	;# 
   105  0098                     	;# 
   106  0099                     	;# 
   107  009A                     	;# 
   108  009B                     	;# 
   109  009C                     	;# 
   110  009D                     	;# 
   111  009E                     	;# 
   112  009F                     	;# 
   113  0105                     	;# 
   114  0107                     	;# 
   115  0108                     	;# 
   116  0109                     	;# 
   117  010C                     	;# 
   118  010C                     	;# 
   119  010D                     	;# 
   120  010E                     	;# 
   121  010F                     	;# 
   122  0185                     	;# 
   123  0187                     	;# 
   124  0188                     	;# 
   125  0189                     	;# 
   126  018C                     	;# 
   127  018D                     	;# 
   128  0000                     	;# 
   129  0001                     	;# 
   130  0002                     	;# 
   131  0003                     	;# 
   132  0004                     	;# 
   133  0005                     	;# 
   134  0006                     	;# 
   135  0007                     	;# 
   136  0008                     	;# 
   137  0009                     	;# 
   138  000A                     	;# 
   139  000B                     	;# 
   140  000C                     	;# 
   141  000D                     	;# 
   142  000E                     	;# 
   143  000E                     	;# 
   144  000F                     	;# 
   145  0010                     	;# 
   146  0011                     	;# 
   147  0012                     	;# 
   148  0013                     	;# 
   149  0014                     	;# 
   150  0015                     	;# 
   151  0015                     	;# 
   152  0016                     	;# 
   153  0017                     	;# 
   154  0018                     	;# 
   155  0019                     	;# 
   156  001A                     	;# 
   157  001B                     	;# 
   158  001B                     	;# 
   159  001C                     	;# 
   160  001D                     	;# 
   161  001E                     	;# 
   162  001F                     	;# 
   163  0081                     	;# 
   164  0085                     	;# 
   165  0086                     	;# 
   166  0087                     	;# 
   167  0088                     	;# 
   168  0089                     	;# 
   169  008C                     	;# 
   170  008D                     	;# 
   171  008E                     	;# 
   172  008F                     	;# 
   173  0090                     	;# 
   174  0091                     	;# 
   175  0092                     	;# 
   176  0093                     	;# 
   177  0093                     	;# 
   178  0093                     	;# 
   179  0094                     	;# 
   180  0095                     	;# 
   181  0096                     	;# 
   182  0097                     	;# 
   183  0098                     	;# 
   184  0099                     	;# 
   185  009A                     	;# 
   186  009B                     	;# 
   187  009C                     	;# 
   188  009D                     	;# 
   189  009E                     	;# 
   190  009F                     	;# 
   191  0105                     	;# 
   192  0107                     	;# 
   193  0108                     	;# 
   194  0109                     	;# 
   195  010C                     	;# 
   196  010C                     	;# 
   197  010D                     	;# 
   198  010E                     	;# 
   199  010F                     	;# 
   200  0185                     	;# 
   201  0187                     	;# 
   202  0188                     	;# 
   203  0189                     	;# 
   204  018C                     	;# 
   205  018D                     	;# 
   206  0000                     	;# 
   207  0001                     	;# 
   208  0002                     	;# 
   209  0003                     	;# 
   210  0004                     	;# 
   211  0005                     	;# 
   212  0006                     	;# 
   213  0007                     	;# 
   214  0008                     	;# 
   215  0009                     	;# 
   216  000A                     	;# 
   217  000B                     	;# 
   218  000C                     	;# 
   219  000D                     	;# 
   220  000E                     	;# 
   221  000E                     	;# 
   222  000F                     	;# 
   223  0010                     	;# 
   224  0011                     	;# 
   225  0012                     	;# 
   226  0013                     	;# 
   227  0014                     	;# 
   228  0015                     	;# 
   229  0015                     	;# 
   230  0016                     	;# 
   231  0017                     	;# 
   232  0018                     	;# 
   233  0019                     	;# 
   234  001A                     	;# 
   235  001B                     	;# 
   236  001B                     	;# 
   237  001C                     	;# 
   238  001D                     	;# 
   239  001E                     	;# 
   240  001F                     	;# 
   241  0081                     	;# 
   242  0085                     	;# 
   243  0086                     	;# 
   244  0087                     	;# 
   245  0088                     	;# 
   246  0089                     	;# 
   247  008C                     	;# 
   248  008D                     	;# 
   249  008E                     	;# 
   250  008F                     	;# 
   251  0090                     	;# 
   252  0091                     	;# 
   253  0092                     	;# 
   254  0093                     	;# 
   255  0093                     	;# 
   256  0093                     	;# 
   257  0094                     	;# 
   258  0095                     	;# 
   259  0096                     	;# 
   260  0097                     	;# 
   261  0098                     	;# 
   262  0099                     	;# 
   263  009A                     	;# 
   264  009B                     	;# 
   265  009C                     	;# 
   266  009D                     	;# 
   267  009E                     	;# 
   268  009F                     	;# 
   269  0105                     	;# 
   270  0107                     	;# 
   271  0108                     	;# 
   272  0109                     	;# 
   273  010C                     	;# 
   274  010C                     	;# 
   275  010D                     	;# 
   276  010E                     	;# 
   277  010F                     	;# 
   278  0185                     	;# 
   279  0187                     	;# 
   280  0188                     	;# 
   281  0189                     	;# 
   282  018C                     	;# 
   283  018D                     	;# 
   284  0013                     _SSPBUF	set	19
   285  0014                     _SSPCON	set	20
   286  0007                     _PORTC	set	7
   287  0005                     _PORTA	set	5
   288  0008                     _PORTD	set	8
   289  0006                     _PORTB	set	6
   290  0007                     _PORTCbits	set	7
   291  0094                     _SSPSTATbits	set	148
   292  0094                     _SSPSTAT	set	148
   293  0088                     _TRISD	set	136
   294  0087                     _TRISC	set	135
   295  0086                     _TRISB	set	134
   296  008F                     _OSCCONbits	set	143
   297  043B                     _TRISC3	set	1083
   298  043D                     _TRISC5	set	1085
   299  0189                     _ANSELH	set	393
   300                           
   301                           	psect	cinit
   302  07FB                     start_initialization:	
   303                           ; #config settings
   304                           
   305  07FB                     __initialization:
   306                           
   307                           ; Clear objects allocated to COMMON
   308  07FB  01F7               	clrf	__pbssCOMMON& (0+127)
   309  07FC                     end_of_initialization:	
   310                           ;End of C runtime variable initialization code
   311                           
   312  07FC                     __end_of__initialization:
   313  07FC  0183               	clrf	3
   314  07FD  120A  118A  2F83   	ljmp	_main	;jump to C main() function
   315                           
   316                           	psect	bssCOMMON
   317  0077                     __pbssCOMMON:
   318  0077                     _dummydata:
   319  0077                     	ds	1
   320                           
   321                           	psect	cstackCOMMON
   322  0070                     __pcstackCOMMON:
   323  0070                     ?_setup:
   324  0070                     ?_spiWrite:	
   325                           ; 1 bytes @ 0x0
   326                           
   327  0070                     ??_spiWrite:	
   328                           ; 1 bytes @ 0x0
   329                           
   330  0070                     ?_spiRead:	
   331                           ; 1 bytes @ 0x0
   332                           
   333  0070                     ??_spiRead:	
   334                           ; 1 bytes @ 0x0
   335                           
   336  0070                     ?_spiInit:	
   337                           ; 1 bytes @ 0x0
   338                           
   339  0070                     ?_main:	
   340                           ; 1 bytes @ 0x0
   341                           
   342  0070                     ?_spiReceiveWait:	
   343                           ; 1 bytes @ 0x0
   344                           
   345  0070                     ??_spiReceiveWait:	
   346                           ; 1 bytes @ 0x0
   347                           
   348  0070                     spiInit@sDataSample:	
   349                           ; 1 bytes @ 0x0
   350                           
   351  0070                     spiWrite@dat:	
   352                           ; 1 bytes @ 0x0
   353                           
   354                           
   355                           ; 1 bytes @ 0x0
   356  0070                     	ds	1
   357  0071                     spiInit@sClockIdle:
   358                           
   359                           ; 1 bytes @ 0x1
   360  0071                     	ds	1
   361  0072                     spiInit@sTransmitEdge:
   362                           
   363                           ; 1 bytes @ 0x2
   364  0072                     	ds	1
   365  0073                     ??_spiInit:
   366  0073                     spiInit@sType:	
   367                           ; 1 bytes @ 0x3
   368                           
   369                           
   370                           ; 1 bytes @ 0x3
   371  0073                     	ds	1
   372  0074                     ??_setup:
   373  0074                     ??_main:	
   374                           ; 1 bytes @ 0x4
   375                           
   376                           
   377                           ; 1 bytes @ 0x4
   378  0074                     	ds	3
   379                           
   380                           	psect	maintext
   381  0783                     __pmaintext:	
   382 ;;
   383 ;;Main: autosize = 0, tempsize = 3, incstack = 0, save=0
   384 ;;
   385 ;; *************** function _main *****************
   386 ;; Defined at:
   387 ;;		line 49 in file "lab3master.c"
   388 ;; Parameters:    Size  Location     Type
   389 ;;		None
   390 ;; Auto vars:     Size  Location     Type
   391 ;;		None
   392 ;; Return value:  Size  Location     Type
   393 ;;                  1    wreg      void 
   394 ;; Registers used:
   395 ;;		wreg, status,2, status,0, pclath, cstack
   396 ;; Tracked objects:
   397 ;;		On entry : B00/0
   398 ;;		On exit  : 0/0
   399 ;;		Unchanged: 0/0
   400 ;; Data sizes:     COMMON   BANK0   BANK1   BANK3   BANK2
   401 ;;      Params:         0       0       0       0       0
   402 ;;      Locals:         0       0       0       0       0
   403 ;;      Temps:          3       0       0       0       0
   404 ;;      Totals:         3       0       0       0       0
   405 ;;Total ram usage:        3 bytes
   406 ;; Hardware stack levels required when called:    2
   407 ;; This function calls:
   408 ;;		_setup
   409 ;;		_spiRead
   410 ;;		_spiWrite
   411 ;; This function is called by:
   412 ;;		Startup code after reset
   413 ;; This function uses a non-reentrant model
   414 ;;
   415                           
   416                           
   417                           ;psect for function _main
   418  0783                     _main:
   419  0783                     l781:	
   420                           ;incstack = 0
   421                           ; Regs used in _main: [wreg+status,2+status,0+pclath+cstack]
   422                           
   423                           
   424                           ;lab3master.c: 50:     setup();
   425  0783  120A  118A  2764  120A  118A  	fcall	_setup
   426  0788                     l783:
   427                           
   428                           ;lab3master.c: 55:         if (dummydata == 1){
   429  0788  0377               	decf	_dummydata,w
   430  0789  1D03               	btfss	3,2
   431  078A  2F8C               	goto	u51
   432  078B  2F8D               	goto	u50
   433  078C                     u51:
   434  078C  2FC2               	goto	l38
   435  078D                     u50:
   436  078D                     l785:
   437                           
   438                           ;lab3master.c: 56:             PORTCbits.RC2 = 0;
   439  078D  1283               	bcf	3,5	;RP0=0, select bank0
   440  078E  1303               	bcf	3,6	;RP1=0, select bank0
   441  078F  1107               	bcf	7,2	;volatile
   442  0790                     l787:
   443                           
   444                           ;lab3master.c: 57:             _delay((unsigned long)((1)*(8000000/4000.0)));
   445  0790  3003               	movlw	3
   446  0791  00F5               	movwf	??_main+1
   447  0792  3097               	movlw	151
   448  0793  00F4               	movwf	??_main
   449  0794                     u67:
   450  0794  0BF4               	decfsz	??_main,f
   451  0795  2F94               	goto	u67
   452  0796  0BF5               	decfsz	??_main+1,f
   453  0797  2F94               	goto	u67
   454  0798  2F99               	nop2
   455  0799                     l789:
   456                           
   457                           ;lab3master.c: 59:             spiWrite(dummydata);
   458  0799  0877               	movf	_dummydata,w
   459  079A  120A  118A  2738  120A  118A  	fcall	_spiWrite
   460  079F                     l791:
   461                           
   462                           ;lab3master.c: 60:             PORTB = spiRead();
   463  079F  120A  118A  2745  120A  118A  	fcall	_spiRead
   464  07A4  1283               	bcf	3,5	;RP0=0, select bank0
   465  07A5  1303               	bcf	3,6	;RP1=0, select bank0
   466  07A6  0086               	movwf	6	;volatile
   467                           
   468                           ;lab3master.c: 62:             _delay((unsigned long)((1)*(8000000/4000.0)));
   469  07A7  3003               	movlw	3
   470  07A8  00F5               	movwf	??_main+1
   471  07A9  3097               	movlw	151
   472  07AA  00F4               	movwf	??_main
   473  07AB                     u77:
   474  07AB  0BF4               	decfsz	??_main,f
   475  07AC  2FAB               	goto	u77
   476  07AD  0BF5               	decfsz	??_main+1,f
   477  07AE  2FAB               	goto	u77
   478  07AF  2FB0               	nop2
   479  07B0                     l793:
   480                           
   481                           ;lab3master.c: 67:             PORTCbits.RC2 = 1;
   482  07B0  1283               	bcf	3,5	;RP0=0, select bank0
   483  07B1  1303               	bcf	3,6	;RP1=0, select bank0
   484  07B2  1507               	bsf	7,2	;volatile
   485                           
   486                           ;lab3master.c: 69:             _delay((unsigned long)((100)*(8000000/4000.0)));
   487  07B3  3002               	movlw	2
   488  07B4  00F6               	movwf	??_main+2
   489  07B5  3004               	movlw	4
   490  07B6  00F5               	movwf	??_main+1
   491  07B7  30BA               	movlw	186
   492  07B8  00F4               	movwf	??_main
   493  07B9                     u87:
   494  07B9  0BF4               	decfsz	??_main,f
   495  07BA  2FB9               	goto	u87
   496  07BB  0BF5               	decfsz	??_main+1,f
   497  07BC  2FB9               	goto	u87
   498  07BD  0BF6               	decfsz	??_main+2,f
   499  07BE  2FB9               	goto	u87
   500  07BF  0000               	nop
   501  07C0                     l795:
   502                           
   503                           ;lab3master.c: 70:             dummydata = 0;
   504  07C0  01F7               	clrf	_dummydata
   505                           
   506                           ;lab3master.c: 71:        }
   507  07C1  2F88               	goto	l783
   508  07C2                     l38:	
   509                           ;lab3master.c: 72:         else {
   510                           
   511                           
   512                           ;lab3master.c: 73:             PORTCbits.RC2 = 0;
   513  07C2  1283               	bcf	3,5	;RP0=0, select bank0
   514  07C3  1303               	bcf	3,6	;RP1=0, select bank0
   515  07C4  1107               	bcf	7,2	;volatile
   516  07C5                     l797:
   517                           
   518                           ;lab3master.c: 74:             _delay((unsigned long)((1)*(8000000/4000.0)));
   519  07C5  3003               	movlw	3
   520  07C6  00F5               	movwf	??_main+1
   521  07C7  3097               	movlw	151
   522  07C8  00F4               	movwf	??_main
   523  07C9                     u97:
   524  07C9  0BF4               	decfsz	??_main,f
   525  07CA  2FC9               	goto	u97
   526  07CB  0BF5               	decfsz	??_main+1,f
   527  07CC  2FC9               	goto	u97
   528  07CD  2FCE               	nop2
   529  07CE                     l799:
   530                           
   531                           ;lab3master.c: 76:             spiWrite(dummydata);
   532  07CE  0877               	movf	_dummydata,w
   533  07CF  120A  118A  2738  120A  118A  	fcall	_spiWrite
   534  07D4                     l801:
   535                           
   536                           ;lab3master.c: 77:             PORTD = spiRead();
   537  07D4  120A  118A  2745  120A  118A  	fcall	_spiRead
   538  07D9  1283               	bcf	3,5	;RP0=0, select bank0
   539  07DA  1303               	bcf	3,6	;RP1=0, select bank0
   540  07DB  0088               	movwf	8	;volatile
   541                           
   542                           ;lab3master.c: 79:             _delay((unsigned long)((1)*(8000000/4000.0)));
   543  07DC  3003               	movlw	3
   544  07DD  00F5               	movwf	??_main+1
   545  07DE  3097               	movlw	151
   546  07DF  00F4               	movwf	??_main
   547  07E0                     u107:
   548  07E0  0BF4               	decfsz	??_main,f
   549  07E1  2FE0               	goto	u107
   550  07E2  0BF5               	decfsz	??_main+1,f
   551  07E3  2FE0               	goto	u107
   552  07E4  2FE5               	nop2
   553  07E5                     l803:
   554                           
   555                           ;lab3master.c: 84:             PORTCbits.RC2 = 1;
   556  07E5  1283               	bcf	3,5	;RP0=0, select bank0
   557  07E6  1303               	bcf	3,6	;RP1=0, select bank0
   558  07E7  1507               	bsf	7,2	;volatile
   559                           
   560                           ;lab3master.c: 86:             _delay((unsigned long)((100)*(8000000/4000.0)));
   561  07E8  3002               	movlw	2
   562  07E9  00F6               	movwf	??_main+2
   563  07EA  3004               	movlw	4
   564  07EB  00F5               	movwf	??_main+1
   565  07EC  30BA               	movlw	186
   566  07ED  00F4               	movwf	??_main
   567  07EE                     u117:
   568  07EE  0BF4               	decfsz	??_main,f
   569  07EF  2FEE               	goto	u117
   570  07F0  0BF5               	decfsz	??_main+1,f
   571  07F1  2FEE               	goto	u117
   572  07F2  0BF6               	decfsz	??_main+2,f
   573  07F3  2FEE               	goto	u117
   574  07F4  0000               	nop
   575  07F5                     l805:
   576                           
   577                           ;lab3master.c: 87:             dummydata = 1;
   578  07F5  01F7               	clrf	_dummydata
   579  07F6  0AF7               	incf	_dummydata,f
   580  07F7  2F88               	goto	l783
   581  07F8  120A  118A  2800   	ljmp	start
   582  07FB                     __end_of_main:
   583                           
   584                           	psect	text1
   585  0738                     __ptext1:	
   586 ;; *************** function _spiWrite *****************
   587 ;; Defined at:
   588 ;;		line 34 in file "SPI.c"
   589 ;; Parameters:    Size  Location     Type
   590 ;;  dat             1    wreg     unsigned char 
   591 ;; Auto vars:     Size  Location     Type
   592 ;;  dat             1    0[COMMON] unsigned char 
   593 ;; Return value:  Size  Location     Type
   594 ;;                  1    wreg      void 
   595 ;; Registers used:
   596 ;;		wreg
   597 ;; Tracked objects:
   598 ;;		On entry : 0/0
   599 ;;		On exit  : 0/0
   600 ;;		Unchanged: 0/0
   601 ;; Data sizes:     COMMON   BANK0   BANK1   BANK3   BANK2
   602 ;;      Params:         0       0       0       0       0
   603 ;;      Locals:         1       0       0       0       0
   604 ;;      Temps:          0       0       0       0       0
   605 ;;      Totals:         1       0       0       0       0
   606 ;;Total ram usage:        1 bytes
   607 ;; Hardware stack levels used:    1
   608 ;; This function calls:
   609 ;;		Nothing
   610 ;; This function is called by:
   611 ;;		_main
   612 ;; This function uses a non-reentrant model
   613 ;;
   614                           
   615                           
   616                           ;psect for function _spiWrite
   617  0738                     _spiWrite:
   618                           
   619                           ;incstack = 0
   620                           ; Regs used in _spiWrite: [wreg]
   621                           ;spiWrite@dat stored from wreg
   622  0738  00F0               	movwf	spiWrite@dat
   623  0739                     l707:
   624                           
   625                           ;SPI.c: 34: void spiWrite(char dat);SPI.c: 35: {;SPI.c: 36:     SSPBUF = dat;
   626  0739  0870               	movf	spiWrite@dat,w
   627  073A  1283               	bcf	3,5	;RP0=0, select bank0
   628  073B  1303               	bcf	3,6	;RP1=0, select bank0
   629  073C  0093               	movwf	19	;volatile
   630  073D                     l71:
   631  073D  0008               	return
   632  073E                     __end_of_spiWrite:
   633                           
   634                           	psect	text2
   635  0745                     __ptext2:	
   636 ;; *************** function _spiRead *****************
   637 ;; Defined at:
   638 ;;		line 47 in file "SPI.c"
   639 ;; Parameters:    Size  Location     Type
   640 ;;		None
   641 ;; Auto vars:     Size  Location     Type
   642 ;;		None
   643 ;; Return value:  Size  Location     Type
   644 ;;                  1    wreg      unsigned char 
   645 ;; Registers used:
   646 ;;		wreg, status,2, status,0, pclath, cstack
   647 ;; Tracked objects:
   648 ;;		On entry : 0/0
   649 ;;		On exit  : 0/0
   650 ;;		Unchanged: 0/0
   651 ;; Data sizes:     COMMON   BANK0   BANK1   BANK3   BANK2
   652 ;;      Params:         0       0       0       0       0
   653 ;;      Locals:         0       0       0       0       0
   654 ;;      Temps:          0       0       0       0       0
   655 ;;      Totals:         0       0       0       0       0
   656 ;;Total ram usage:        0 bytes
   657 ;; Hardware stack levels used:    1
   658 ;; Hardware stack levels required when called:    1
   659 ;; This function calls:
   660 ;;		_spiReceiveWait
   661 ;; This function is called by:
   662 ;;		_main
   663 ;; This function uses a non-reentrant model
   664 ;;
   665                           
   666                           
   667                           ;psect for function _spiRead
   668  0745                     _spiRead:
   669  0745                     l709:	
   670                           ;incstack = 0
   671                           ; Regs used in _spiRead: [wreg+status,2+status,0+pclath+cstack]
   672                           
   673                           
   674                           ;SPI.c: 49:     spiReceiveWait();
   675  0745  120A  118A  273E  120A  118A  	fcall	_spiReceiveWait
   676  074A                     l711:
   677                           
   678                           ;SPI.c: 50:     return(SSPBUF);
   679  074A  1283               	bcf	3,5	;RP0=0, select bank0
   680  074B  1303               	bcf	3,6	;RP1=0, select bank0
   681  074C  0813               	movf	19,w	;volatile
   682  074D                     l79:
   683  074D  0008               	return
   684  074E                     __end_of_spiRead:
   685                           
   686                           	psect	text3
   687  073E                     __ptext3:	
   688 ;; *************** function _spiReceiveWait *****************
   689 ;; Defined at:
   690 ;;		line 29 in file "SPI.c"
   691 ;; Parameters:    Size  Location     Type
   692 ;;		None
   693 ;; Auto vars:     Size  Location     Type
   694 ;;		None
   695 ;; Return value:  Size  Location     Type
   696 ;;                  1    wreg      void 
   697 ;; Registers used:
   698 ;;		None
   699 ;; Tracked objects:
   700 ;;		On entry : 0/0
   701 ;;		On exit  : 0/0
   702 ;;		Unchanged: 0/0
   703 ;; Data sizes:     COMMON   BANK0   BANK1   BANK3   BANK2
   704 ;;      Params:         0       0       0       0       0
   705 ;;      Locals:         0       0       0       0       0
   706 ;;      Temps:          0       0       0       0       0
   707 ;;      Totals:         0       0       0       0       0
   708 ;;Total ram usage:        0 bytes
   709 ;; Hardware stack levels used:    1
   710 ;; This function calls:
   711 ;;		Nothing
   712 ;; This function is called by:
   713 ;;		_spiRead
   714 ;; This function uses a non-reentrant model
   715 ;;
   716                           
   717                           
   718                           ;psect for function _spiReceiveWait
   719  073E                     _spiReceiveWait:
   720  073E                     l681:	
   721                           ;incstack = 0
   722                           ; Regs used in _spiReceiveWait: []
   723                           
   724  073E                     l65:	
   725                           ;SPI.c: 31:     while ( !SSPSTATbits.BF );
   726                           
   727  073E  1683               	bsf	3,5	;RP0=1, select bank1
   728  073F  1303               	bcf	3,6	;RP1=0, select bank1
   729  0740  1C14               	btfss	20,0	;volatile
   730  0741  2F43               	goto	u21
   731  0742  2F44               	goto	u20
   732  0743                     u21:
   733  0743  2F3E               	goto	l65
   734  0744                     u20:
   735  0744                     l68:
   736  0744  0008               	return
   737  0745                     __end_of_spiReceiveWait:
   738                           
   739                           	psect	text4
   740  0764                     __ptext4:	
   741 ;; *************** function _setup *****************
   742 ;; Defined at:
   743 ;;		line 94 in file "lab3master.c"
   744 ;; Parameters:    Size  Location     Type
   745 ;;		None
   746 ;; Auto vars:     Size  Location     Type
   747 ;;		None
   748 ;; Return value:  Size  Location     Type
   749 ;;                  1    wreg      void 
   750 ;; Registers used:
   751 ;;		wreg, status,2, status,0, pclath, cstack
   752 ;; Tracked objects:
   753 ;;		On entry : 0/0
   754 ;;		On exit  : 0/0
   755 ;;		Unchanged: 0/0
   756 ;; Data sizes:     COMMON   BANK0   BANK1   BANK3   BANK2
   757 ;;      Params:         0       0       0       0       0
   758 ;;      Locals:         0       0       0       0       0
   759 ;;      Temps:          0       0       0       0       0
   760 ;;      Totals:         0       0       0       0       0
   761 ;;Total ram usage:        0 bytes
   762 ;; Hardware stack levels used:    1
   763 ;; Hardware stack levels required when called:    1
   764 ;; This function calls:
   765 ;;		_spiInit
   766 ;; This function is called by:
   767 ;;		_main
   768 ;; This function uses a non-reentrant model
   769 ;;
   770                           
   771                           
   772                           ;psect for function _setup
   773  0764                     _setup:
   774  0764                     l757:	
   775                           ;incstack = 0
   776                           ; Regs used in _setup: [wreg+status,2+status,0+pclath+cstack]
   777                           
   778                           
   779                           ;lab3master.c: 97:     OSCCONbits.IRCF = 7;
   780  0764  3070               	movlw	112
   781  0765  1683               	bsf	3,5	;RP0=1, select bank1
   782  0766  1303               	bcf	3,6	;RP1=0, select bank1
   783  0767  048F               	iorwf	15,f	;volatile
   784  0768                     l759:
   785                           
   786                           ;lab3master.c: 98:     OSCCONbits.SCS = 1;
   787  0768  140F               	bsf	15,0	;volatile
   788  0769                     l761:
   789                           
   790                           ;lab3master.c: 100:     ANSELH = 0;
   791  0769  1683               	bsf	3,5	;RP0=1, select bank3
   792  076A  1703               	bsf	3,6	;RP1=1, select bank3
   793  076B  0189               	clrf	9	;volatile
   794  076C                     l763:
   795                           
   796                           ;lab3master.c: 101:     TRISB = 0;
   797  076C  1683               	bsf	3,5	;RP0=1, select bank1
   798  076D  1303               	bcf	3,6	;RP1=0, select bank1
   799  076E  0186               	clrf	6	;volatile
   800  076F                     l765:
   801                           
   802                           ;lab3master.c: 102:     TRISC = 144;
   803  076F  3090               	movlw	144
   804  0770  0087               	movwf	7	;volatile
   805  0771                     l767:
   806                           
   807                           ;lab3master.c: 103:     TRISD = 0;
   808  0771  0188               	clrf	8	;volatile
   809  0772                     l769:
   810                           
   811                           ;lab3master.c: 104:     PORTA = 0;
   812  0772  1283               	bcf	3,5	;RP0=0, select bank0
   813  0773  1303               	bcf	3,6	;RP1=0, select bank0
   814  0774  0185               	clrf	5	;volatile
   815  0775                     l771:
   816                           
   817                           ;lab3master.c: 105:     PORTB = 0;
   818  0775  0186               	clrf	6	;volatile
   819  0776                     l773:
   820                           
   821                           ;lab3master.c: 106:     PORTC = 0;
   822  0776  0187               	clrf	7	;volatile
   823  0777                     l775:
   824                           
   825                           ;lab3master.c: 107:     PORTD = 0;
   826  0777  0188               	clrf	8	;volatile
   827  0778                     l777:
   828                           
   829                           ;lab3master.c: 108:     PORTCbits.RC2 = 1;
   830  0778  1507               	bsf	7,2	;volatile
   831  0779                     l779:
   832                           
   833                           ;lab3master.c: 109:     spiInit(SPI_MASTER_OSC_DIV4, SPI_DATA_SAMPLE_MIDDLE, SPI_CLOCK_I
      +                          DLE_LOW, SPI_IDLE_2_ACTIVE);
   834  0779  01F0               	clrf	spiInit@sDataSample
   835  077A  01F1               	clrf	spiInit@sClockIdle
   836  077B  01F2               	clrf	spiInit@sTransmitEdge
   837  077C  3020               	movlw	32
   838  077D  120A  118A  274E  120A  118A  	fcall	_spiInit
   839  0782                     l45:
   840  0782  0008               	return
   841  0783                     __end_of_setup:
   842                           
   843                           	psect	text5
   844  074E                     __ptext5:	
   845 ;; *************** function _spiInit *****************
   846 ;; Defined at:
   847 ;;		line 12 in file "SPI.c"
   848 ;; Parameters:    Size  Location     Type
   849 ;;  sType           1    wreg     enum E1264
   850 ;;  sDataSample     1    0[COMMON] enum E1272
   851 ;;  sClockIdle      1    1[COMMON] enum E1276
   852 ;;  sTransmitEdg    1    2[COMMON] enum E1280
   853 ;; Auto vars:     Size  Location     Type
   854 ;;  sType           1    3[COMMON] enum E1264
   855 ;; Return value:  Size  Location     Type
   856 ;;                  1    wreg      void 
   857 ;; Registers used:
   858 ;;		wreg, status,2, status,0
   859 ;; Tracked objects:
   860 ;;		On entry : 0/0
   861 ;;		On exit  : 0/0
   862 ;;		Unchanged: 0/0
   863 ;; Data sizes:     COMMON   BANK0   BANK1   BANK3   BANK2
   864 ;;      Params:         3       0       0       0       0
   865 ;;      Locals:         1       0       0       0       0
   866 ;;      Temps:          0       0       0       0       0
   867 ;;      Totals:         4       0       0       0       0
   868 ;;Total ram usage:        4 bytes
   869 ;; Hardware stack levels used:    1
   870 ;; This function calls:
   871 ;;		Nothing
   872 ;; This function is called by:
   873 ;;		_setup
   874 ;; This function uses a non-reentrant model
   875 ;;
   876                           
   877                           
   878                           ;psect for function _spiInit
   879  074E                     _spiInit:
   880                           
   881                           ;incstack = 0
   882                           ; Regs used in _spiInit: [wreg+status,2+status,0]
   883                           ;spiInit@sType stored from wreg
   884  074E  00F3               	movwf	spiInit@sType
   885  074F                     l747:
   886                           
   887                           ;SPI.c: 12: void spiInit(Spi_Type sType, Spi_Data_Sample sDataSample, Spi_Clock_Idle sCl
      +                          ockIdle, Spi_Transmit_Edge sTransmitEdge);SPI.c: 13: {;SPI.c: 14:     TRISC5 = 0;
   888  074F  1683               	bsf	3,5	;RP0=1, select bank1
   889  0750  1303               	bcf	3,6	;RP1=0, select bank1
   890  0751  1287               	bcf	7,5	;volatile
   891                           
   892                           ;SPI.c: 15:     if(sType & 0b00000100)
   893  0752  1D73               	btfss	spiInit@sType,2
   894  0753  2F55               	goto	u41
   895  0754  2F56               	goto	u40
   896  0755                     u41:
   897  0755  2F5A               	goto	l753
   898  0756                     u40:
   899  0756                     l749:
   900                           
   901                           ;SPI.c: 16:     {;SPI.c: 17:         SSPSTAT = sTransmitEdge;
   902  0756  0872               	movf	spiInit@sTransmitEdge,w
   903  0757  0094               	movwf	20	;volatile
   904  0758                     l751:
   905                           
   906                           ;SPI.c: 18:         TRISC3 = 1;
   907  0758  1587               	bsf	7,3	;volatile
   908                           
   909                           ;SPI.c: 19:     }
   910  0759  2F5E               	goto	l61
   911  075A                     l753:
   912                           
   913                           ;SPI.c: 21:     {;SPI.c: 22:         SSPSTAT = sDataSample | sTransmitEdge;
   914  075A  0870               	movf	spiInit@sDataSample,w
   915  075B  0472               	iorwf	spiInit@sTransmitEdge,w
   916  075C  0094               	movwf	20	;volatile
   917  075D                     l755:
   918                           
   919                           ;SPI.c: 23:         TRISC3 = 0;
   920  075D  1187               	bcf	7,3	;volatile
   921  075E                     l61:	
   922                           ;SPI.c: 24:     }
   923                           
   924                           
   925                           ;SPI.c: 26:     SSPCON = sType | sClockIdle;
   926  075E  0873               	movf	spiInit@sType,w
   927  075F  0471               	iorwf	spiInit@sClockIdle,w
   928  0760  1283               	bcf	3,5	;RP0=0, select bank0
   929  0761  1303               	bcf	3,6	;RP1=0, select bank0
   930  0762  0094               	movwf	20	;volatile
   931  0763                     l62:
   932  0763  0008               	return
   933  0764                     __end_of_spiInit:
   934  007E                     btemp	set	126	;btemp
   935  007E                     wtemp0	set	126
   936                           
   937                           	psect	config
   938                           
   939                           ;Config register CONFIG1 @ 0x2007
   940                           ;	Oscillator Selection bits
   941                           ;	FOSC = INTRC_NOCLKOUT, INTOSCIO oscillator: I/O function on RA6/OSC2/CLKOUT pin, I/O f
      +                          unction on RA7/OSC1/CLKIN
   942                           ;	Watchdog Timer Enable bit
   943                           ;	WDTE = OFF, WDT disabled and can be enabled by SWDTEN bit of the WDTCON register
   944                           ;	Power-up Timer Enable bit
   945                           ;	PWRTE = OFF, PWRT disabled
   946                           ;	RE3/MCLR pin function select bit
   947                           ;	MCLRE = OFF, RE3/MCLR pin function is digital input, MCLR internally tied to VDD
   948                           ;	Code Protection bit
   949                           ;	CP = OFF, Program memory code protection is disabled
   950                           ;	Data Code Protection bit
   951                           ;	CPD = OFF, Data memory code protection is disabled
   952                           ;	Brown Out Reset Selection bits
   953                           ;	BOREN = OFF, BOR disabled
   954                           ;	Internal External Switchover bit
   955                           ;	IESO = OFF, Internal/External Switchover mode is disabled
   956                           ;	Fail-Safe Clock Monitor Enabled bit
   957                           ;	FCMEN = OFF, Fail-Safe Clock Monitor is disabled
   958                           ;	Low Voltage Programming Enable bit
   959                           ;	LVP = OFF, RB3 pin has digital I/O, HV on MCLR must be used for programming
   960                           ;	In-Circuit Debugger Mode bit
   961                           ;	DEBUG = 0x1, unprogrammed default
   962  2007                     	org	8199
   963  2007  20D4               	dw	8404
   964                           
   965                           ;Config register CONFIG2 @ 0x2008
   966                           ;	Brown-out Reset Selection bit
   967                           ;	BOR4V = BOR40V, Brown-out Reset set to 4.0V
   968                           ;	Flash Program Memory Self Write Enable bits
   969                           ;	WRT = OFF, Write protection off
   970  2008                     	org	8200
   971  2008  3FFF               	dw	16383

Data Sizes:
    Strings     0
    Constant    0
    Data        0
    BSS         1
    Persistent  0
    Stack       0

Auto Spaces:
    Space          Size  Autos    Used
    COMMON           14      7       8
    BANK0            80      0       0
    BANK1            80      0       0
    BANK3            96      0       0
    BANK2            96      0       0

Pointer List with Targets:

    None.

Critical Paths under _main in COMMON

    _setup->_spiInit

Critical Paths under _main in BANK0

    None.

Critical Paths under _main in BANK1

    None.

Critical Paths under _main in BANK3

    None.

Critical Paths under _main in BANK2

    None.

Call Graph Tables:

 ---------------------------------------------------------------------------------
 (Depth) Function   	        Calls       Base Space   Used Autos Params    Refs
 ---------------------------------------------------------------------------------
 (0) _main                                                 3     3      0     375
                                              4 COMMON     3     3      0
                              _setup
                            _spiRead
                           _spiWrite
 ---------------------------------------------------------------------------------
 (1) _spiWrite                                             1     1      0      15
                                              0 COMMON     1     1      0
 ---------------------------------------------------------------------------------
 (1) _spiRead                                              0     0      0       0
                     _spiReceiveWait
 ---------------------------------------------------------------------------------
 (2) _spiReceiveWait                                       0     0      0       0
 ---------------------------------------------------------------------------------
 (1) _setup                                                0     0      0     360
                            _spiInit
 ---------------------------------------------------------------------------------
 (2) _spiInit                                              4     1      3     360
                                              0 COMMON     4     1      3
 ---------------------------------------------------------------------------------
 Estimated maximum stack depth 2
 ---------------------------------------------------------------------------------

 Call Graph Graphs:

 _main (ROOT)
   _setup
     _spiInit
   _spiRead
     _spiReceiveWait
   _spiWrite

 Address spaces:
Name               Size   Autos  Total    Cost      Usage
BITCOMMON            E      0       0       0        0.0%
EEDATA             100      0       0       0        0.0%
NULL                 0      0       0       0        0.0%
CODE                 0      0       0       0        0.0%
COMMON               E      7       8       1       57.1%
BITSFR0              0      0       0       1        0.0%
SFR0                 0      0       0       1        0.0%
BITSFR1              0      0       0       2        0.0%
SFR1                 0      0       0       2        0.0%
STACK                0      0       0       2        0.0%
ABS                  0      0       8       3        0.0%
BITBANK0            50      0       0       4        0.0%
BITSFR3              0      0       0       4        0.0%
SFR3                 0      0       0       4        0.0%
BANK0               50      0       0       5        0.0%
BITSFR2              0      0       0       5        0.0%
SFR2                 0      0       0       5        0.0%
BITBANK1            50      0       0       6        0.0%
BANK1               50      0       0       7        0.0%
BITBANK3            60      0       0       8        0.0%
BANK3               60      0       0       9        0.0%
BITBANK2            60      0       0      10        0.0%
BANK2               60      0       0      11        0.0%
DATA                 0      0       8      12        0.0%


Microchip Technology PIC Macro Assembler V2.31 build 20201012212115 
Symbol Table                                                                                   Wed Aug 04 09:48:13 2021

            _SSPSTATbits 0094                       l61 075E                       l45 0782  
                     l62 0763                       l38 07C2                       l71 073D  
                     l65 073E                       l68 0744                       l79 074D  
                     u20 0744                       u21 0743                       u40 0756  
                     u41 0755                       u50 078D                       u51 078C  
                     u67 0794                       u77 07AB                       u87 07B9  
                     u97 07C9                      l711 074A                      l801 07D4  
                    l707 0739                      l803 07E5                      l709 0745  
                    l805 07F5                      l751 0758                      l753 075A  
                    l761 0769                      l681 073E                      l755 075D  
                    l747 074F                      l771 0775                      l763 076C  
                    l749 0756                      l773 0776                      l765 076F  
                    l757 0764                      l781 0783                      l775 0777  
                    l767 0771                      l759 0768                      l791 079F  
                    l783 0788                      l777 0778                      l769 0772  
                    l793 07B0                      l785 078D                      l779 0779  
                    l795 07C0                      l787 0790                      l797 07C5  
                    l789 0799                      l799 07CE                      u107 07E0  
                    u117 07EE                     _main 0783                     btemp 007E  
                   start 0000                    ?_main 0070                    _PORTA 0005  
                  _PORTB 0006                    _PORTC 0007                    _PORTD 0008  
                  _TRISB 0086                    _TRISC 0087                    _TRISD 0088  
                  _setup 0764          __end_of_spiInit 0764          __end_of_spiRead 074E  
                  status 0003                    wtemp0 007E          __initialization 07FB  
           __end_of_main 07FB                   ??_main 0074                   ?_setup 0070  
                 _ANSELH 0189                   _TRISC3 043B                   _TRISC5 043D  
                 _SSPCON 0014                   _SSPBUF 0013         __end_of_spiWrite 073E  
              ??_spiInit 0073                ??_spiRead 0070  __end_of__initialization 07FC  
         __pcstackCOMMON 0070            __end_of_setup 0783                  ??_setup 0074  
             __pmaintext 0783  __size_of_spiReceiveWait 0007                  _SSPSTAT 0094  
              ?_spiWrite 0070                  __ptext1 0738                  __ptext2 0745  
                __ptext3 073E                  __ptext4 0764                  __ptext5 074E  
                _spiInit 074E                  _spiRead 0745     end_of_initialization 07FC  
             ??_spiWrite 0070                _PORTCbits 0007              spiWrite@dat 0070  
         _spiReceiveWait 073E      start_initialization 07FB   __end_of_spiReceiveWait 0745  
            __pbssCOMMON 0077                ___latbits 0002          ?_spiReceiveWait 0070  
      __size_of_spiWrite 0006                 ?_spiInit 0070                 ?_spiRead 0070  
              _dummydata 0077           __size_of_setup 001F     spiInit@sTransmitEdge 0072  
     spiInit@sDataSample 0070         __size_of_spiInit 0016         __size_of_spiRead 0009  
          __size_of_main 0078                 _spiWrite 0738             spiInit@sType 0073  
      spiInit@sClockIdle 0071         ??_spiReceiveWait 0070               _OSCCONbits 008F  
