

Microchip MPLAB XC8 Assembler V2.31 build 20201012212115 
                                                                                               Tue Aug 10 20:15:00 2021

Microchip MPLAB XC8 C Compiler v2.31 (Free license) build 20201012212115 Og1 
     1                           	processor	16F887
     2                           	pagewidth 120
     3                           	opt	flic
     4                           	psect	cinit,global,class=CODE,merge=1,delta=2
     5                           	psect	bssBANK0,global,class=BANK0,space=1,delta=1,noexec
     6                           	psect	cstackCOMMON,global,class=COMMON,space=1,delta=1,noexec
     7                           	psect	cstackBANK0,global,class=BANK0,space=1,delta=1,noexec
     8                           	psect	maintext,global,class=CODE,split=1,delta=2
     9                           	psect	text1,local,class=CODE,merge=1,delta=2
    10                           	psect	text2,local,class=CODE,merge=1,delta=2
    11                           	psect	text3,local,class=CODE,merge=1,delta=2,group=1
    12                           	psect	text4,local,class=CODE,merge=1,delta=2
    13                           	psect	text5,local,class=CODE,merge=1,delta=2
    14                           	psect	text6,local,class=CODE,merge=1,delta=2
    15                           	psect	text7,local,class=CODE,merge=1,delta=2
    16                           	psect	text8,local,class=CODE,merge=1,delta=2
    17                           	psect	config,global,abs,ovrld,class=CONFIG,space=4,delta=2,noexec
    18                           	dabs	1,0x7E,2
    19  0000                     
    20                           ; Version 2.20
    21                           ; Generated 12/02/2020 GMT
    22                           ; 
    23                           ; Copyright © 2020, Microchip Technology Inc. and its subsidiaries ("Microchip")
    24                           ; All rights reserved.
    25                           ; 
    26                           ; This software is developed by Microchip Technology Inc. and its subsidiaries ("Microch
      +                          ip").
    27                           ; 
    28                           ; Redistribution and use in source and binary forms, with or without modification, are
    29                           ; permitted provided that the following conditions are met:
    30                           ; 
    31                           ;     1. Redistributions of source code must retain the above copyright notice, this lis
      +                          t of
    32                           ;        conditions and the following disclaimer.
    33                           ; 
    34                           ;     2. Redistributions in binary form must reproduce the above copyright notice, this 
      +                          list
    35                           ;        of conditions and the following disclaimer in the documentation and/or other
    36                           ;        materials provided with the distribution.
    37                           ; 
    38                           ;     3. Microchip's name may not be used to endorse or promote products derived from th
      +                          is
    39                           ;        software without specific prior written permission.
    40                           ; 
    41                           ; THIS SOFTWARE IS PROVIDED BY MICROCHIP "AS IS" AND ANY EXPRESS OR IMPLIED WARRANTIES,
    42                           ; INCLUDING, BUT NOT LIMITED TO, THE IMPLIED WARRANTIES OF MERCHANTABILITY AND FITNESS F
      +                          OR
    43                           ; PURPOSE ARE DISCLAIMED.  IN NO EVENT SHALL MICROCHIP BE LIABLE FOR ANY DIRECT, INDIREC
      +                          T,
    44                           ; INCIDENTAL, SPECIAL, EXEMPLARY, OR CONSEQUENTIAL DAMAGES (INCLUDING BUT NOT LIMITED TO
    45                           ; PROCUREMENT OF SUBSTITUTE GOODS OR SERVICES; LOSS OF USE, DATA OR PROFITS; OR BUSINESS
    46                           ; INTERRUPTION) HOWSOEVER CAUSED AND ON ANY THEORY OF LIABILITY, WHETHER IN CONTRACT, ST
      +                          RICT
    47                           ; LIABILITY, OR TORT (INCLUDING NEGLIGENCE OR OTHERWISE) ARISING IN ANY WAY OUT OF THE U
      +                          SE OF
    48                           ; THIS SOFTWARE, EVEN IF ADVISED OF THE POSSIBILITY OF SUCH DAMAGE.
    49                           ; 
    50                           ; 
    51                           ; Code-generator required, PIC16F887 Definitions
    52                           ; 
    53                           ; SFR Addresses
    54  0000                     	;# 
    55  0001                     	;# 
    56  0002                     	;# 
    57  0003                     	;# 
    58  0004                     	;# 
    59  0005                     	;# 
    60  0006                     	;# 
    61  0007                     	;# 
    62  0008                     	;# 
    63  0009                     	;# 
    64  000A                     	;# 
    65  000B                     	;# 
    66  000C                     	;# 
    67  000D                     	;# 
    68  000E                     	;# 
    69  000E                     	;# 
    70  000F                     	;# 
    71  0010                     	;# 
    72  0011                     	;# 
    73  0012                     	;# 
    74  0013                     	;# 
    75  0014                     	;# 
    76  0015                     	;# 
    77  0015                     	;# 
    78  0016                     	;# 
    79  0017                     	;# 
    80  0018                     	;# 
    81  0019                     	;# 
    82  001A                     	;# 
    83  001B                     	;# 
    84  001B                     	;# 
    85  001C                     	;# 
    86  001D                     	;# 
    87  001E                     	;# 
    88  001F                     	;# 
    89  0081                     	;# 
    90  0085                     	;# 
    91  0086                     	;# 
    92  0087                     	;# 
    93  0088                     	;# 
    94  0089                     	;# 
    95  008C                     	;# 
    96  008D                     	;# 
    97  008E                     	;# 
    98  008F                     	;# 
    99  0090                     	;# 
   100  0091                     	;# 
   101  0092                     	;# 
   102  0093                     	;# 
   103  0093                     	;# 
   104  0093                     	;# 
   105  0094                     	;# 
   106  0095                     	;# 
   107  0096                     	;# 
   108  0097                     	;# 
   109  0098                     	;# 
   110  0099                     	;# 
   111  009A                     	;# 
   112  009B                     	;# 
   113  009C                     	;# 
   114  009D                     	;# 
   115  009E                     	;# 
   116  009F                     	;# 
   117  0105                     	;# 
   118  0107                     	;# 
   119  0108                     	;# 
   120  0109                     	;# 
   121  010C                     	;# 
   122  010C                     	;# 
   123  010D                     	;# 
   124  010E                     	;# 
   125  010F                     	;# 
   126  0185                     	;# 
   127  0187                     	;# 
   128  0188                     	;# 
   129  0189                     	;# 
   130  018C                     	;# 
   131  018D                     	;# 
   132  0000                     	;# 
   133  0001                     	;# 
   134  0002                     	;# 
   135  0003                     	;# 
   136  0004                     	;# 
   137  0005                     	;# 
   138  0006                     	;# 
   139  0007                     	;# 
   140  0008                     	;# 
   141  0009                     	;# 
   142  000A                     	;# 
   143  000B                     	;# 
   144  000C                     	;# 
   145  000D                     	;# 
   146  000E                     	;# 
   147  000E                     	;# 
   148  000F                     	;# 
   149  0010                     	;# 
   150  0011                     	;# 
   151  0012                     	;# 
   152  0013                     	;# 
   153  0014                     	;# 
   154  0015                     	;# 
   155  0015                     	;# 
   156  0016                     	;# 
   157  0017                     	;# 
   158  0018                     	;# 
   159  0019                     	;# 
   160  001A                     	;# 
   161  001B                     	;# 
   162  001B                     	;# 
   163  001C                     	;# 
   164  001D                     	;# 
   165  001E                     	;# 
   166  001F                     	;# 
   167  0081                     	;# 
   168  0085                     	;# 
   169  0086                     	;# 
   170  0087                     	;# 
   171  0088                     	;# 
   172  0089                     	;# 
   173  008C                     	;# 
   174  008D                     	;# 
   175  008E                     	;# 
   176  008F                     	;# 
   177  0090                     	;# 
   178  0091                     	;# 
   179  0092                     	;# 
   180  0093                     	;# 
   181  0093                     	;# 
   182  0093                     	;# 
   183  0094                     	;# 
   184  0095                     	;# 
   185  0096                     	;# 
   186  0097                     	;# 
   187  0098                     	;# 
   188  0099                     	;# 
   189  009A                     	;# 
   190  009B                     	;# 
   191  009C                     	;# 
   192  009D                     	;# 
   193  009E                     	;# 
   194  009F                     	;# 
   195  0105                     	;# 
   196  0107                     	;# 
   197  0108                     	;# 
   198  0109                     	;# 
   199  010C                     	;# 
   200  010C                     	;# 
   201  010D                     	;# 
   202  010E                     	;# 
   203  010F                     	;# 
   204  0185                     	;# 
   205  0187                     	;# 
   206  0188                     	;# 
   207  0189                     	;# 
   208  018C                     	;# 
   209  018D                     	;# 
   210  0000                     	;# 
   211  0001                     	;# 
   212  0002                     	;# 
   213  0003                     	;# 
   214  0004                     	;# 
   215  0005                     	;# 
   216  0006                     	;# 
   217  0007                     	;# 
   218  0008                     	;# 
   219  0009                     	;# 
   220  000A                     	;# 
   221  000B                     	;# 
   222  000C                     	;# 
   223  000D                     	;# 
   224  000E                     	;# 
   225  000E                     	;# 
   226  000F                     	;# 
   227  0010                     	;# 
   228  0011                     	;# 
   229  0012                     	;# 
   230  0013                     	;# 
   231  0014                     	;# 
   232  0015                     	;# 
   233  0015                     	;# 
   234  0016                     	;# 
   235  0017                     	;# 
   236  0018                     	;# 
   237  0019                     	;# 
   238  001A                     	;# 
   239  001B                     	;# 
   240  001B                     	;# 
   241  001C                     	;# 
   242  001D                     	;# 
   243  001E                     	;# 
   244  001F                     	;# 
   245  0081                     	;# 
   246  0085                     	;# 
   247  0086                     	;# 
   248  0087                     	;# 
   249  0088                     	;# 
   250  0089                     	;# 
   251  008C                     	;# 
   252  008D                     	;# 
   253  008E                     	;# 
   254  008F                     	;# 
   255  0090                     	;# 
   256  0091                     	;# 
   257  0092                     	;# 
   258  0093                     	;# 
   259  0093                     	;# 
   260  0093                     	;# 
   261  0094                     	;# 
   262  0095                     	;# 
   263  0096                     	;# 
   264  0097                     	;# 
   265  0098                     	;# 
   266  0099                     	;# 
   267  009A                     	;# 
   268  009B                     	;# 
   269  009C                     	;# 
   270  009D                     	;# 
   271  009E                     	;# 
   272  009F                     	;# 
   273  0105                     	;# 
   274  0107                     	;# 
   275  0108                     	;# 
   276  0109                     	;# 
   277  010C                     	;# 
   278  010C                     	;# 
   279  010D                     	;# 
   280  010E                     	;# 
   281  010F                     	;# 
   282  0185                     	;# 
   283  0187                     	;# 
   284  0188                     	;# 
   285  0189                     	;# 
   286  018C                     	;# 
   287  018D                     	;# 
   288  0000                     	;# 
   289  0001                     	;# 
   290  0002                     	;# 
   291  0003                     	;# 
   292  0004                     	;# 
   293  0005                     	;# 
   294  0006                     	;# 
   295  0007                     	;# 
   296  0008                     	;# 
   297  0009                     	;# 
   298  000A                     	;# 
   299  000B                     	;# 
   300  000C                     	;# 
   301  000D                     	;# 
   302  000E                     	;# 
   303  000E                     	;# 
   304  000F                     	;# 
   305  0010                     	;# 
   306  0011                     	;# 
   307  0012                     	;# 
   308  0013                     	;# 
   309  0014                     	;# 
   310  0015                     	;# 
   311  0015                     	;# 
   312  0016                     	;# 
   313  0017                     	;# 
   314  0018                     	;# 
   315  0019                     	;# 
   316  001A                     	;# 
   317  001B                     	;# 
   318  001B                     	;# 
   319  001C                     	;# 
   320  001D                     	;# 
   321  001E                     	;# 
   322  001F                     	;# 
   323  0081                     	;# 
   324  0085                     	;# 
   325  0086                     	;# 
   326  0087                     	;# 
   327  0088                     	;# 
   328  0089                     	;# 
   329  008C                     	;# 
   330  008D                     	;# 
   331  008E                     	;# 
   332  008F                     	;# 
   333  0090                     	;# 
   334  0091                     	;# 
   335  0092                     	;# 
   336  0093                     	;# 
   337  0093                     	;# 
   338  0093                     	;# 
   339  0094                     	;# 
   340  0095                     	;# 
   341  0096                     	;# 
   342  0097                     	;# 
   343  0098                     	;# 
   344  0099                     	;# 
   345  009A                     	;# 
   346  009B                     	;# 
   347  009C                     	;# 
   348  009D                     	;# 
   349  009E                     	;# 
   350  009F                     	;# 
   351  0105                     	;# 
   352  0107                     	;# 
   353  0108                     	;# 
   354  0109                     	;# 
   355  010C                     	;# 
   356  010C                     	;# 
   357  010D                     	;# 
   358  010E                     	;# 
   359  010F                     	;# 
   360  0185                     	;# 
   361  0187                     	;# 
   362  0188                     	;# 
   363  0189                     	;# 
   364  018C                     	;# 
   365  018D                     	;# 
   366  0013                     _SSPBUF	set	19
   367  0014                     _SSPCON	set	20
   368  000B                     _INTCONbits	set	11
   369  0005                     _PORTA	set	5
   370  0008                     _PORTD	set	8
   371  0006                     _PORTB	set	6
   372  0039                     _RC1	set	57
   373  0038                     _RC0	set	56
   374  0047                     _RD7	set	71
   375  0046                     _RD6	set	70
   376  0045                     _RD5	set	69
   377  0044                     _RD4	set	68
   378  0043                     _RD3	set	67
   379  0042                     _RD2	set	66
   380  0041                     _RD1	set	65
   381  0040                     _RD0	set	64
   382  0063                     _SSPIF	set	99
   383  005E                     _PEIE	set	94
   384  005F                     _GIE	set	95
   385  0091                     _SSPCON2bits	set	145
   386  0087                     _TRISCbits	set	135
   387  0094                     _SSPSTAT	set	148
   388  0093                     _SSPADD	set	147
   389  0091                     _SSPCON2	set	145
   390  0088                     _TRISD	set	136
   391  0086                     _TRISB	set	134
   392  0085                     _TRISA	set	133
   393  008F                     _OSCCONbits	set	143
   394  0463                     _SSPIE	set	1123
   395  043C                     _TRISC4	set	1084
   396  043B                     _TRISC3	set	1083
   397  0188                     _ANSEL	set	392
   398  0189                     _ANSELH	set	393
   399                           
   400                           	psect	cinit
   401  07F9                     start_initialization:	
   402                           ; #config settings
   403                           
   404  07F9                     __initialization:
   405                           
   406                           ; Clear objects allocated to BANK0
   407  07F9  1283               	bcf	3,5	;RP0=0, select bank0
   408  07FA  1303               	bcf	3,6	;RP1=0, select bank0
   409  07FB  01AB               	clrf	__pbssBANK0& (0+127)
   410  07FC                     end_of_initialization:	
   411                           ;End of C runtime variable initialization code
   412                           
   413  07FC                     __end_of__initialization:
   414  07FC  0183               	clrf	3
   415  07FD  120A  118A  2F8C   	ljmp	_main	;jump to C main() function
   416                           
   417                           	psect	bssBANK0
   418  002B                     __pbssBANK0:
   419  002B                     _a:
   420  002B                     	ds	1
   421                           
   422                           	psect	cstackCOMMON
   423  0070                     __pcstackCOMMON:
   424  0070                     ?_setup:
   425  0070                     ?_I2C_Master_Start:	
   426                           ; 1 bytes @ 0x0
   427                           
   428  0070                     ??_I2C_Master_Start:	
   429                           ; 1 bytes @ 0x0
   430                           
   431  0070                     ?_I2C_Master_Write:	
   432                           ; 1 bytes @ 0x0
   433                           
   434  0070                     ?_I2C_Master_Stop:	
   435                           ; 1 bytes @ 0x0
   436                           
   437  0070                     ??_I2C_Master_Stop:	
   438                           ; 1 bytes @ 0x0
   439                           
   440  0070                     ?_main:	
   441                           ; 1 bytes @ 0x0
   442                           
   443  0070                     ?_I2C_Master_Wait:	
   444                           ; 1 bytes @ 0x0
   445                           
   446  0070                     ??_I2C_Master_Wait:	
   447                           ; 1 bytes @ 0x0
   448                           
   449  0070                     ?_I2C_Master_Read:	
   450                           ; 1 bytes @ 0x0
   451                           
   452  0070                     ?___lldiv:	
   453                           ; 2 bytes @ 0x0
   454                           
   455  0070                     I2C_Master_Write@d:	
   456                           ; 4 bytes @ 0x0
   457                           
   458  0070                     I2C_Master_Read@a:	
   459                           ; 2 bytes @ 0x0
   460                           
   461  0070                     ___lldiv@divisor:	
   462                           ; 2 bytes @ 0x0
   463                           
   464                           
   465                           ; 4 bytes @ 0x0
   466  0070                     	ds	2
   467  0072                     ??_I2C_Master_Write:
   468  0072                     ??_I2C_Master_Read:	
   469                           ; 1 bytes @ 0x2
   470                           
   471                           
   472                           ; 1 bytes @ 0x2
   473  0072                     	ds	2
   474  0074                     I2C_Master_Read@temp:
   475  0074                     ___lldiv@dividend:	
   476                           ; 2 bytes @ 0x4
   477                           
   478                           
   479                           ; 4 bytes @ 0x4
   480  0074                     	ds	4
   481  0078                     ??___lldiv:
   482                           
   483                           ; 1 bytes @ 0x8
   484  0078                     	ds	1
   485  0079                     ___lldiv@quotient:
   486                           
   487                           ; 4 bytes @ 0x9
   488  0079                     	ds	4
   489  007D                     ___lldiv@counter:
   490                           
   491                           ; 1 bytes @ 0xD
   492  007D                     	ds	1
   493  007E                     ??_setup:
   494                           
   495                           	psect	cstackBANK0
   496  0020                     __pcstackBANK0:	
   497                           ; 1 bytes @ 0xE
   498                           
   499  0020                     ?_I2C_Master_Init:
   500  0020                     I2C_Master_Init@c:	
   501                           ; 1 bytes @ 0x0
   502                           
   503                           
   504                           ; 4 bytes @ 0x0
   505  0020                     	ds	4
   506  0024                     ??_I2C_Master_Init:
   507                           
   508                           ; 1 bytes @ 0x4
   509  0024                     	ds	4
   510  0028                     ??_main:
   511                           
   512                           ; 1 bytes @ 0x8
   513  0028                     	ds	3
   514                           
   515                           	psect	maintext
   516  078C                     __pmaintext:	
   517 ;;
   518 ;;Main: autosize = 0, tempsize = 3, incstack = 0, save=0
   519 ;;
   520 ;; *************** function _main *****************
   521 ;; Defined at:
   522 ;;		line 51 in file "lab4master.c"
   523 ;; Parameters:    Size  Location     Type
   524 ;;		None
   525 ;; Auto vars:     Size  Location     Type
   526 ;;		None
   527 ;; Return value:  Size  Location     Type
   528 ;;                  1    wreg      void 
   529 ;; Registers used:
   530 ;;		wreg, status,2, status,0, pclath, cstack
   531 ;; Tracked objects:
   532 ;;		On entry : B00/0
   533 ;;		On exit  : 0/0
   534 ;;		Unchanged: 0/0
   535 ;; Data sizes:     COMMON   BANK0   BANK1   BANK3   BANK2
   536 ;;      Params:         0       0       0       0       0
   537 ;;      Locals:         0       0       0       0       0
   538 ;;      Temps:          0       3       0       0       0
   539 ;;      Totals:         0       3       0       0       0
   540 ;;Total ram usage:        3 bytes
   541 ;; Hardware stack levels required when called:    3
   542 ;; This function calls:
   543 ;;		_I2C_Master_Read
   544 ;;		_I2C_Master_Start
   545 ;;		_I2C_Master_Stop
   546 ;;		_I2C_Master_Write
   547 ;;		_setup
   548 ;; This function is called by:
   549 ;;		Startup code after reset
   550 ;; This function uses a non-reentrant model
   551 ;;
   552                           
   553                           
   554                           ;psect for function _main
   555  078C                     _main:
   556  078C                     l1051:	
   557                           ;incstack = 0
   558                           ; Regs used in _main: [wreg+status,2+status,0+pclath+cstack]
   559                           
   560                           
   561                           ;lab4master.c: 52:     setup();
   562  078C  120A  118A  269D  120A  118A  	fcall	_setup
   563  0791                     l41:	
   564                           ;lab4master.c: 53:     while(1){
   565                           
   566                           
   567                           ;lab4master.c: 54:         I2C_Master_Start();
   568  0791  120A  118A  2674  120A  118A  	fcall	_I2C_Master_Start
   569                           
   570                           ;lab4master.c: 55:         I2C_Master_Write(0x50);
   571  0796  3050               	movlw	80
   572  0797  00F0               	movwf	I2C_Master_Write@d
   573  0798  3000               	movlw	0
   574  0799  00F1               	movwf	I2C_Master_Write@d+1
   575  079A  120A  118A  2686  120A  118A  	fcall	_I2C_Master_Write
   576                           
   577                           ;lab4master.c: 56:         I2C_Master_Write(PORTB);
   578  079F  1283               	bcf	3,5	;RP0=0, select bank0
   579  07A0  1303               	bcf	3,6	;RP1=0, select bank0
   580  07A1  0806               	movf	6,w	;volatile
   581  07A2  00A8               	movwf	??_main
   582  07A3  01A9               	clrf	??_main+1
   583  07A4  0828               	movf	??_main,w
   584  07A5  00F0               	movwf	I2C_Master_Write@d
   585  07A6  0829               	movf	??_main+1,w
   586  07A7  00F1               	movwf	I2C_Master_Write@d+1
   587  07A8  120A  118A  2686  120A  118A  	fcall	_I2C_Master_Write
   588                           
   589                           ;lab4master.c: 57:         I2C_Master_Stop();
   590  07AD  120A  118A  267D  120A  118A  	fcall	_I2C_Master_Stop
   591  07B2                     l1053:
   592                           
   593                           ;lab4master.c: 58:         _delay((unsigned long)((200)*(8000000/4000.0)));
   594  07B2  3003               	movlw	3
   595  07B3  1283               	bcf	3,5	;RP0=0, select bank0
   596  07B4  1303               	bcf	3,6	;RP1=0, select bank0
   597  07B5  00AA               	movwf	??_main+2
   598  07B6  3008               	movlw	8
   599  07B7  00A9               	movwf	??_main+1
   600  07B8  3076               	movlw	118
   601  07B9  00A8               	movwf	??_main
   602  07BA                     u327:
   603  07BA  0BA8               	decfsz	??_main,f
   604  07BB  2FBA               	goto	u327
   605  07BC  0BA9               	decfsz	??_main+1,f
   606  07BD  2FBA               	goto	u327
   607  07BE  0BAA               	decfsz	??_main+2,f
   608  07BF  2FBA               	goto	u327
   609  07C0  0000               	nop
   610  07C1                     l1055:
   611                           
   612                           ;lab4master.c: 60:         I2C_Master_Start();
   613  07C1  120A  118A  2674  120A  118A  	fcall	_I2C_Master_Start
   614  07C6                     l1057:
   615                           
   616                           ;lab4master.c: 61:         I2C_Master_Write(0x51);
   617  07C6  3051               	movlw	81
   618  07C7  00F0               	movwf	I2C_Master_Write@d
   619  07C8  3000               	movlw	0
   620  07C9  00F1               	movwf	I2C_Master_Write@d+1
   621  07CA  120A  118A  2686  120A  118A  	fcall	_I2C_Master_Write
   622  07CF                     l1059:
   623                           
   624                           ;lab4master.c: 62:         PORTD = I2C_Master_Read(0);
   625  07CF  3000               	movlw	0
   626  07D0  00F0               	movwf	I2C_Master_Read@a
   627  07D1  00F1               	movwf	I2C_Master_Read@a+1
   628  07D2  120A  118A  26C0  120A  118A  	fcall	_I2C_Master_Read
   629  07D7  0870               	movf	?_I2C_Master_Read,w
   630  07D8  1283               	bcf	3,5	;RP0=0, select bank0
   631  07D9  1303               	bcf	3,6	;RP1=0, select bank0
   632  07DA  0088               	movwf	8	;volatile
   633  07DB                     l1061:
   634                           
   635                           ;lab4master.c: 63:         I2C_Master_Stop();
   636  07DB  120A  118A  267D  120A  118A  	fcall	_I2C_Master_Stop
   637  07E0                     l1063:
   638                           
   639                           ;lab4master.c: 64:         _delay((unsigned long)((200)*(8000000/4000.0)));
   640  07E0  3003               	movlw	3
   641  07E1  1283               	bcf	3,5	;RP0=0, select bank0
   642  07E2  1303               	bcf	3,6	;RP1=0, select bank0
   643  07E3  00AA               	movwf	??_main+2
   644  07E4  3008               	movlw	8
   645  07E5  00A9               	movwf	??_main+1
   646  07E6  3076               	movlw	118
   647  07E7  00A8               	movwf	??_main
   648  07E8                     u337:
   649  07E8  0BA8               	decfsz	??_main,f
   650  07E9  2FE8               	goto	u337
   651  07EA  0BA9               	decfsz	??_main+1,f
   652  07EB  2FE8               	goto	u337
   653  07EC  0BAA               	decfsz	??_main+2,f
   654  07ED  2FE8               	goto	u337
   655  07EE  0000               	nop
   656  07EF                     l1065:
   657                           
   658                           ;lab4master.c: 65:         PORTB++;
   659  07EF  3001               	movlw	1
   660  07F0  1283               	bcf	3,5	;RP0=0, select bank0
   661  07F1  1303               	bcf	3,6	;RP1=0, select bank0
   662  07F2  00A8               	movwf	??_main
   663  07F3  0828               	movf	??_main,w
   664  07F4  0786               	addwf	6,f	;volatile
   665  07F5  2F91               	goto	l41
   666  07F6  120A  118A  2800   	ljmp	start
   667  07F9                     __end_of_main:
   668                           
   669                           	psect	text1
   670  069D                     __ptext1:	
   671 ;; *************** function _setup *****************
   672 ;; Defined at:
   673 ;;		line 72 in file "lab4master.c"
   674 ;; Parameters:    Size  Location     Type
   675 ;;		None
   676 ;; Auto vars:     Size  Location     Type
   677 ;;		None
   678 ;; Return value:  Size  Location     Type
   679 ;;                  1    wreg      void 
   680 ;; Registers used:
   681 ;;		wreg, status,2, status,0, pclath, cstack
   682 ;; Tracked objects:
   683 ;;		On entry : 0/0
   684 ;;		On exit  : 0/0
   685 ;;		Unchanged: 0/0
   686 ;; Data sizes:     COMMON   BANK0   BANK1   BANK3   BANK2
   687 ;;      Params:         0       0       0       0       0
   688 ;;      Locals:         0       0       0       0       0
   689 ;;      Temps:          0       0       0       0       0
   690 ;;      Totals:         0       0       0       0       0
   691 ;;Total ram usage:        0 bytes
   692 ;; Hardware stack levels used:    1
   693 ;; Hardware stack levels required when called:    2
   694 ;; This function calls:
   695 ;;		_I2C_Master_Init
   696 ;; This function is called by:
   697 ;;		_main
   698 ;; This function uses a non-reentrant model
   699 ;;
   700                           
   701                           
   702                           ;psect for function _setup
   703  069D                     _setup:
   704  069D                     l1005:	
   705                           ;incstack = 0
   706                           ; Regs used in _setup: [wreg+status,2+status,0+pclath+cstack]
   707                           
   708                           
   709                           ;lab4master.c: 75:     OSCCONbits.IRCF = 7;
   710  069D  3070               	movlw	112
   711  069E  1683               	bsf	3,5	;RP0=1, select bank1
   712  069F  1303               	bcf	3,6	;RP1=0, select bank1
   713  06A0  048F               	iorwf	15,f	;volatile
   714  06A1                     l1007:
   715                           
   716                           ;lab4master.c: 76:     OSCCONbits.SCS = 1;
   717  06A1  140F               	bsf	15,0	;volatile
   718  06A2                     l1009:
   719                           
   720                           ;lab4master.c: 78:     ANSELH = 0;
   721  06A2  1683               	bsf	3,5	;RP0=1, select bank3
   722  06A3  1703               	bsf	3,6	;RP1=1, select bank3
   723  06A4  0189               	clrf	9	;volatile
   724  06A5                     l1011:
   725                           
   726                           ;lab4master.c: 79:     ANSEL = 0;
   727  06A5  0188               	clrf	8	;volatile
   728  06A6                     l1013:
   729                           
   730                           ;lab4master.c: 80:     TRISA = 0;
   731  06A6  1683               	bsf	3,5	;RP0=1, select bank1
   732  06A7  1303               	bcf	3,6	;RP1=0, select bank1
   733  06A8  0185               	clrf	5	;volatile
   734  06A9                     l1015:
   735                           
   736                           ;lab4master.c: 81:     TRISB = 0;
   737  06A9  0186               	clrf	6	;volatile
   738  06AA                     l1017:
   739                           
   740                           ;lab4master.c: 82:     TRISD = 0;
   741  06AA  0188               	clrf	8	;volatile
   742  06AB                     l1019:
   743                           
   744                           ;lab4master.c: 83:     PORTA = 0;
   745  06AB  1283               	bcf	3,5	;RP0=0, select bank0
   746  06AC  1303               	bcf	3,6	;RP1=0, select bank0
   747  06AD  0185               	clrf	5	;volatile
   748  06AE                     l1021:
   749                           
   750                           ;lab4master.c: 84:     PORTB = 0;
   751  06AE  0186               	clrf	6	;volatile
   752  06AF                     l1023:
   753                           
   754                           ;lab4master.c: 85:     PORTD = 0;
   755  06AF  0188               	clrf	8	;volatile
   756  06B0                     l1025:
   757                           
   758                           ;lab4master.c: 87:     INTCONbits.GIE = 1;
   759  06B0  178B               	bsf	11,7	;volatile
   760  06B1                     l1027:
   761                           
   762                           ;lab4master.c: 88:     INTCONbits.PEIE = 1;
   763  06B1  170B               	bsf	11,6	;volatile
   764  06B2                     l1029:
   765                           
   766                           ;lab4master.c: 89:     I2C_Master_Init(100000);
   767  06B2  3000               	movlw	0
   768  06B3  00A3               	movwf	I2C_Master_Init@c+3
   769  06B4  3001               	movlw	1
   770  06B5  00A2               	movwf	I2C_Master_Init@c+2
   771  06B6  3086               	movlw	134
   772  06B7  00A1               	movwf	I2C_Master_Init@c+1
   773  06B8  30A0               	movlw	160
   774  06B9  00A0               	movwf	I2C_Master_Init@c
   775  06BA  120A  118A  26EE  120A  118A  	fcall	_I2C_Master_Init
   776  06BF                     l47:
   777  06BF  0008               	return
   778  06C0                     __end_of_setup:
   779                           
   780                           	psect	text2
   781  06EE                     __ptext2:	
   782 ;; *************** function _I2C_Master_Init *****************
   783 ;; Defined at:
   784 ;;		line 16 in file "I2C.c"
   785 ;; Parameters:    Size  Location     Type
   786 ;;  c               4    0[BANK0 ] const unsigned long 
   787 ;; Auto vars:     Size  Location     Type
   788 ;;		None
   789 ;; Return value:  Size  Location     Type
   790 ;;                  1    wreg      void 
   791 ;; Registers used:
   792 ;;		wreg, status,2, status,0, pclath, cstack
   793 ;; Tracked objects:
   794 ;;		On entry : 0/0
   795 ;;		On exit  : 0/0
   796 ;;		Unchanged: 0/0
   797 ;; Data sizes:     COMMON   BANK0   BANK1   BANK3   BANK2
   798 ;;      Params:         0       4       0       0       0
   799 ;;      Locals:         0       0       0       0       0
   800 ;;      Temps:          0       4       0       0       0
   801 ;;      Totals:         0       8       0       0       0
   802 ;;Total ram usage:        8 bytes
   803 ;; Hardware stack levels used:    1
   804 ;; Hardware stack levels required when called:    1
   805 ;; This function calls:
   806 ;;		___lldiv
   807 ;; This function is called by:
   808 ;;		_setup
   809 ;; This function uses a non-reentrant model
   810 ;;
   811                           
   812                           
   813                           ;psect for function _I2C_Master_Init
   814  06EE                     _I2C_Master_Init:
   815  06EE                     l993:	
   816                           ;incstack = 0
   817                           ; Regs used in _I2C_Master_Init: [wreg+status,2+status,0+pclath+cstack]
   818                           
   819                           
   820                           ;I2C.c: 16: void I2C_Master_Init(const unsigned long c);I2C.c: 17: {;I2C.c: 18:     SSPC
      +                          ON = 0b00101000;
   821  06EE  3028               	movlw	40
   822  06EF  1283               	bcf	3,5	;RP0=0, select bank0
   823  06F0  1303               	bcf	3,6	;RP1=0, select bank0
   824  06F1  0094               	movwf	20	;volatile
   825  06F2                     l995:
   826                           
   827                           ;I2C.c: 19:     SSPCON2 = 0;
   828  06F2  1683               	bsf	3,5	;RP0=1, select bank1
   829  06F3  1303               	bcf	3,6	;RP1=0, select bank1
   830  06F4  0191               	clrf	17	;volatile
   831  06F5                     l997:
   832                           
   833                           ;I2C.c: 20:     SSPADD = (8000000/(4*c))-1;
   834  06F5  1283               	bcf	3,5	;RP0=0, select bank0
   835  06F6  1303               	bcf	3,6	;RP1=0, select bank0
   836  06F7  0820               	movf	I2C_Master_Init@c,w
   837  06F8  00A4               	movwf	??_I2C_Master_Init
   838  06F9  0821               	movf	I2C_Master_Init@c+1,w
   839  06FA  00A5               	movwf	??_I2C_Master_Init+1
   840  06FB  0822               	movf	I2C_Master_Init@c+2,w
   841  06FC  00A6               	movwf	??_I2C_Master_Init+2
   842  06FD  0823               	movf	I2C_Master_Init@c+3,w
   843  06FE  00A7               	movwf	??_I2C_Master_Init+3
   844  06FF  3002               	movlw	2
   845  0700                     u305:
   846  0700  1003               	clrc
   847  0701  0DA4               	rlf	??_I2C_Master_Init,f
   848  0702  0DA5               	rlf	??_I2C_Master_Init+1,f
   849  0703  0DA6               	rlf	??_I2C_Master_Init+2,f
   850  0704  0DA7               	rlf	??_I2C_Master_Init+3,f
   851  0705                     u300:
   852  0705  3EFF               	addlw	-1
   853  0706  1D03               	skipz
   854  0707  2F00               	goto	u305
   855  0708  0827               	movf	??_I2C_Master_Init+3,w
   856  0709  00F3               	movwf	___lldiv@divisor+3
   857  070A  0826               	movf	??_I2C_Master_Init+2,w
   858  070B  00F2               	movwf	___lldiv@divisor+2
   859  070C  0825               	movf	??_I2C_Master_Init+1,w
   860  070D  00F1               	movwf	___lldiv@divisor+1
   861  070E  0824               	movf	??_I2C_Master_Init,w
   862  070F  00F0               	movwf	___lldiv@divisor
   863  0710  3000               	movlw	0
   864  0711  00F7               	movwf	___lldiv@dividend+3
   865  0712  307A               	movlw	122
   866  0713  00F6               	movwf	___lldiv@dividend+2
   867  0714  3012               	movlw	18
   868  0715  00F5               	movwf	___lldiv@dividend+1
   869  0716  3000               	movlw	0
   870  0717  00F4               	movwf	___lldiv@dividend
   871  0718  120A  118A  2726  120A  118A  	fcall	___lldiv
   872  071D  0870               	movf	?___lldiv,w
   873  071E  3EFF               	addlw	255
   874  071F  1683               	bsf	3,5	;RP0=1, select bank1
   875  0720  1303               	bcf	3,6	;RP1=0, select bank1
   876  0721  0093               	movwf	19	;volatile
   877  0722                     l999:
   878                           
   879                           ;I2C.c: 21:     SSPSTAT = 0;
   880  0722  0194               	clrf	20	;volatile
   881  0723                     l1001:
   882                           
   883                           ;I2C.c: 22:     TRISCbits.TRISC3 = 1;
   884  0723  1587               	bsf	7,3	;volatile
   885  0724                     l1003:
   886                           
   887                           ;I2C.c: 23:     TRISCbits.TRISC4 = 1;
   888  0724  1607               	bsf	7,4	;volatile
   889  0725                     l76:
   890  0725  0008               	return
   891  0726                     __end_of_I2C_Master_Init:
   892                           
   893                           	psect	text3
   894  0726                     __ptext3:	
   895 ;; *************** function ___lldiv *****************
   896 ;; Defined at:
   897 ;;		line 5 in file "C:\Program Files\Microchip\xc8\v2.31\pic\sources\c90\common\__lldiv.c"
   898 ;; Parameters:    Size  Location     Type
   899 ;;  divisor         4    0[COMMON] unsigned long 
   900 ;;  dividend        4    4[COMMON] unsigned long 
   901 ;; Auto vars:     Size  Location     Type
   902 ;;  quotient        4    9[COMMON] unsigned long 
   903 ;;  counter         1   13[COMMON] unsigned char 
   904 ;; Return value:  Size  Location     Type
   905 ;;                  4    0[COMMON] unsigned long 
   906 ;; Registers used:
   907 ;;		wreg, status,2, status,0
   908 ;; Tracked objects:
   909 ;;		On entry : 0/0
   910 ;;		On exit  : 0/0
   911 ;;		Unchanged: 0/0
   912 ;; Data sizes:     COMMON   BANK0   BANK1   BANK3   BANK2
   913 ;;      Params:         8       0       0       0       0
   914 ;;      Locals:         5       0       0       0       0
   915 ;;      Temps:          1       0       0       0       0
   916 ;;      Totals:        14       0       0       0       0
   917 ;;Total ram usage:       14 bytes
   918 ;; Hardware stack levels used:    1
   919 ;; This function calls:
   920 ;;		Nothing
   921 ;; This function is called by:
   922 ;;		_I2C_Master_Init
   923 ;; This function uses a non-reentrant model
   924 ;;
   925                           
   926                           
   927                           ;psect for function ___lldiv
   928  0726                     ___lldiv:
   929  0726                     l969:	
   930                           ;incstack = 0
   931                           ; Regs used in ___lldiv: [wreg+status,2+status,0]
   932                           
   933  0726  3000               	movlw	0
   934  0727  00FC               	movwf	___lldiv@quotient+3
   935  0728  3000               	movlw	0
   936  0729  00FB               	movwf	___lldiv@quotient+2
   937  072A  3000               	movlw	0
   938  072B  00FA               	movwf	___lldiv@quotient+1
   939  072C  3000               	movlw	0
   940  072D  00F9               	movwf	___lldiv@quotient
   941  072E  0873               	movf	___lldiv@divisor+3,w
   942  072F  0472               	iorwf	___lldiv@divisor+2,w
   943  0730  0471               	iorwf	___lldiv@divisor+1,w
   944  0731  0470               	iorwf	___lldiv@divisor,w
   945  0732  1903               	skipnz
   946  0733  2F35               	goto	u231
   947  0734  2F36               	goto	u230
   948  0735                     u231:
   949  0735  2F83               	goto	l989
   950  0736                     u230:
   951  0736                     l971:
   952  0736  01FD               	clrf	___lldiv@counter
   953  0737  0AFD               	incf	___lldiv@counter,f
   954  0738  2F46               	goto	l975
   955  0739                     l973:
   956  0739  3001               	movlw	1
   957  073A  00F8               	movwf	??___lldiv
   958  073B                     u245:
   959  073B  1003               	clrc
   960  073C  0DF0               	rlf	___lldiv@divisor,f
   961  073D  0DF1               	rlf	___lldiv@divisor+1,f
   962  073E  0DF2               	rlf	___lldiv@divisor+2,f
   963  073F  0DF3               	rlf	___lldiv@divisor+3,f
   964  0740  0BF8               	decfsz	??___lldiv,f
   965  0741  2F3B               	goto	u245
   966  0742  3001               	movlw	1
   967  0743  00F8               	movwf	??___lldiv
   968  0744  0878               	movf	??___lldiv,w
   969  0745  07FD               	addwf	___lldiv@counter,f
   970  0746                     l975:
   971  0746  1FF3               	btfss	___lldiv@divisor+3,7
   972  0747  2F49               	goto	u251
   973  0748  2F4A               	goto	u250
   974  0749                     u251:
   975  0749  2F39               	goto	l973
   976  074A                     u250:
   977  074A                     l977:
   978  074A  3001               	movlw	1
   979  074B  00F8               	movwf	??___lldiv
   980  074C                     u265:
   981  074C  1003               	clrc
   982  074D  0DF9               	rlf	___lldiv@quotient,f
   983  074E  0DFA               	rlf	___lldiv@quotient+1,f
   984  074F  0DFB               	rlf	___lldiv@quotient+2,f
   985  0750  0DFC               	rlf	___lldiv@quotient+3,f
   986  0751  0BF8               	decfsz	??___lldiv,f
   987  0752  2F4C               	goto	u265
   988  0753                     l979:
   989  0753  0873               	movf	___lldiv@divisor+3,w
   990  0754  0277               	subwf	___lldiv@dividend+3,w
   991  0755  1D03               	skipz
   992  0756  2F61               	goto	u275
   993  0757  0872               	movf	___lldiv@divisor+2,w
   994  0758  0276               	subwf	___lldiv@dividend+2,w
   995  0759  1D03               	skipz
   996  075A  2F61               	goto	u275
   997  075B  0871               	movf	___lldiv@divisor+1,w
   998  075C  0275               	subwf	___lldiv@dividend+1,w
   999  075D  1D03               	skipz
  1000  075E  2F61               	goto	u275
  1001  075F  0870               	movf	___lldiv@divisor,w
  1002  0760  0274               	subwf	___lldiv@dividend,w
  1003  0761                     u275:
  1004  0761  1C03               	skipc
  1005  0762  2F64               	goto	u271
  1006  0763  2F65               	goto	u270
  1007  0764                     u271:
  1008  0764  2F74               	goto	l985
  1009  0765                     u270:
  1010  0765                     l981:
  1011  0765  0870               	movf	___lldiv@divisor,w
  1012  0766  02F4               	subwf	___lldiv@dividend,f
  1013  0767  0871               	movf	___lldiv@divisor+1,w
  1014  0768  1C03               	skipc
  1015  0769  0F71               	incfsz	___lldiv@divisor+1,w
  1016  076A  02F5               	subwf	___lldiv@dividend+1,f
  1017  076B  0872               	movf	___lldiv@divisor+2,w
  1018  076C  1C03               	skipc
  1019  076D  0F72               	incfsz	___lldiv@divisor+2,w
  1020  076E  02F6               	subwf	___lldiv@dividend+2,f
  1021  076F  0873               	movf	___lldiv@divisor+3,w
  1022  0770  1C03               	skipc
  1023  0771  0F73               	incfsz	___lldiv@divisor+3,w
  1024  0772  02F7               	subwf	___lldiv@dividend+3,f
  1025  0773                     l983:
  1026  0773  1479               	bsf	___lldiv@quotient,0
  1027  0774                     l985:
  1028  0774  3001               	movlw	1
  1029  0775                     u285:
  1030  0775  1003               	clrc
  1031  0776  0CF3               	rrf	___lldiv@divisor+3,f
  1032  0777  0CF2               	rrf	___lldiv@divisor+2,f
  1033  0778  0CF1               	rrf	___lldiv@divisor+1,f
  1034  0779  0CF0               	rrf	___lldiv@divisor,f
  1035  077A  3EFF               	addlw	-1
  1036  077B  1D03               	skipz
  1037  077C  2F75               	goto	u285
  1038  077D                     l987:
  1039  077D  3001               	movlw	1
  1040  077E  02FD               	subwf	___lldiv@counter,f
  1041  077F  1D03               	btfss	3,2
  1042  0780  2F82               	goto	u291
  1043  0781  2F83               	goto	u290
  1044  0782                     u291:
  1045  0782  2F4A               	goto	l977
  1046  0783                     u290:
  1047  0783                     l989:
  1048  0783  087C               	movf	___lldiv@quotient+3,w
  1049  0784  00F3               	movwf	?___lldiv+3
  1050  0785  087B               	movf	___lldiv@quotient+2,w
  1051  0786  00F2               	movwf	?___lldiv+2
  1052  0787  087A               	movf	___lldiv@quotient+1,w
  1053  0788  00F1               	movwf	?___lldiv+1
  1054  0789  0879               	movf	___lldiv@quotient,w
  1055  078A  00F0               	movwf	?___lldiv
  1056  078B                     l297:
  1057  078B  0008               	return
  1058  078C                     __end_of___lldiv:
  1059                           
  1060                           	psect	text4
  1061  0686                     __ptext4:	
  1062 ;; *************** function _I2C_Master_Write *****************
  1063 ;; Defined at:
  1064 ;;		line 65 in file "I2C.c"
  1065 ;; Parameters:    Size  Location     Type
  1066 ;;  d               2    0[COMMON] unsigned int 
  1067 ;; Auto vars:     Size  Location     Type
  1068 ;;		None
  1069 ;; Return value:  Size  Location     Type
  1070 ;;                  1    wreg      void 
  1071 ;; Registers used:
  1072 ;;		wreg, status,2, status,0, pclath, cstack
  1073 ;; Tracked objects:
  1074 ;;		On entry : 0/0
  1075 ;;		On exit  : 0/0
  1076 ;;		Unchanged: 0/0
  1077 ;; Data sizes:     COMMON   BANK0   BANK1   BANK3   BANK2
  1078 ;;      Params:         2       0       0       0       0
  1079 ;;      Locals:         0       0       0       0       0
  1080 ;;      Temps:          0       0       0       0       0
  1081 ;;      Totals:         2       0       0       0       0
  1082 ;;Total ram usage:        2 bytes
  1083 ;; Hardware stack levels used:    1
  1084 ;; Hardware stack levels required when called:    1
  1085 ;; This function calls:
  1086 ;;		_I2C_Master_Wait
  1087 ;; This function is called by:
  1088 ;;		_main
  1089 ;; This function uses a non-reentrant model
  1090 ;;
  1091                           
  1092                           
  1093                           ;psect for function _I2C_Master_Write
  1094  0686                     _I2C_Master_Write:
  1095  0686                     l1031:	
  1096                           ;incstack = 0
  1097                           ; Regs used in _I2C_Master_Write: [wreg+status,2+status,0+pclath+cstack]
  1098                           
  1099                           
  1100                           ;I2C.c: 65: void I2C_Master_Write(unsigned d);I2C.c: 66: {;I2C.c: 67:     I2C_Master_Wai
      +                          t();
  1101  0686  120A  118A  2690  120A  118A  	fcall	_I2C_Master_Wait
  1102  068B                     l1033:
  1103                           
  1104                           ;I2C.c: 68:     SSPBUF = d;
  1105  068B  0870               	movf	I2C_Master_Write@d,w
  1106  068C  1283               	bcf	3,5	;RP0=0, select bank0
  1107  068D  1303               	bcf	3,6	;RP1=0, select bank0
  1108  068E  0093               	movwf	19	;volatile
  1109  068F                     l94:
  1110  068F  0008               	return
  1111  0690                     __end_of_I2C_Master_Write:
  1112                           
  1113                           	psect	text5
  1114  067D                     __ptext5:	
  1115 ;; *************** function _I2C_Master_Stop *****************
  1116 ;; Defined at:
  1117 ;;		line 55 in file "I2C.c"
  1118 ;; Parameters:    Size  Location     Type
  1119 ;;		None
  1120 ;; Auto vars:     Size  Location     Type
  1121 ;;		None
  1122 ;; Return value:  Size  Location     Type
  1123 ;;                  1    wreg      void 
  1124 ;; Registers used:
  1125 ;;		wreg, status,2, status,0, pclath, cstack
  1126 ;; Tracked objects:
  1127 ;;		On entry : 0/0
  1128 ;;		On exit  : 0/0
  1129 ;;		Unchanged: 0/0
  1130 ;; Data sizes:     COMMON   BANK0   BANK1   BANK3   BANK2
  1131 ;;      Params:         0       0       0       0       0
  1132 ;;      Locals:         0       0       0       0       0
  1133 ;;      Temps:          0       0       0       0       0
  1134 ;;      Totals:         0       0       0       0       0
  1135 ;;Total ram usage:        0 bytes
  1136 ;; Hardware stack levels used:    1
  1137 ;; Hardware stack levels required when called:    1
  1138 ;; This function calls:
  1139 ;;		_I2C_Master_Wait
  1140 ;; This function is called by:
  1141 ;;		_main
  1142 ;; This function uses a non-reentrant model
  1143 ;;
  1144                           
  1145                           
  1146                           ;psect for function _I2C_Master_Stop
  1147  067D                     _I2C_Master_Stop:
  1148  067D                     l859:	
  1149                           ;incstack = 0
  1150                           ; Regs used in _I2C_Master_Stop: [wreg+status,2+status,0+pclath+cstack]
  1151                           
  1152                           
  1153                           ;I2C.c: 57:     I2C_Master_Wait();
  1154  067D  120A  118A  2690  120A  118A  	fcall	_I2C_Master_Wait
  1155  0682                     l861:
  1156                           
  1157                           ;I2C.c: 58:     SSPCON2bits.PEN = 1;
  1158  0682  1683               	bsf	3,5	;RP0=1, select bank1
  1159  0683  1303               	bcf	3,6	;RP1=0, select bank1
  1160  0684  1511               	bsf	17,2	;volatile
  1161  0685                     l91:
  1162  0685  0008               	return
  1163  0686                     __end_of_I2C_Master_Stop:
  1164                           
  1165                           	psect	text6
  1166  0674                     __ptext6:	
  1167 ;; *************** function _I2C_Master_Start *****************
  1168 ;; Defined at:
  1169 ;;		line 39 in file "I2C.c"
  1170 ;; Parameters:    Size  Location     Type
  1171 ;;		None
  1172 ;; Auto vars:     Size  Location     Type
  1173 ;;		None
  1174 ;; Return value:  Size  Location     Type
  1175 ;;                  1    wreg      void 
  1176 ;; Registers used:
  1177 ;;		wreg, status,2, status,0, pclath, cstack
  1178 ;; Tracked objects:
  1179 ;;		On entry : 0/0
  1180 ;;		On exit  : 0/0
  1181 ;;		Unchanged: 0/0
  1182 ;; Data sizes:     COMMON   BANK0   BANK1   BANK3   BANK2
  1183 ;;      Params:         0       0       0       0       0
  1184 ;;      Locals:         0       0       0       0       0
  1185 ;;      Temps:          0       0       0       0       0
  1186 ;;      Totals:         0       0       0       0       0
  1187 ;;Total ram usage:        0 bytes
  1188 ;; Hardware stack levels used:    1
  1189 ;; Hardware stack levels required when called:    1
  1190 ;; This function calls:
  1191 ;;		_I2C_Master_Wait
  1192 ;; This function is called by:
  1193 ;;		_main
  1194 ;; This function uses a non-reentrant model
  1195 ;;
  1196                           
  1197                           
  1198                           ;psect for function _I2C_Master_Start
  1199  0674                     _I2C_Master_Start:
  1200  0674                     l851:	
  1201                           ;incstack = 0
  1202                           ; Regs used in _I2C_Master_Start: [wreg+status,2+status,0+pclath+cstack]
  1203                           
  1204                           
  1205                           ;I2C.c: 41:     I2C_Master_Wait();
  1206  0674  120A  118A  2690  120A  118A  	fcall	_I2C_Master_Wait
  1207  0679                     l853:
  1208                           
  1209                           ;I2C.c: 42:     SSPCON2bits.SEN = 1;
  1210  0679  1683               	bsf	3,5	;RP0=1, select bank1
  1211  067A  1303               	bcf	3,6	;RP1=0, select bank1
  1212  067B  1411               	bsf	17,0	;volatile
  1213  067C                     l85:
  1214  067C  0008               	return
  1215  067D                     __end_of_I2C_Master_Start:
  1216                           
  1217                           	psect	text7
  1218  06C0                     __ptext7:	
  1219 ;; *************** function _I2C_Master_Read *****************
  1220 ;; Defined at:
  1221 ;;		line 74 in file "I2C.c"
  1222 ;; Parameters:    Size  Location     Type
  1223 ;;  a               2    0[COMMON] unsigned short 
  1224 ;; Auto vars:     Size  Location     Type
  1225 ;;  temp            2    4[COMMON] unsigned short 
  1226 ;; Return value:  Size  Location     Type
  1227 ;;                  2    0[COMMON] unsigned short 
  1228 ;; Registers used:
  1229 ;;		wreg, status,2, status,0, pclath, cstack
  1230 ;; Tracked objects:
  1231 ;;		On entry : 0/0
  1232 ;;		On exit  : 0/0
  1233 ;;		Unchanged: 0/0
  1234 ;; Data sizes:     COMMON   BANK0   BANK1   BANK3   BANK2
  1235 ;;      Params:         2       0       0       0       0
  1236 ;;      Locals:         2       0       0       0       0
  1237 ;;      Temps:          2       0       0       0       0
  1238 ;;      Totals:         6       0       0       0       0
  1239 ;;Total ram usage:        6 bytes
  1240 ;; Hardware stack levels used:    1
  1241 ;; Hardware stack levels required when called:    1
  1242 ;; This function calls:
  1243 ;;		_I2C_Master_Wait
  1244 ;; This function is called by:
  1245 ;;		_main
  1246 ;; This function uses a non-reentrant model
  1247 ;;
  1248                           
  1249                           
  1250                           ;psect for function _I2C_Master_Read
  1251  06C0                     _I2C_Master_Read:
  1252  06C0                     l1035:	
  1253                           ;incstack = 0
  1254                           ; Regs used in _I2C_Master_Read: [wreg+status,2+status,0+pclath+cstack]
  1255                           
  1256                           
  1257                           ;I2C.c: 74: unsigned short I2C_Master_Read(unsigned short a);I2C.c: 75: {;I2C.c: 76:    
      +                           unsigned short temp;;I2C.c: 77:     I2C_Master_Wait();
  1258  06C0  120A  118A  2690  120A  118A  	fcall	_I2C_Master_Wait
  1259  06C5                     l1037:
  1260                           
  1261                           ;I2C.c: 78:     SSPCON2bits.RCEN = 1;
  1262  06C5  1683               	bsf	3,5	;RP0=1, select bank1
  1263  06C6  1303               	bcf	3,6	;RP1=0, select bank1
  1264  06C7  1591               	bsf	17,3	;volatile
  1265                           
  1266                           ;I2C.c: 79:     I2C_Master_Wait();
  1267  06C8  120A  118A  2690  120A  118A  	fcall	_I2C_Master_Wait
  1268  06CD                     l1039:
  1269                           
  1270                           ;I2C.c: 80:     temp = SSPBUF;
  1271  06CD  1283               	bcf	3,5	;RP0=0, select bank0
  1272  06CE  1303               	bcf	3,6	;RP1=0, select bank0
  1273  06CF  0813               	movf	19,w	;volatile
  1274  06D0  00F2               	movwf	??_I2C_Master_Read
  1275  06D1  01F3               	clrf	??_I2C_Master_Read+1
  1276  06D2  0872               	movf	??_I2C_Master_Read,w
  1277  06D3  00F4               	movwf	I2C_Master_Read@temp
  1278  06D4  0873               	movf	??_I2C_Master_Read+1,w
  1279  06D5  00F5               	movwf	I2C_Master_Read@temp+1
  1280  06D6                     l1041:
  1281                           
  1282                           ;I2C.c: 81:     I2C_Master_Wait();
  1283  06D6  120A  118A  2690  120A  118A  	fcall	_I2C_Master_Wait
  1284  06DB                     l1043:
  1285                           
  1286                           ;I2C.c: 82:     if(a == 1){
  1287  06DB  0370               	decf	I2C_Master_Read@a,w
  1288  06DC  0471               	iorwf	I2C_Master_Read@a+1,w
  1289  06DD  1D03               	btfss	3,2
  1290  06DE  2EE0               	goto	u311
  1291  06DF  2EE1               	goto	u310
  1292  06E0                     u311:
  1293  06E0  2EE5               	goto	l97
  1294  06E1                     u310:
  1295  06E1                     l1045:
  1296                           
  1297                           ;I2C.c: 83:         SSPCON2bits.ACKDT = 0;
  1298  06E1  1683               	bsf	3,5	;RP0=1, select bank1
  1299  06E2  1303               	bcf	3,6	;RP1=0, select bank1
  1300  06E3  1291               	bcf	17,5	;volatile
  1301                           
  1302                           ;I2C.c: 84:     }else{
  1303  06E4  2EE8               	goto	l98
  1304  06E5                     l97:
  1305                           
  1306                           ;I2C.c: 85:         SSPCON2bits.ACKDT = 1;
  1307  06E5  1683               	bsf	3,5	;RP0=1, select bank1
  1308  06E6  1303               	bcf	3,6	;RP1=0, select bank1
  1309  06E7  1691               	bsf	17,5	;volatile
  1310  06E8                     l98:	
  1311                           ;I2C.c: 86:     }
  1312                           
  1313                           
  1314                           ;I2C.c: 87:     SSPCON2bits.ACKEN = 1;
  1315  06E8  1611               	bsf	17,4	;volatile
  1316  06E9                     l1047:
  1317                           
  1318                           ;I2C.c: 88:     return temp;
  1319  06E9  0875               	movf	I2C_Master_Read@temp+1,w
  1320  06EA  00F1               	movwf	?_I2C_Master_Read+1
  1321  06EB  0874               	movf	I2C_Master_Read@temp,w
  1322  06EC  00F0               	movwf	?_I2C_Master_Read
  1323  06ED                     l99:
  1324  06ED  0008               	return
  1325  06EE                     __end_of_I2C_Master_Read:
  1326                           
  1327                           	psect	text8
  1328  0690                     __ptext8:	
  1329 ;; *************** function _I2C_Master_Wait *****************
  1330 ;; Defined at:
  1331 ;;		line 32 in file "I2C.c"
  1332 ;; Parameters:    Size  Location     Type
  1333 ;;		None
  1334 ;; Auto vars:     Size  Location     Type
  1335 ;;		None
  1336 ;; Return value:  Size  Location     Type
  1337 ;;                  1    wreg      void 
  1338 ;; Registers used:
  1339 ;;		wreg, status,2
  1340 ;; Tracked objects:
  1341 ;;		On entry : 0/0
  1342 ;;		On exit  : 0/0
  1343 ;;		Unchanged: 0/0
  1344 ;; Data sizes:     COMMON   BANK0   BANK1   BANK3   BANK2
  1345 ;;      Params:         0       0       0       0       0
  1346 ;;      Locals:         0       0       0       0       0
  1347 ;;      Temps:          0       0       0       0       0
  1348 ;;      Totals:         0       0       0       0       0
  1349 ;;Total ram usage:        0 bytes
  1350 ;; Hardware stack levels used:    1
  1351 ;; This function calls:
  1352 ;;		Nothing
  1353 ;; This function is called by:
  1354 ;;		_I2C_Master_Start
  1355 ;;		_I2C_Master_Stop
  1356 ;;		_I2C_Master_Write
  1357 ;;		_I2C_Master_Read
  1358 ;;		_I2C_Master_RepeatedStart
  1359 ;; This function uses a non-reentrant model
  1360 ;;
  1361                           
  1362                           
  1363                           ;psect for function _I2C_Master_Wait
  1364  0690                     _I2C_Master_Wait:
  1365  0690                     l803:	
  1366                           ;incstack = 0
  1367                           ; Regs used in _I2C_Master_Wait: [wreg+status,2]
  1368                           
  1369  0690                     l79:	
  1370                           ;I2C.c: 34:     while ((SSPSTAT & 0x04) || (SSPCON2 & 0x1F));
  1371                           
  1372  0690  1683               	bsf	3,5	;RP0=1, select bank1
  1373  0691  1303               	bcf	3,6	;RP1=0, select bank1
  1374  0692  1914               	btfsc	20,2	;volatile
  1375  0693  2E95               	goto	u91
  1376  0694  2E96               	goto	u90
  1377  0695                     u91:
  1378  0695  2E90               	goto	l79
  1379  0696                     u90:
  1380  0696                     l805:
  1381  0696  0811               	movf	17,w	;volatile
  1382  0697  391F               	andlw	31
  1383  0698  1D03               	btfss	3,2
  1384  0699  2E9B               	goto	u101
  1385  069A  2E9C               	goto	u100
  1386  069B                     u101:
  1387  069B  2E90               	goto	l79
  1388  069C                     u100:
  1389  069C                     l82:
  1390  069C  0008               	return
  1391  069D                     __end_of_I2C_Master_Wait:
  1392  007E                     btemp	set	126	;btemp
  1393  007E                     wtemp0	set	126
  1394                           
  1395                           	psect	config
  1396                           
  1397                           ;Config register CONFIG1 @ 0x2007
  1398                           ;	Oscillator Selection bits
  1399                           ;	FOSC = INTRC_NOCLKOUT, INTOSCIO oscillator: I/O function on RA6/OSC2/CLKOUT pin, I/O f
      +                          unction on RA7/OSC1/CLKIN
  1400                           ;	Watchdog Timer Enable bit
  1401                           ;	WDTE = OFF, WDT disabled and can be enabled by SWDTEN bit of the WDTCON register
  1402                           ;	Power-up Timer Enable bit
  1403                           ;	PWRTE = OFF, PWRT disabled
  1404                           ;	RE3/MCLR pin function select bit
  1405                           ;	MCLRE = OFF, RE3/MCLR pin function is digital input, MCLR internally tied to VDD
  1406                           ;	Code Protection bit
  1407                           ;	CP = OFF, Program memory code protection is disabled
  1408                           ;	Data Code Protection bit
  1409                           ;	CPD = OFF, Data memory code protection is disabled
  1410                           ;	Brown Out Reset Selection bits
  1411                           ;	BOREN = OFF, BOR disabled
  1412                           ;	Internal External Switchover bit
  1413                           ;	IESO = OFF, Internal/External Switchover mode is disabled
  1414                           ;	Fail-Safe Clock Monitor Enabled bit
  1415                           ;	FCMEN = OFF, Fail-Safe Clock Monitor is disabled
  1416                           ;	Low Voltage Programming Enable bit
  1417                           ;	LVP = OFF, RB3 pin has digital I/O, HV on MCLR must be used for programming
  1418                           ;	In-Circuit Debugger Mode bit
  1419                           ;	DEBUG = 0x1, unprogrammed default
  1420  2007                     	org	8199
  1421  2007  20D4               	dw	8404
  1422                           
  1423                           ;Config register CONFIG2 @ 0x2008
  1424                           ;	Brown-out Reset Selection bit
  1425                           ;	BOR4V = BOR40V, Brown-out Reset set to 4.0V
  1426                           ;	Flash Program Memory Self Write Enable bits
  1427                           ;	WRT = OFF, Write protection off
  1428  2008                     	org	8200
  1429  2008  3FFF               	dw	16383

Data Sizes:
    Strings     0
    Constant    0
    Data        0
    BSS         1
    Persistent  0
    Stack       0

Auto Spaces:
    Space          Size  Autos    Used
    COMMON           14     14      14
    BANK0            80     11      12
    BANK1            80      0       0
    BANK3            96      0       0
    BANK2            96      0       0

Pointer List with Targets:

    None.

Critical Paths under _main in COMMON

    _I2C_Master_Init->___lldiv

Critical Paths under _main in BANK0

    _setup->_I2C_Master_Init

Critical Paths under _main in BANK1

    None.

Critical Paths under _main in BANK3

    None.

Critical Paths under _main in BANK2

    None.

Call Graph Tables:

 ---------------------------------------------------------------------------------
 (Depth) Function   	        Calls       Base Space   Used Autos Params    Refs
 ---------------------------------------------------------------------------------
 (0) _main                                                 3     3      0     783
                                              8 BANK0      3     3      0
                    _I2C_Master_Read
                   _I2C_Master_Start
                    _I2C_Master_Stop
                   _I2C_Master_Write
                              _setup
 ---------------------------------------------------------------------------------
 (1) _setup                                                0     0      0     412
                    _I2C_Master_Init
 ---------------------------------------------------------------------------------
 (2) _I2C_Master_Init                                      8     4      4     412
                                              0 BANK0      8     4      4
                            ___lldiv
 ---------------------------------------------------------------------------------
 (3) ___lldiv                                             14     6      8     314
                                              0 COMMON    14     6      8
 ---------------------------------------------------------------------------------
 (1) _I2C_Master_Write                                     2     0      2     250
                                              0 COMMON     2     0      2
                    _I2C_Master_Wait
 ---------------------------------------------------------------------------------
 (1) _I2C_Master_Stop                                      0     0      0       0
                    _I2C_Master_Wait
 ---------------------------------------------------------------------------------
 (1) _I2C_Master_Start                                     0     0      0       0
                    _I2C_Master_Wait
 ---------------------------------------------------------------------------------
 (1) _I2C_Master_Read                                      6     4      2     121
                                              0 COMMON     6     4      2
                    _I2C_Master_Wait
 ---------------------------------------------------------------------------------
 (2) _I2C_Master_Wait                                      0     0      0       0
 ---------------------------------------------------------------------------------
 Estimated maximum stack depth 3
 ---------------------------------------------------------------------------------

 Call Graph Graphs:

 _main (ROOT)
   _I2C_Master_Read
     _I2C_Master_Wait
   _I2C_Master_Start
     _I2C_Master_Wait
   _I2C_Master_Stop
     _I2C_Master_Wait
   _I2C_Master_Write
     _I2C_Master_Wait
   _setup
     _I2C_Master_Init
       ___lldiv

 Address spaces:
Name               Size   Autos  Total    Cost      Usage
BITCOMMON            E      0       0       0        0.0%
EEDATA             100      0       0       0        0.0%
NULL                 0      0       0       0        0.0%
CODE                 0      0       0       0        0.0%
COMMON               E      E       E       1      100.0%
BITSFR0              0      0       0       1        0.0%
SFR0                 0      0       0       1        0.0%
BITSFR1              0      0       0       2        0.0%
SFR1                 0      0       0       2        0.0%
STACK                0      0       0       2        0.0%
ABS                  0      0      1A       3        0.0%
BITBANK0            50      0       0       4        0.0%
BITSFR3              0      0       0       4        0.0%
SFR3                 0      0       0       4        0.0%
BANK0               50      B       C       5       15.0%
BITSFR2              0      0       0       5        0.0%
SFR2                 0      0       0       5        0.0%
BITBANK1            50      0       0       6        0.0%
BANK1               50      0       0       7        0.0%
BITBANK3            60      0       0       8        0.0%
BANK3               60      0       0       9        0.0%
BITBANK2            60      0       0      10        0.0%
BANK2               60      0       0      11        0.0%
DATA                 0      0      1A      12        0.0%


Microchip Technology PIC Macro Assembler V2.31 build 20201012212115 
Symbol Table                                                                                   Tue Aug 10 20:15:00 2021

                        _a 002B                         l41 0791                         l47 06BF  
                       l82 069C                         l91 0685                         l76 0725  
                       l85 067C                         l94 068F                         l79 0690  
                       l97 06E5                         l98 06E8                         l99 06ED  
                       u90 0696                         u91 0695                        l297 078B  
                      l803 0690                        l805 0696                        l851 0674  
                      l853 0679                        l861 0682                        l859 067D  
                      l971 0736                        l981 0765                        l973 0739  
                      l983 0773                        l975 0746                        l985 0774  
                      l977 074A                        l969 0726                        l993 06EE  
                      l987 077D                        l979 0753                        l995 06F2  
                      _GIE 005F                        l989 0783                        l997 06F5  
                      l999 0722                        _RC0 0038                        _RC1 0039  
                      _RD0 0040                        _RD1 0041                        _RD2 0042  
                      _RD3 0043                        u100 069C                        _RD4 0044  
                      u101 069B                        _RD5 0045                        _RD6 0046  
                      _RD7 0047                        u300 0705                        u310 06E1  
                      u230 0736                        u311 06E0                        u231 0735  
                      u305 0700                        u250 074A                        u251 0749  
                      u245 073B                        u270 0765                        u271 0764  
                      u327 07BA                        u265 074C                        u337 07E8  
                      u290 0783                        u291 0782                        u275 0761  
                      u285 0775                       l1001 0723                       l1003 0724  
                     l1011 06A5                       l1021 06AE                       l1013 06A6  
                     l1005 069D                       l1031 0686                       l1023 06AF  
                     l1015 06A9                       l1007 06A1                       l1041 06D6  
                     l1033 068B                       l1025 06B0                       l1017 06AA  
                     l1009 06A2                       l1043 06DB                       l1035 06C0  
                     l1027 06B1                       l1019 06AB                       l1051 078C  
                     l1045 06E1                       l1037 06C5                       l1029 06B2  
                     l1061 07DB                       l1053 07B2                       l1047 06E9  
                     l1039 06CD                       l1063 07E0                       l1055 07C1  
                     l1065 07EF                       l1057 07C6                       l1059 07CF  
                     _PEIE 005E                       _main 078C                       btemp 007E  
                     start 0000           ?_I2C_Master_Init 0020           ?_I2C_Master_Read 0070  
         ?_I2C_Master_Wait 0070           ?_I2C_Master_Stop 0070                      ?_main 0070  
                    _ANSEL 0188            __end_of___lldiv 078C                      _PORTA 0005  
                    _PORTB 0006                      _PORTD 0008                      _TRISA 0085  
                    _TRISB 0086                      _TRISD 0088                      _SSPIE 0463  
                    _SSPIF 0063                      _setup 069D                      status 0003  
                    wtemp0 007E            __initialization 07F9               __end_of_main 07F9  
                   ??_main 0028          ?_I2C_Master_Start 0070          ?_I2C_Master_Write 0070  
       ??_I2C_Master_Start 0070         ??_I2C_Master_Write 0072                     ?_setup 0070  
                   _ANSELH 0189                     _SSPADD 0093                     _TRISC3 043B  
                   _TRISC4 043C                     _SSPCON 0014                     _SSPBUF 0013  
                ??___lldiv 0078    __end_of__initialization 07FC             __pcstackCOMMON 0070  
            __end_of_setup 06C0                    ??_setup 007E                 __pbssBANK0 002B  
               __pmaintext 078C                    _SSPCON2 0091                    _SSPSTAT 0094  
                  ___lldiv 0726                    __ptext1 069D                    __ptext2 06EE  
                  __ptext3 0726                    __ptext4 0686                    __ptext5 067D  
                  __ptext6 0674                    __ptext7 06C0                    __ptext8 0690  
 __size_of_I2C_Master_Init 0038   __size_of_I2C_Master_Read 002E   __size_of_I2C_Master_Wait 000D  
 __size_of_I2C_Master_Stop 0009       end_of_initialization 07FC  __size_of_I2C_Master_Start 0009  
__size_of_I2C_Master_Write 000A            ___lldiv@divisor 0070            ___lldiv@counter 007D  
         I2C_Master_Init@c 0020           I2C_Master_Read@a 0070                  _TRISCbits 0087  
      start_initialization 07F9          ??_I2C_Master_Init 0024          ??_I2C_Master_Read 0072  
        ??_I2C_Master_Wait 0070          ??_I2C_Master_Stop 0070                  ___latbits 0002  
            __pcstackBANK0 0020           _I2C_Master_Start 0674           _I2C_Master_Write 0686  
                 ?___lldiv 0070             __size_of_setup 0023        I2C_Master_Read@temp 0074  
         __size_of___lldiv 0066            _I2C_Master_Init 06EE            _I2C_Master_Read 06C0  
          _I2C_Master_Wait 0690            _I2C_Master_Stop 067D              __size_of_main 006D  
 __end_of_I2C_Master_Start 067D   __end_of_I2C_Master_Write 0690                 _INTCONbits 000B  
         ___lldiv@dividend 0074                 _OSCCONbits 008F    __end_of_I2C_Master_Init 0726  
  __end_of_I2C_Master_Read 06EE    __end_of_I2C_Master_Wait 069D    __end_of_I2C_Master_Stop 0686  
         ___lldiv@quotient 0079          I2C_Master_Write@d 0070                _SSPCON2bits 0091  
