

Microchip MPLAB XC8 Assembler V2.31 build 20201012212115 
                                                                                               Wed Aug 04 16:06:29 2021

Microchip MPLAB XC8 C Compiler v2.31 (Free license) build 20201012212115 Og1 
     1                           	processor	16F887
     2                           	pagewidth 120
     3                           	opt	flic
     4                           	psect	cinit,global,class=CODE,merge=1,delta=2
     5                           	psect	bssCOMMON,global,class=COMMON,space=1,delta=1,noexec
     6                           	psect	cstackCOMMON,global,class=COMMON,space=1,delta=1,noexec
     7                           	psect	cstackBANK0,global,class=BANK0,space=1,delta=1,noexec
     8                           	psect	maintext,global,class=CODE,split=1,delta=2
     9                           	psect	text1,local,class=CODE,merge=1,delta=2
    10                           	psect	text2,local,class=CODE,merge=1,delta=2
    11                           	psect	text3,local,class=CODE,merge=1,delta=2
    12                           	psect	text4,local,class=CODE,merge=1,delta=2
    13                           	psect	intentry,global,class=CODE,delta=2
    14                           	psect	text5,local,class=CODE,merge=1,delta=2
    15                           	psect	text6,local,class=CODE,merge=1,delta=2
    16                           	psect	text7,local,class=CODE,merge=1,delta=2
    17                           	psect	text8,local,class=CODE,merge=1,delta=2
    18                           	psect	config,global,abs,ovrld,class=CONFIG,space=4,delta=2,noexec
    19                           	dabs	1,0x7E,2
    20  0000                     
    21                           ; Version 2.20
    22                           ; Generated 12/02/2020 GMT
    23                           ; 
    24                           ; Copyright © 2020, Microchip Technology Inc. and its subsidiaries ("Microchip")
    25                           ; All rights reserved.
    26                           ; 
    27                           ; This software is developed by Microchip Technology Inc. and its subsidiaries ("Microch
      +                          ip").
    28                           ; 
    29                           ; Redistribution and use in source and binary forms, with or without modification, are
    30                           ; permitted provided that the following conditions are met:
    31                           ; 
    32                           ;     1. Redistributions of source code must retain the above copyright notice, this lis
      +                          t of
    33                           ;        conditions and the following disclaimer.
    34                           ; 
    35                           ;     2. Redistributions in binary form must reproduce the above copyright notice, this 
      +                          list
    36                           ;        of conditions and the following disclaimer in the documentation and/or other
    37                           ;        materials provided with the distribution.
    38                           ; 
    39                           ;     3. Microchip's name may not be used to endorse or promote products derived from th
      +                          is
    40                           ;        software without specific prior written permission.
    41                           ; 
    42                           ; THIS SOFTWARE IS PROVIDED BY MICROCHIP "AS IS" AND ANY EXPRESS OR IMPLIED WARRANTIES,
    43                           ; INCLUDING, BUT NOT LIMITED TO, THE IMPLIED WARRANTIES OF MERCHANTABILITY AND FITNESS F
      +                          OR
    44                           ; PURPOSE ARE DISCLAIMED.  IN NO EVENT SHALL MICROCHIP BE LIABLE FOR ANY DIRECT, INDIREC
      +                          T,
    45                           ; INCIDENTAL, SPECIAL, EXEMPLARY, OR CONSEQUENTIAL DAMAGES (INCLUDING BUT NOT LIMITED TO
    46                           ; PROCUREMENT OF SUBSTITUTE GOODS OR SERVICES; LOSS OF USE, DATA OR PROFITS; OR BUSINESS
    47                           ; INTERRUPTION) HOWSOEVER CAUSED AND ON ANY THEORY OF LIABILITY, WHETHER IN CONTRACT, ST
      +                          RICT
    48                           ; LIABILITY, OR TORT (INCLUDING NEGLIGENCE OR OTHERWISE) ARISING IN ANY WAY OUT OF THE U
      +                          SE OF
    49                           ; THIS SOFTWARE, EVEN IF ADVISED OF THE POSSIBILITY OF SUCH DAMAGE.
    50                           ; 
    51                           ; 
    52                           ; Code-generator required, PIC16F887 Definitions
    53                           ; 
    54                           ; SFR Addresses
    55  0000                     	;# 
    56  0001                     	;# 
    57  0002                     	;# 
    58  0003                     	;# 
    59  0004                     	;# 
    60  0005                     	;# 
    61  0006                     	;# 
    62  0007                     	;# 
    63  0008                     	;# 
    64  0009                     	;# 
    65  000A                     	;# 
    66  000B                     	;# 
    67  000C                     	;# 
    68  000D                     	;# 
    69  000E                     	;# 
    70  000E                     	;# 
    71  000F                     	;# 
    72  0010                     	;# 
    73  0011                     	;# 
    74  0012                     	;# 
    75  0013                     	;# 
    76  0014                     	;# 
    77  0015                     	;# 
    78  0015                     	;# 
    79  0016                     	;# 
    80  0017                     	;# 
    81  0018                     	;# 
    82  0019                     	;# 
    83  001A                     	;# 
    84  001B                     	;# 
    85  001B                     	;# 
    86  001C                     	;# 
    87  001D                     	;# 
    88  001E                     	;# 
    89  001F                     	;# 
    90  0081                     	;# 
    91  0085                     	;# 
    92  0086                     	;# 
    93  0087                     	;# 
    94  0088                     	;# 
    95  0089                     	;# 
    96  008C                     	;# 
    97  008D                     	;# 
    98  008E                     	;# 
    99  008F                     	;# 
   100  0090                     	;# 
   101  0091                     	;# 
   102  0092                     	;# 
   103  0093                     	;# 
   104  0093                     	;# 
   105  0093                     	;# 
   106  0094                     	;# 
   107  0095                     	;# 
   108  0096                     	;# 
   109  0097                     	;# 
   110  0098                     	;# 
   111  0099                     	;# 
   112  009A                     	;# 
   113  009B                     	;# 
   114  009C                     	;# 
   115  009D                     	;# 
   116  009E                     	;# 
   117  009F                     	;# 
   118  0105                     	;# 
   119  0107                     	;# 
   120  0108                     	;# 
   121  0109                     	;# 
   122  010C                     	;# 
   123  010C                     	;# 
   124  010D                     	;# 
   125  010E                     	;# 
   126  010F                     	;# 
   127  0185                     	;# 
   128  0187                     	;# 
   129  0188                     	;# 
   130  0189                     	;# 
   131  018C                     	;# 
   132  018D                     	;# 
   133  0000                     	;# 
   134  0001                     	;# 
   135  0002                     	;# 
   136  0003                     	;# 
   137  0004                     	;# 
   138  0005                     	;# 
   139  0006                     	;# 
   140  0007                     	;# 
   141  0008                     	;# 
   142  0009                     	;# 
   143  000A                     	;# 
   144  000B                     	;# 
   145  000C                     	;# 
   146  000D                     	;# 
   147  000E                     	;# 
   148  000E                     	;# 
   149  000F                     	;# 
   150  0010                     	;# 
   151  0011                     	;# 
   152  0012                     	;# 
   153  0013                     	;# 
   154  0014                     	;# 
   155  0015                     	;# 
   156  0015                     	;# 
   157  0016                     	;# 
   158  0017                     	;# 
   159  0018                     	;# 
   160  0019                     	;# 
   161  001A                     	;# 
   162  001B                     	;# 
   163  001B                     	;# 
   164  001C                     	;# 
   165  001D                     	;# 
   166  001E                     	;# 
   167  001F                     	;# 
   168  0081                     	;# 
   169  0085                     	;# 
   170  0086                     	;# 
   171  0087                     	;# 
   172  0088                     	;# 
   173  0089                     	;# 
   174  008C                     	;# 
   175  008D                     	;# 
   176  008E                     	;# 
   177  008F                     	;# 
   178  0090                     	;# 
   179  0091                     	;# 
   180  0092                     	;# 
   181  0093                     	;# 
   182  0093                     	;# 
   183  0093                     	;# 
   184  0094                     	;# 
   185  0095                     	;# 
   186  0096                     	;# 
   187  0097                     	;# 
   188  0098                     	;# 
   189  0099                     	;# 
   190  009A                     	;# 
   191  009B                     	;# 
   192  009C                     	;# 
   193  009D                     	;# 
   194  009E                     	;# 
   195  009F                     	;# 
   196  0105                     	;# 
   197  0107                     	;# 
   198  0108                     	;# 
   199  0109                     	;# 
   200  010C                     	;# 
   201  010C                     	;# 
   202  010D                     	;# 
   203  010E                     	;# 
   204  010F                     	;# 
   205  0185                     	;# 
   206  0187                     	;# 
   207  0188                     	;# 
   208  0189                     	;# 
   209  018C                     	;# 
   210  018D                     	;# 
   211  0000                     	;# 
   212  0001                     	;# 
   213  0002                     	;# 
   214  0003                     	;# 
   215  0004                     	;# 
   216  0005                     	;# 
   217  0006                     	;# 
   218  0007                     	;# 
   219  0008                     	;# 
   220  0009                     	;# 
   221  000A                     	;# 
   222  000B                     	;# 
   223  000C                     	;# 
   224  000D                     	;# 
   225  000E                     	;# 
   226  000E                     	;# 
   227  000F                     	;# 
   228  0010                     	;# 
   229  0011                     	;# 
   230  0012                     	;# 
   231  0013                     	;# 
   232  0014                     	;# 
   233  0015                     	;# 
   234  0015                     	;# 
   235  0016                     	;# 
   236  0017                     	;# 
   237  0018                     	;# 
   238  0019                     	;# 
   239  001A                     	;# 
   240  001B                     	;# 
   241  001B                     	;# 
   242  001C                     	;# 
   243  001D                     	;# 
   244  001E                     	;# 
   245  001F                     	;# 
   246  0081                     	;# 
   247  0085                     	;# 
   248  0086                     	;# 
   249  0087                     	;# 
   250  0088                     	;# 
   251  0089                     	;# 
   252  008C                     	;# 
   253  008D                     	;# 
   254  008E                     	;# 
   255  008F                     	;# 
   256  0090                     	;# 
   257  0091                     	;# 
   258  0092                     	;# 
   259  0093                     	;# 
   260  0093                     	;# 
   261  0093                     	;# 
   262  0094                     	;# 
   263  0095                     	;# 
   264  0096                     	;# 
   265  0097                     	;# 
   266  0098                     	;# 
   267  0099                     	;# 
   268  009A                     	;# 
   269  009B                     	;# 
   270  009C                     	;# 
   271  009D                     	;# 
   272  009E                     	;# 
   273  009F                     	;# 
   274  0105                     	;# 
   275  0107                     	;# 
   276  0108                     	;# 
   277  0109                     	;# 
   278  010C                     	;# 
   279  010C                     	;# 
   280  010D                     	;# 
   281  010E                     	;# 
   282  010F                     	;# 
   283  0185                     	;# 
   284  0187                     	;# 
   285  0188                     	;# 
   286  0189                     	;# 
   287  018C                     	;# 
   288  018D                     	;# 
   289  0000                     	;# 
   290  0001                     	;# 
   291  0002                     	;# 
   292  0003                     	;# 
   293  0004                     	;# 
   294  0005                     	;# 
   295  0006                     	;# 
   296  0007                     	;# 
   297  0008                     	;# 
   298  0009                     	;# 
   299  000A                     	;# 
   300  000B                     	;# 
   301  000C                     	;# 
   302  000D                     	;# 
   303  000E                     	;# 
   304  000E                     	;# 
   305  000F                     	;# 
   306  0010                     	;# 
   307  0011                     	;# 
   308  0012                     	;# 
   309  0013                     	;# 
   310  0014                     	;# 
   311  0015                     	;# 
   312  0015                     	;# 
   313  0016                     	;# 
   314  0017                     	;# 
   315  0018                     	;# 
   316  0019                     	;# 
   317  001A                     	;# 
   318  001B                     	;# 
   319  001B                     	;# 
   320  001C                     	;# 
   321  001D                     	;# 
   322  001E                     	;# 
   323  001F                     	;# 
   324  0081                     	;# 
   325  0085                     	;# 
   326  0086                     	;# 
   327  0087                     	;# 
   328  0088                     	;# 
   329  0089                     	;# 
   330  008C                     	;# 
   331  008D                     	;# 
   332  008E                     	;# 
   333  008F                     	;# 
   334  0090                     	;# 
   335  0091                     	;# 
   336  0092                     	;# 
   337  0093                     	;# 
   338  0093                     	;# 
   339  0093                     	;# 
   340  0094                     	;# 
   341  0095                     	;# 
   342  0096                     	;# 
   343  0097                     	;# 
   344  0098                     	;# 
   345  0099                     	;# 
   346  009A                     	;# 
   347  009B                     	;# 
   348  009C                     	;# 
   349  009D                     	;# 
   350  009E                     	;# 
   351  009F                     	;# 
   352  0105                     	;# 
   353  0107                     	;# 
   354  0108                     	;# 
   355  0109                     	;# 
   356  010C                     	;# 
   357  010C                     	;# 
   358  010D                     	;# 
   359  010E                     	;# 
   360  010F                     	;# 
   361  0185                     	;# 
   362  0187                     	;# 
   363  0188                     	;# 
   364  0189                     	;# 
   365  018C                     	;# 
   366  018D                     	;# 
   367  0000                     	;# 
   368  0001                     	;# 
   369  0002                     	;# 
   370  0003                     	;# 
   371  0004                     	;# 
   372  0005                     	;# 
   373  0006                     	;# 
   374  0007                     	;# 
   375  0008                     	;# 
   376  0009                     	;# 
   377  000A                     	;# 
   378  000B                     	;# 
   379  000C                     	;# 
   380  000D                     	;# 
   381  000E                     	;# 
   382  000E                     	;# 
   383  000F                     	;# 
   384  0010                     	;# 
   385  0011                     	;# 
   386  0012                     	;# 
   387  0013                     	;# 
   388  0014                     	;# 
   389  0015                     	;# 
   390  0015                     	;# 
   391  0016                     	;# 
   392  0017                     	;# 
   393  0018                     	;# 
   394  0019                     	;# 
   395  001A                     	;# 
   396  001B                     	;# 
   397  001B                     	;# 
   398  001C                     	;# 
   399  001D                     	;# 
   400  001E                     	;# 
   401  001F                     	;# 
   402  0081                     	;# 
   403  0085                     	;# 
   404  0086                     	;# 
   405  0087                     	;# 
   406  0088                     	;# 
   407  0089                     	;# 
   408  008C                     	;# 
   409  008D                     	;# 
   410  008E                     	;# 
   411  008F                     	;# 
   412  0090                     	;# 
   413  0091                     	;# 
   414  0092                     	;# 
   415  0093                     	;# 
   416  0093                     	;# 
   417  0093                     	;# 
   418  0094                     	;# 
   419  0095                     	;# 
   420  0096                     	;# 
   421  0097                     	;# 
   422  0098                     	;# 
   423  0099                     	;# 
   424  009A                     	;# 
   425  009B                     	;# 
   426  009C                     	;# 
   427  009D                     	;# 
   428  009E                     	;# 
   429  009F                     	;# 
   430  0105                     	;# 
   431  0107                     	;# 
   432  0108                     	;# 
   433  0109                     	;# 
   434  010C                     	;# 
   435  010C                     	;# 
   436  010D                     	;# 
   437  010E                     	;# 
   438  010F                     	;# 
   439  0185                     	;# 
   440  0187                     	;# 
   441  0188                     	;# 
   442  0189                     	;# 
   443  018C                     	;# 
   444  018D                     	;# 
   445  0000                     	;# 
   446  0001                     	;# 
   447  0002                     	;# 
   448  0003                     	;# 
   449  0004                     	;# 
   450  0005                     	;# 
   451  0006                     	;# 
   452  0007                     	;# 
   453  0008                     	;# 
   454  0009                     	;# 
   455  000A                     	;# 
   456  000B                     	;# 
   457  000C                     	;# 
   458  000D                     	;# 
   459  000E                     	;# 
   460  000E                     	;# 
   461  000F                     	;# 
   462  0010                     	;# 
   463  0011                     	;# 
   464  0012                     	;# 
   465  0013                     	;# 
   466  0014                     	;# 
   467  0015                     	;# 
   468  0015                     	;# 
   469  0016                     	;# 
   470  0017                     	;# 
   471  0018                     	;# 
   472  0019                     	;# 
   473  001A                     	;# 
   474  001B                     	;# 
   475  001B                     	;# 
   476  001C                     	;# 
   477  001D                     	;# 
   478  001E                     	;# 
   479  001F                     	;# 
   480  0081                     	;# 
   481  0085                     	;# 
   482  0086                     	;# 
   483  0087                     	;# 
   484  0088                     	;# 
   485  0089                     	;# 
   486  008C                     	;# 
   487  008D                     	;# 
   488  008E                     	;# 
   489  008F                     	;# 
   490  0090                     	;# 
   491  0091                     	;# 
   492  0092                     	;# 
   493  0093                     	;# 
   494  0093                     	;# 
   495  0093                     	;# 
   496  0094                     	;# 
   497  0095                     	;# 
   498  0096                     	;# 
   499  0097                     	;# 
   500  0098                     	;# 
   501  0099                     	;# 
   502  009A                     	;# 
   503  009B                     	;# 
   504  009C                     	;# 
   505  009D                     	;# 
   506  009E                     	;# 
   507  009F                     	;# 
   508  0105                     	;# 
   509  0107                     	;# 
   510  0108                     	;# 
   511  0109                     	;# 
   512  010C                     	;# 
   513  010C                     	;# 
   514  010D                     	;# 
   515  010E                     	;# 
   516  010F                     	;# 
   517  0185                     	;# 
   518  0187                     	;# 
   519  0188                     	;# 
   520  0189                     	;# 
   521  018C                     	;# 
   522  018D                     	;# 
   523  0019                     _TXREG	set	25
   524  000D                     _PIR2bits	set	13
   525  001E                     _ADRESH	set	30
   526  0013                     _SSPBUF	set	19
   527  0014                     _SSPCON	set	20
   528  000B                     _INTCONbits	set	11
   529  0005                     _PORTA	set	5
   530  000C                     _PIR1bits	set	12
   531  001F                     _ADCON0bits	set	31
   532  0008                     _PORTD	set	8
   533  0006                     _PORTB	set	6
   534  0066                     _ADIF	set	102
   535  0063                     _SSPIF	set	99
   536  0098                     _TXSTAbits	set	152
   537  009F                     _ADCON1bits	set	159
   538  0094                     _SSPSTATbits	set	148
   539  0094                     _SSPSTAT	set	148
   540  0085                     _TRISAbits	set	133
   541  008C                     _PIE1bits	set	140
   542  0088                     _TRISD	set	136
   543  0087                     _TRISCbits	set	135
   544  0086                     _TRISB	set	134
   545  0085                     _TRISA	set	133
   546  008F                     _OSCCONbits	set	143
   547  043B                     _TRISC3	set	1083
   548  043D                     _TRISC5	set	1085
   549  010C                     _EEDAT	set	268
   550  010D                     _EEADR	set	269
   551  018D                     _EECON2	set	397
   552  018C                     _EECON1bits	set	396
   553  0188                     _ANSELbits	set	392
   554  0189                     _ANSELH	set	393
   555                           
   556                           	psect	cinit
   557  000F                     start_initialization:	
   558                           ; #config settings
   559                           
   560  000F                     __initialization:
   561                           
   562                           ; Clear objects allocated to COMMON
   563  000F  01F6               	clrf	__pbssCOMMON& (0+127)
   564  0010  01F7               	clrf	(__pbssCOMMON+1)& (0+127)
   565  0011  01F8               	clrf	(__pbssCOMMON+2)& (0+127)
   566  0012                     end_of_initialization:	
   567                           ;End of C runtime variable initialization code
   568                           
   569  0012                     __end_of__initialization:
   570  0012  0183               	clrf	3
   571  0013  120A  118A  28E9   	ljmp	_main	;jump to C main() function
   572                           
   573                           	psect	bssCOMMON
   574  0076                     __pbssCOMMON:
   575  0076                     _spiflag:
   576  0076                     	ds	1
   577  0077                     _dummydata:
   578  0077                     	ds	1
   579  0078                     _conver:
   580  0078                     	ds	1
   581                           
   582                           	psect	cstackCOMMON
   583  0070                     __pcstackCOMMON:
   584  0070                     ?_spiRead:
   585  0070                     ??_spiRead:	
   586                           ; 1 bytes @ 0x0
   587                           
   588  0070                     ?_spiWrite:	
   589                           ; 1 bytes @ 0x0
   590                           
   591  0070                     ??_spiWrite:	
   592                           ; 1 bytes @ 0x0
   593                           
   594  0070                     ?_adc_canal:	
   595                           ; 1 bytes @ 0x0
   596                           
   597  0070                     ??_adc_canal:	
   598                           ; 1 bytes @ 0x0
   599                           
   600  0070                     ?_setup:	
   601                           ; 1 bytes @ 0x0
   602                           
   603  0070                     ?_adc_c:	
   604                           ; 1 bytes @ 0x0
   605                           
   606  0070                     ?_isr:	
   607                           ; 1 bytes @ 0x0
   608                           
   609  0070                     ?_main:	
   610                           ; 1 bytes @ 0x0
   611                           
   612  0070                     ?_spiReceiveWait:	
   613                           ; 1 bytes @ 0x0
   614                           
   615  0070                     ??_spiReceiveWait:	
   616                           ; 1 bytes @ 0x0
   617                           
   618  0070                     spiWrite@dat:	
   619                           ; 1 bytes @ 0x0
   620                           
   621                           
   622                           ; 1 bytes @ 0x0
   623  0070                     	ds	1
   624  0071                     adc_canal@canal:
   625                           
   626                           ; 1 bytes @ 0x1
   627  0071                     	ds	1
   628  0072                     ??_isr:
   629                           
   630                           ; 1 bytes @ 0x2
   631  0072                     	ds	3
   632  0075                     ??_adc_c:
   633  0075                     ??_spiInit:	
   634                           ; 1 bytes @ 0x5
   635                           
   636  0075                     spiInit@sType:	
   637                           ; 1 bytes @ 0x5
   638                           
   639                           
   640                           ; 1 bytes @ 0x5
   641  0075                     	ds	1
   642  0076                     ??_main:
   643                           
   644                           	psect	cstackBANK0
   645  0020                     __pcstackBANK0:	
   646                           ; 1 bytes @ 0x6
   647                           
   648  0020                     ?_spiInit:
   649  0020                     spiInit@sDataSample:	
   650                           ; 1 bytes @ 0x0
   651                           
   652                           
   653                           ; 1 bytes @ 0x0
   654  0020                     	ds	1
   655  0021                     spiInit@sClockIdle:
   656                           
   657                           ; 1 bytes @ 0x1
   658  0021                     	ds	1
   659  0022                     spiInit@sTransmitEdge:
   660                           
   661                           ; 1 bytes @ 0x2
   662  0022                     	ds	1
   663  0023                     ??_setup:
   664                           
   665                           ; 1 bytes @ 0x3
   666  0023                     	ds	1
   667                           
   668                           	psect	maintext
   669  00E9                     __pmaintext:	
   670 ;;
   671 ;;Main: autosize = 0, tempsize = 0, incstack = 0, save=0
   672 ;;
   673 ;; *************** function _main *****************
   674 ;; Defined at:
   675 ;;		line 82 in file "fisicolab3slave.c"
   676 ;; Parameters:    Size  Location     Type
   677 ;;		None
   678 ;; Auto vars:     Size  Location     Type
   679 ;;		None
   680 ;; Return value:  Size  Location     Type
   681 ;;                  1    wreg      void 
   682 ;; Registers used:
   683 ;;		wreg, status,2, status,0, pclath, cstack
   684 ;; Tracked objects:
   685 ;;		On entry : B00/0
   686 ;;		On exit  : 0/0
   687 ;;		Unchanged: 0/0
   688 ;; Data sizes:     COMMON   BANK0   BANK1   BANK3   BANK2
   689 ;;      Params:         0       0       0       0       0
   690 ;;      Locals:         0       0       0       0       0
   691 ;;      Temps:          0       0       0       0       0
   692 ;;      Totals:         0       0       0       0       0
   693 ;;Total ram usage:        0 bytes
   694 ;; Hardware stack levels required when called:    5
   695 ;; This function calls:
   696 ;;		_setup
   697 ;; This function is called by:
   698 ;;		Startup code after reset
   699 ;; This function uses a non-reentrant model
   700 ;;
   701                           
   702                           
   703                           ;psect for function _main
   704  00E9                     _main:
   705  00E9                     l1021:	
   706                           ;incstack = 0
   707                           ; Regs used in _main: [wreg+status,2+status,0+pclath+cstack]
   708                           
   709                           
   710                           ;fisicolab3slave.c: 83:     setup();
   711  00E9  120A  118A  2074  120A  118A  	fcall	_setup
   712  00EE                     l70:	
   713                           ;fisicolab3slave.c: 87:     while(1){}
   714                           
   715  00EE                     l71:
   716  00EE  28EE               	goto	l70
   717  00EF  120A  118A  280C   	ljmp	start
   718  00F2                     __end_of_main:
   719                           
   720                           	psect	text1
   721  0074                     __ptext1:	
   722 ;; *************** function _setup *****************
   723 ;; Defined at:
   724 ;;		line 92 in file "fisicolab3slave.c"
   725 ;; Parameters:    Size  Location     Type
   726 ;;		None
   727 ;; Auto vars:     Size  Location     Type
   728 ;;		None
   729 ;; Return value:  Size  Location     Type
   730 ;;                  1    wreg      void 
   731 ;; Registers used:
   732 ;;		wreg, status,2, status,0, pclath, cstack
   733 ;; Tracked objects:
   734 ;;		On entry : 0/0
   735 ;;		On exit  : 0/0
   736 ;;		Unchanged: 0/0
   737 ;; Data sizes:     COMMON   BANK0   BANK1   BANK3   BANK2
   738 ;;      Params:         0       0       0       0       0
   739 ;;      Locals:         0       0       0       0       0
   740 ;;      Temps:          0       1       0       0       0
   741 ;;      Totals:         0       1       0       0       0
   742 ;;Total ram usage:        1 bytes
   743 ;; Hardware stack levels used:    1
   744 ;; Hardware stack levels required when called:    4
   745 ;; This function calls:
   746 ;;		_adc_c
   747 ;;		_spiInit
   748 ;; This function is called by:
   749 ;;		_main
   750 ;; This function uses a non-reentrant model
   751 ;;
   752                           
   753                           
   754                           ;psect for function _setup
   755  0074                     _setup:
   756  0074                     l977:	
   757                           ;incstack = 0
   758                           ; Regs used in _setup: [wreg+status,2+status,0+pclath+cstack]
   759                           
   760                           
   761                           ;fisicolab3slave.c: 95:     OSCCONbits.IRCF = 7;
   762  0074  3070               	movlw	112
   763  0075  1683               	bsf	3,5	;RP0=1, select bank1
   764  0076  1303               	bcf	3,6	;RP1=0, select bank1
   765  0077  048F               	iorwf	15,f	;volatile
   766  0078                     l979:
   767                           
   768                           ;fisicolab3slave.c: 96:     OSCCONbits.SCS = 1;
   769  0078  140F               	bsf	15,0	;volatile
   770  0079                     l981:
   771                           
   772                           ;fisicolab3slave.c: 98:     ANSELH = 0;
   773  0079  1683               	bsf	3,5	;RP0=1, select bank3
   774  007A  1703               	bsf	3,6	;RP1=1, select bank3
   775  007B  0189               	clrf	9	;volatile
   776  007C                     l983:
   777                           
   778                           ;fisicolab3slave.c: 99:     ANSELbits.ANS0 = 1;
   779  007C  1408               	bsf	8,0	;volatile
   780  007D                     l985:
   781                           
   782                           ;fisicolab3slave.c: 100:     ANSELbits.ANS1 = 1;
   783  007D  1488               	bsf	8,1	;volatile
   784  007E                     l987:
   785                           
   786                           ;fisicolab3slave.c: 101:     TRISA = 35;
   787  007E  3023               	movlw	35
   788  007F  1683               	bsf	3,5	;RP0=1, select bank1
   789  0080  1303               	bcf	3,6	;RP1=0, select bank1
   790  0081  0085               	movwf	5	;volatile
   791  0082                     l989:
   792                           
   793                           ;fisicolab3slave.c: 102:     TRISB = 0;
   794  0082  0186               	clrf	6	;volatile
   795  0083                     l991:
   796                           
   797                           ;fisicolab3slave.c: 103:     TRISCbits.TRISC2 = 0;
   798  0083  1107               	bcf	7,2	;volatile
   799  0084                     l993:
   800                           
   801                           ;fisicolab3slave.c: 104:     TRISD = 0;
   802  0084  0188               	clrf	8	;volatile
   803  0085                     l995:
   804                           
   805                           ;fisicolab3slave.c: 105:     PORTA = 0;
   806  0085  1283               	bcf	3,5	;RP0=0, select bank0
   807  0086  1303               	bcf	3,6	;RP1=0, select bank0
   808  0087  0185               	clrf	5	;volatile
   809  0088                     l997:
   810                           
   811                           ;fisicolab3slave.c: 106:     PORTB = 0;
   812  0088  0186               	clrf	6	;volatile
   813  0089                     l999:
   814                           
   815                           ;fisicolab3slave.c: 107:     PORTD = 0;
   816  0089  0188               	clrf	8	;volatile
   817  008A                     l1001:
   818                           
   819                           ;fisicolab3slave.c: 109:     adc_c();
   820  008A  120A  118A  20DD  120A  118A  	fcall	_adc_c
   821  008F                     l1003:
   822                           
   823                           ;fisicolab3slave.c: 110:     _delay((unsigned long)((20)*(8000000/4000000.0)));
   824  008F  300C               	movlw	12
   825  0090  1283               	bcf	3,5	;RP0=0, select bank0
   826  0091  1303               	bcf	3,6	;RP1=0, select bank0
   827  0092  00A3               	movwf	??_setup
   828  0093                     u147:
   829  0093  0BA3               	decfsz	??_setup,f
   830  0094  2893               	goto	u147
   831  0095  0000               	nop
   832  0096                     l1005:
   833                           
   834                           ;fisicolab3slave.c: 111:     INTCONbits.GIE = 1;
   835  0096  178B               	bsf	11,7	;volatile
   836  0097                     l1007:
   837                           
   838                           ;fisicolab3slave.c: 112:     INTCONbits.PEIE = 1;
   839  0097  170B               	bsf	11,6	;volatile
   840  0098                     l1009:
   841                           
   842                           ;fisicolab3slave.c: 113:     PIR1bits.SSPIF = 0;
   843  0098  1283               	bcf	3,5	;RP0=0, select bank0
   844  0099  1303               	bcf	3,6	;RP1=0, select bank0
   845  009A  118C               	bcf	12,3	;volatile
   846  009B                     l1011:
   847                           
   848                           ;fisicolab3slave.c: 114:     PIE1bits.SSPIE = 1;
   849  009B  1683               	bsf	3,5	;RP0=1, select bank1
   850  009C  1303               	bcf	3,6	;RP1=0, select bank1
   851  009D  158C               	bsf	12,3	;volatile
   852  009E                     l1013:
   853                           
   854                           ;fisicolab3slave.c: 115:     TRISAbits.TRISA5 = 1;
   855  009E  1685               	bsf	5,5	;volatile
   856  009F                     l1015:
   857                           
   858                           ;fisicolab3slave.c: 116:     spiInit(SPI_SLAVE_SS_EN, SPI_DATA_SAMPLE_MIDDLE, SPI_CLOCK_
      +                          IDLE_LOW, SPI_IDLE_2_ACTIVE);
   859  009F  1283               	bcf	3,5	;RP0=0, select bank0
   860  00A0  1303               	bcf	3,6	;RP1=0, select bank0
   861  00A1  01A0               	clrf	spiInit@sDataSample
   862  00A2  01A1               	clrf	spiInit@sClockIdle
   863  00A3  01A2               	clrf	spiInit@sTransmitEdge
   864  00A4  3024               	movlw	36
   865  00A5  120A  118A  20B1  120A  118A  	fcall	_spiInit
   866  00AA                     l1017:
   867                           
   868                           ;fisicolab3slave.c: 117:     PIE1bits.ADIE = 1;
   869  00AA  1683               	bsf	3,5	;RP0=1, select bank1
   870  00AB  1303               	bcf	3,6	;RP1=0, select bank1
   871  00AC  170C               	bsf	12,6	;volatile
   872  00AD                     l1019:
   873                           
   874                           ;fisicolab3slave.c: 118:     ADCON0bits.GO = 1;
   875  00AD  1283               	bcf	3,5	;RP0=0, select bank0
   876  00AE  1303               	bcf	3,6	;RP1=0, select bank0
   877  00AF  149F               	bsf	31,1	;volatile
   878  00B0                     l76:
   879  00B0  0008               	return
   880  00B1                     __end_of_setup:
   881                           
   882                           	psect	text2
   883  00B1                     __ptext2:	
   884 ;; *************** function _spiInit *****************
   885 ;; Defined at:
   886 ;;		line 12 in file "SPI.c"
   887 ;; Parameters:    Size  Location     Type
   888 ;;  sType           1    wreg     enum E1264
   889 ;;  sDataSample     1    0[BANK0 ] enum E1272
   890 ;;  sClockIdle      1    1[BANK0 ] enum E1276
   891 ;;  sTransmitEdg    1    2[BANK0 ] enum E1280
   892 ;; Auto vars:     Size  Location     Type
   893 ;;  sType           1    5[COMMON] enum E1264
   894 ;; Return value:  Size  Location     Type
   895 ;;                  1    wreg      void 
   896 ;; Registers used:
   897 ;;		wreg, status,2, status,0
   898 ;; Tracked objects:
   899 ;;		On entry : 0/0
   900 ;;		On exit  : 0/0
   901 ;;		Unchanged: 0/0
   902 ;; Data sizes:     COMMON   BANK0   BANK1   BANK3   BANK2
   903 ;;      Params:         0       3       0       0       0
   904 ;;      Locals:         1       0       0       0       0
   905 ;;      Temps:          0       0       0       0       0
   906 ;;      Totals:         1       3       0       0       0
   907 ;;Total ram usage:        4 bytes
   908 ;; Hardware stack levels used:    1
   909 ;; Hardware stack levels required when called:    3
   910 ;; This function calls:
   911 ;;		Nothing
   912 ;; This function is called by:
   913 ;;		_setup
   914 ;; This function uses a non-reentrant model
   915 ;;
   916                           
   917                           
   918                           ;psect for function _spiInit
   919  00B1                     _spiInit:
   920                           
   921                           ;incstack = 0
   922                           ; Regs used in _spiInit: [wreg+status,2+status,0]
   923                           ;spiInit@sType stored from wreg
   924  00B1  00F5               	movwf	spiInit@sType
   925  00B2                     l967:
   926                           
   927                           ;SPI.c: 12: void spiInit(Spi_Type sType, Spi_Data_Sample sDataSample, Spi_Clock_Idle sCl
      +                          ockIdle, Spi_Transmit_Edge sTransmitEdge);SPI.c: 13: {;SPI.c: 14:     TRISC5 = 0;
   928  00B2  1683               	bsf	3,5	;RP0=1, select bank1
   929  00B3  1303               	bcf	3,6	;RP1=0, select bank1
   930  00B4  1287               	bcf	7,5	;volatile
   931                           
   932                           ;SPI.c: 15:     if(sType & 0b00000100)
   933  00B5  1D75               	btfss	spiInit@sType,2
   934  00B6  28B8               	goto	u131
   935  00B7  28B9               	goto	u130
   936  00B8                     u131:
   937  00B8  28C1               	goto	l973
   938  00B9                     u130:
   939  00B9                     l969:
   940                           
   941                           ;SPI.c: 16:     {;SPI.c: 17:         SSPSTAT = sTransmitEdge;
   942  00B9  1283               	bcf	3,5	;RP0=0, select bank0
   943  00BA  1303               	bcf	3,6	;RP1=0, select bank0
   944  00BB  0822               	movf	spiInit@sTransmitEdge,w
   945  00BC  1683               	bsf	3,5	;RP0=1, select bank1
   946  00BD  1303               	bcf	3,6	;RP1=0, select bank1
   947  00BE  0094               	movwf	20	;volatile
   948  00BF                     l971:
   949                           
   950                           ;SPI.c: 18:         TRISC3 = 1;
   951  00BF  1587               	bsf	7,3	;volatile
   952                           
   953                           ;SPI.c: 19:     }
   954  00C0  28C9               	goto	l92
   955  00C1                     l973:
   956                           
   957                           ;SPI.c: 21:     {;SPI.c: 22:         SSPSTAT = sDataSample | sTransmitEdge;
   958  00C1  1283               	bcf	3,5	;RP0=0, select bank0
   959  00C2  1303               	bcf	3,6	;RP1=0, select bank0
   960  00C3  0820               	movf	spiInit@sDataSample,w
   961  00C4  0422               	iorwf	spiInit@sTransmitEdge,w
   962  00C5  1683               	bsf	3,5	;RP0=1, select bank1
   963  00C6  1303               	bcf	3,6	;RP1=0, select bank1
   964  00C7  0094               	movwf	20	;volatile
   965  00C8                     l975:
   966                           
   967                           ;SPI.c: 23:         TRISC3 = 0;
   968  00C8  1187               	bcf	7,3	;volatile
   969  00C9                     l92:	
   970                           ;SPI.c: 24:     }
   971                           
   972                           
   973                           ;SPI.c: 26:     SSPCON = sType | sClockIdle;
   974  00C9  0875               	movf	spiInit@sType,w
   975  00CA  1283               	bcf	3,5	;RP0=0, select bank0
   976  00CB  1303               	bcf	3,6	;RP1=0, select bank0
   977  00CC  0421               	iorwf	spiInit@sClockIdle,w
   978  00CD  0094               	movwf	20	;volatile
   979  00CE                     l93:
   980  00CE  0008               	return
   981  00CF                     __end_of_spiInit:
   982                           
   983                           	psect	text3
   984  00DD                     __ptext3:	
   985 ;; *************** function _adc_c *****************
   986 ;; Defined at:
   987 ;;		line 11 in file "adc_c.c"
   988 ;; Parameters:    Size  Location     Type
   989 ;;		None
   990 ;; Auto vars:     Size  Location     Type
   991 ;;		None
   992 ;; Return value:  Size  Location     Type
   993 ;;                  1    wreg      void 
   994 ;; Registers used:
   995 ;;		wreg, status,2, status,0
   996 ;; Tracked objects:
   997 ;;		On entry : 0/0
   998 ;;		On exit  : 0/0
   999 ;;		Unchanged: 0/0
  1000 ;; Data sizes:     COMMON   BANK0   BANK1   BANK3   BANK2
  1001 ;;      Params:         0       0       0       0       0
  1002 ;;      Locals:         0       0       0       0       0
  1003 ;;      Temps:          0       0       0       0       0
  1004 ;;      Totals:         0       0       0       0       0
  1005 ;;Total ram usage:        0 bytes
  1006 ;; Hardware stack levels used:    1
  1007 ;; Hardware stack levels required when called:    3
  1008 ;; This function calls:
  1009 ;;		Nothing
  1010 ;; This function is called by:
  1011 ;;		_setup
  1012 ;; This function uses a non-reentrant model
  1013 ;;
  1014                           
  1015                           
  1016                           ;psect for function _adc_c
  1017  00DD                     _adc_c:
  1018  00DD                     l757:	
  1019                           ;incstack = 0
  1020                           ; Regs used in _adc_c: [wreg+status,2+status,0]
  1021                           
  1022                           
  1023                           ;adc_c.c: 13:     ADCON0bits.ADCS = 0;
  1024  00DD  303F               	movlw	-193
  1025  00DE  1283               	bcf	3,5	;RP0=0, select bank0
  1026  00DF  1303               	bcf	3,6	;RP1=0, select bank0
  1027  00E0  059F               	andwf	31,f	;volatile
  1028  00E1                     l759:
  1029                           
  1030                           ;adc_c.c: 14:     ADCON0bits.CHS0 = 0;
  1031  00E1  111F               	bcf	31,2	;volatile
  1032  00E2                     l761:
  1033                           
  1034                           ;adc_c.c: 15:     ADCON0bits.ADON = 1;
  1035  00E2  141F               	bsf	31,0	;volatile
  1036  00E3                     l763:
  1037                           
  1038                           ;adc_c.c: 16:     ADCON1bits.VCFG1 = 0;
  1039  00E3  1683               	bsf	3,5	;RP0=1, select bank1
  1040  00E4  1303               	bcf	3,6	;RP1=0, select bank1
  1041  00E5  129F               	bcf	31,5	;volatile
  1042  00E6                     l765:
  1043                           
  1044                           ;adc_c.c: 17:     ADCON1bits.VCFG0 = 0;
  1045  00E6  121F               	bcf	31,4	;volatile
  1046  00E7                     l767:
  1047                           
  1048                           ;adc_c.c: 18:     ADCON1bits.ADFM = 0;
  1049  00E7  139F               	bcf	31,7	;volatile
  1050  00E8                     l117:
  1051  00E8  0008               	return
  1052  00E9                     __end_of_adc_c:
  1053                           
  1054                           	psect	text4
  1055  0016                     __ptext4:	
  1056 ;; *************** function _isr *****************
  1057 ;; Defined at:
  1058 ;;		line 55 in file "fisicolab3slave.c"
  1059 ;; Parameters:    Size  Location     Type
  1060 ;;		None
  1061 ;; Auto vars:     Size  Location     Type
  1062 ;;		None
  1063 ;; Return value:  Size  Location     Type
  1064 ;;                  1    wreg      void 
  1065 ;; Registers used:
  1066 ;;		wreg, status,2, status,0, pclath, cstack
  1067 ;; Tracked objects:
  1068 ;;		On entry : 0/0
  1069 ;;		On exit  : 0/0
  1070 ;;		Unchanged: 0/0
  1071 ;; Data sizes:     COMMON   BANK0   BANK1   BANK3   BANK2
  1072 ;;      Params:         0       0       0       0       0
  1073 ;;      Locals:         0       0       0       0       0
  1074 ;;      Temps:          3       0       0       0       0
  1075 ;;      Totals:         3       0       0       0       0
  1076 ;;Total ram usage:        3 bytes
  1077 ;; Hardware stack levels used:    1
  1078 ;; Hardware stack levels required when called:    2
  1079 ;; This function calls:
  1080 ;;		_adc_canal
  1081 ;;		_spiRead
  1082 ;;		_spiWrite
  1083 ;; This function is called by:
  1084 ;;		Interrupt level 1
  1085 ;; This function uses a non-reentrant model
  1086 ;;
  1087                           
  1088                           
  1089                           ;psect for function _isr
  1090  0016                     _isr:
  1091  0016                     i1l843:
  1092                           
  1093                           ;fisicolab3slave.c: 56:    if(SSPIF == 1){
  1094  0016  1283               	bcf	3,5	;RP0=0, select bank0
  1095  0017  1303               	bcf	3,6	;RP1=0, select bank0
  1096  0018  1D8C               	btfss	12,3	;volatile
  1097  0019  281B               	goto	u5_21
  1098  001A  281C               	goto	u5_20
  1099  001B                     u5_21:
  1100  001B  283D               	goto	i1l855
  1101  001C                     u5_20:
  1102  001C                     i1l845:
  1103                           
  1104                           ;fisicolab3slave.c: 57:         dummydata = spiRead();
  1105  001C  120A  118A  20F2  120A  118A  	fcall	_spiRead
  1106  0021  00F2               	movwf	??_isr
  1107  0022  0872               	movf	??_isr,w
  1108  0023  00F7               	movwf	_dummydata
  1109  0024                     i1l847:
  1110                           
  1111                           ;fisicolab3slave.c: 58:         if (dummydata == 0){
  1112  0024  0877               	movf	_dummydata,w
  1113  0025  1D03               	btfss	3,2
  1114  0026  2828               	goto	u6_21
  1115  0027  2829               	goto	u6_20
  1116  0028                     u6_21:
  1117  0028  2832               	goto	i1l851
  1118  0029                     u6_20:
  1119  0029                     i1l849:
  1120                           
  1121                           ;fisicolab3slave.c: 59:             spiWrite(PORTB);}
  1122  0029  1283               	bcf	3,5	;RP0=0, select bank0
  1123  002A  1303               	bcf	3,6	;RP1=0, select bank0
  1124  002B  0806               	movf	6,w	;volatile
  1125  002C  120A  118A  2102  120A  118A  	fcall	_spiWrite
  1126  0031  283A               	goto	i1l853
  1127  0032                     i1l851:
  1128                           
  1129                           ;fisicolab3slave.c: 61:             spiWrite(PORTD);}
  1130  0032  1283               	bcf	3,5	;RP0=0, select bank0
  1131  0033  1303               	bcf	3,6	;RP1=0, select bank0
  1132  0034  0808               	movf	8,w	;volatile
  1133  0035  120A  118A  2102  120A  118A  	fcall	_spiWrite
  1134  003A                     i1l853:
  1135                           
  1136                           ;fisicolab3slave.c: 62:         SSPIF = 0;
  1137  003A  1283               	bcf	3,5	;RP0=0, select bank0
  1138  003B  1303               	bcf	3,6	;RP1=0, select bank0
  1139  003C  118C               	bcf	12,3	;volatile
  1140  003D                     i1l855:
  1141                           
  1142                           ;fisicolab3slave.c: 64:    if (ADIF == 1){
  1143  003D  1F0C               	btfss	12,6	;volatile
  1144  003E  2840               	goto	u7_21
  1145  003F  2841               	goto	u7_20
  1146  0040                     u7_21:
  1147  0040  286D               	goto	i1l65
  1148  0041                     u7_20:
  1149  0041                     i1l857:
  1150                           
  1151                           ;fisicolab3slave.c: 65:        if (ADCON0bits.CHS == 0){
  1152  0041  0C1F               	rrf	31,w	;volatile
  1153  0042  00F2               	movwf	??_isr
  1154  0043  0C72               	rrf	??_isr,w
  1155  0044  390F               	andlw	15
  1156  0045  3A00               	xorlw	0
  1157  0046  1D03               	skipz
  1158  0047  2849               	goto	u8_21
  1159  0048  284A               	goto	u8_20
  1160  0049                     u8_21:
  1161  0049  285C               	goto	i1l867
  1162  004A                     u8_20:
  1163  004A                     i1l859:
  1164                           
  1165                           ;fisicolab3slave.c: 66:        PORTB = adc_canal(1);
  1166  004A  3001               	movlw	1
  1167  004B  120A  118A  20CF  120A  118A  	fcall	_adc_canal
  1168  0050  1283               	bcf	3,5	;RP0=0, select bank0
  1169  0051  1303               	bcf	3,6	;RP1=0, select bank0
  1170  0052  0086               	movwf	6	;volatile
  1171  0053                     i1l861:
  1172                           
  1173                           ;fisicolab3slave.c: 67:         _delay((unsigned long)((20)*(8000000/4000000.0)));
  1174  0053  300D               	movlw	13
  1175  0054  00F2               	movwf	??_isr
  1176  0055                     u15_27:
  1177  0055  0BF2               	decfsz	??_isr,f
  1178  0056  2855               	goto	u15_27
  1179  0057                     i1l863:
  1180                           
  1181                           ;fisicolab3slave.c: 68:         PIR1bits.ADIF = 0;
  1182  0057  1283               	bcf	3,5	;RP0=0, select bank0
  1183  0058  1303               	bcf	3,6	;RP1=0, select bank0
  1184  0059  130C               	bcf	12,6	;volatile
  1185  005A                     i1l865:
  1186                           
  1187                           ;fisicolab3slave.c: 69:         ADCON0bits.GO = 1;
  1188  005A  149F               	bsf	31,1	;volatile
  1189                           
  1190                           ;fisicolab3slave.c: 70:         }
  1191  005B  286D               	goto	i1l65
  1192  005C                     i1l867:
  1193                           
  1194                           ;fisicolab3slave.c: 72:         PORTD = adc_canal(0);
  1195  005C  3000               	movlw	0
  1196  005D  120A  118A  20CF  120A  118A  	fcall	_adc_canal
  1197  0062  1283               	bcf	3,5	;RP0=0, select bank0
  1198  0063  1303               	bcf	3,6	;RP1=0, select bank0
  1199  0064  0088               	movwf	8	;volatile
  1200  0065                     i1l869:
  1201                           
  1202                           ;fisicolab3slave.c: 73:         _delay((unsigned long)((20)*(8000000/4000000.0)));
  1203  0065  300D               	movlw	13
  1204  0066  00F2               	movwf	??_isr
  1205  0067                     u16_27:
  1206  0067  0BF2               	decfsz	??_isr,f
  1207  0068  2867               	goto	u16_27
  1208  0069                     i1l871:
  1209                           
  1210                           ;fisicolab3slave.c: 74:         PIR1bits.ADIF = 0;
  1211  0069  1283               	bcf	3,5	;RP0=0, select bank0
  1212  006A  1303               	bcf	3,6	;RP1=0, select bank0
  1213  006B  130C               	bcf	12,6	;volatile
  1214  006C                     i1l873:
  1215                           
  1216                           ;fisicolab3slave.c: 75:         ADCON0bits.GO = 1;
  1217  006C  149F               	bsf	31,1	;volatile
  1218  006D                     i1l65:
  1219  006D  0874               	movf	??_isr+2,w
  1220  006E  008A               	movwf	10
  1221  006F  0E73               	swapf	??_isr+1,w
  1222  0070  0083               	movwf	3
  1223  0071  0EFE               	swapf	btemp,f
  1224  0072  0E7E               	swapf	btemp,w
  1225  0073  0009               	retfie
  1226  0074                     __end_of_isr:
  1227                           
  1228                           	psect	intentry
  1229  0004                     __pintentry:	
  1230                           ;incstack = 0
  1231                           ; Regs used in _isr: [wreg+status,2+status,0+pclath+cstack]
  1232                           
  1233  0004                     interrupt_function:
  1234  007E                     saved_w	set	btemp
  1235  0004  00FE               	movwf	btemp
  1236  0005  0E03               	swapf	3,w
  1237  0006  00F3               	movwf	??_isr+1
  1238  0007  080A               	movf	10,w
  1239  0008  00F4               	movwf	??_isr+2
  1240  0009  120A  118A  2816   	ljmp	_isr
  1241                           
  1242                           	psect	text5
  1243  0102                     __ptext5:	
  1244 ;; *************** function _spiWrite *****************
  1245 ;; Defined at:
  1246 ;;		line 34 in file "SPI.c"
  1247 ;; Parameters:    Size  Location     Type
  1248 ;;  dat             1    wreg     unsigned char 
  1249 ;; Auto vars:     Size  Location     Type
  1250 ;;  dat             1    0[COMMON] unsigned char 
  1251 ;; Return value:  Size  Location     Type
  1252 ;;                  1    wreg      void 
  1253 ;; Registers used:
  1254 ;;		wreg
  1255 ;; Tracked objects:
  1256 ;;		On entry : 0/0
  1257 ;;		On exit  : 0/0
  1258 ;;		Unchanged: 0/0
  1259 ;; Data sizes:     COMMON   BANK0   BANK1   BANK3   BANK2
  1260 ;;      Params:         0       0       0       0       0
  1261 ;;      Locals:         1       0       0       0       0
  1262 ;;      Temps:          0       0       0       0       0
  1263 ;;      Totals:         1       0       0       0       0
  1264 ;;Total ram usage:        1 bytes
  1265 ;; Hardware stack levels used:    1
  1266 ;; This function calls:
  1267 ;;		Nothing
  1268 ;; This function is called by:
  1269 ;;		_isr
  1270 ;; This function uses a non-reentrant model
  1271 ;;
  1272                           
  1273                           
  1274                           ;psect for function _spiWrite
  1275  0102                     _spiWrite:
  1276                           
  1277                           ;incstack = 0
  1278                           ; Regs used in _spiWrite: [wreg]
  1279                           ;spiWrite@dat stored from wreg
  1280  0102  00F0               	movwf	spiWrite@dat
  1281  0103                     i1l787:
  1282                           
  1283                           ;SPI.c: 34: void spiWrite(char dat);SPI.c: 35: {;SPI.c: 36:     SSPBUF = dat;
  1284  0103  0870               	movf	spiWrite@dat,w
  1285  0104  1283               	bcf	3,5	;RP0=0, select bank0
  1286  0105  1303               	bcf	3,6	;RP1=0, select bank0
  1287  0106  0093               	movwf	19	;volatile
  1288  0107                     i1l102:
  1289  0107  0008               	return
  1290  0108                     __end_of_spiWrite:
  1291                           
  1292                           	psect	text6
  1293  00F2                     __ptext6:	
  1294 ;; *************** function _spiRead *****************
  1295 ;; Defined at:
  1296 ;;		line 47 in file "SPI.c"
  1297 ;; Parameters:    Size  Location     Type
  1298 ;;		None
  1299 ;; Auto vars:     Size  Location     Type
  1300 ;;		None
  1301 ;; Return value:  Size  Location     Type
  1302 ;;                  1    wreg      unsigned char 
  1303 ;; Registers used:
  1304 ;;		wreg, status,2, status,0, pclath, cstack
  1305 ;; Tracked objects:
  1306 ;;		On entry : 0/0
  1307 ;;		On exit  : 0/0
  1308 ;;		Unchanged: 0/0
  1309 ;; Data sizes:     COMMON   BANK0   BANK1   BANK3   BANK2
  1310 ;;      Params:         0       0       0       0       0
  1311 ;;      Locals:         0       0       0       0       0
  1312 ;;      Temps:          0       0       0       0       0
  1313 ;;      Totals:         0       0       0       0       0
  1314 ;;Total ram usage:        0 bytes
  1315 ;; Hardware stack levels used:    1
  1316 ;; Hardware stack levels required when called:    1
  1317 ;; This function calls:
  1318 ;;		_spiReceiveWait
  1319 ;; This function is called by:
  1320 ;;		_isr
  1321 ;; This function uses a non-reentrant model
  1322 ;;
  1323                           
  1324                           
  1325                           ;psect for function _spiRead
  1326  00F2                     _spiRead:
  1327  00F2                     i1l781:	
  1328                           ;incstack = 0
  1329                           ; Regs used in _spiRead: [wreg+status,2+status,0+pclath+cstack]
  1330                           
  1331                           
  1332                           ;SPI.c: 49:     spiReceiveWait();
  1333  00F2  120A  118A  20FB  120A  118A  	fcall	_spiReceiveWait
  1334  00F7                     i1l783:
  1335                           
  1336                           ;SPI.c: 50:     return(SSPBUF);
  1337  00F7  1283               	bcf	3,5	;RP0=0, select bank0
  1338  00F8  1303               	bcf	3,6	;RP1=0, select bank0
  1339  00F9  0813               	movf	19,w	;volatile
  1340  00FA                     i1l110:
  1341  00FA  0008               	return
  1342  00FB                     __end_of_spiRead:
  1343                           
  1344                           	psect	text7
  1345  00FB                     __ptext7:	
  1346 ;; *************** function _spiReceiveWait *****************
  1347 ;; Defined at:
  1348 ;;		line 29 in file "SPI.c"
  1349 ;; Parameters:    Size  Location     Type
  1350 ;;		None
  1351 ;; Auto vars:     Size  Location     Type
  1352 ;;		None
  1353 ;; Return value:  Size  Location     Type
  1354 ;;                  1    wreg      void 
  1355 ;; Registers used:
  1356 ;;		None
  1357 ;; Tracked objects:
  1358 ;;		On entry : 0/0
  1359 ;;		On exit  : 0/0
  1360 ;;		Unchanged: 0/0
  1361 ;; Data sizes:     COMMON   BANK0   BANK1   BANK3   BANK2
  1362 ;;      Params:         0       0       0       0       0
  1363 ;;      Locals:         0       0       0       0       0
  1364 ;;      Temps:          0       0       0       0       0
  1365 ;;      Totals:         0       0       0       0       0
  1366 ;;Total ram usage:        0 bytes
  1367 ;; Hardware stack levels used:    1
  1368 ;; This function calls:
  1369 ;;		Nothing
  1370 ;; This function is called by:
  1371 ;;		_spiRead
  1372 ;; This function uses a non-reentrant model
  1373 ;;
  1374                           
  1375                           
  1376                           ;psect for function _spiReceiveWait
  1377  00FB                     _spiReceiveWait:
  1378  00FB                     i1l779:	
  1379                           ;incstack = 0
  1380                           ; Regs used in _spiReceiveWait: []
  1381                           
  1382  00FB                     i1l96:	
  1383                           ;SPI.c: 31:     while ( !SSPSTATbits.BF );
  1384                           
  1385  00FB  1683               	bsf	3,5	;RP0=1, select bank1
  1386  00FC  1303               	bcf	3,6	;RP1=0, select bank1
  1387  00FD  1C14               	btfss	20,0	;volatile
  1388  00FE  2900               	goto	u2_21
  1389  00FF  2901               	goto	u2_20
  1390  0100                     u2_21:
  1391  0100  28FB               	goto	i1l96
  1392  0101                     u2_20:
  1393  0101                     i1l99:
  1394  0101  0008               	return
  1395  0102                     __end_of_spiReceiveWait:
  1396                           
  1397                           	psect	text8
  1398  00CF                     __ptext8:	
  1399 ;; *************** function _adc_canal *****************
  1400 ;; Defined at:
  1401 ;;		line 11 in file "adc_canal.c"
  1402 ;; Parameters:    Size  Location     Type
  1403 ;;  canal           1    wreg     unsigned char 
  1404 ;; Auto vars:     Size  Location     Type
  1405 ;;  canal           1    1[COMMON] unsigned char 
  1406 ;; Return value:  Size  Location     Type
  1407 ;;                  1    wreg      unsigned char 
  1408 ;; Registers used:
  1409 ;;		wreg, status,2, status,0
  1410 ;; Tracked objects:
  1411 ;;		On entry : 0/0
  1412 ;;		On exit  : 0/0
  1413 ;;		Unchanged: 0/0
  1414 ;; Data sizes:     COMMON   BANK0   BANK1   BANK3   BANK2
  1415 ;;      Params:         0       0       0       0       0
  1416 ;;      Locals:         1       0       0       0       0
  1417 ;;      Temps:          1       0       0       0       0
  1418 ;;      Totals:         2       0       0       0       0
  1419 ;;Total ram usage:        2 bytes
  1420 ;; Hardware stack levels used:    1
  1421 ;; This function calls:
  1422 ;;		Nothing
  1423 ;; This function is called by:
  1424 ;;		_isr
  1425 ;; This function uses a non-reentrant model
  1426 ;;
  1427                           
  1428                           
  1429                           ;psect for function _adc_canal
  1430  00CF                     _adc_canal:
  1431                           
  1432                           ;incstack = 0
  1433                           ; Regs used in _adc_canal: [wreg+status,2+status,0]
  1434                           ;adc_canal@canal stored from wreg
  1435  00CF  00F1               	movwf	adc_canal@canal
  1436  00D0                     i1l789:
  1437                           
  1438                           ;adc_canal.c: 12:     ADCON0bits.CHS = canal;
  1439  00D0  0871               	movf	adc_canal@canal,w
  1440  00D1  00F0               	movwf	??_adc_canal
  1441  00D2  0DF0               	rlf	??_adc_canal,f
  1442  00D3  0DF0               	rlf	??_adc_canal,f
  1443  00D4  1283               	bcf	3,5	;RP0=0, select bank0
  1444  00D5  1303               	bcf	3,6	;RP1=0, select bank0
  1445  00D6  081F               	movf	31,w	;volatile
  1446  00D7  0670               	xorwf	??_adc_canal,w
  1447  00D8  39C3               	andlw	-61
  1448  00D9  0670               	xorwf	??_adc_canal,w
  1449  00DA  009F               	movwf	31	;volatile
  1450  00DB                     i1l791:
  1451                           
  1452                           ;adc_canal.c: 13:     return ADRESH;
  1453  00DB  081E               	movf	30,w	;volatile
  1454  00DC                     i1l124:
  1455  00DC  0008               	return
  1456  00DD                     __end_of_adc_canal:
  1457  007E                     btemp	set	126	;btemp
  1458  007E                     wtemp0	set	126
  1459                           
  1460                           	psect	config
  1461                           
  1462                           ;Config register CONFIG1 @ 0x2007
  1463                           ;	Oscillator Selection bits
  1464                           ;	FOSC = INTRC_NOCLKOUT, INTOSCIO oscillator: I/O function on RA6/OSC2/CLKOUT pin, I/O f
      +                          unction on RA7/OSC1/CLKIN
  1465                           ;	Watchdog Timer Enable bit
  1466                           ;	WDTE = OFF, WDT disabled and can be enabled by SWDTEN bit of the WDTCON register
  1467                           ;	Power-up Timer Enable bit
  1468                           ;	PWRTE = OFF, PWRT disabled
  1469                           ;	RE3/MCLR pin function select bit
  1470                           ;	MCLRE = OFF, RE3/MCLR pin function is digital input, MCLR internally tied to VDD
  1471                           ;	Code Protection bit
  1472                           ;	CP = OFF, Program memory code protection is disabled
  1473                           ;	Data Code Protection bit
  1474                           ;	CPD = OFF, Data memory code protection is disabled
  1475                           ;	Brown Out Reset Selection bits
  1476                           ;	BOREN = OFF, BOR disabled
  1477                           ;	Internal External Switchover bit
  1478                           ;	IESO = OFF, Internal/External Switchover mode is disabled
  1479                           ;	Fail-Safe Clock Monitor Enabled bit
  1480                           ;	FCMEN = OFF, Fail-Safe Clock Monitor is disabled
  1481                           ;	Low Voltage Programming Enable bit
  1482                           ;	LVP = OFF, RB3 pin has digital I/O, HV on MCLR must be used for programming
  1483                           ;	In-Circuit Debugger Mode bit
  1484                           ;	DEBUG = 0x1, unprogrammed default
  1485  2007                     	org	8199
  1486  2007  20D4               	dw	8404
  1487                           
  1488                           ;Config register CONFIG2 @ 0x2008
  1489                           ;	Brown-out Reset Selection bit
  1490                           ;	BOR4V = BOR40V, Brown-out Reset set to 4.0V
  1491                           ;	Flash Program Memory Self Write Enable bits
  1492                           ;	WRT = OFF, Write protection off
  1493  2008                     	org	8200
  1494  2008  3FFF               	dw	16383

Data Sizes:
    Strings     0
    Constant    0
    Data        0
    BSS         3
    Persistent  0
    Stack       0

Auto Spaces:
    Space          Size  Autos    Used
    COMMON           14      6       9
    BANK0            80      4       4
    BANK1            80      0       0
    BANK3            96      0       0
    BANK2            96      0       0

Pointer List with Targets:

    None.

Critical Paths under _main in COMMON

    _setup->_spiInit

Critical Paths under _isr in COMMON

    _isr->_adc_canal

Critical Paths under _main in BANK0

    _main->_setup
    _setup->_spiInit

Critical Paths under _isr in BANK0

    None.

Critical Paths under _main in BANK1

    None.

Critical Paths under _isr in BANK1

    None.

Critical Paths under _main in BANK3

    None.

Critical Paths under _isr in BANK3

    None.

Critical Paths under _main in BANK2

    None.

Critical Paths under _isr in BANK2

    None.

Call Graph Tables:

 ---------------------------------------------------------------------------------
 (Depth) Function   	        Calls       Base Space   Used Autos Params    Refs
 ---------------------------------------------------------------------------------
 (0) _main                                                 0     0      0     456
                              _setup
 ---------------------------------------------------------------------------------
 (1) _setup                                                1     1      0     456
                                              3 BANK0      1     1      0
                              _adc_c
                            _spiInit
 ---------------------------------------------------------------------------------
 (2) _spiInit                                              4     1      3     456
                                              5 COMMON     1     1      0
                                              0 BANK0      3     0      3
 ---------------------------------------------------------------------------------
 (2) _adc_c                                                0     0      0       0
 ---------------------------------------------------------------------------------
 Estimated maximum stack depth 2
 ---------------------------------------------------------------------------------
 (Depth) Function   	        Calls       Base Space   Used Autos Params    Refs
 ---------------------------------------------------------------------------------
 (3) _isr                                                  3     3      0      30
                                              2 COMMON     3     3      0
                          _adc_canal
                            _spiRead
                           _spiWrite
 ---------------------------------------------------------------------------------
 (4) _spiWrite                                             1     1      0      15
                                              0 COMMON     1     1      0
 ---------------------------------------------------------------------------------
 (4) _spiRead                                              0     0      0       0
                     _spiReceiveWait
 ---------------------------------------------------------------------------------
 (5) _spiReceiveWait                                       0     0      0       0
 ---------------------------------------------------------------------------------
 (4) _adc_canal                                            2     2      0      15
                                              0 COMMON     2     2      0
 ---------------------------------------------------------------------------------
 Estimated maximum stack depth 5
 ---------------------------------------------------------------------------------

 Call Graph Graphs:

 _main (ROOT)
   _setup
     _adc_c
     _spiInit

 _isr (ROOT)
   _adc_canal
   _spiRead
     _spiReceiveWait
   _spiWrite

 Address spaces:
Name               Size   Autos  Total    Cost      Usage
BITCOMMON            E      0       0       0        0.0%
EEDATA             100      0       0       0        0.0%
NULL                 0      0       0       0        0.0%
CODE                 0      0       0       0        0.0%
COMMON               E      6       9       1       64.3%
BITSFR0              0      0       0       1        0.0%
SFR0                 0      0       0       1        0.0%
BITSFR1              0      0       0       2        0.0%
SFR1                 0      0       0       2        0.0%
STACK                0      0       0       2        0.0%
ABS                  0      0       D       3        0.0%
BITBANK0            50      0       0       4        0.0%
BITSFR3              0      0       0       4        0.0%
SFR3                 0      0       0       4        0.0%
BANK0               50      4       4       5        5.0%
BITSFR2              0      0       0       5        0.0%
SFR2                 0      0       0       5        0.0%
BITBANK1            50      0       0       6        0.0%
BANK1               50      0       0       7        0.0%
BITBANK3            60      0       0       8        0.0%
BANK3               60      0       0       9        0.0%
BITBANK2            60      0       0      10        0.0%
BANK2               60      0       0      11        0.0%
DATA                 0      0       D      12        0.0%


Microchip Technology PIC Macro Assembler V2.31 build 20201012212115 
Symbol Table                                                                                   Wed Aug 04 16:06:29 2021

            _SSPSTATbits 0094                       l70 00EE                       l71 00EE  
                     l92 00C9                       l76 00B0                       l93 00CE  
                    l117 00E8                      l761 00E2                      l763 00E3  
                    l765 00E6                      l757 00DD                      l767 00E7  
                    l759 00E1                      l971 00BF                      l973 00C1  
                    l981 0079                      l975 00C8                      l967 00B2  
                    l991 0083                      l983 007C                      l969 00B9  
                    l993 0084                      l985 007D                      l977 0074  
                    l995 0085                      l987 007E                      l979 0078  
                    l997 0088                      l989 0082                      l999 0089  
                    u130 00B9                      u131 00B8                      u147 0093  
                    _isr 0016                     l1001 008A                     l1011 009B  
                   l1003 008F                     l1013 009E                     l1005 0096  
                   l1021 00E9                     l1015 009F                     l1007 0097  
                   l1017 00AA                     l1009 0098                     l1019 00AD  
                   _ADIF 0066                     ?_isr 0070                     i1l65 006D  
                   i1l96 00FB                     i1l99 0101                     u2_20 0101  
                   u2_21 0100                     u5_20 001C                     u5_21 001B  
                   u6_20 0029                     u6_21 0028                     u7_20 0041  
                   u7_21 0040                     u8_20 004A                     u8_21 0049  
                   _main 00E9                     btemp 007E                     start 000C  
                  ??_isr 0072                    ?_main 0070                    _EEADR 010D  
                  _EEDAT 010C                    i1l110 00FA                    i1l102 0107  
                  i1l124 00DC                    i1l851 0032                    i1l843 0016  
                  i1l781 00F2                    i1l861 0053                    i1l853 003A  
                  i1l845 001C                    i1l791 00DB                    i1l783 00F7  
                  i1l871 0069                    i1l863 0057                    i1l847 0024  
                  i1l855 003D                    i1l873 006C                    i1l865 005A  
                  i1l857 0041                    i1l849 0029                    i1l779 00FB  
                  i1l787 0103                    i1l859 004A                    i1l867 005C  
                  i1l789 00D0                    i1l869 0065                    u15_27 0055  
                  u16_27 0067                    _PORTA 0005                    _PORTB 0006  
                  _PORTD 0008                    _TRISA 0085                    _TRISB 0086  
                  _TRISD 0088                    _SSPIF 0063                    _TXREG 0019  
         adc_canal@canal 0071                    _adc_c 00DD                    _setup 0074  
                  pclath 000A          __end_of_spiInit 00CF          __end_of_spiRead 00FB  
                  status 0003                    wtemp0 007E          __initialization 000F  
           __end_of_main 00F2                   ??_main 0076                   ?_adc_c 0070  
                 _ADRESH 001E                   _EECON2 018D                   ?_setup 0070  
                 _ANSELH 0189                   _TRISC3 043B                   _TRISC5 043D  
                 _SSPCON 0014                   _SSPBUF 0013                   _conver 0078  
                 saved_w 007E         __end_of_spiWrite 0108                ??_spiInit 0075  
              ??_spiRead 0070  __end_of__initialization 0012       __size_of_adc_canal 000E  
         __pcstackCOMMON 0070            __end_of_adc_c 00E9            __end_of_setup 00B1  
                ??_adc_c 0075                  ??_setup 0023               __pmaintext 00E9  
             __pintentry 0004  __size_of_spiReceiveWait 0007        __end_of_adc_canal 00DD  
                _SSPSTAT 0094                ?_spiWrite 0070                _ANSELbits 0188  
                __ptext1 0074                  __ptext2 00B1                  __ptext3 00DD  
                __ptext4 0016                  __ptext5 0102                  __ptext6 00F2  
                __ptext7 00FB                  __ptext8 00CF             __size_of_isr 005E  
                _spiInit 00B1                  _spiRead 00F2                  _spiflag 0076  
   end_of_initialization 0012               ??_spiWrite 0070                _TRISAbits 0085  
              _TRISCbits 0087              spiWrite@dat 0070                _TXSTAbits 0098  
         _spiReceiveWait 00FB      start_initialization 000F              __end_of_isr 0074  
 __end_of_spiReceiveWait 0102              __pbssCOMMON 0076                ___latbits 0002  
          __pcstackBANK0 0020                _adc_canal 00CF          ?_spiReceiveWait 0070  
      __size_of_spiWrite 0006                 ?_spiInit 0020                 ?_spiRead 0070  
             ?_adc_canal 0070           __size_of_adc_c 000C                _dummydata 0077  
         __size_of_setup 003D     spiInit@sTransmitEdge 0022        interrupt_function 0004  
               _PIE1bits 008C       spiInit@sDataSample 0020                 _PIR1bits 000C  
               _PIR2bits 000D               _ADCON0bits 001F               _ADCON1bits 009F  
             _EECON1bits 018C              ??_adc_canal 0070         __size_of_spiInit 001E  
       __size_of_spiRead 0009            __size_of_main 0009                 _spiWrite 0102  
           spiInit@sType 0075        spiInit@sClockIdle 0021               _INTCONbits 000B  
               intlevel1 0000         ??_spiReceiveWait 0070               _OSCCONbits 008F  
