

Microchip MPLAB XC8 Assembler V2.31 build 20201012212115 
                                                                                               Wed Aug 04 09:39:22 2021

Microchip MPLAB XC8 C Compiler v2.31 (Free license) build 20201012212115 Og1 
     1                           	processor	16F887
     2                           	pagewidth 120
     3                           	opt	flic
     4                           	psect	cinit,global,class=CODE,merge=1,delta=2
     5                           	psect	bssCOMMON,global,class=COMMON,space=1,delta=1,noexec
     6                           	psect	cstackCOMMON,global,class=COMMON,space=1,delta=1,noexec
     7                           	psect	cstackBANK0,global,class=BANK0,space=1,delta=1,noexec
     8                           	psect	maintext,global,class=CODE,split=1,delta=2
     9                           	psect	text1,local,class=CODE,merge=1,delta=2
    10                           	psect	text2,local,class=CODE,merge=1,delta=2
    11                           	psect	text3,local,class=CODE,merge=1,delta=2
    12                           	psect	text4,local,class=CODE,merge=1,delta=2
    13                           	psect	intentry,global,class=CODE,delta=2
    14                           	psect	text5,local,class=CODE,merge=1,delta=2
    15                           	psect	text6,local,class=CODE,merge=1,delta=2
    16                           	psect	text7,local,class=CODE,merge=1,delta=2
    17                           	psect	text8,local,class=CODE,merge=1,delta=2
    18                           	psect	config,global,abs,ovrld,class=CONFIG,space=4,delta=2,noexec
    19                           	dabs	1,0x7E,2
    20  0000                     
    21                           ; Version 2.20
    22                           ; Generated 12/02/2020 GMT
    23                           ; 
    24                           ; Copyright © 2020, Microchip Technology Inc. and its subsidiaries ("Microchip")
    25                           ; All rights reserved.
    26                           ; 
    27                           ; This software is developed by Microchip Technology Inc. and its subsidiaries ("Microch
      +                          ip").
    28                           ; 
    29                           ; Redistribution and use in source and binary forms, with or without modification, are
    30                           ; permitted provided that the following conditions are met:
    31                           ; 
    32                           ;     1. Redistributions of source code must retain the above copyright notice, this lis
      +                          t of
    33                           ;        conditions and the following disclaimer.
    34                           ; 
    35                           ;     2. Redistributions in binary form must reproduce the above copyright notice, this 
      +                          list
    36                           ;        of conditions and the following disclaimer in the documentation and/or other
    37                           ;        materials provided with the distribution.
    38                           ; 
    39                           ;     3. Microchip's name may not be used to endorse or promote products derived from th
      +                          is
    40                           ;        software without specific prior written permission.
    41                           ; 
    42                           ; THIS SOFTWARE IS PROVIDED BY MICROCHIP "AS IS" AND ANY EXPRESS OR IMPLIED WARRANTIES,
    43                           ; INCLUDING, BUT NOT LIMITED TO, THE IMPLIED WARRANTIES OF MERCHANTABILITY AND FITNESS F
      +                          OR
    44                           ; PURPOSE ARE DISCLAIMED.  IN NO EVENT SHALL MICROCHIP BE LIABLE FOR ANY DIRECT, INDIREC
      +                          T,
    45                           ; INCIDENTAL, SPECIAL, EXEMPLARY, OR CONSEQUENTIAL DAMAGES (INCLUDING BUT NOT LIMITED TO
    46                           ; PROCUREMENT OF SUBSTITUTE GOODS OR SERVICES; LOSS OF USE, DATA OR PROFITS; OR BUSINESS
    47                           ; INTERRUPTION) HOWSOEVER CAUSED AND ON ANY THEORY OF LIABILITY, WHETHER IN CONTRACT, ST
      +                          RICT
    48                           ; LIABILITY, OR TORT (INCLUDING NEGLIGENCE OR OTHERWISE) ARISING IN ANY WAY OUT OF THE U
      +                          SE OF
    49                           ; THIS SOFTWARE, EVEN IF ADVISED OF THE POSSIBILITY OF SUCH DAMAGE.
    50                           ; 
    51                           ; 
    52                           ; Code-generator required, PIC16F887 Definitions
    53                           ; 
    54                           ; SFR Addresses
    55  0000                     	;# 
    56  0001                     	;# 
    57  0002                     	;# 
    58  0003                     	;# 
    59  0004                     	;# 
    60  0005                     	;# 
    61  0006                     	;# 
    62  0007                     	;# 
    63  0008                     	;# 
    64  0009                     	;# 
    65  000A                     	;# 
    66  000B                     	;# 
    67  000C                     	;# 
    68  000D                     	;# 
    69  000E                     	;# 
    70  000E                     	;# 
    71  000F                     	;# 
    72  0010                     	;# 
    73  0011                     	;# 
    74  0012                     	;# 
    75  0013                     	;# 
    76  0014                     	;# 
    77  0015                     	;# 
    78  0015                     	;# 
    79  0016                     	;# 
    80  0017                     	;# 
    81  0018                     	;# 
    82  0019                     	;# 
    83  001A                     	;# 
    84  001B                     	;# 
    85  001B                     	;# 
    86  001C                     	;# 
    87  001D                     	;# 
    88  001E                     	;# 
    89  001F                     	;# 
    90  0081                     	;# 
    91  0085                     	;# 
    92  0086                     	;# 
    93  0087                     	;# 
    94  0088                     	;# 
    95  0089                     	;# 
    96  008C                     	;# 
    97  008D                     	;# 
    98  008E                     	;# 
    99  008F                     	;# 
   100  0090                     	;# 
   101  0091                     	;# 
   102  0092                     	;# 
   103  0093                     	;# 
   104  0093                     	;# 
   105  0093                     	;# 
   106  0094                     	;# 
   107  0095                     	;# 
   108  0096                     	;# 
   109  0097                     	;# 
   110  0098                     	;# 
   111  0099                     	;# 
   112  009A                     	;# 
   113  009B                     	;# 
   114  009C                     	;# 
   115  009D                     	;# 
   116  009E                     	;# 
   117  009F                     	;# 
   118  0105                     	;# 
   119  0107                     	;# 
   120  0108                     	;# 
   121  0109                     	;# 
   122  010C                     	;# 
   123  010C                     	;# 
   124  010D                     	;# 
   125  010E                     	;# 
   126  010F                     	;# 
   127  0185                     	;# 
   128  0187                     	;# 
   129  0188                     	;# 
   130  0189                     	;# 
   131  018C                     	;# 
   132  018D                     	;# 
   133  0000                     	;# 
   134  0001                     	;# 
   135  0002                     	;# 
   136  0003                     	;# 
   137  0004                     	;# 
   138  0005                     	;# 
   139  0006                     	;# 
   140  0007                     	;# 
   141  0008                     	;# 
   142  0009                     	;# 
   143  000A                     	;# 
   144  000B                     	;# 
   145  000C                     	;# 
   146  000D                     	;# 
   147  000E                     	;# 
   148  000E                     	;# 
   149  000F                     	;# 
   150  0010                     	;# 
   151  0011                     	;# 
   152  0012                     	;# 
   153  0013                     	;# 
   154  0014                     	;# 
   155  0015                     	;# 
   156  0015                     	;# 
   157  0016                     	;# 
   158  0017                     	;# 
   159  0018                     	;# 
   160  0019                     	;# 
   161  001A                     	;# 
   162  001B                     	;# 
   163  001B                     	;# 
   164  001C                     	;# 
   165  001D                     	;# 
   166  001E                     	;# 
   167  001F                     	;# 
   168  0081                     	;# 
   169  0085                     	;# 
   170  0086                     	;# 
   171  0087                     	;# 
   172  0088                     	;# 
   173  0089                     	;# 
   174  008C                     	;# 
   175  008D                     	;# 
   176  008E                     	;# 
   177  008F                     	;# 
   178  0090                     	;# 
   179  0091                     	;# 
   180  0092                     	;# 
   181  0093                     	;# 
   182  0093                     	;# 
   183  0093                     	;# 
   184  0094                     	;# 
   185  0095                     	;# 
   186  0096                     	;# 
   187  0097                     	;# 
   188  0098                     	;# 
   189  0099                     	;# 
   190  009A                     	;# 
   191  009B                     	;# 
   192  009C                     	;# 
   193  009D                     	;# 
   194  009E                     	;# 
   195  009F                     	;# 
   196  0105                     	;# 
   197  0107                     	;# 
   198  0108                     	;# 
   199  0109                     	;# 
   200  010C                     	;# 
   201  010C                     	;# 
   202  010D                     	;# 
   203  010E                     	;# 
   204  010F                     	;# 
   205  0185                     	;# 
   206  0187                     	;# 
   207  0188                     	;# 
   208  0189                     	;# 
   209  018C                     	;# 
   210  018D                     	;# 
   211  0000                     	;# 
   212  0001                     	;# 
   213  0002                     	;# 
   214  0003                     	;# 
   215  0004                     	;# 
   216  0005                     	;# 
   217  0006                     	;# 
   218  0007                     	;# 
   219  0008                     	;# 
   220  0009                     	;# 
   221  000A                     	;# 
   222  000B                     	;# 
   223  000C                     	;# 
   224  000D                     	;# 
   225  000E                     	;# 
   226  000E                     	;# 
   227  000F                     	;# 
   228  0010                     	;# 
   229  0011                     	;# 
   230  0012                     	;# 
   231  0013                     	;# 
   232  0014                     	;# 
   233  0015                     	;# 
   234  0015                     	;# 
   235  0016                     	;# 
   236  0017                     	;# 
   237  0018                     	;# 
   238  0019                     	;# 
   239  001A                     	;# 
   240  001B                     	;# 
   241  001B                     	;# 
   242  001C                     	;# 
   243  001D                     	;# 
   244  001E                     	;# 
   245  001F                     	;# 
   246  0081                     	;# 
   247  0085                     	;# 
   248  0086                     	;# 
   249  0087                     	;# 
   250  0088                     	;# 
   251  0089                     	;# 
   252  008C                     	;# 
   253  008D                     	;# 
   254  008E                     	;# 
   255  008F                     	;# 
   256  0090                     	;# 
   257  0091                     	;# 
   258  0092                     	;# 
   259  0093                     	;# 
   260  0093                     	;# 
   261  0093                     	;# 
   262  0094                     	;# 
   263  0095                     	;# 
   264  0096                     	;# 
   265  0097                     	;# 
   266  0098                     	;# 
   267  0099                     	;# 
   268  009A                     	;# 
   269  009B                     	;# 
   270  009C                     	;# 
   271  009D                     	;# 
   272  009E                     	;# 
   273  009F                     	;# 
   274  0105                     	;# 
   275  0107                     	;# 
   276  0108                     	;# 
   277  0109                     	;# 
   278  010C                     	;# 
   279  010C                     	;# 
   280  010D                     	;# 
   281  010E                     	;# 
   282  010F                     	;# 
   283  0185                     	;# 
   284  0187                     	;# 
   285  0188                     	;# 
   286  0189                     	;# 
   287  018C                     	;# 
   288  018D                     	;# 
   289  0000                     	;# 
   290  0001                     	;# 
   291  0002                     	;# 
   292  0003                     	;# 
   293  0004                     	;# 
   294  0005                     	;# 
   295  0006                     	;# 
   296  0007                     	;# 
   297  0008                     	;# 
   298  0009                     	;# 
   299  000A                     	;# 
   300  000B                     	;# 
   301  000C                     	;# 
   302  000D                     	;# 
   303  000E                     	;# 
   304  000E                     	;# 
   305  000F                     	;# 
   306  0010                     	;# 
   307  0011                     	;# 
   308  0012                     	;# 
   309  0013                     	;# 
   310  0014                     	;# 
   311  0015                     	;# 
   312  0015                     	;# 
   313  0016                     	;# 
   314  0017                     	;# 
   315  0018                     	;# 
   316  0019                     	;# 
   317  001A                     	;# 
   318  001B                     	;# 
   319  001B                     	;# 
   320  001C                     	;# 
   321  001D                     	;# 
   322  001E                     	;# 
   323  001F                     	;# 
   324  0081                     	;# 
   325  0085                     	;# 
   326  0086                     	;# 
   327  0087                     	;# 
   328  0088                     	;# 
   329  0089                     	;# 
   330  008C                     	;# 
   331  008D                     	;# 
   332  008E                     	;# 
   333  008F                     	;# 
   334  0090                     	;# 
   335  0091                     	;# 
   336  0092                     	;# 
   337  0093                     	;# 
   338  0093                     	;# 
   339  0093                     	;# 
   340  0094                     	;# 
   341  0095                     	;# 
   342  0096                     	;# 
   343  0097                     	;# 
   344  0098                     	;# 
   345  0099                     	;# 
   346  009A                     	;# 
   347  009B                     	;# 
   348  009C                     	;# 
   349  009D                     	;# 
   350  009E                     	;# 
   351  009F                     	;# 
   352  0105                     	;# 
   353  0107                     	;# 
   354  0108                     	;# 
   355  0109                     	;# 
   356  010C                     	;# 
   357  010C                     	;# 
   358  010D                     	;# 
   359  010E                     	;# 
   360  010F                     	;# 
   361  0185                     	;# 
   362  0187                     	;# 
   363  0188                     	;# 
   364  0189                     	;# 
   365  018C                     	;# 
   366  018D                     	;# 
   367  0000                     	;# 
   368  0001                     	;# 
   369  0002                     	;# 
   370  0003                     	;# 
   371  0004                     	;# 
   372  0005                     	;# 
   373  0006                     	;# 
   374  0007                     	;# 
   375  0008                     	;# 
   376  0009                     	;# 
   377  000A                     	;# 
   378  000B                     	;# 
   379  000C                     	;# 
   380  000D                     	;# 
   381  000E                     	;# 
   382  000E                     	;# 
   383  000F                     	;# 
   384  0010                     	;# 
   385  0011                     	;# 
   386  0012                     	;# 
   387  0013                     	;# 
   388  0014                     	;# 
   389  0015                     	;# 
   390  0015                     	;# 
   391  0016                     	;# 
   392  0017                     	;# 
   393  0018                     	;# 
   394  0019                     	;# 
   395  001A                     	;# 
   396  001B                     	;# 
   397  001B                     	;# 
   398  001C                     	;# 
   399  001D                     	;# 
   400  001E                     	;# 
   401  001F                     	;# 
   402  0081                     	;# 
   403  0085                     	;# 
   404  0086                     	;# 
   405  0087                     	;# 
   406  0088                     	;# 
   407  0089                     	;# 
   408  008C                     	;# 
   409  008D                     	;# 
   410  008E                     	;# 
   411  008F                     	;# 
   412  0090                     	;# 
   413  0091                     	;# 
   414  0092                     	;# 
   415  0093                     	;# 
   416  0093                     	;# 
   417  0093                     	;# 
   418  0094                     	;# 
   419  0095                     	;# 
   420  0096                     	;# 
   421  0097                     	;# 
   422  0098                     	;# 
   423  0099                     	;# 
   424  009A                     	;# 
   425  009B                     	;# 
   426  009C                     	;# 
   427  009D                     	;# 
   428  009E                     	;# 
   429  009F                     	;# 
   430  0105                     	;# 
   431  0107                     	;# 
   432  0108                     	;# 
   433  0109                     	;# 
   434  010C                     	;# 
   435  010C                     	;# 
   436  010D                     	;# 
   437  010E                     	;# 
   438  010F                     	;# 
   439  0185                     	;# 
   440  0187                     	;# 
   441  0188                     	;# 
   442  0189                     	;# 
   443  018C                     	;# 
   444  018D                     	;# 
   445  0000                     	;# 
   446  0001                     	;# 
   447  0002                     	;# 
   448  0003                     	;# 
   449  0004                     	;# 
   450  0005                     	;# 
   451  0006                     	;# 
   452  0007                     	;# 
   453  0008                     	;# 
   454  0009                     	;# 
   455  000A                     	;# 
   456  000B                     	;# 
   457  000C                     	;# 
   458  000D                     	;# 
   459  000E                     	;# 
   460  000E                     	;# 
   461  000F                     	;# 
   462  0010                     	;# 
   463  0011                     	;# 
   464  0012                     	;# 
   465  0013                     	;# 
   466  0014                     	;# 
   467  0015                     	;# 
   468  0015                     	;# 
   469  0016                     	;# 
   470  0017                     	;# 
   471  0018                     	;# 
   472  0019                     	;# 
   473  001A                     	;# 
   474  001B                     	;# 
   475  001B                     	;# 
   476  001C                     	;# 
   477  001D                     	;# 
   478  001E                     	;# 
   479  001F                     	;# 
   480  0081                     	;# 
   481  0085                     	;# 
   482  0086                     	;# 
   483  0087                     	;# 
   484  0088                     	;# 
   485  0089                     	;# 
   486  008C                     	;# 
   487  008D                     	;# 
   488  008E                     	;# 
   489  008F                     	;# 
   490  0090                     	;# 
   491  0091                     	;# 
   492  0092                     	;# 
   493  0093                     	;# 
   494  0093                     	;# 
   495  0093                     	;# 
   496  0094                     	;# 
   497  0095                     	;# 
   498  0096                     	;# 
   499  0097                     	;# 
   500  0098                     	;# 
   501  0099                     	;# 
   502  009A                     	;# 
   503  009B                     	;# 
   504  009C                     	;# 
   505  009D                     	;# 
   506  009E                     	;# 
   507  009F                     	;# 
   508  0105                     	;# 
   509  0107                     	;# 
   510  0108                     	;# 
   511  0109                     	;# 
   512  010C                     	;# 
   513  010C                     	;# 
   514  010D                     	;# 
   515  010E                     	;# 
   516  010F                     	;# 
   517  0185                     	;# 
   518  0187                     	;# 
   519  0188                     	;# 
   520  0189                     	;# 
   521  018C                     	;# 
   522  018D                     	;# 
   523  0019                     _TXREG	set	25
   524  000D                     _PIR2bits	set	13
   525  001E                     _ADRESH	set	30
   526  0013                     _SSPBUF	set	19
   527  0014                     _SSPCON	set	20
   528  000B                     _INTCONbits	set	11
   529  0005                     _PORTA	set	5
   530  000C                     _PIR1bits	set	12
   531  001F                     _ADCON0bits	set	31
   532  0008                     _PORTD	set	8
   533  0006                     _PORTB	set	6
   534  0007                     _PORTCbits	set	7
   535  0066                     _ADIF	set	102
   536  0063                     _SSPIF	set	99
   537  0098                     _TXSTAbits	set	152
   538  009F                     _ADCON1bits	set	159
   539  0094                     _SSPSTATbits	set	148
   540  0094                     _SSPSTAT	set	148
   541  0085                     _TRISAbits	set	133
   542  008C                     _PIE1bits	set	140
   543  0088                     _TRISD	set	136
   544  0087                     _TRISCbits	set	135
   545  0086                     _TRISB	set	134
   546  0085                     _TRISA	set	133
   547  008F                     _OSCCONbits	set	143
   548  043B                     _TRISC3	set	1083
   549  043D                     _TRISC5	set	1085
   550  010C                     _EEDAT	set	268
   551  010D                     _EEADR	set	269
   552  018D                     _EECON2	set	397
   553  018C                     _EECON1bits	set	396
   554  0188                     _ANSELbits	set	392
   555  0189                     _ANSELH	set	393
   556                           
   557                           	psect	cinit
   558  000F                     start_initialization:	
   559                           ; #config settings
   560                           
   561  000F                     __initialization:
   562                           
   563                           ; Clear objects allocated to COMMON
   564  000F  01F6               	clrf	__pbssCOMMON& (0+127)
   565  0010  01F7               	clrf	(__pbssCOMMON+1)& (0+127)
   566  0011  01F8               	clrf	(__pbssCOMMON+2)& (0+127)
   567  0012                     end_of_initialization:	
   568                           ;End of C runtime variable initialization code
   569                           
   570  0012                     __end_of__initialization:
   571  0012  0183               	clrf	3
   572  0013  120A  118A  28EA   	ljmp	_main	;jump to C main() function
   573                           
   574                           	psect	bssCOMMON
   575  0076                     __pbssCOMMON:
   576  0076                     _spiflag:
   577  0076                     	ds	1
   578  0077                     _dummydata:
   579  0077                     	ds	1
   580  0078                     _conver:
   581  0078                     	ds	1
   582                           
   583                           	psect	cstackCOMMON
   584  0070                     __pcstackCOMMON:
   585  0070                     ?_spiRead:
   586  0070                     ??_spiRead:	
   587                           ; 1 bytes @ 0x0
   588                           
   589  0070                     ?_spiWrite:	
   590                           ; 1 bytes @ 0x0
   591                           
   592  0070                     ??_spiWrite:	
   593                           ; 1 bytes @ 0x0
   594                           
   595  0070                     ?_adc_canal:	
   596                           ; 1 bytes @ 0x0
   597                           
   598  0070                     ??_adc_canal:	
   599                           ; 1 bytes @ 0x0
   600                           
   601  0070                     ?_setup:	
   602                           ; 1 bytes @ 0x0
   603                           
   604  0070                     ?_adc_c:	
   605                           ; 1 bytes @ 0x0
   606                           
   607  0070                     ?_isr:	
   608                           ; 1 bytes @ 0x0
   609                           
   610  0070                     ?_main:	
   611                           ; 1 bytes @ 0x0
   612                           
   613  0070                     ?_spiReceiveWait:	
   614                           ; 1 bytes @ 0x0
   615                           
   616  0070                     ??_spiReceiveWait:	
   617                           ; 1 bytes @ 0x0
   618                           
   619  0070                     spiWrite@dat:	
   620                           ; 1 bytes @ 0x0
   621                           
   622                           
   623                           ; 1 bytes @ 0x0
   624  0070                     	ds	1
   625  0071                     adc_canal@canal:
   626                           
   627                           ; 1 bytes @ 0x1
   628  0071                     	ds	1
   629  0072                     ??_isr:
   630                           
   631                           ; 1 bytes @ 0x2
   632  0072                     	ds	3
   633  0075                     ??_adc_c:
   634  0075                     ??_spiInit:	
   635                           ; 1 bytes @ 0x5
   636                           
   637  0075                     spiInit@sType:	
   638                           ; 1 bytes @ 0x5
   639                           
   640                           
   641                           ; 1 bytes @ 0x5
   642  0075                     	ds	1
   643  0076                     ??_main:
   644                           
   645                           	psect	cstackBANK0
   646  0020                     __pcstackBANK0:	
   647                           ; 1 bytes @ 0x6
   648                           
   649  0020                     ?_spiInit:
   650  0020                     spiInit@sDataSample:	
   651                           ; 1 bytes @ 0x0
   652                           
   653                           
   654                           ; 1 bytes @ 0x0
   655  0020                     	ds	1
   656  0021                     spiInit@sClockIdle:
   657                           
   658                           ; 1 bytes @ 0x1
   659  0021                     	ds	1
   660  0022                     spiInit@sTransmitEdge:
   661                           
   662                           ; 1 bytes @ 0x2
   663  0022                     	ds	1
   664  0023                     ??_setup:
   665                           
   666                           ; 1 bytes @ 0x3
   667  0023                     	ds	1
   668                           
   669                           	psect	maintext
   670  00EA                     __pmaintext:	
   671 ;;
   672 ;;Main: autosize = 0, tempsize = 0, incstack = 0, save=0
   673 ;;
   674 ;; *************** function _main *****************
   675 ;; Defined at:
   676 ;;		line 84 in file "lab3slave.c"
   677 ;; Parameters:    Size  Location     Type
   678 ;;		None
   679 ;; Auto vars:     Size  Location     Type
   680 ;;		None
   681 ;; Return value:  Size  Location     Type
   682 ;;                  1    wreg      void 
   683 ;; Registers used:
   684 ;;		wreg, status,2, status,0, pclath, cstack
   685 ;; Tracked objects:
   686 ;;		On entry : B00/0
   687 ;;		On exit  : 0/0
   688 ;;		Unchanged: 0/0
   689 ;; Data sizes:     COMMON   BANK0   BANK1   BANK3   BANK2
   690 ;;      Params:         0       0       0       0       0
   691 ;;      Locals:         0       0       0       0       0
   692 ;;      Temps:          0       0       0       0       0
   693 ;;      Totals:         0       0       0       0       0
   694 ;;Total ram usage:        0 bytes
   695 ;; Hardware stack levels required when called:    5
   696 ;; This function calls:
   697 ;;		_setup
   698 ;; This function is called by:
   699 ;;		Startup code after reset
   700 ;; This function uses a non-reentrant model
   701 ;;
   702                           
   703                           
   704                           ;psect for function _main
   705  00EA                     _main:
   706  00EA                     l1027:	
   707                           ;incstack = 0
   708                           ; Regs used in _main: [wreg+status,2+status,0+pclath+cstack]
   709                           
   710                           
   711                           ;lab3slave.c: 85:     setup();
   712  00EA  120A  118A  2075  120A  118A  	fcall	_setup
   713  00EF                     l72:	
   714                           ;lab3slave.c: 89:     while(1){}
   715                           
   716  00EF                     l73:
   717  00EF  28EF               	goto	l72
   718  00F0  120A  118A  280C   	ljmp	start
   719  00F3                     __end_of_main:
   720                           
   721                           	psect	text1
   722  0075                     __ptext1:	
   723 ;; *************** function _setup *****************
   724 ;; Defined at:
   725 ;;		line 94 in file "lab3slave.c"
   726 ;; Parameters:    Size  Location     Type
   727 ;;		None
   728 ;; Auto vars:     Size  Location     Type
   729 ;;		None
   730 ;; Return value:  Size  Location     Type
   731 ;;                  1    wreg      void 
   732 ;; Registers used:
   733 ;;		wreg, status,2, status,0, pclath, cstack
   734 ;; Tracked objects:
   735 ;;		On entry : 0/0
   736 ;;		On exit  : 0/0
   737 ;;		Unchanged: 0/0
   738 ;; Data sizes:     COMMON   BANK0   BANK1   BANK3   BANK2
   739 ;;      Params:         0       0       0       0       0
   740 ;;      Locals:         0       0       0       0       0
   741 ;;      Temps:          0       1       0       0       0
   742 ;;      Totals:         0       1       0       0       0
   743 ;;Total ram usage:        1 bytes
   744 ;; Hardware stack levels used:    1
   745 ;; Hardware stack levels required when called:    4
   746 ;; This function calls:
   747 ;;		_adc_c
   748 ;;		_spiInit
   749 ;; This function is called by:
   750 ;;		_main
   751 ;; This function uses a non-reentrant model
   752 ;;
   753                           
   754                           
   755                           ;psect for function _setup
   756  0075                     _setup:
   757  0075                     l983:	
   758                           ;incstack = 0
   759                           ; Regs used in _setup: [wreg+status,2+status,0+pclath+cstack]
   760                           
   761                           
   762                           ;lab3slave.c: 97:     OSCCONbits.IRCF = 7;
   763  0075  3070               	movlw	112
   764  0076  1683               	bsf	3,5	;RP0=1, select bank1
   765  0077  1303               	bcf	3,6	;RP1=0, select bank1
   766  0078  048F               	iorwf	15,f	;volatile
   767  0079                     l985:
   768                           
   769                           ;lab3slave.c: 98:     OSCCONbits.SCS = 1;
   770  0079  140F               	bsf	15,0	;volatile
   771  007A                     l987:
   772                           
   773                           ;lab3slave.c: 100:     ANSELH = 0;
   774  007A  1683               	bsf	3,5	;RP0=1, select bank3
   775  007B  1703               	bsf	3,6	;RP1=1, select bank3
   776  007C  0189               	clrf	9	;volatile
   777  007D                     l989:
   778                           
   779                           ;lab3slave.c: 101:     ANSELbits.ANS0 = 1;
   780  007D  1408               	bsf	8,0	;volatile
   781  007E                     l991:
   782                           
   783                           ;lab3slave.c: 102:     ANSELbits.ANS1 = 1;
   784  007E  1488               	bsf	8,1	;volatile
   785  007F                     l993:
   786                           
   787                           ;lab3slave.c: 103:     TRISA = 35;
   788  007F  3023               	movlw	35
   789  0080  1683               	bsf	3,5	;RP0=1, select bank1
   790  0081  1303               	bcf	3,6	;RP1=0, select bank1
   791  0082  0085               	movwf	5	;volatile
   792  0083                     l995:
   793                           
   794                           ;lab3slave.c: 104:     TRISB = 0;
   795  0083  0186               	clrf	6	;volatile
   796  0084                     l997:
   797                           
   798                           ;lab3slave.c: 105:     TRISCbits.TRISC2 = 0;
   799  0084  1107               	bcf	7,2	;volatile
   800  0085                     l999:
   801                           
   802                           ;lab3slave.c: 106:     TRISD = 0;
   803  0085  0188               	clrf	8	;volatile
   804  0086                     l1001:
   805                           
   806                           ;lab3slave.c: 107:     PORTA = 0;
   807  0086  1283               	bcf	3,5	;RP0=0, select bank0
   808  0087  1303               	bcf	3,6	;RP1=0, select bank0
   809  0088  0185               	clrf	5	;volatile
   810  0089                     l1003:
   811                           
   812                           ;lab3slave.c: 108:     PORTB = 0;
   813  0089  0186               	clrf	6	;volatile
   814  008A                     l1005:
   815                           
   816                           ;lab3slave.c: 109:     PORTD = 0;
   817  008A  0188               	clrf	8	;volatile
   818  008B                     l1007:
   819                           
   820                           ;lab3slave.c: 111:     adc_c();
   821  008B  120A  118A  20DE  120A  118A  	fcall	_adc_c
   822  0090                     l1009:
   823                           
   824                           ;lab3slave.c: 112:     _delay((unsigned long)((20)*(8000000/4000000.0)));
   825  0090  300C               	movlw	12
   826  0091  1283               	bcf	3,5	;RP0=0, select bank0
   827  0092  1303               	bcf	3,6	;RP1=0, select bank0
   828  0093  00A3               	movwf	??_setup
   829  0094                     u147:
   830  0094  0BA3               	decfsz	??_setup,f
   831  0095  2894               	goto	u147
   832  0096  0000               	nop
   833  0097                     l1011:
   834                           
   835                           ;lab3slave.c: 113:     INTCONbits.GIE = 1;
   836  0097  178B               	bsf	11,7	;volatile
   837  0098                     l1013:
   838                           
   839                           ;lab3slave.c: 114:     INTCONbits.PEIE = 1;
   840  0098  170B               	bsf	11,6	;volatile
   841  0099                     l1015:
   842                           
   843                           ;lab3slave.c: 115:     PIR1bits.SSPIF = 0;
   844  0099  1283               	bcf	3,5	;RP0=0, select bank0
   845  009A  1303               	bcf	3,6	;RP1=0, select bank0
   846  009B  118C               	bcf	12,3	;volatile
   847  009C                     l1017:
   848                           
   849                           ;lab3slave.c: 116:     PIE1bits.SSPIE = 1;
   850  009C  1683               	bsf	3,5	;RP0=1, select bank1
   851  009D  1303               	bcf	3,6	;RP1=0, select bank1
   852  009E  158C               	bsf	12,3	;volatile
   853  009F                     l1019:
   854                           
   855                           ;lab3slave.c: 117:     TRISAbits.TRISA5 = 1;
   856  009F  1685               	bsf	5,5	;volatile
   857  00A0                     l1021:
   858                           
   859                           ;lab3slave.c: 118:     spiInit(SPI_SLAVE_SS_EN, SPI_DATA_SAMPLE_MIDDLE, SPI_CLOCK_IDLE_L
      +                          OW, SPI_IDLE_2_ACTIVE);
   860  00A0  1283               	bcf	3,5	;RP0=0, select bank0
   861  00A1  1303               	bcf	3,6	;RP1=0, select bank0
   862  00A2  01A0               	clrf	spiInit@sDataSample
   863  00A3  01A1               	clrf	spiInit@sClockIdle
   864  00A4  01A2               	clrf	spiInit@sTransmitEdge
   865  00A5  3024               	movlw	36
   866  00A6  120A  118A  20B2  120A  118A  	fcall	_spiInit
   867  00AB                     l1023:
   868                           
   869                           ;lab3slave.c: 119:     PIE1bits.ADIE = 1;
   870  00AB  1683               	bsf	3,5	;RP0=1, select bank1
   871  00AC  1303               	bcf	3,6	;RP1=0, select bank1
   872  00AD  170C               	bsf	12,6	;volatile
   873  00AE                     l1025:
   874                           
   875                           ;lab3slave.c: 120:     ADCON0bits.GO = 1;
   876  00AE  1283               	bcf	3,5	;RP0=0, select bank0
   877  00AF  1303               	bcf	3,6	;RP1=0, select bank0
   878  00B0  149F               	bsf	31,1	;volatile
   879  00B1                     l78:
   880  00B1  0008               	return
   881  00B2                     __end_of_setup:
   882                           
   883                           	psect	text2
   884  00B2                     __ptext2:	
   885 ;; *************** function _spiInit *****************
   886 ;; Defined at:
   887 ;;		line 12 in file "SPI.c"
   888 ;; Parameters:    Size  Location     Type
   889 ;;  sType           1    wreg     enum E1264
   890 ;;  sDataSample     1    0[BANK0 ] enum E1272
   891 ;;  sClockIdle      1    1[BANK0 ] enum E1276
   892 ;;  sTransmitEdg    1    2[BANK0 ] enum E1280
   893 ;; Auto vars:     Size  Location     Type
   894 ;;  sType           1    5[COMMON] enum E1264
   895 ;; Return value:  Size  Location     Type
   896 ;;                  1    wreg      void 
   897 ;; Registers used:
   898 ;;		wreg, status,2, status,0
   899 ;; Tracked objects:
   900 ;;		On entry : 0/0
   901 ;;		On exit  : 0/0
   902 ;;		Unchanged: 0/0
   903 ;; Data sizes:     COMMON   BANK0   BANK1   BANK3   BANK2
   904 ;;      Params:         0       3       0       0       0
   905 ;;      Locals:         1       0       0       0       0
   906 ;;      Temps:          0       0       0       0       0
   907 ;;      Totals:         1       3       0       0       0
   908 ;;Total ram usage:        4 bytes
   909 ;; Hardware stack levels used:    1
   910 ;; Hardware stack levels required when called:    3
   911 ;; This function calls:
   912 ;;		Nothing
   913 ;; This function is called by:
   914 ;;		_setup
   915 ;; This function uses a non-reentrant model
   916 ;;
   917                           
   918                           
   919                           ;psect for function _spiInit
   920  00B2                     _spiInit:
   921                           
   922                           ;incstack = 0
   923                           ; Regs used in _spiInit: [wreg+status,2+status,0]
   924                           ;spiInit@sType stored from wreg
   925  00B2  00F5               	movwf	spiInit@sType
   926  00B3                     l973:
   927                           
   928                           ;SPI.c: 12: void spiInit(Spi_Type sType, Spi_Data_Sample sDataSample, Spi_Clock_Idle sCl
      +                          ockIdle, Spi_Transmit_Edge sTransmitEdge);SPI.c: 13: {;SPI.c: 14:     TRISC5 = 0;
   929  00B3  1683               	bsf	3,5	;RP0=1, select bank1
   930  00B4  1303               	bcf	3,6	;RP1=0, select bank1
   931  00B5  1287               	bcf	7,5	;volatile
   932                           
   933                           ;SPI.c: 15:     if(sType & 0b00000100)
   934  00B6  1D75               	btfss	spiInit@sType,2
   935  00B7  28B9               	goto	u131
   936  00B8  28BA               	goto	u130
   937  00B9                     u131:
   938  00B9  28C2               	goto	l979
   939  00BA                     u130:
   940  00BA                     l975:
   941                           
   942                           ;SPI.c: 16:     {;SPI.c: 17:         SSPSTAT = sTransmitEdge;
   943  00BA  1283               	bcf	3,5	;RP0=0, select bank0
   944  00BB  1303               	bcf	3,6	;RP1=0, select bank0
   945  00BC  0822               	movf	spiInit@sTransmitEdge,w
   946  00BD  1683               	bsf	3,5	;RP0=1, select bank1
   947  00BE  1303               	bcf	3,6	;RP1=0, select bank1
   948  00BF  0094               	movwf	20	;volatile
   949  00C0                     l977:
   950                           
   951                           ;SPI.c: 18:         TRISC3 = 1;
   952  00C0  1587               	bsf	7,3	;volatile
   953                           
   954                           ;SPI.c: 19:     }
   955  00C1  28CA               	goto	l94
   956  00C2                     l979:
   957                           
   958                           ;SPI.c: 21:     {;SPI.c: 22:         SSPSTAT = sDataSample | sTransmitEdge;
   959  00C2  1283               	bcf	3,5	;RP0=0, select bank0
   960  00C3  1303               	bcf	3,6	;RP1=0, select bank0
   961  00C4  0820               	movf	spiInit@sDataSample,w
   962  00C5  0422               	iorwf	spiInit@sTransmitEdge,w
   963  00C6  1683               	bsf	3,5	;RP0=1, select bank1
   964  00C7  1303               	bcf	3,6	;RP1=0, select bank1
   965  00C8  0094               	movwf	20	;volatile
   966  00C9                     l981:
   967                           
   968                           ;SPI.c: 23:         TRISC3 = 0;
   969  00C9  1187               	bcf	7,3	;volatile
   970  00CA                     l94:	
   971                           ;SPI.c: 24:     }
   972                           
   973                           
   974                           ;SPI.c: 26:     SSPCON = sType | sClockIdle;
   975  00CA  0875               	movf	spiInit@sType,w
   976  00CB  1283               	bcf	3,5	;RP0=0, select bank0
   977  00CC  1303               	bcf	3,6	;RP1=0, select bank0
   978  00CD  0421               	iorwf	spiInit@sClockIdle,w
   979  00CE  0094               	movwf	20	;volatile
   980  00CF                     l95:
   981  00CF  0008               	return
   982  00D0                     __end_of_spiInit:
   983                           
   984                           	psect	text3
   985  00DE                     __ptext3:	
   986 ;; *************** function _adc_c *****************
   987 ;; Defined at:
   988 ;;		line 11 in file "adc_c.c"
   989 ;; Parameters:    Size  Location     Type
   990 ;;		None
   991 ;; Auto vars:     Size  Location     Type
   992 ;;		None
   993 ;; Return value:  Size  Location     Type
   994 ;;                  1    wreg      void 
   995 ;; Registers used:
   996 ;;		wreg, status,2, status,0
   997 ;; Tracked objects:
   998 ;;		On entry : 0/0
   999 ;;		On exit  : 0/0
  1000 ;;		Unchanged: 0/0
  1001 ;; Data sizes:     COMMON   BANK0   BANK1   BANK3   BANK2
  1002 ;;      Params:         0       0       0       0       0
  1003 ;;      Locals:         0       0       0       0       0
  1004 ;;      Temps:          0       0       0       0       0
  1005 ;;      Totals:         0       0       0       0       0
  1006 ;;Total ram usage:        0 bytes
  1007 ;; Hardware stack levels used:    1
  1008 ;; Hardware stack levels required when called:    3
  1009 ;; This function calls:
  1010 ;;		Nothing
  1011 ;; This function is called by:
  1012 ;;		_setup
  1013 ;; This function uses a non-reentrant model
  1014 ;;
  1015                           
  1016                           
  1017                           ;psect for function _adc_c
  1018  00DE                     _adc_c:
  1019  00DE                     l759:	
  1020                           ;incstack = 0
  1021                           ; Regs used in _adc_c: [wreg+status,2+status,0]
  1022                           
  1023                           
  1024                           ;adc_c.c: 13:     ADCON0bits.ADCS = 0;
  1025  00DE  303F               	movlw	-193
  1026  00DF  1283               	bcf	3,5	;RP0=0, select bank0
  1027  00E0  1303               	bcf	3,6	;RP1=0, select bank0
  1028  00E1  059F               	andwf	31,f	;volatile
  1029  00E2                     l761:
  1030                           
  1031                           ;adc_c.c: 14:     ADCON0bits.CHS0 = 0;
  1032  00E2  111F               	bcf	31,2	;volatile
  1033  00E3                     l763:
  1034                           
  1035                           ;adc_c.c: 15:     ADCON0bits.ADON = 1;
  1036  00E3  141F               	bsf	31,0	;volatile
  1037  00E4                     l765:
  1038                           
  1039                           ;adc_c.c: 16:     ADCON1bits.VCFG1 = 0;
  1040  00E4  1683               	bsf	3,5	;RP0=1, select bank1
  1041  00E5  1303               	bcf	3,6	;RP1=0, select bank1
  1042  00E6  129F               	bcf	31,5	;volatile
  1043  00E7                     l767:
  1044                           
  1045                           ;adc_c.c: 17:     ADCON1bits.VCFG0 = 0;
  1046  00E7  121F               	bcf	31,4	;volatile
  1047  00E8                     l769:
  1048                           
  1049                           ;adc_c.c: 18:     ADCON1bits.ADFM = 0;
  1050  00E8  139F               	bcf	31,7	;volatile
  1051  00E9                     l119:
  1052  00E9  0008               	return
  1053  00EA                     __end_of_adc_c:
  1054                           
  1055                           	psect	text4
  1056  0016                     __ptext4:	
  1057 ;; *************** function _isr *****************
  1058 ;; Defined at:
  1059 ;;		line 55 in file "lab3slave.c"
  1060 ;; Parameters:    Size  Location     Type
  1061 ;;		None
  1062 ;; Auto vars:     Size  Location     Type
  1063 ;;		None
  1064 ;; Return value:  Size  Location     Type
  1065 ;;                  1    wreg      void 
  1066 ;; Registers used:
  1067 ;;		wreg, status,2, status,0, pclath, cstack
  1068 ;; Tracked objects:
  1069 ;;		On entry : 0/0
  1070 ;;		On exit  : 0/0
  1071 ;;		Unchanged: 0/0
  1072 ;; Data sizes:     COMMON   BANK0   BANK1   BANK3   BANK2
  1073 ;;      Params:         0       0       0       0       0
  1074 ;;      Locals:         0       0       0       0       0
  1075 ;;      Temps:          3       0       0       0       0
  1076 ;;      Totals:         3       0       0       0       0
  1077 ;;Total ram usage:        3 bytes
  1078 ;; Hardware stack levels used:    1
  1079 ;; Hardware stack levels required when called:    2
  1080 ;; This function calls:
  1081 ;;		_adc_canal
  1082 ;;		_spiRead
  1083 ;;		_spiWrite
  1084 ;; This function is called by:
  1085 ;;		Interrupt level 1
  1086 ;; This function uses a non-reentrant model
  1087 ;;
  1088                           
  1089                           
  1090                           ;psect for function _isr
  1091  0016                     _isr:
  1092  0016                     i1l845:
  1093                           
  1094                           ;lab3slave.c: 56:    if(SSPIF == 1){
  1095  0016  1283               	bcf	3,5	;RP0=0, select bank0
  1096  0017  1303               	bcf	3,6	;RP1=0, select bank0
  1097  0018  1D8C               	btfss	12,3	;volatile
  1098  0019  281B               	goto	u5_21
  1099  001A  281C               	goto	u5_20
  1100  001B                     u5_21:
  1101  001B  283E               	goto	i1l861
  1102  001C                     u5_20:
  1103  001C                     i1l847:
  1104                           
  1105                           ;lab3slave.c: 57:         dummydata = spiRead();
  1106  001C  120A  118A  20F3  120A  118A  	fcall	_spiRead
  1107  0021  00F2               	movwf	??_isr
  1108  0022  0872               	movf	??_isr,w
  1109  0023  00F7               	movwf	_dummydata
  1110  0024                     i1l849:
  1111                           
  1112                           ;lab3slave.c: 58:         if (PORTCbits.RC2 == 0){
  1113  0024  1283               	bcf	3,5	;RP0=0, select bank0
  1114  0025  1303               	bcf	3,6	;RP1=0, select bank0
  1115  0026  1907               	btfsc	7,2	;volatile
  1116  0027  2829               	goto	u6_21
  1117  0028  282A               	goto	u6_20
  1118  0029                     u6_21:
  1119  0029  2834               	goto	i1l855
  1120  002A                     u6_20:
  1121  002A                     i1l851:
  1122                           
  1123                           ;lab3slave.c: 59:         spiWrite(PORTB);
  1124  002A  0806               	movf	6,w	;volatile
  1125  002B  120A  118A  2103  120A  118A  	fcall	_spiWrite
  1126  0030                     i1l853:
  1127                           
  1128                           ;lab3slave.c: 60:         PORTCbits.RC2 = 1;}
  1129  0030  1283               	bcf	3,5	;RP0=0, select bank0
  1130  0031  1303               	bcf	3,6	;RP1=0, select bank0
  1131  0032  1507               	bsf	7,2	;volatile
  1132  0033  283D               	goto	i1l859
  1133  0034                     i1l855:
  1134                           
  1135                           ;lab3slave.c: 62:         spiWrite(PORTD);
  1136  0034  0808               	movf	8,w	;volatile
  1137  0035  120A  118A  2103  120A  118A  	fcall	_spiWrite
  1138  003A                     i1l857:
  1139                           
  1140                           ;lab3slave.c: 63:         PORTCbits.RC2 = 0;}
  1141  003A  1283               	bcf	3,5	;RP0=0, select bank0
  1142  003B  1303               	bcf	3,6	;RP1=0, select bank0
  1143  003C  1107               	bcf	7,2	;volatile
  1144  003D                     i1l859:
  1145                           
  1146                           ;lab3slave.c: 64:         SSPIF = 0;
  1147  003D  118C               	bcf	12,3	;volatile
  1148  003E                     i1l861:
  1149                           
  1150                           ;lab3slave.c: 66:    if (ADIF == 1){
  1151  003E  1F0C               	btfss	12,6	;volatile
  1152  003F  2841               	goto	u7_21
  1153  0040  2842               	goto	u7_20
  1154  0041                     u7_21:
  1155  0041  286E               	goto	i1l67
  1156  0042                     u7_20:
  1157  0042                     i1l863:
  1158                           
  1159                           ;lab3slave.c: 67:        if (ADCON0bits.CHS == 0){
  1160  0042  0C1F               	rrf	31,w	;volatile
  1161  0043  00F2               	movwf	??_isr
  1162  0044  0C72               	rrf	??_isr,w
  1163  0045  390F               	andlw	15
  1164  0046  3A00               	xorlw	0
  1165  0047  1D03               	skipz
  1166  0048  284A               	goto	u8_21
  1167  0049  284B               	goto	u8_20
  1168  004A                     u8_21:
  1169  004A  285D               	goto	i1l873
  1170  004B                     u8_20:
  1171  004B                     i1l865:
  1172                           
  1173                           ;lab3slave.c: 68:        PORTB = adc_canal(1);
  1174  004B  3001               	movlw	1
  1175  004C  120A  118A  20D0  120A  118A  	fcall	_adc_canal
  1176  0051  1283               	bcf	3,5	;RP0=0, select bank0
  1177  0052  1303               	bcf	3,6	;RP1=0, select bank0
  1178  0053  0086               	movwf	6	;volatile
  1179  0054                     i1l867:
  1180                           
  1181                           ;lab3slave.c: 69:         _delay((unsigned long)((20)*(8000000/4000000.0)));
  1182  0054  300D               	movlw	13
  1183  0055  00F2               	movwf	??_isr
  1184  0056                     u15_27:
  1185  0056  0BF2               	decfsz	??_isr,f
  1186  0057  2856               	goto	u15_27
  1187  0058                     i1l869:
  1188                           
  1189                           ;lab3slave.c: 70:         PIR1bits.ADIF = 0;
  1190  0058  1283               	bcf	3,5	;RP0=0, select bank0
  1191  0059  1303               	bcf	3,6	;RP1=0, select bank0
  1192  005A  130C               	bcf	12,6	;volatile
  1193  005B                     i1l871:
  1194                           
  1195                           ;lab3slave.c: 71:         ADCON0bits.GO = 1;
  1196  005B  149F               	bsf	31,1	;volatile
  1197                           
  1198                           ;lab3slave.c: 72:         }
  1199  005C  286E               	goto	i1l67
  1200  005D                     i1l873:
  1201                           
  1202                           ;lab3slave.c: 74:         PORTD = adc_canal(0);
  1203  005D  3000               	movlw	0
  1204  005E  120A  118A  20D0  120A  118A  	fcall	_adc_canal
  1205  0063  1283               	bcf	3,5	;RP0=0, select bank0
  1206  0064  1303               	bcf	3,6	;RP1=0, select bank0
  1207  0065  0088               	movwf	8	;volatile
  1208  0066                     i1l875:
  1209                           
  1210                           ;lab3slave.c: 75:         _delay((unsigned long)((20)*(8000000/4000000.0)));
  1211  0066  300D               	movlw	13
  1212  0067  00F2               	movwf	??_isr
  1213  0068                     u16_27:
  1214  0068  0BF2               	decfsz	??_isr,f
  1215  0069  2868               	goto	u16_27
  1216  006A                     i1l877:
  1217                           
  1218                           ;lab3slave.c: 76:         PIR1bits.ADIF = 0;
  1219  006A  1283               	bcf	3,5	;RP0=0, select bank0
  1220  006B  1303               	bcf	3,6	;RP1=0, select bank0
  1221  006C  130C               	bcf	12,6	;volatile
  1222  006D                     i1l879:
  1223                           
  1224                           ;lab3slave.c: 77:         ADCON0bits.GO = 1;
  1225  006D  149F               	bsf	31,1	;volatile
  1226  006E                     i1l67:
  1227  006E  0874               	movf	??_isr+2,w
  1228  006F  008A               	movwf	10
  1229  0070  0E73               	swapf	??_isr+1,w
  1230  0071  0083               	movwf	3
  1231  0072  0EFE               	swapf	btemp,f
  1232  0073  0E7E               	swapf	btemp,w
  1233  0074  0009               	retfie
  1234  0075                     __end_of_isr:
  1235                           
  1236                           	psect	intentry
  1237  0004                     __pintentry:	
  1238                           ;incstack = 0
  1239                           ; Regs used in _isr: [wreg+status,2+status,0+pclath+cstack]
  1240                           
  1241  0004                     interrupt_function:
  1242  007E                     saved_w	set	btemp
  1243  0004  00FE               	movwf	btemp
  1244  0005  0E03               	swapf	3,w
  1245  0006  00F3               	movwf	??_isr+1
  1246  0007  080A               	movf	10,w
  1247  0008  00F4               	movwf	??_isr+2
  1248  0009  120A  118A  2816   	ljmp	_isr
  1249                           
  1250                           	psect	text5
  1251  0103                     __ptext5:	
  1252 ;; *************** function _spiWrite *****************
  1253 ;; Defined at:
  1254 ;;		line 34 in file "SPI.c"
  1255 ;; Parameters:    Size  Location     Type
  1256 ;;  dat             1    wreg     unsigned char 
  1257 ;; Auto vars:     Size  Location     Type
  1258 ;;  dat             1    0[COMMON] unsigned char 
  1259 ;; Return value:  Size  Location     Type
  1260 ;;                  1    wreg      void 
  1261 ;; Registers used:
  1262 ;;		wreg
  1263 ;; Tracked objects:
  1264 ;;		On entry : 0/0
  1265 ;;		On exit  : 0/0
  1266 ;;		Unchanged: 0/0
  1267 ;; Data sizes:     COMMON   BANK0   BANK1   BANK3   BANK2
  1268 ;;      Params:         0       0       0       0       0
  1269 ;;      Locals:         1       0       0       0       0
  1270 ;;      Temps:          0       0       0       0       0
  1271 ;;      Totals:         1       0       0       0       0
  1272 ;;Total ram usage:        1 bytes
  1273 ;; Hardware stack levels used:    1
  1274 ;; This function calls:
  1275 ;;		Nothing
  1276 ;; This function is called by:
  1277 ;;		_isr
  1278 ;; This function uses a non-reentrant model
  1279 ;;
  1280                           
  1281                           
  1282                           ;psect for function _spiWrite
  1283  0103                     _spiWrite:
  1284                           
  1285                           ;incstack = 0
  1286                           ; Regs used in _spiWrite: [wreg]
  1287                           ;spiWrite@dat stored from wreg
  1288  0103  00F0               	movwf	spiWrite@dat
  1289  0104                     i1l789:
  1290                           
  1291                           ;SPI.c: 34: void spiWrite(char dat);SPI.c: 35: {;SPI.c: 36:     SSPBUF = dat;
  1292  0104  0870               	movf	spiWrite@dat,w
  1293  0105  1283               	bcf	3,5	;RP0=0, select bank0
  1294  0106  1303               	bcf	3,6	;RP1=0, select bank0
  1295  0107  0093               	movwf	19	;volatile
  1296  0108                     i1l104:
  1297  0108  0008               	return
  1298  0109                     __end_of_spiWrite:
  1299                           
  1300                           	psect	text6
  1301  00F3                     __ptext6:	
  1302 ;; *************** function _spiRead *****************
  1303 ;; Defined at:
  1304 ;;		line 47 in file "SPI.c"
  1305 ;; Parameters:    Size  Location     Type
  1306 ;;		None
  1307 ;; Auto vars:     Size  Location     Type
  1308 ;;		None
  1309 ;; Return value:  Size  Location     Type
  1310 ;;                  1    wreg      unsigned char 
  1311 ;; Registers used:
  1312 ;;		wreg, status,2, status,0, pclath, cstack
  1313 ;; Tracked objects:
  1314 ;;		On entry : 0/0
  1315 ;;		On exit  : 0/0
  1316 ;;		Unchanged: 0/0
  1317 ;; Data sizes:     COMMON   BANK0   BANK1   BANK3   BANK2
  1318 ;;      Params:         0       0       0       0       0
  1319 ;;      Locals:         0       0       0       0       0
  1320 ;;      Temps:          0       0       0       0       0
  1321 ;;      Totals:         0       0       0       0       0
  1322 ;;Total ram usage:        0 bytes
  1323 ;; Hardware stack levels used:    1
  1324 ;; Hardware stack levels required when called:    1
  1325 ;; This function calls:
  1326 ;;		_spiReceiveWait
  1327 ;; This function is called by:
  1328 ;;		_isr
  1329 ;; This function uses a non-reentrant model
  1330 ;;
  1331                           
  1332                           
  1333                           ;psect for function _spiRead
  1334  00F3                     _spiRead:
  1335  00F3                     i1l783:	
  1336                           ;incstack = 0
  1337                           ; Regs used in _spiRead: [wreg+status,2+status,0+pclath+cstack]
  1338                           
  1339                           
  1340                           ;SPI.c: 49:     spiReceiveWait();
  1341  00F3  120A  118A  20FC  120A  118A  	fcall	_spiReceiveWait
  1342  00F8                     i1l785:
  1343                           
  1344                           ;SPI.c: 50:     return(SSPBUF);
  1345  00F8  1283               	bcf	3,5	;RP0=0, select bank0
  1346  00F9  1303               	bcf	3,6	;RP1=0, select bank0
  1347  00FA  0813               	movf	19,w	;volatile
  1348  00FB                     i1l112:
  1349  00FB  0008               	return
  1350  00FC                     __end_of_spiRead:
  1351                           
  1352                           	psect	text7
  1353  00FC                     __ptext7:	
  1354 ;; *************** function _spiReceiveWait *****************
  1355 ;; Defined at:
  1356 ;;		line 29 in file "SPI.c"
  1357 ;; Parameters:    Size  Location     Type
  1358 ;;		None
  1359 ;; Auto vars:     Size  Location     Type
  1360 ;;		None
  1361 ;; Return value:  Size  Location     Type
  1362 ;;                  1    wreg      void 
  1363 ;; Registers used:
  1364 ;;		None
  1365 ;; Tracked objects:
  1366 ;;		On entry : 0/0
  1367 ;;		On exit  : 0/0
  1368 ;;		Unchanged: 0/0
  1369 ;; Data sizes:     COMMON   BANK0   BANK1   BANK3   BANK2
  1370 ;;      Params:         0       0       0       0       0
  1371 ;;      Locals:         0       0       0       0       0
  1372 ;;      Temps:          0       0       0       0       0
  1373 ;;      Totals:         0       0       0       0       0
  1374 ;;Total ram usage:        0 bytes
  1375 ;; Hardware stack levels used:    1
  1376 ;; This function calls:
  1377 ;;		Nothing
  1378 ;; This function is called by:
  1379 ;;		_spiRead
  1380 ;; This function uses a non-reentrant model
  1381 ;;
  1382                           
  1383                           
  1384                           ;psect for function _spiReceiveWait
  1385  00FC                     _spiReceiveWait:
  1386  00FC                     i1l781:	
  1387                           ;incstack = 0
  1388                           ; Regs used in _spiReceiveWait: []
  1389                           
  1390  00FC                     i1l98:	
  1391                           ;SPI.c: 31:     while ( !SSPSTATbits.BF );
  1392                           
  1393  00FC  1683               	bsf	3,5	;RP0=1, select bank1
  1394  00FD  1303               	bcf	3,6	;RP1=0, select bank1
  1395  00FE  1C14               	btfss	20,0	;volatile
  1396  00FF  2901               	goto	u2_21
  1397  0100  2902               	goto	u2_20
  1398  0101                     u2_21:
  1399  0101  28FC               	goto	i1l98
  1400  0102                     u2_20:
  1401  0102                     i1l101:
  1402  0102  0008               	return
  1403  0103                     __end_of_spiReceiveWait:
  1404                           
  1405                           	psect	text8
  1406  00D0                     __ptext8:	
  1407 ;; *************** function _adc_canal *****************
  1408 ;; Defined at:
  1409 ;;		line 11 in file "adc_canal.c"
  1410 ;; Parameters:    Size  Location     Type
  1411 ;;  canal           1    wreg     unsigned char 
  1412 ;; Auto vars:     Size  Location     Type
  1413 ;;  canal           1    1[COMMON] unsigned char 
  1414 ;; Return value:  Size  Location     Type
  1415 ;;                  1    wreg      unsigned char 
  1416 ;; Registers used:
  1417 ;;		wreg, status,2, status,0
  1418 ;; Tracked objects:
  1419 ;;		On entry : 0/0
  1420 ;;		On exit  : 0/0
  1421 ;;		Unchanged: 0/0
  1422 ;; Data sizes:     COMMON   BANK0   BANK1   BANK3   BANK2
  1423 ;;      Params:         0       0       0       0       0
  1424 ;;      Locals:         1       0       0       0       0
  1425 ;;      Temps:          1       0       0       0       0
  1426 ;;      Totals:         2       0       0       0       0
  1427 ;;Total ram usage:        2 bytes
  1428 ;; Hardware stack levels used:    1
  1429 ;; This function calls:
  1430 ;;		Nothing
  1431 ;; This function is called by:
  1432 ;;		_isr
  1433 ;; This function uses a non-reentrant model
  1434 ;;
  1435                           
  1436                           
  1437                           ;psect for function _adc_canal
  1438  00D0                     _adc_canal:
  1439                           
  1440                           ;incstack = 0
  1441                           ; Regs used in _adc_canal: [wreg+status,2+status,0]
  1442                           ;adc_canal@canal stored from wreg
  1443  00D0  00F1               	movwf	adc_canal@canal
  1444  00D1                     i1l791:
  1445                           
  1446                           ;adc_canal.c: 12:     ADCON0bits.CHS = canal;
  1447  00D1  0871               	movf	adc_canal@canal,w
  1448  00D2  00F0               	movwf	??_adc_canal
  1449  00D3  0DF0               	rlf	??_adc_canal,f
  1450  00D4  0DF0               	rlf	??_adc_canal,f
  1451  00D5  1283               	bcf	3,5	;RP0=0, select bank0
  1452  00D6  1303               	bcf	3,6	;RP1=0, select bank0
  1453  00D7  081F               	movf	31,w	;volatile
  1454  00D8  0670               	xorwf	??_adc_canal,w
  1455  00D9  39C3               	andlw	-61
  1456  00DA  0670               	xorwf	??_adc_canal,w
  1457  00DB  009F               	movwf	31	;volatile
  1458  00DC                     i1l793:
  1459                           
  1460                           ;adc_canal.c: 13:     return ADRESH;
  1461  00DC  081E               	movf	30,w	;volatile
  1462  00DD                     i1l126:
  1463  00DD  0008               	return
  1464  00DE                     __end_of_adc_canal:
  1465  007E                     btemp	set	126	;btemp
  1466  007E                     wtemp0	set	126
  1467                           
  1468                           	psect	config
  1469                           
  1470                           ;Config register CONFIG1 @ 0x2007
  1471                           ;	Oscillator Selection bits
  1472                           ;	FOSC = INTRC_NOCLKOUT, INTOSCIO oscillator: I/O function on RA6/OSC2/CLKOUT pin, I/O f
      +                          unction on RA7/OSC1/CLKIN
  1473                           ;	Watchdog Timer Enable bit
  1474                           ;	WDTE = OFF, WDT disabled and can be enabled by SWDTEN bit of the WDTCON register
  1475                           ;	Power-up Timer Enable bit
  1476                           ;	PWRTE = OFF, PWRT disabled
  1477                           ;	RE3/MCLR pin function select bit
  1478                           ;	MCLRE = OFF, RE3/MCLR pin function is digital input, MCLR internally tied to VDD
  1479                           ;	Code Protection bit
  1480                           ;	CP = OFF, Program memory code protection is disabled
  1481                           ;	Data Code Protection bit
  1482                           ;	CPD = OFF, Data memory code protection is disabled
  1483                           ;	Brown Out Reset Selection bits
  1484                           ;	BOREN = OFF, BOR disabled
  1485                           ;	Internal External Switchover bit
  1486                           ;	IESO = OFF, Internal/External Switchover mode is disabled
  1487                           ;	Fail-Safe Clock Monitor Enabled bit
  1488                           ;	FCMEN = OFF, Fail-Safe Clock Monitor is disabled
  1489                           ;	Low Voltage Programming Enable bit
  1490                           ;	LVP = OFF, RB3 pin has digital I/O, HV on MCLR must be used for programming
  1491                           ;	In-Circuit Debugger Mode bit
  1492                           ;	DEBUG = 0x1, unprogrammed default
  1493  2007                     	org	8199
  1494  2007  20D4               	dw	8404
  1495                           
  1496                           ;Config register CONFIG2 @ 0x2008
  1497                           ;	Brown-out Reset Selection bit
  1498                           ;	BOR4V = BOR40V, Brown-out Reset set to 4.0V
  1499                           ;	Flash Program Memory Self Write Enable bits
  1500                           ;	WRT = OFF, Write protection off
  1501  2008                     	org	8200
  1502  2008  3FFF               	dw	16383

Data Sizes:
    Strings     0
    Constant    0
    Data        0
    BSS         3
    Persistent  0
    Stack       0

Auto Spaces:
    Space          Size  Autos    Used
    COMMON           14      6       9
    BANK0            80      4       4
    BANK1            80      0       0
    BANK3            96      0       0
    BANK2            96      0       0

Pointer List with Targets:

    None.

Critical Paths under _main in COMMON

    _setup->_spiInit

Critical Paths under _isr in COMMON

    _isr->_adc_canal

Critical Paths under _main in BANK0

    _main->_setup
    _setup->_spiInit

Critical Paths under _isr in BANK0

    None.

Critical Paths under _main in BANK1

    None.

Critical Paths under _isr in BANK1

    None.

Critical Paths under _main in BANK3

    None.

Critical Paths under _isr in BANK3

    None.

Critical Paths under _main in BANK2

    None.

Critical Paths under _isr in BANK2

    None.

Call Graph Tables:

 ---------------------------------------------------------------------------------
 (Depth) Function   	        Calls       Base Space   Used Autos Params    Refs
 ---------------------------------------------------------------------------------
 (0) _main                                                 0     0      0     456
                              _setup
 ---------------------------------------------------------------------------------
 (1) _setup                                                1     1      0     456
                                              3 BANK0      1     1      0
                              _adc_c
                            _spiInit
 ---------------------------------------------------------------------------------
 (2) _spiInit                                              4     1      3     456
                                              5 COMMON     1     1      0
                                              0 BANK0      3     0      3
 ---------------------------------------------------------------------------------
 (2) _adc_c                                                0     0      0       0
 ---------------------------------------------------------------------------------
 Estimated maximum stack depth 2
 ---------------------------------------------------------------------------------
 (Depth) Function   	        Calls       Base Space   Used Autos Params    Refs
 ---------------------------------------------------------------------------------
 (3) _isr                                                  3     3      0      30
                                              2 COMMON     3     3      0
                          _adc_canal
                            _spiRead
                           _spiWrite
 ---------------------------------------------------------------------------------
 (4) _spiWrite                                             1     1      0      15
                                              0 COMMON     1     1      0
 ---------------------------------------------------------------------------------
 (4) _spiRead                                              0     0      0       0
                     _spiReceiveWait
 ---------------------------------------------------------------------------------
 (5) _spiReceiveWait                                       0     0      0       0
 ---------------------------------------------------------------------------------
 (4) _adc_canal                                            2     2      0      15
                                              0 COMMON     2     2      0
 ---------------------------------------------------------------------------------
 Estimated maximum stack depth 5
 ---------------------------------------------------------------------------------

 Call Graph Graphs:

 _main (ROOT)
   _setup
     _adc_c
     _spiInit

 _isr (ROOT)
   _adc_canal
   _spiRead
     _spiReceiveWait
   _spiWrite

 Address spaces:
Name               Size   Autos  Total    Cost      Usage
BITCOMMON            E      0       0       0        0.0%
EEDATA             100      0       0       0        0.0%
NULL                 0      0       0       0        0.0%
CODE                 0      0       0       0        0.0%
COMMON               E      6       9       1       64.3%
BITSFR0              0      0       0       1        0.0%
SFR0                 0      0       0       1        0.0%
BITSFR1              0      0       0       2        0.0%
SFR1                 0      0       0       2        0.0%
STACK                0      0       0       2        0.0%
ABS                  0      0       D       3        0.0%
BITBANK0            50      0       0       4        0.0%
BITSFR3              0      0       0       4        0.0%
SFR3                 0      0       0       4        0.0%
BANK0               50      4       4       5        5.0%
BITSFR2              0      0       0       5        0.0%
SFR2                 0      0       0       5        0.0%
BITBANK1            50      0       0       6        0.0%
BANK1               50      0       0       7        0.0%
BITBANK3            60      0       0       8        0.0%
BANK3               60      0       0       9        0.0%
BITBANK2            60      0       0      10        0.0%
BANK2               60      0       0      11        0.0%
DATA                 0      0       D      12        0.0%


Microchip Technology PIC Macro Assembler V2.31 build 20201012212115 
Symbol Table                                                                                   Wed Aug 04 09:39:22 2021

            _SSPSTATbits 0094                       l72 00EF                       l73 00EF  
                     l94 00CA                       l78 00B1                       l95 00CF  
                    l119 00E9                      l761 00E2                      l763 00E3  
                    l765 00E4                      l767 00E7                      l759 00DE  
                    l769 00E8                      l981 00C9                      l973 00B3  
                    l975 00BA                      l991 007E                      l983 0075  
                    l977 00C0                      l993 007F                      l985 0079  
                    l979 00C2                      l995 0083                      l987 007A  
                    l997 0084                      l989 007D                      l999 0085  
                    u130 00BA                      u131 00B9                      u147 0094  
                    _isr 0016                     l1001 0086                     l1011 0097  
                   l1003 0089                     l1021 00A0                     l1013 0098  
                   l1005 008A                     l1023 00AB                     l1015 0099  
                   l1007 008B                     l1025 00AE                     l1017 009C  
                   l1009 0090                     l1019 009F                     l1027 00EA  
                   _ADIF 0066                     ?_isr 0070                     i1l67 006E  
                   i1l98 00FC                     u2_20 0102                     u2_21 0101  
                   u5_20 001C                     u5_21 001B                     u6_20 002A  
                   u6_21 0029                     u7_20 0042                     u7_21 0041  
                   u8_20 004B                     u8_21 004A                     _main 00EA  
                   btemp 007E                     start 000C                    ??_isr 0072  
                  ?_main 0070                    _EEADR 010D                    _EEDAT 010C  
                  i1l101 0102                    i1l112 00FB                    i1l104 0108  
                  i1l126 00DD                    i1l851 002A                    i1l781 00FC  
                  i1l853 0030                    i1l861 003E                    i1l845 0016  
                  i1l791 00D1                    i1l783 00F3                    i1l871 005B  
                  i1l863 0042                    i1l855 0034                    i1l847 001C  
                  i1l793 00DC                    i1l785 00F8                    i1l865 004B  
                  i1l873 005D                    i1l857 003A                    i1l849 0024  
                  i1l875 0066                    i1l867 0054                    i1l859 003D  
                  i1l789 0104                    i1l877 006A                    i1l869 0058  
                  i1l879 006D                    u15_27 0056                    u16_27 0068  
                  _PORTA 0005                    _PORTB 0006                    _PORTD 0008  
                  _TRISA 0085                    _TRISB 0086                    _TRISD 0088  
                  _SSPIF 0063                    _TXREG 0019           adc_canal@canal 0071  
                  _adc_c 00DE                    _setup 0075                    pclath 000A  
        __end_of_spiInit 00D0          __end_of_spiRead 00FC                    status 0003  
                  wtemp0 007E          __initialization 000F             __end_of_main 00F3  
                 ??_main 0076                   ?_adc_c 0070                   _ADRESH 001E  
                 _EECON2 018D                   ?_setup 0070                   _ANSELH 0189  
                 _TRISC3 043B                   _TRISC5 043D                   _SSPCON 0014  
                 _SSPBUF 0013                   _conver 0078                   saved_w 007E  
       __end_of_spiWrite 0109                ??_spiInit 0075                ??_spiRead 0070  
__end_of__initialization 0012       __size_of_adc_canal 000E           __pcstackCOMMON 0070  
          __end_of_adc_c 00EA            __end_of_setup 00B2                  ??_adc_c 0075  
                ??_setup 0023               __pmaintext 00EA               __pintentry 0004  
__size_of_spiReceiveWait 0007        __end_of_adc_canal 00DE                  _SSPSTAT 0094  
              ?_spiWrite 0070                _ANSELbits 0188                  __ptext1 0075  
                __ptext2 00B2                  __ptext3 00DE                  __ptext4 0016  
                __ptext5 0103                  __ptext6 00F3                  __ptext7 00FC  
                __ptext8 00D0             __size_of_isr 005F                  _spiInit 00B2  
                _spiRead 00F3                  _spiflag 0076     end_of_initialization 0012  
             ??_spiWrite 0070                _PORTCbits 0007                _TRISAbits 0085  
              _TRISCbits 0087              spiWrite@dat 0070                _TXSTAbits 0098  
         _spiReceiveWait 00FC      start_initialization 000F              __end_of_isr 0075  
 __end_of_spiReceiveWait 0103              __pbssCOMMON 0076                ___latbits 0002  
          __pcstackBANK0 0020                _adc_canal 00D0          ?_spiReceiveWait 0070  
      __size_of_spiWrite 0006                 ?_spiInit 0020                 ?_spiRead 0070  
             ?_adc_canal 0070           __size_of_adc_c 000C                _dummydata 0077  
         __size_of_setup 003D     spiInit@sTransmitEdge 0022        interrupt_function 0004  
               _PIE1bits 008C       spiInit@sDataSample 0020                 _PIR1bits 000C  
               _PIR2bits 000D               _ADCON0bits 001F               _ADCON1bits 009F  
             _EECON1bits 018C              ??_adc_canal 0070         __size_of_spiInit 001E  
       __size_of_spiRead 0009            __size_of_main 0009                 _spiWrite 0103  
           spiInit@sType 0075        spiInit@sClockIdle 0021               _INTCONbits 000B  
               intlevel1 0000         ??_spiReceiveWait 0070               _OSCCONbits 008F  
