

Microchip MPLAB XC8 Assembler V2.32 build 20210201212658 
                                                                                               Wed Aug 04 01:12:51 2021

Microchip MPLAB XC8 C Compiler v2.32 (Free license) build 20210201212658 Og1 
     1                           	processor	16F887
     2                           	pagewidth 120
     3                           	opt	flic
     4                           	psect	strings,global,class=STRING,delta=2,noexec
     5                           	psect	cinit,global,class=CODE,merge=1,delta=2
     6                           	psect	bssCOMMON,global,class=COMMON,space=1,delta=1,noexec
     7                           	psect	cstackCOMMON,global,class=COMMON,space=1,delta=1,noexec
     8                           	psect	cstackBANK0,global,class=BANK0,space=1,delta=1,noexec
     9                           	psect	maintext,global,class=CODE,split=1,delta=2
    10                           	psect	text1,local,class=CODE,merge=1,delta=2
    11                           	psect	text2,local,class=CODE,merge=1,delta=2
    12                           	psect	text3,local,class=CODE,merge=1,delta=2
    13                           	psect	text4,local,class=CODE,merge=1,delta=2
    14                           	psect	text5,local,class=CODE,merge=1,delta=2
    15                           	psect	text6,local,class=CODE,merge=1,delta=2
    16                           	psect	intentry,global,class=CODE,delta=2
    17                           	psect	text7,local,class=CODE,merge=1,delta=2
    18                           	psect	text8,local,class=CODE,merge=1,delta=2
    19                           	psect	config,global,abs,ovrld,class=CONFIG,space=4,delta=2,noexec
    20                           	dabs	1,0x7E,2
    21  0000                     
    22                           ; Version 2.20
    23                           ; Generated 12/02/2020 GMT
    24                           ; 
    25                           ; Copyright © 2020, Microchip Technology Inc. and its subsidiaries ("Microchip")
    26                           ; All rights reserved.
    27                           ; 
    28                           ; This software is developed by Microchip Technology Inc. and its subsidiaries ("Microch
      +                          ip").
    29                           ; 
    30                           ; Redistribution and use in source and binary forms, with or without modification, are
    31                           ; permitted provided that the following conditions are met:
    32                           ; 
    33                           ;     1. Redistributions of source code must retain the above copyright notice, this lis
      +                          t of
    34                           ;        conditions and the following disclaimer.
    35                           ; 
    36                           ;     2. Redistributions in binary form must reproduce the above copyright notice, this 
      +                          list
    37                           ;        of conditions and the following disclaimer in the documentation and/or other
    38                           ;        materials provided with the distribution.
    39                           ; 
    40                           ;     3. Microchip's name may not be used to endorse or promote products derived from th
      +                          is
    41                           ;        software without specific prior written permission.
    42                           ; 
    43                           ; THIS SOFTWARE IS PROVIDED BY MICROCHIP "AS IS" AND ANY EXPRESS OR IMPLIED WARRANTIES,
    44                           ; INCLUDING, BUT NOT LIMITED TO, THE IMPLIED WARRANTIES OF MERCHANTABILITY AND FITNESS F
      +                          OR
    45                           ; PURPOSE ARE DISCLAIMED.  IN NO EVENT SHALL MICROCHIP BE LIABLE FOR ANY DIRECT, INDIREC
      +                          T,
    46                           ; INCIDENTAL, SPECIAL, EXEMPLARY, OR CONSEQUENTIAL DAMAGES (INCLUDING BUT NOT LIMITED TO
    47                           ; PROCUREMENT OF SUBSTITUTE GOODS OR SERVICES; LOSS OF USE, DATA OR PROFITS; OR BUSINESS
    48                           ; INTERRUPTION) HOWSOEVER CAUSED AND ON ANY THEORY OF LIABILITY, WHETHER IN CONTRACT, ST
      +                          RICT
    49                           ; LIABILITY, OR TORT (INCLUDING NEGLIGENCE OR OTHERWISE) ARISING IN ANY WAY OUT OF THE U
      +                          SE OF
    50                           ; THIS SOFTWARE, EVEN IF ADVISED OF THE POSSIBILITY OF SUCH DAMAGE.
    51                           ; 
    52                           ; 
    53                           ; Code-generator required, PIC16F887 Definitions
    54                           ; 
    55                           ; SFR Addresses
    56  0000                     	;# 
    57  0001                     	;# 
    58  0002                     	;# 
    59  0003                     	;# 
    60  0004                     	;# 
    61  0005                     	;# 
    62  0006                     	;# 
    63  0007                     	;# 
    64  0008                     	;# 
    65  0009                     	;# 
    66  000A                     	;# 
    67  000B                     	;# 
    68  000C                     	;# 
    69  000D                     	;# 
    70  000E                     	;# 
    71  000E                     	;# 
    72  000F                     	;# 
    73  0010                     	;# 
    74  0011                     	;# 
    75  0012                     	;# 
    76  0013                     	;# 
    77  0014                     	;# 
    78  0015                     	;# 
    79  0015                     	;# 
    80  0016                     	;# 
    81  0017                     	;# 
    82  0018                     	;# 
    83  0019                     	;# 
    84  001A                     	;# 
    85  001B                     	;# 
    86  001B                     	;# 
    87  001C                     	;# 
    88  001D                     	;# 
    89  001E                     	;# 
    90  001F                     	;# 
    91  0081                     	;# 
    92  0085                     	;# 
    93  0086                     	;# 
    94  0087                     	;# 
    95  0088                     	;# 
    96  0089                     	;# 
    97  008C                     	;# 
    98  008D                     	;# 
    99  008E                     	;# 
   100  008F                     	;# 
   101  0090                     	;# 
   102  0091                     	;# 
   103  0092                     	;# 
   104  0093                     	;# 
   105  0093                     	;# 
   106  0093                     	;# 
   107  0094                     	;# 
   108  0095                     	;# 
   109  0096                     	;# 
   110  0097                     	;# 
   111  0098                     	;# 
   112  0099                     	;# 
   113  009A                     	;# 
   114  009B                     	;# 
   115  009C                     	;# 
   116  009D                     	;# 
   117  009E                     	;# 
   118  009F                     	;# 
   119  0105                     	;# 
   120  0107                     	;# 
   121  0108                     	;# 
   122  0109                     	;# 
   123  010C                     	;# 
   124  010C                     	;# 
   125  010D                     	;# 
   126  010E                     	;# 
   127  010F                     	;# 
   128  0185                     	;# 
   129  0187                     	;# 
   130  0188                     	;# 
   131  0189                     	;# 
   132  018C                     	;# 
   133  018D                     	;# 
   134  0000                     	;# 
   135  0001                     	;# 
   136  0002                     	;# 
   137  0003                     	;# 
   138  0004                     	;# 
   139  0005                     	;# 
   140  0006                     	;# 
   141  0007                     	;# 
   142  0008                     	;# 
   143  0009                     	;# 
   144  000A                     	;# 
   145  000B                     	;# 
   146  000C                     	;# 
   147  000D                     	;# 
   148  000E                     	;# 
   149  000E                     	;# 
   150  000F                     	;# 
   151  0010                     	;# 
   152  0011                     	;# 
   153  0012                     	;# 
   154  0013                     	;# 
   155  0014                     	;# 
   156  0015                     	;# 
   157  0015                     	;# 
   158  0016                     	;# 
   159  0017                     	;# 
   160  0018                     	;# 
   161  0019                     	;# 
   162  001A                     	;# 
   163  001B                     	;# 
   164  001B                     	;# 
   165  001C                     	;# 
   166  001D                     	;# 
   167  001E                     	;# 
   168  001F                     	;# 
   169  0081                     	;# 
   170  0085                     	;# 
   171  0086                     	;# 
   172  0087                     	;# 
   173  0088                     	;# 
   174  0089                     	;# 
   175  008C                     	;# 
   176  008D                     	;# 
   177  008E                     	;# 
   178  008F                     	;# 
   179  0090                     	;# 
   180  0091                     	;# 
   181  0092                     	;# 
   182  0093                     	;# 
   183  0093                     	;# 
   184  0093                     	;# 
   185  0094                     	;# 
   186  0095                     	;# 
   187  0096                     	;# 
   188  0097                     	;# 
   189  0098                     	;# 
   190  0099                     	;# 
   191  009A                     	;# 
   192  009B                     	;# 
   193  009C                     	;# 
   194  009D                     	;# 
   195  009E                     	;# 
   196  009F                     	;# 
   197  0105                     	;# 
   198  0107                     	;# 
   199  0108                     	;# 
   200  0109                     	;# 
   201  010C                     	;# 
   202  010C                     	;# 
   203  010D                     	;# 
   204  010E                     	;# 
   205  010F                     	;# 
   206  0185                     	;# 
   207  0187                     	;# 
   208  0188                     	;# 
   209  0189                     	;# 
   210  018C                     	;# 
   211  018D                     	;# 
   212  0000                     	;# 
   213  0001                     	;# 
   214  0002                     	;# 
   215  0003                     	;# 
   216  0004                     	;# 
   217  0005                     	;# 
   218  0006                     	;# 
   219  0007                     	;# 
   220  0008                     	;# 
   221  0009                     	;# 
   222  000A                     	;# 
   223  000B                     	;# 
   224  000C                     	;# 
   225  000D                     	;# 
   226  000E                     	;# 
   227  000E                     	;# 
   228  000F                     	;# 
   229  0010                     	;# 
   230  0011                     	;# 
   231  0012                     	;# 
   232  0013                     	;# 
   233  0014                     	;# 
   234  0015                     	;# 
   235  0015                     	;# 
   236  0016                     	;# 
   237  0017                     	;# 
   238  0018                     	;# 
   239  0019                     	;# 
   240  001A                     	;# 
   241  001B                     	;# 
   242  001B                     	;# 
   243  001C                     	;# 
   244  001D                     	;# 
   245  001E                     	;# 
   246  001F                     	;# 
   247  0081                     	;# 
   248  0085                     	;# 
   249  0086                     	;# 
   250  0087                     	;# 
   251  0088                     	;# 
   252  0089                     	;# 
   253  008C                     	;# 
   254  008D                     	;# 
   255  008E                     	;# 
   256  008F                     	;# 
   257  0090                     	;# 
   258  0091                     	;# 
   259  0092                     	;# 
   260  0093                     	;# 
   261  0093                     	;# 
   262  0093                     	;# 
   263  0094                     	;# 
   264  0095                     	;# 
   265  0096                     	;# 
   266  0097                     	;# 
   267  0098                     	;# 
   268  0099                     	;# 
   269  009A                     	;# 
   270  009B                     	;# 
   271  009C                     	;# 
   272  009D                     	;# 
   273  009E                     	;# 
   274  009F                     	;# 
   275  0105                     	;# 
   276  0107                     	;# 
   277  0108                     	;# 
   278  0109                     	;# 
   279  010C                     	;# 
   280  010C                     	;# 
   281  010D                     	;# 
   282  010E                     	;# 
   283  010F                     	;# 
   284  0185                     	;# 
   285  0187                     	;# 
   286  0188                     	;# 
   287  0189                     	;# 
   288  018C                     	;# 
   289  018D                     	;# 
   290  0000                     	;# 
   291  0001                     	;# 
   292  0002                     	;# 
   293  0003                     	;# 
   294  0004                     	;# 
   295  0005                     	;# 
   296  0006                     	;# 
   297  0007                     	;# 
   298  0008                     	;# 
   299  0009                     	;# 
   300  000A                     	;# 
   301  000B                     	;# 
   302  000C                     	;# 
   303  000D                     	;# 
   304  000E                     	;# 
   305  000E                     	;# 
   306  000F                     	;# 
   307  0010                     	;# 
   308  0011                     	;# 
   309  0012                     	;# 
   310  0013                     	;# 
   311  0014                     	;# 
   312  0015                     	;# 
   313  0015                     	;# 
   314  0016                     	;# 
   315  0017                     	;# 
   316  0018                     	;# 
   317  0019                     	;# 
   318  001A                     	;# 
   319  001B                     	;# 
   320  001B                     	;# 
   321  001C                     	;# 
   322  001D                     	;# 
   323  001E                     	;# 
   324  001F                     	;# 
   325  0081                     	;# 
   326  0085                     	;# 
   327  0086                     	;# 
   328  0087                     	;# 
   329  0088                     	;# 
   330  0089                     	;# 
   331  008C                     	;# 
   332  008D                     	;# 
   333  008E                     	;# 
   334  008F                     	;# 
   335  0090                     	;# 
   336  0091                     	;# 
   337  0092                     	;# 
   338  0093                     	;# 
   339  0093                     	;# 
   340  0093                     	;# 
   341  0094                     	;# 
   342  0095                     	;# 
   343  0096                     	;# 
   344  0097                     	;# 
   345  0098                     	;# 
   346  0099                     	;# 
   347  009A                     	;# 
   348  009B                     	;# 
   349  009C                     	;# 
   350  009D                     	;# 
   351  009E                     	;# 
   352  009F                     	;# 
   353  0105                     	;# 
   354  0107                     	;# 
   355  0108                     	;# 
   356  0109                     	;# 
   357  010C                     	;# 
   358  010C                     	;# 
   359  010D                     	;# 
   360  010E                     	;# 
   361  010F                     	;# 
   362  0185                     	;# 
   363  0187                     	;# 
   364  0188                     	;# 
   365  0189                     	;# 
   366  018C                     	;# 
   367  018D                     	;# 
   368  0013                     _SSPBUF	set	19
   369  0014                     _SSPCONbits	set	20
   370  0014                     _SSPCON	set	20
   371  0007                     _PORTCbits	set	7
   372  0019                     _TXREG	set	25
   373  001E                     _ADRESH	set	30
   374  0005                     _PORTA	set	5
   375  000C                     _PIR1bits	set	12
   376  000B                     _INTCONbits	set	11
   377  001F                     _ADCON0bits	set	31
   378  0001                     _TMR0	set	1
   379  000B                     _INTCON	set	11
   380  0009                     _PORTE	set	9
   381  0008                     _PORTD	set	8
   382  0007                     _PORTC	set	7
   383  0006                     _PORTB	set	6
   384  0028                     _RA0	set	40
   385  00C4                     _CREN	set	196
   386  00C7                     _SPEN	set	199
   387  0065                     _RCIF	set	101
   388  0063                     _SSPIF	set	99
   389  0066                     _ADIF	set	102
   390  0094                     _SSPSTATbits	set	148
   391  0085                     _TRISAbits	set	133
   392  0094                     _SSPSTAT	set	148
   393  0089                     _TRISE	set	137
   394  0087                     _TRISC	set	135
   395  0099                     _SPBRG	set	153
   396  008C                     _PIE1bits	set	140
   397  009F                     _ADCON1bits	set	159
   398  0088                     _TRISD	set	136
   399  0086                     _TRISB	set	134
   400  0085                     _TRISA	set	133
   401  043B                     _TRISC3	set	1083
   402  043D                     _TRISC5	set	1085
   403  04C4                     _SYNC	set	1220
   404  04C5                     _TXEN	set	1221
   405  040B                     _PSA	set	1035
   406  040D                     _T0CS	set	1037
   407  040A                     _PS2	set	1034
   408  0409                     _PS1	set	1033
   409  0408                     _PS0	set	1032
   410  047E                     _IRCF2	set	1150
   411  047D                     _IRCF1	set	1149
   412  047C                     _IRCF0	set	1148
   413  0189                     _ANSELH	set	393
   414  0188                     _ANSEL	set	392
   415                           
   416                           	psect	strings
   417  00CD                     __pstrings:
   418  00CD                     stringtab:
   419  00CD                     __stringtab:
   420  00CD                     stringcode:	
   421                           ;	String table - string pointers are 1 byte each
   422                           
   423  00CD                     stringdir:
   424  00CD  3000               	movlw	high stringdir
   425  00CE  008A               	movwf	10
   426  00CF  0804               	movf	4,w
   427  00D0  0A84               	incf	4,f
   428  00D1  0782               	addwf	2,f
   429  00D2                     __stringbase:
   430  00D2  3400               	retlw	0
   431  00D3                     __end_of__stringtab:
   432  00D3                     STR_1:
   433  00D3  3450               	retlw	80	;'P'
   434  00D4  344F               	retlw	79	;'O'
   435  00D5  3454               	retlw	84	;'T'
   436  00D6  3420               	retlw	32	;' '
   437  00D7  3431               	retlw	49	;'1'
   438  00D8  343A               	retlw	58	;':'
   439  00D9  3420               	retlw	32	;' '
   440  00DA  3400               	retlw	0
   441  00DB                     STR_2:
   442  00DB  3450               	retlw	80	;'P'
   443  00DC  344F               	retlw	79	;'O'
   444  00DD  3454               	retlw	84	;'T'
   445  00DE  3420               	retlw	32	;' '
   446  00DF  3432               	retlw	50	;'2'
   447  00E0  343A               	retlw	58	;':'
   448  00E1  3420               	retlw	32	;' '
   449  00E2  3400               	retlw	0
   450                           
   451                           	psect	cinit
   452  000F                     start_initialization:	
   453                           ; #config settings
   454                           
   455  000F                     __initialization:
   456                           
   457                           ; Clear objects allocated to COMMON
   458  000F  01F6               	clrf	__pbssCOMMON& (0+127)
   459  0010  01F7               	clrf	(__pbssCOMMON+1)& (0+127)
   460  0011  01F8               	clrf	(__pbssCOMMON+2)& (0+127)
   461  0012                     end_of_initialization:	
   462                           ;End of C runtime variable initialization code
   463                           
   464  0012                     __end_of__initialization:
   465  0012  0183               	clrf	3
   466  0013  120A  118A  287C   	ljmp	_main	;jump to C main() function
   467                           
   468                           	psect	bssCOMMON
   469  0076                     __pbssCOMMON:
   470  0076                     _temp1:
   471  0076                     	ds	1
   472  0077                     _V_ADC_1:
   473  0077                     	ds	1
   474  0078                     _V_ADC_0:
   475  0078                     	ds	1
   476                           
   477                           	psect	cstackCOMMON
   478  0070                     __pcstackCOMMON:
   479  0070                     ?_Valor_ADC:
   480  0070                     ??_Valor_ADC:	
   481                           ; 1 bytes @ 0x0
   482                           
   483  0070                     ?_spiWrite:	
   484                           ; 1 bytes @ 0x0
   485                           
   486  0070                     ??_spiWrite:	
   487                           ; 1 bytes @ 0x0
   488                           
   489  0070                     ?_config:	
   490                           ; 1 bytes @ 0x0
   491                           
   492  0070                     ?_Config_Oscilador:	
   493                           ; 1 bytes @ 0x0
   494                           
   495  0070                     ?_Config_ADC:	
   496                           ; 1 bytes @ 0x0
   497                           
   498  0070                     ?_Config_USART:	
   499                           ; 1 bytes @ 0x0
   500                           
   501  0070                     ?_Init_Slave:	
   502                           ; 1 bytes @ 0x0
   503                           
   504  0070                     ?_isr:	
   505                           ; 1 bytes @ 0x0
   506                           
   507  0070                     ?_main:	
   508                           ; 1 bytes @ 0x0
   509                           
   510  0070                     spiWrite@dat:	
   511                           ; 1 bytes @ 0x0
   512                           
   513                           
   514                           ; 1 bytes @ 0x0
   515  0070                     	ds	1
   516  0071                     Valor_ADC@canal:
   517                           
   518                           ; 1 bytes @ 0x1
   519  0071                     	ds	1
   520  0072                     Valor_ADC@temp:
   521                           
   522                           ; 1 bytes @ 0x2
   523  0072                     	ds	1
   524  0073                     ??_isr:
   525                           
   526                           ; 1 bytes @ 0x3
   527  0073                     	ds	3
   528                           
   529                           	psect	cstackBANK0
   530  0020                     __pcstackBANK0:
   531  0020                     ??_config:
   532  0020                     ??_Config_Oscilador:	
   533                           ; 1 bytes @ 0x0
   534                           
   535  0020                     ??_Config_ADC:	
   536                           ; 1 bytes @ 0x0
   537                           
   538  0020                     ??_Config_USART:	
   539                           ; 1 bytes @ 0x0
   540                           
   541  0020                     ??_Init_Slave:	
   542                           ; 1 bytes @ 0x0
   543                           
   544                           
   545                           ; 1 bytes @ 0x0
   546  0020                     	ds	1
   547  0021                     ??_main:
   548                           
   549                           	psect	maintext
   550  007C                     __pmaintext:	
   551                           ; 1 bytes @ 0x1
   552 ;;
   553 ;;Main: autosize = 0, tempsize = 0, incstack = 0, save=0
   554 ;;
   555 ;; *************** function _main *****************
   556 ;; Defined at:
   557 ;;		line 90 in file "Lab_03_Slave.c"
   558 ;; Parameters:    Size  Location     Type
   559 ;;		None
   560 ;; Auto vars:     Size  Location     Type
   561 ;;		None
   562 ;; Return value:  Size  Location     Type
   563 ;;                  1    wreg      void 
   564 ;; Registers used:
   565 ;;		wreg, status,2, status,0, pclath, cstack
   566 ;; Tracked objects:
   567 ;;		On entry : B00/0
   568 ;;		On exit  : 0/0
   569 ;;		Unchanged: 0/0
   570 ;; Data sizes:     COMMON   BANK0   BANK1   BANK3   BANK2
   571 ;;      Params:         0       0       0       0       0
   572 ;;      Locals:         0       0       0       0       0
   573 ;;      Temps:          0       0       0       0       0
   574 ;;      Totals:         0       0       0       0       0
   575 ;;Total ram usage:        0 bytes
   576 ;; Hardware stack levels required when called: 3
   577 ;; This function calls:
   578 ;;		_Config_ADC
   579 ;;		_Config_Oscilador
   580 ;;		_Config_USART
   581 ;;		_Init_Slave
   582 ;;		_config
   583 ;; This function is called by:
   584 ;;		Startup code after reset
   585 ;; This function uses a non-reentrant model
   586 ;;
   587                           
   588                           
   589                           ;psect for function _main
   590  007C                     _main:
   591  007C                     l1187:	
   592                           ;incstack = 0
   593                           ; Regs used in _main: [wreg+status,2+status,0+pclath+cstack]
   594                           
   595  007C  120A  118A  20F6  120A  118A  	fcall	_config
   596  0081  120A  118A  2108  120A  118A  	fcall	_Config_Oscilador
   597  0086  120A  118A  2059  120A  118A  	fcall	_Config_ADC
   598  008B  120A  118A  20E3  120A  118A  	fcall	_Config_USART
   599  0090                     l1189:
   600  0090  120A  118A  20B6  120A  118A  	fcall	_Init_Slave
   601  0095                     l59:
   602  0095                     l60:
   603  0095  2895               	goto	l59
   604  0096  120A  118A  280C   	ljmp	start
   605  0099                     __end_of_main:
   606                           
   607                           	psect	text1
   608  00F6                     __ptext1:	
   609 ;; *************** function _config *****************
   610 ;; Defined at:
   611 ;;		line 108 in file "Lab_03_Slave.c"
   612 ;; Parameters:    Size  Location     Type
   613 ;;		None
   614 ;; Auto vars:     Size  Location     Type
   615 ;;		None
   616 ;; Return value:  Size  Location     Type
   617 ;;                  1    wreg      void 
   618 ;; Registers used:
   619 ;;		wreg, status,2
   620 ;; Tracked objects:
   621 ;;		On entry : 0/0
   622 ;;		On exit  : 0/0
   623 ;;		Unchanged: 0/0
   624 ;; Data sizes:     COMMON   BANK0   BANK1   BANK3   BANK2
   625 ;;      Params:         0       0       0       0       0
   626 ;;      Locals:         0       0       0       0       0
   627 ;;      Temps:          0       0       0       0       0
   628 ;;      Totals:         0       0       0       0       0
   629 ;;Total ram usage:        0 bytes
   630 ;; Hardware stack levels used: 1
   631 ;; Hardware stack levels required when called: 2
   632 ;; This function calls:
   633 ;;		Nothing
   634 ;; This function is called by:
   635 ;;		_main
   636 ;; This function uses a non-reentrant model
   637 ;;
   638                           
   639                           
   640                           ;psect for function _config
   641  00F6                     _config:
   642  00F6                     l1127:	
   643                           ;incstack = 0
   644                           ; Regs used in _config: [wreg+status,2]
   645                           
   646  00F6  3023               	movlw	35
   647  00F7  1683               	bsf	3,5	;RP0=1, select bank1
   648  00F8  1303               	bcf	3,6	;RP1=0, select bank1
   649  00F9  0085               	movwf	5	;volatile
   650  00FA                     l1129:
   651  00FA  0186               	clrf	6	;volatile
   652  00FB                     l1131:
   653  00FB  0188               	clrf	8	;volatile
   654  00FC  3003               	movlw	3
   655  00FD  1683               	bsf	3,5	;RP0=1, select bank3
   656  00FE  1703               	bsf	3,6	;RP1=1, select bank3
   657  00FF  0088               	movwf	8	;volatile
   658  0100                     l1133:
   659  0100  0189               	clrf	9	;volatile
   660  0101                     l1135:
   661  0101  1283               	bcf	3,5	;RP0=0, select bank0
   662  0102  1303               	bcf	3,6	;RP1=0, select bank0
   663  0103  0186               	clrf	6	;volatile
   664  0104                     l1137:
   665  0104  0187               	clrf	7	;volatile
   666  0105                     l1139:
   667  0105  0188               	clrf	8	;volatile
   668  0106                     l1141:
   669  0106  0189               	clrf	9	;volatile
   670  0107                     l65:
   671  0107  0008               	return
   672  0108                     __end_of_config:
   673                           
   674                           	psect	text2
   675  00B6                     __ptext2:	
   676 ;; *************** function _Init_Slave *****************
   677 ;; Defined at:
   678 ;;		line 36 in file "../../LIB/LIB.X/SPI.c"
   679 ;; Parameters:    Size  Location     Type
   680 ;;		None
   681 ;; Auto vars:     Size  Location     Type
   682 ;;		None
   683 ;; Return value:  Size  Location     Type
   684 ;;                  1    wreg      void 
   685 ;; Registers used:
   686 ;;		status,2
   687 ;; Tracked objects:
   688 ;;		On entry : 0/0
   689 ;;		On exit  : 0/0
   690 ;;		Unchanged: 0/0
   691 ;; Data sizes:     COMMON   BANK0   BANK1   BANK3   BANK2
   692 ;;      Params:         0       0       0       0       0
   693 ;;      Locals:         0       0       0       0       0
   694 ;;      Temps:          0       0       0       0       0
   695 ;;      Totals:         0       0       0       0       0
   696 ;;Total ram usage:        0 bytes
   697 ;; Hardware stack levels used: 1
   698 ;; Hardware stack levels required when called: 2
   699 ;; This function calls:
   700 ;;		Nothing
   701 ;; This function is called by:
   702 ;;		_main
   703 ;; This function uses a non-reentrant model
   704 ;;
   705                           
   706                           
   707                           ;psect for function _Init_Slave
   708  00B6                     _Init_Slave:
   709  00B6                     l1171:	
   710                           ;incstack = 0
   711                           ; Regs used in _Init_Slave: [status,2]
   712                           
   713                           
   714                           ;../../LIB/LIB.X/SPI.c: 38:     INTCONbits.GIE = 1;
   715  00B6  178B               	bsf	11,7	;volatile
   716                           
   717                           ;../../LIB/LIB.X/SPI.c: 39:     INTCONbits.PEIE = 1;
   718  00B7  170B               	bsf	11,6	;volatile
   719                           
   720                           ;../../LIB/LIB.X/SPI.c: 40:     PIR1bits.SSPIF = 0;
   721  00B8  1283               	bcf	3,5	;RP0=0, select bank0
   722  00B9  1303               	bcf	3,6	;RP1=0, select bank0
   723  00BA  118C               	bcf	12,3	;volatile
   724                           
   725                           ;../../LIB/LIB.X/SPI.c: 41:     PIE1bits.SSPIE = 1;
   726  00BB  1683               	bsf	3,5	;RP0=1, select bank1
   727  00BC  1303               	bcf	3,6	;RP1=0, select bank1
   728  00BD  158C               	bsf	12,3	;volatile
   729                           
   730                           ;../../LIB/LIB.X/SPI.c: 42:     TRISAbits.TRISA5 = 1;
   731  00BE  1685               	bsf	5,5	;volatile
   732                           
   733                           ;../../LIB/LIB.X/SPI.c: 44:     TRISC5 = 0;
   734  00BF  1287               	bcf	7,5	;volatile
   735  00C0                     l1173:
   736                           
   737                           ;../../LIB/LIB.X/SPI.c: 46:     SSPCON = 0x00;
   738  00C0  1283               	bcf	3,5	;RP0=0, select bank0
   739  00C1  1303               	bcf	3,6	;RP1=0, select bank0
   740  00C2  0194               	clrf	20	;volatile
   741  00C3                     l1175:
   742                           
   743                           ;../../LIB/LIB.X/SPI.c: 47:     SSPCONbits.SSPM0 = 0;
   744  00C3  1014               	bcf	20,0	;volatile
   745  00C4                     l1177:
   746                           
   747                           ;../../LIB/LIB.X/SPI.c: 48:     SSPCONbits.SSPM1 = 0;
   748  00C4  1094               	bcf	20,1	;volatile
   749  00C5                     l1179:
   750                           
   751                           ;../../LIB/LIB.X/SPI.c: 49:     SSPCONbits.SSPM2 = 1;
   752  00C5  1514               	bsf	20,2	;volatile
   753  00C6                     l1181:
   754                           
   755                           ;../../LIB/LIB.X/SPI.c: 50:     SSPCONbits.SSPM3 = 0;
   756  00C6  1194               	bcf	20,3	;volatile
   757  00C7                     l1183:
   758                           
   759                           ;../../LIB/LIB.X/SPI.c: 54:     SSPCONbits.SSPEN = 1;
   760  00C7  1694               	bsf	20,5	;volatile
   761                           
   762                           ;../../LIB/LIB.X/SPI.c: 57:     SSPSTAT = 0x00;
   763  00C8  1683               	bsf	3,5	;RP0=1, select bank1
   764  00C9  1303               	bcf	3,6	;RP1=0, select bank1
   765  00CA  0194               	clrf	20	;volatile
   766  00CB                     l1185:
   767                           
   768                           ;../../LIB/LIB.X/SPI.c: 58:     TRISC3 = 1;
   769  00CB  1587               	bsf	7,3	;volatile
   770  00CC                     l234:
   771  00CC  0008               	return
   772  00CD                     __end_of_Init_Slave:
   773                           
   774                           	psect	text3
   775  00E3                     __ptext3:	
   776 ;; *************** function _Config_USART *****************
   777 ;; Defined at:
   778 ;;		line 45 in file "../../LIB/LIB.X/LIB.c"
   779 ;; Parameters:    Size  Location     Type
   780 ;;		None
   781 ;; Auto vars:     Size  Location     Type
   782 ;;		None
   783 ;; Return value:  Size  Location     Type
   784 ;;                  1    wreg      void 
   785 ;; Registers used:
   786 ;;		wreg
   787 ;; Tracked objects:
   788 ;;		On entry : 0/0
   789 ;;		On exit  : 0/0
   790 ;;		Unchanged: 0/0
   791 ;; Data sizes:     COMMON   BANK0   BANK1   BANK3   BANK2
   792 ;;      Params:         0       0       0       0       0
   793 ;;      Locals:         0       0       0       0       0
   794 ;;      Temps:          0       0       0       0       0
   795 ;;      Totals:         0       0       0       0       0
   796 ;;Total ram usage:        0 bytes
   797 ;; Hardware stack levels used: 1
   798 ;; Hardware stack levels required when called: 2
   799 ;; This function calls:
   800 ;;		Nothing
   801 ;; This function is called by:
   802 ;;		_main
   803 ;; This function uses a non-reentrant model
   804 ;;
   805                           
   806                           
   807                           ;psect for function _Config_USART
   808  00E3                     _Config_USART:
   809  00E3                     l1167:	
   810                           ;incstack = 0
   811                           ; Regs used in _Config_USART: [wreg]
   812                           
   813                           
   814                           ;../../LIB/LIB.X/LIB.c: 47:     TXEN = 1;
   815  00E3  1683               	bsf	3,5	;RP0=1, select bank1
   816  00E4  1303               	bcf	3,6	;RP1=0, select bank1
   817  00E5  1698               	bsf	24,5	;volatile
   818                           
   819                           ;../../LIB/LIB.X/LIB.c: 48:     SYNC = 0;
   820  00E6  1218               	bcf	24,4	;volatile
   821                           
   822                           ;../../LIB/LIB.X/LIB.c: 49:     SPEN = 1;
   823  00E7  1283               	bcf	3,5	;RP0=0, select bank0
   824  00E8  1303               	bcf	3,6	;RP1=0, select bank0
   825  00E9  1798               	bsf	24,7	;volatile
   826                           
   827                           ;../../LIB/LIB.X/LIB.c: 52:     CREN = 1;
   828  00EA  1618               	bsf	24,4	;volatile
   829                           
   830                           ;../../LIB/LIB.X/LIB.c: 53:     PIE1bits.RCIE = 1;
   831  00EB  1683               	bsf	3,5	;RP0=1, select bank1
   832  00EC  1303               	bcf	3,6	;RP1=0, select bank1
   833  00ED  168C               	bsf	12,5	;volatile
   834                           
   835                           ;../../LIB/LIB.X/LIB.c: 54:     PIR1bits.RCIF = 0;
   836  00EE  1283               	bcf	3,5	;RP0=0, select bank0
   837  00EF  1303               	bcf	3,6	;RP1=0, select bank0
   838  00F0  128C               	bcf	12,5	;volatile
   839  00F1                     l1169:
   840                           
   841                           ;../../LIB/LIB.X/LIB.c: 55:     SPBRG=12;
   842  00F1  300C               	movlw	12
   843  00F2  1683               	bsf	3,5	;RP0=1, select bank1
   844  00F3  1303               	bcf	3,6	;RP1=0, select bank1
   845  00F4  0099               	movwf	25	;volatile
   846  00F5                     l159:
   847  00F5  0008               	return
   848  00F6                     __end_of_Config_USART:
   849                           
   850                           	psect	text4
   851  0108                     __ptext4:	
   852 ;; *************** function _Config_Oscilador *****************
   853 ;; Defined at:
   854 ;;		line 7 in file "../../LIB/LIB.X/LIB.c"
   855 ;; Parameters:    Size  Location     Type
   856 ;;		None
   857 ;; Auto vars:     Size  Location     Type
   858 ;;		None
   859 ;; Return value:  Size  Location     Type
   860 ;;                  1    wreg      void 
   861 ;; Registers used:
   862 ;;		wreg
   863 ;; Tracked objects:
   864 ;;		On entry : 0/0
   865 ;;		On exit  : 0/0
   866 ;;		Unchanged: 0/0
   867 ;; Data sizes:     COMMON   BANK0   BANK1   BANK3   BANK2
   868 ;;      Params:         0       0       0       0       0
   869 ;;      Locals:         0       0       0       0       0
   870 ;;      Temps:          0       0       0       0       0
   871 ;;      Totals:         0       0       0       0       0
   872 ;;Total ram usage:        0 bytes
   873 ;; Hardware stack levels used: 1
   874 ;; Hardware stack levels required when called: 2
   875 ;; This function calls:
   876 ;;		Nothing
   877 ;; This function is called by:
   878 ;;		_main
   879 ;; This function uses a non-reentrant model
   880 ;;
   881                           
   882                           
   883                           ;psect for function _Config_Oscilador
   884  0108                     _Config_Oscilador:
   885  0108                     l1143:	
   886                           ;incstack = 0
   887                           ; Regs used in _Config_Oscilador: [wreg]
   888                           
   889                           
   890                           ;../../LIB/LIB.X/LIB.c: 9:     IRCF0 = 1;
   891  0108  1683               	bsf	3,5	;RP0=1, select bank1
   892  0109  1303               	bcf	3,6	;RP1=0, select bank1
   893  010A  160F               	bsf	15,4	;volatile
   894                           
   895                           ;../../LIB/LIB.X/LIB.c: 10:     IRCF1 = 1;
   896  010B  168F               	bsf	15,5	;volatile
   897                           
   898                           ;../../LIB/LIB.X/LIB.c: 11:     IRCF2 = 1;
   899  010C  170F               	bsf	15,6	;volatile
   900  010D                     l1145:
   901                           
   902                           ;../../LIB/LIB.X/LIB.c: 12:     INTCON = 0b11101000;
   903  010D  30E8               	movlw	232
   904  010E  008B               	movwf	11	;volatile
   905  010F                     l150:
   906  010F  0008               	return
   907  0110                     __end_of_Config_Oscilador:
   908                           
   909                           	psect	text5
   910  0059                     __ptext5:	
   911 ;; *************** function _Config_ADC *****************
   912 ;; Defined at:
   913 ;;		line 29 in file "../../LIB/LIB.X/LIB.c"
   914 ;; Parameters:    Size  Location     Type
   915 ;;		None
   916 ;; Auto vars:     Size  Location     Type
   917 ;;		None
   918 ;; Return value:  Size  Location     Type
   919 ;;                  1    wreg      void 
   920 ;; Registers used:
   921 ;;		wreg, status,2, status,0
   922 ;; Tracked objects:
   923 ;;		On entry : 0/0
   924 ;;		On exit  : 0/0
   925 ;;		Unchanged: 0/0
   926 ;; Data sizes:     COMMON   BANK0   BANK1   BANK3   BANK2
   927 ;;      Params:         0       0       0       0       0
   928 ;;      Locals:         0       0       0       0       0
   929 ;;      Temps:          0       1       0       0       0
   930 ;;      Totals:         0       1       0       0       0
   931 ;;Total ram usage:        1 bytes
   932 ;; Hardware stack levels used: 1
   933 ;; Hardware stack levels required when called: 2
   934 ;; This function calls:
   935 ;;		Nothing
   936 ;; This function is called by:
   937 ;;		_main
   938 ;; This function uses a non-reentrant model
   939 ;;
   940                           
   941                           
   942                           ;psect for function _Config_ADC
   943  0059                     _Config_ADC:
   944  0059                     l1147:	
   945                           ;incstack = 0
   946                           ; Regs used in _Config_ADC: [wreg+status,2+status,0]
   947                           
   948                           
   949                           ;../../LIB/LIB.X/LIB.c: 30:     ADCON0bits.ADCS0 = 0;
   950  0059  1283               	bcf	3,5	;RP0=0, select bank0
   951  005A  1303               	bcf	3,6	;RP1=0, select bank0
   952  005B  131F               	bcf	31,6	;volatile
   953                           
   954                           ;../../LIB/LIB.X/LIB.c: 31:     ADCON0bits.ADCS1 = 1;
   955  005C  179F               	bsf	31,7	;volatile
   956                           
   957                           ;../../LIB/LIB.X/LIB.c: 32:     ADCON1bits.VCFG0 = 0;
   958  005D  1683               	bsf	3,5	;RP0=1, select bank1
   959  005E  1303               	bcf	3,6	;RP1=0, select bank1
   960  005F  121F               	bcf	31,4	;volatile
   961                           
   962                           ;../../LIB/LIB.X/LIB.c: 33:     ADCON1bits.VCFG1 = 0;
   963  0060  129F               	bcf	31,5	;volatile
   964  0061                     l1149:
   965                           
   966                           ;../../LIB/LIB.X/LIB.c: 34:     ADCON0bits.CHS = 0;
   967  0061  30C3               	movlw	-61
   968  0062  1283               	bcf	3,5	;RP0=0, select bank0
   969  0063  1303               	bcf	3,6	;RP1=0, select bank0
   970  0064  059F               	andwf	31,f	;volatile
   971  0065                     l1151:
   972                           
   973                           ;../../LIB/LIB.X/LIB.c: 35:     ADCON1bits.ADFM = 0;
   974  0065  1683               	bsf	3,5	;RP0=1, select bank1
   975  0066  1303               	bcf	3,6	;RP1=0, select bank1
   976  0067  139F               	bcf	31,7	;volatile
   977  0068                     l1153:
   978                           
   979                           ;../../LIB/LIB.X/LIB.c: 36:     ADCON0bits.ADON = 1;
   980  0068  1283               	bcf	3,5	;RP0=0, select bank0
   981  0069  1303               	bcf	3,6	;RP1=0, select bank0
   982  006A  141F               	bsf	31,0	;volatile
   983  006B                     l1155:
   984                           
   985                           ;../../LIB/LIB.X/LIB.c: 37:     ADIF = 0;
   986  006B  130C               	bcf	12,6	;volatile
   987  006C                     l1157:
   988                           
   989                           ;../../LIB/LIB.X/LIB.c: 38:     PIE1bits.ADIE = 1;
   990  006C  1683               	bsf	3,5	;RP0=1, select bank1
   991  006D  1303               	bcf	3,6	;RP1=0, select bank1
   992  006E  170C               	bsf	12,6	;volatile
   993  006F                     l1159:
   994                           
   995                           ;../../LIB/LIB.X/LIB.c: 39:     INTCONbits.PEIE = 1;
   996  006F  170B               	bsf	11,6	;volatile
   997  0070                     l1161:
   998                           
   999                           ;../../LIB/LIB.X/LIB.c: 40:     INTCONbits.GIE = 1;
  1000  0070  178B               	bsf	11,7	;volatile
  1001  0071                     l1163:
  1002                           
  1003                           ;../../LIB/LIB.X/LIB.c: 42:     _delay((unsigned long)((50)*(8000000/4000000.0)));
  1004  0071  3020               	movlw	32
  1005  0072  1283               	bcf	3,5	;RP0=0, select bank0
  1006  0073  1303               	bcf	3,6	;RP1=0, select bank0
  1007  0074  00A0               	movwf	??_Config_ADC
  1008  0075                     u207:
  1009  0075  0BA0               	decfsz	??_Config_ADC,f
  1010  0076  2875               	goto	u207
  1011  0077  0000               	nop
  1012  0078                     l1165:
  1013                           
  1014                           ;../../LIB/LIB.X/LIB.c: 43:     ADCON0bits.GO = 1;
  1015  0078  1283               	bcf	3,5	;RP0=0, select bank0
  1016  0079  1303               	bcf	3,6	;RP1=0, select bank0
  1017  007A  149F               	bsf	31,1	;volatile
  1018  007B                     l156:
  1019  007B  0008               	return
  1020  007C                     __end_of_Config_ADC:
  1021                           
  1022                           	psect	text6
  1023  0016                     __ptext6:	
  1024 ;; *************** function _isr *****************
  1025 ;; Defined at:
  1026 ;;		line 61 in file "Lab_03_Slave.c"
  1027 ;; Parameters:    Size  Location     Type
  1028 ;;		None
  1029 ;; Auto vars:     Size  Location     Type
  1030 ;;		None
  1031 ;; Return value:  Size  Location     Type
  1032 ;;                  1    wreg      void 
  1033 ;; Registers used:
  1034 ;;		wreg, status,2, status,0, pclath, cstack
  1035 ;; Tracked objects:
  1036 ;;		On entry : 0/0
  1037 ;;		On exit  : 0/0
  1038 ;;		Unchanged: 0/0
  1039 ;; Data sizes:     COMMON   BANK0   BANK1   BANK3   BANK2
  1040 ;;      Params:         0       0       0       0       0
  1041 ;;      Locals:         0       0       0       0       0
  1042 ;;      Temps:          3       0       0       0       0
  1043 ;;      Totals:         3       0       0       0       0
  1044 ;;Total ram usage:        3 bytes
  1045 ;; Hardware stack levels used: 1
  1046 ;; Hardware stack levels required when called: 1
  1047 ;; This function calls:
  1048 ;;		_Valor_ADC
  1049 ;;		_spiWrite
  1050 ;; This function is called by:
  1051 ;;		Interrupt level 1
  1052 ;; This function uses a non-reentrant model
  1053 ;;
  1054                           
  1055                           
  1056                           ;psect for function _isr
  1057  0016                     _isr:
  1058  0016                     i1l985:
  1059                           
  1060                           ;Lab_03_Slave.c: 63:     TRISB = 0;
  1061  0016  1283               	bcf	3,5	;RP0=0, select bank0
  1062  0017  1303               	bcf	3,6	;RP1=0, select bank0
  1063  0018  1F0C               	btfss	12,6	;volatile
  1064  0019  281B               	goto	u12_21
  1065  001A  281C               	goto	u12_20
  1066  001B                     u12_21:
  1067  001B  282F               	goto	i1l991
  1068  001C                     u12_20:
  1069  001C                     i1l987:
  1070                           
  1071                           ;Lab_03_Slave.c: 64:     TRISD = 0;
  1072  001C  130C               	bcf	12,6	;volatile
  1073  001D                     i1l989:
  1074                           
  1075                           ;Lab_03_Slave.c: 65: 
  1076  001D  3000               	movlw	0
  1077  001E  120A  118A  2099  120A  118A  	fcall	_Valor_ADC
  1078  0023  00F3               	movwf	??_isr
  1079  0024  0873               	movf	??_isr,w
  1080  0025  00F8               	movwf	_V_ADC_0
  1081                           
  1082                           ;Lab_03_Slave.c: 66:     ANSEL = 0b11;
  1083  0026  3001               	movlw	1
  1084  0027  120A  118A  2099  120A  118A  	fcall	_Valor_ADC
  1085  002C  00F3               	movwf	??_isr
  1086  002D  0873               	movf	??_isr,w
  1087  002E  00F7               	movwf	_V_ADC_1
  1088  002F                     i1l991:
  1089                           
  1090                           ;Lab_03_Slave.c: 68: 
  1091  002F  1283               	bcf	3,5	;RP0=0, select bank0
  1092  0030  1303               	bcf	3,6	;RP1=0, select bank0
  1093  0031  1D8C               	btfss	12,3	;volatile
  1094  0032  2834               	goto	u13_21
  1095  0033  2835               	goto	u13_20
  1096  0034                     u13_21:
  1097  0034  284D               	goto	i1l1005
  1098  0035                     u13_20:
  1099  0035                     i1l993:
  1100                           
  1101                           ;Lab_03_Slave.c: 69: 
  1102  0035  0876               	movf	_temp1,w
  1103  0036  1D03               	btfss	3,2
  1104  0037  2839               	goto	u14_21
  1105  0038  283A               	goto	u14_20
  1106  0039                     u14_21:
  1107  0039  2843               	goto	i1l999
  1108  003A                     u14_20:
  1109  003A                     i1l995:
  1110                           
  1111                           ;Lab_03_Slave.c: 70: 
  1112  003A  0878               	movf	_V_ADC_0,w
  1113  003B  120A  118A  2110  120A  118A  	fcall	_spiWrite
  1114  0040                     i1l997:
  1115                           
  1116                           ;Lab_03_Slave.c: 71:     PORTB = 0;
  1117  0040  01F6               	clrf	_temp1
  1118  0041  0AF6               	incf	_temp1,f
  1119                           
  1120                           ;Lab_03_Slave.c: 72:     PORTC = 0;
  1121  0042  284A               	goto	i1l1003
  1122  0043                     i1l999:
  1123                           
  1124                           ;Lab_03_Slave.c: 73:     PORTD = 0;
  1125  0043  0877               	movf	_V_ADC_1,w
  1126  0044  120A  118A  2110  120A  118A  	fcall	_spiWrite
  1127  0049                     i1l1001:
  1128                           
  1129                           ;Lab_03_Slave.c: 74:     PORTE = 0;
  1130  0049  01F6               	clrf	_temp1
  1131  004A                     i1l1003:
  1132  004A  1283               	bcf	3,5	;RP0=0, select bank0
  1133  004B  1303               	bcf	3,6	;RP1=0, select bank0
  1134  004C  118C               	bcf	12,3	;volatile
  1135  004D                     i1l1005:
  1136  004D  1E8C               	btfss	12,5	;volatile
  1137  004E  2850               	goto	u15_21
  1138  004F  2851               	goto	u15_20
  1139  0050                     u15_21:
  1140  0050  2852               	goto	i1l54
  1141  0051                     u15_20:
  1142  0051                     i1l1007:
  1143  0051  128C               	bcf	12,5	;volatile
  1144  0052                     i1l54:
  1145  0052  0875               	movf	??_isr+2,w
  1146  0053  008A               	movwf	10
  1147  0054  0E74               	swapf	??_isr+1,w
  1148  0055  0083               	movwf	3
  1149  0056  0EFE               	swapf	btemp,f
  1150  0057  0E7E               	swapf	btemp,w
  1151  0058  0009               	retfie
  1152  0059                     __end_of_isr:
  1153                           
  1154                           	psect	intentry
  1155  0004                     __pintentry:	
  1156                           ;incstack = 0
  1157                           ; Regs used in _isr: [wreg+status,2+status,0+pclath+cstack]
  1158                           
  1159  0004                     interrupt_function:
  1160  007E                     saved_w	set	btemp
  1161  0004  00FE               	movwf	btemp
  1162  0005  0E03               	swapf	3,w
  1163  0006  00F4               	movwf	??_isr+1
  1164  0007  080A               	movf	10,w
  1165  0008  00F5               	movwf	??_isr+2
  1166  0009  120A  118A  2816   	ljmp	_isr
  1167                           
  1168                           	psect	text7
  1169  0110                     __ptext7:	
  1170 ;; *************** function _spiWrite *****************
  1171 ;; Defined at:
  1172 ;;		line 61 in file "../../LIB/LIB.X/SPI.c"
  1173 ;; Parameters:    Size  Location     Type
  1174 ;;  dat             1    wreg     unsigned char 
  1175 ;; Auto vars:     Size  Location     Type
  1176 ;;  dat             1    0[COMMON] unsigned char 
  1177 ;; Return value:  Size  Location     Type
  1178 ;;                  1    wreg      void 
  1179 ;; Registers used:
  1180 ;;		wreg
  1181 ;; Tracked objects:
  1182 ;;		On entry : 0/0
  1183 ;;		On exit  : 0/0
  1184 ;;		Unchanged: 0/0
  1185 ;; Data sizes:     COMMON   BANK0   BANK1   BANK3   BANK2
  1186 ;;      Params:         0       0       0       0       0
  1187 ;;      Locals:         1       0       0       0       0
  1188 ;;      Temps:          0       0       0       0       0
  1189 ;;      Totals:         1       0       0       0       0
  1190 ;;Total ram usage:        1 bytes
  1191 ;; Hardware stack levels used: 1
  1192 ;; This function calls:
  1193 ;;		Nothing
  1194 ;; This function is called by:
  1195 ;;		_isr
  1196 ;;		_SPI
  1197 ;; This function uses a non-reentrant model
  1198 ;;
  1199                           
  1200                           
  1201                           ;psect for function _spiWrite
  1202  0110                     _spiWrite:
  1203                           
  1204                           ;incstack = 0
  1205                           ; Regs used in _spiWrite: [wreg]
  1206                           ;spiWrite@dat stored from wreg
  1207  0110  00F0               	movwf	spiWrite@dat
  1208  0111                     i1l895:
  1209                           
  1210                           ;../../LIB/LIB.X/SPI.c: 63:     SSPBUF = dat;
  1211  0111  0870               	movf	spiWrite@dat,w
  1212  0112  1283               	bcf	3,5	;RP0=0, select bank0
  1213  0113  1303               	bcf	3,6	;RP1=0, select bank0
  1214  0114  0093               	movwf	19	;volatile
  1215  0115                     i1l237:
  1216  0115  0008               	return
  1217  0116                     __end_of_spiWrite:
  1218                           
  1219                           	psect	text8
  1220  0099                     __ptext8:	
  1221 ;; *************** function _Valor_ADC *****************
  1222 ;; Defined at:
  1223 ;;		line 76 in file "../../LIB/LIB.X/LIB.c"
  1224 ;; Parameters:    Size  Location     Type
  1225 ;;  canal           1    wreg     unsigned char 
  1226 ;; Auto vars:     Size  Location     Type
  1227 ;;  canal           1    1[COMMON] unsigned char 
  1228 ;;  temp            1    2[COMMON] unsigned char 
  1229 ;; Return value:  Size  Location     Type
  1230 ;;                  1    wreg      unsigned char 
  1231 ;; Registers used:
  1232 ;;		wreg, status,2, status,0
  1233 ;; Tracked objects:
  1234 ;;		On entry : 0/0
  1235 ;;		On exit  : 0/0
  1236 ;;		Unchanged: 0/0
  1237 ;; Data sizes:     COMMON   BANK0   BANK1   BANK3   BANK2
  1238 ;;      Params:         0       0       0       0       0
  1239 ;;      Locals:         2       0       0       0       0
  1240 ;;      Temps:          1       0       0       0       0
  1241 ;;      Totals:         3       0       0       0       0
  1242 ;;Total ram usage:        3 bytes
  1243 ;; Hardware stack levels used: 1
  1244 ;; This function calls:
  1245 ;;		Nothing
  1246 ;; This function is called by:
  1247 ;;		_isr
  1248 ;; This function uses a non-reentrant model
  1249 ;;
  1250                           
  1251                           
  1252                           ;psect for function _Valor_ADC
  1253  0099                     _Valor_ADC:
  1254                           
  1255                           ;incstack = 0
  1256                           ; Regs used in _Valor_ADC: [wreg+status,2+status,0]
  1257                           ;Valor_ADC@canal stored from wreg
  1258  0099  00F1               	movwf	Valor_ADC@canal
  1259  009A                     i1l881:
  1260                           
  1261                           ;../../LIB/LIB.X/LIB.c: 77:     _delay((unsigned long)((50)*(8000000/4000000.0)));
  1262  009A  3021               	movlw	33
  1263  009B  00F0               	movwf	??_Valor_ADC
  1264  009C                     u21_27:
  1265  009C  0BF0               	decfsz	??_Valor_ADC,f
  1266  009D  289C               	goto	u21_27
  1267  009E                     i1l883:
  1268                           
  1269                           ;../../LIB/LIB.X/LIB.c: 78:     char temp;;../../LIB/LIB.X/LIB.c: 79:     ADCON0bits.CHS
      +                           = canal;
  1270  009E  0871               	movf	Valor_ADC@canal,w
  1271  009F  00F0               	movwf	??_Valor_ADC
  1272  00A0  0DF0               	rlf	??_Valor_ADC,f
  1273  00A1  0DF0               	rlf	??_Valor_ADC,f
  1274  00A2  1283               	bcf	3,5	;RP0=0, select bank0
  1275  00A3  1303               	bcf	3,6	;RP1=0, select bank0
  1276  00A4  081F               	movf	31,w	;volatile
  1277  00A5  0670               	xorwf	??_Valor_ADC,w
  1278  00A6  39C3               	andlw	-61
  1279  00A7  0670               	xorwf	??_Valor_ADC,w
  1280  00A8  009F               	movwf	31	;volatile
  1281  00A9                     i1l885:
  1282                           
  1283                           ;../../LIB/LIB.X/LIB.c: 80:     temp = ADRESH;
  1284  00A9  081E               	movf	30,w	;volatile
  1285  00AA  00F0               	movwf	??_Valor_ADC
  1286  00AB  0870               	movf	??_Valor_ADC,w
  1287  00AC  00F2               	movwf	Valor_ADC@temp
  1288  00AD                     i1l887:
  1289                           
  1290                           ;../../LIB/LIB.X/LIB.c: 81:     _delay((unsigned long)((50)*(8000000/4000000.0)));
  1291  00AD  3021               	movlw	33
  1292  00AE  00F0               	movwf	??_Valor_ADC
  1293  00AF                     u22_27:
  1294  00AF  0BF0               	decfsz	??_Valor_ADC,f
  1295  00B0  28AF               	goto	u22_27
  1296  00B1                     i1l889:
  1297                           
  1298                           ;../../LIB/LIB.X/LIB.c: 82:     ADCON0bits.GO = 1;
  1299  00B1  1283               	bcf	3,5	;RP0=0, select bank0
  1300  00B2  1303               	bcf	3,6	;RP1=0, select bank0
  1301  00B3  149F               	bsf	31,1	;volatile
  1302  00B4                     i1l891:
  1303                           
  1304                           ;../../LIB/LIB.X/LIB.c: 83:     return temp;
  1305  00B4  0872               	movf	Valor_ADC@temp,w
  1306  00B5                     i1l165:
  1307  00B5  0008               	return
  1308  00B6                     __end_of_Valor_ADC:
  1309  007E                     btemp	set	126	;btemp
  1310  007E                     wtemp0	set	126
  1311                           
  1312                           	psect	config
  1313                           
  1314                           ;Config register CONFIG1 @ 0x2007
  1315                           ;	Oscillator Selection bits
  1316                           ;	FOSC = INTRC_NOCLKOUT, INTOSCIO oscillator: I/O function on RA6/OSC2/CLKOUT pin, I/O f
      +                          unction on RA7/OSC1/CLKIN
  1317                           ;	Watchdog Timer Enable bit
  1318                           ;	WDTE = OFF, WDT disabled and can be enabled by SWDTEN bit of the WDTCON register
  1319                           ;	Power-up Timer Enable bit
  1320                           ;	PWRTE = OFF, PWRT disabled
  1321                           ;	RE3/MCLR pin function select bit
  1322                           ;	MCLRE = OFF, RE3/MCLR pin function is digital input, MCLR internally tied to VDD
  1323                           ;	Code Protection bit
  1324                           ;	CP = OFF, Program memory code protection is disabled
  1325                           ;	Data Code Protection bit
  1326                           ;	CPD = OFF, Data memory code protection is disabled
  1327                           ;	Brown Out Reset Selection bits
  1328                           ;	BOREN = OFF, BOR disabled
  1329                           ;	Internal External Switchover bit
  1330                           ;	IESO = OFF, Internal/External Switchover mode is disabled
  1331                           ;	Fail-Safe Clock Monitor Enabled bit
  1332                           ;	FCMEN = OFF, Fail-Safe Clock Monitor is disabled
  1333                           ;	Low Voltage Programming Enable bit
  1334                           ;	LVP = OFF, RB3 pin has digital I/O, HV on MCLR must be used for programming
  1335                           ;	In-Circuit Debugger Mode bit
  1336                           ;	DEBUG = 0x1, unprogrammed default
  1337  2007                     	org	8199
  1338  2007  20D4               	dw	8404
  1339                           
  1340                           ;Config register CONFIG2 @ 0x2008
  1341                           ;	Brown-out Reset Selection bit
  1342                           ;	BOR4V = BOR40V, Brown-out Reset set to 4.0V
  1343                           ;	Flash Program Memory Self Write Enable bits
  1344                           ;	WRT = OFF, Write protection off
  1345  2008                     	org	8200
  1346  2008  3FFF               	dw	16383

Data Sizes:
    Strings     16
    Constant    0
    Data        0
    BSS         3
    Persistent  0
    Stack       0

Auto Spaces:
    Space          Size  Autos    Used
    COMMON           14      6       9
    BANK0            80      1       1
    BANK1            80      0       0
    BANK3            96      0       0
    BANK2            96      0       0

Pointer List with Targets:

    None.

Critical Paths under _main in COMMON

    None.

Critical Paths under _isr in COMMON

    _isr->_Valor_ADC

Critical Paths under _main in BANK0

    _main->_Config_ADC

Critical Paths under _isr in BANK0

    None.

Critical Paths under _main in BANK1

    None.

Critical Paths under _isr in BANK1

    None.

Critical Paths under _main in BANK3

    None.

Critical Paths under _isr in BANK3

    None.

Critical Paths under _main in BANK2

    None.

Critical Paths under _isr in BANK2

    None.

Call Graph Tables:

 ---------------------------------------------------------------------------------
 (Depth) Function   	        Calls       Base Space   Used Autos Params    Refs
 ---------------------------------------------------------------------------------
 (0) _main                                                 0     0      0       0
                         _Config_ADC
                   _Config_Oscilador
                       _Config_USART
                         _Init_Slave
                             _config
 ---------------------------------------------------------------------------------
 (1) _config                                               0     0      0       0
 ---------------------------------------------------------------------------------
 (1) _Init_Slave                                           0     0      0       0
 ---------------------------------------------------------------------------------
 (1) _Config_USART                                         0     0      0       0
 ---------------------------------------------------------------------------------
 (1) _Config_Oscilador                                     0     0      0       0
 ---------------------------------------------------------------------------------
 (1) _Config_ADC                                           1     1      0       0
                                              0 BANK0      1     1      0
 ---------------------------------------------------------------------------------
 Estimated maximum stack depth 1
 ---------------------------------------------------------------------------------
 (Depth) Function   	        Calls       Base Space   Used Autos Params    Refs
 ---------------------------------------------------------------------------------
 (2) _isr                                                  3     3      0      45
                                              3 COMMON     3     3      0
                          _Valor_ADC
                           _spiWrite
 ---------------------------------------------------------------------------------
 (3) _spiWrite                                             1     1      0      15
                                              0 COMMON     1     1      0
 ---------------------------------------------------------------------------------
 (3) _Valor_ADC                                            3     3      0      30
                                              0 COMMON     3     3      0
 ---------------------------------------------------------------------------------
 Estimated maximum stack depth 3
 ---------------------------------------------------------------------------------

 Call Graph Graphs:

 _main (ROOT)
   _Config_ADC
   _Config_Oscilador
   _Config_USART
   _Init_Slave
   _config

 _isr (ROOT)
   _Valor_ADC
   _spiWrite

 Address spaces:
Name               Size   Autos  Total    Cost      Usage
BITCOMMON            E      0       0       0        0.0%
EEDATA             100      0       0       0        0.0%
NULL                 0      0       0       0        0.0%
CODE                 0      0       0       0        0.0%
COMMON               E      6       9       1       64.3%
BITSFR0              0      0       0       1        0.0%
SFR0                 0      0       0       1        0.0%
BITSFR1              0      0       0       2        0.0%
SFR1                 0      0       0       2        0.0%
STACK                0      0       0       2        0.0%
ABS                  0      0       A       3        0.0%
BITBANK0            50      0       0       4        0.0%
BITSFR3              0      0       0       4        0.0%
SFR3                 0      0       0       4        0.0%
BANK0               50      1       1       5        1.2%
BITSFR2              0      0       0       5        0.0%
SFR2                 0      0       0       5        0.0%
BITBANK1            50      0       0       6        0.0%
BANK1               50      0       0       7        0.0%
BITBANK3            60      0       0       8        0.0%
BANK3               60      0       0       9        0.0%
BITBANK2            60      0       0      10        0.0%
BANK2               60      0       0      11        0.0%
DATA                 0      0       A      12        0.0%


Microchip Technology PIC Macro Assembler V2.32 build 20210201212658 
Symbol Table                                                                                   Wed Aug 04 01:12:51 2021

                        pc 0002                _SSPSTATbits 0094                         l60 0095  
                       l65 0107                         l59 0095                         fsr 0004  
                      l150 010F                        l234 00CC                        l156 007B  
                      l159 00F5                        _RA0 0028                        u207 0075  
                      _PS0 0408                        _PS1 0409                        _PS2 040A  
                      _PSA 040B                        _isr 0016                       l1131 00FB  
                     l1141 0106                       l1133 0100                       l1151 0065  
                     l1143 0108                       l1135 0101                       l1127 00F6  
                     l1161 0070                       l1153 0068                       l1145 010D  
                     l1137 0104                       l1129 00FA                       l1163 0071  
                     l1155 006B                       l1147 0059                       l1171 00B6  
                     l1139 0105                       l1165 0078                       l1157 006C  
                     l1149 0061                       l1181 00C6                       l1173 00C0  
                     l1159 006F                       l1167 00E3                       l1183 00C7  
                     l1175 00C3                       l1169 00F1                       l1185 00CB  
                     l1177 00C4                       l1179 00C5                       l1187 007C  
                     l1189 0090                       _ADIF 0066                       ?_isr 0070  
                     STR_1 00D3                       STR_2 00DB                       _CREN 00C4  
                     _T0CS 040D                       _RCIF 0065                       i1l54 0052  
                     _TMR0 0001                       _SPEN 00C7                       _TXEN 04C5  
                     _SYNC 04C4                       _main 007C                       btemp 007E  
                     start 000C                      ??_isr 0073                      ?_main 0070  
                    _ANSEL 0188                      _IRCF0 047C                      _IRCF1 047D  
                    _IRCF2 047E                 _Config_ADC 0059                      i1l165 00B5  
                    i1l237 0115                      i1l881 009A                      i1l891 00B4  
                    i1l883 009E                      i1l885 00A9                      i1l887 00AD  
                    i1l895 0111                      i1l991 002F                      i1l889 00B1  
                    i1l993 0035                      i1l985 0016                      i1l995 003A  
                    i1l987 001C                      i1l997 0040                      i1l989 001D  
                    i1l999 0043                      u12_20 001C                      u12_21 001B  
                    u13_20 0035                      u13_21 0034                      u21_27 009C  
                    u14_20 003A                      u14_21 0039                      u22_27 00AF  
                    u15_20 0051                      u15_21 0050                      _SPBRG 0099  
                    _PORTA 0005                      _PORTB 0006                      _PORTC 0007  
                    _PORTD 0008                      _PORTE 0009                      _TRISA 0085  
                    _TRISB 0086                      _TRISC 0087                      _TRISD 0088  
                    _TRISE 0089                      _SSPIF 0063                      _TXREG 0019  
                    _temp1 0076                      pclath 000A                      status 0003  
                    wtemp0 007E       __end_of_Config_USART 00F6            __initialization 000F  
               _Init_Slave 00B6               __end_of_main 0099                     ??_main 0021  
                   _ADRESH 001E                     _ANSELH 0189                     i1l1001 0049  
                   i1l1003 004A                     i1l1005 004D                     i1l1007 0051  
                   _INTCON 000B                     _TRISC3 043B                     _TRISC5 043D  
                   _SSPCON 0014                     _SSPBUF 0013   __end_of_Config_Oscilador 0110  
                   _config 00F6         __size_of_Valor_ADC 001D                ?_Config_ADC 0070  
                   saved_w 007E           __end_of_spiWrite 0116    __end_of__initialization 0012  
           __pcstackCOMMON 0070                ?_Init_Slave 0070      __size_of_Config_USART 0013  
        __end_of_Valor_ADC 00B6        __size_of_Config_ADC 0023                 __pmaintext 007C  
               __pintentry 0004                    ?_config 0070               _Config_USART 00E3  
      __size_of_Init_Slave 0017                    _SSPSTAT 0094                 __stringtab 00CD  
                  _V_ADC_0 0078                    _V_ADC_1 0077                  ?_spiWrite 0070  
            Valor_ADC@temp 0072            __size_of_config 0012                    __ptext1 00F6  
                  __ptext2 00B6                    __ptext3 00E3                    __ptext4 0108  
                  __ptext5 0059                    __ptext6 0016                    __ptext7 0110  
                  __ptext8 0099               __size_of_isr 0043       end_of_initialization 0012  
               ??_spiWrite 0070          ?_Config_Oscilador 0070                  _PORTCbits 0007  
       ??_Config_Oscilador 0020               ??_Config_ADC 0020                  _TRISAbits 0085  
              spiWrite@dat 0070         __end_of_Config_ADC 007C               ??_Init_Slave 0020  
           __end_of_config 0108        start_initialization 000F                __end_of_isr 0059  
       __end_of_Init_Slave 00CD                  _Valor_ADC 0099                   ??_config 0020  
              __pbssCOMMON 0076                  ___latbits 0002              __pcstackBANK0 0020  
               ?_Valor_ADC 0070          __size_of_spiWrite 0006                  __pstrings 00CD  
        interrupt_function 0004                   _PIE1bits 008C                   _PIR1bits 000C  
               _ADCON0bits 001F                __stringbase 00D2                 _ADCON1bits 009F  
__size_of_Config_Oscilador 0008                ??_Valor_ADC 0070             Valor_ADC@canal 0071  
       __end_of__stringtab 00D3              __size_of_main 001D                   _spiWrite 0110  
               _INTCONbits 000B              ?_Config_USART 0070                   intlevel1 0000  
                stringcode 00CD             ??_Config_USART 0020                   stringdir 00CD  
                 stringtab 00CD           _Config_Oscilador 0108                 _SSPCONbits 0014  
