

Microchip MPLAB XC8 Assembler V2.31 build 20201012212115 
                                                                                               Wed Sep 01 17:15:01 2021

Microchip MPLAB XC8 C Compiler v2.31 (Free license) build 20201012212115 Og1 
     1                           	processor	16F887
     2                           	pagewidth 120
     3                           	opt	flic
     4                           	psect	idataCOMMON,global,class=CODE,delta=2,noexec
     5                           	psect	idataBANK0,global,class=CODE,delta=2,noexec
     6                           	psect	cinit,global,class=CODE,merge=1,delta=2
     7                           	psect	bssCOMMON,global,class=COMMON,space=1,delta=1,noexec
     8                           	psect	dataCOMMON,global,class=COMMON,space=1,delta=1,noexec
     9                           	psect	dataBANK0,global,class=BANK0,space=1,delta=1,noexec
    10                           	psect	inittext,global,class=CODE,delta=2
    11                           	psect	cstackCOMMON,global,class=COMMON,space=1,delta=1,noexec
    12                           	psect	cstackBANK0,global,class=BANK0,space=1,delta=1,noexec
    13                           	psect	maintext,global,class=CODE,split=1,delta=2
    14                           	psect	text1,local,class=CODE,merge=1,delta=2
    15                           	psect	intentry,global,class=CODE,delta=2
    16                           	psect	config,global,abs,ovrld,class=CONFIG,space=4,delta=2,noexec
    17                           	dabs	1,0x7E,2
    18  0000                     
    19                           ; Version 2.20
    20                           ; Generated 12/02/2020 GMT
    21                           ; 
    22                           ; Copyright © 2020, Microchip Technology Inc. and its subsidiaries ("Microchip")
    23                           ; All rights reserved.
    24                           ; 
    25                           ; This software is developed by Microchip Technology Inc. and its subsidiaries ("Microch
      +                          ip").
    26                           ; 
    27                           ; Redistribution and use in source and binary forms, with or without modification, are
    28                           ; permitted provided that the following conditions are met:
    29                           ; 
    30                           ;     1. Redistributions of source code must retain the above copyright notice, this lis
      +                          t of
    31                           ;        conditions and the following disclaimer.
    32                           ; 
    33                           ;     2. Redistributions in binary form must reproduce the above copyright notice, this 
      +                          list
    34                           ;        of conditions and the following disclaimer in the documentation and/or other
    35                           ;        materials provided with the distribution.
    36                           ; 
    37                           ;     3. Microchip's name may not be used to endorse or promote products derived from th
      +                          is
    38                           ;        software without specific prior written permission.
    39                           ; 
    40                           ; THIS SOFTWARE IS PROVIDED BY MICROCHIP "AS IS" AND ANY EXPRESS OR IMPLIED WARRANTIES,
    41                           ; INCLUDING, BUT NOT LIMITED TO, THE IMPLIED WARRANTIES OF MERCHANTABILITY AND FITNESS F
      +                          OR
    42                           ; PURPOSE ARE DISCLAIMED.  IN NO EVENT SHALL MICROCHIP BE LIABLE FOR ANY DIRECT, INDIREC
      +                          T,
    43                           ; INCIDENTAL, SPECIAL, EXEMPLARY, OR CONSEQUENTIAL DAMAGES (INCLUDING BUT NOT LIMITED TO
    44                           ; PROCUREMENT OF SUBSTITUTE GOODS OR SERVICES; LOSS OF USE, DATA OR PROFITS; OR BUSINESS
    45                           ; INTERRUPTION) HOWSOEVER CAUSED AND ON ANY THEORY OF LIABILITY, WHETHER IN CONTRACT, ST
      +                          RICT
    46                           ; LIABILITY, OR TORT (INCLUDING NEGLIGENCE OR OTHERWISE) ARISING IN ANY WAY OUT OF THE U
      +                          SE OF
    47                           ; THIS SOFTWARE, EVEN IF ADVISED OF THE POSSIBILITY OF SUCH DAMAGE.
    48                           ; 
    49                           ; 
    50                           ; Code-generator required, PIC16F887 Definitions
    51                           ; 
    52                           ; SFR Addresses
    53  0000                     	;# 
    54  0001                     	;# 
    55  0002                     	;# 
    56  0003                     	;# 
    57  0004                     	;# 
    58  0005                     	;# 
    59  0006                     	;# 
    60  0007                     	;# 
    61  0008                     	;# 
    62  0009                     	;# 
    63  000A                     	;# 
    64  000B                     	;# 
    65  000C                     	;# 
    66  000D                     	;# 
    67  000E                     	;# 
    68  000E                     	;# 
    69  000F                     	;# 
    70  0010                     	;# 
    71  0011                     	;# 
    72  0012                     	;# 
    73  0013                     	;# 
    74  0014                     	;# 
    75  0015                     	;# 
    76  0015                     	;# 
    77  0016                     	;# 
    78  0017                     	;# 
    79  0018                     	;# 
    80  0019                     	;# 
    81  001A                     	;# 
    82  001B                     	;# 
    83  001B                     	;# 
    84  001C                     	;# 
    85  001D                     	;# 
    86  001E                     	;# 
    87  001F                     	;# 
    88  0081                     	;# 
    89  0085                     	;# 
    90  0086                     	;# 
    91  0087                     	;# 
    92  0088                     	;# 
    93  0089                     	;# 
    94  008C                     	;# 
    95  008D                     	;# 
    96  008E                     	;# 
    97  008F                     	;# 
    98  0090                     	;# 
    99  0091                     	;# 
   100  0092                     	;# 
   101  0093                     	;# 
   102  0093                     	;# 
   103  0093                     	;# 
   104  0094                     	;# 
   105  0095                     	;# 
   106  0096                     	;# 
   107  0097                     	;# 
   108  0098                     	;# 
   109  0099                     	;# 
   110  009A                     	;# 
   111  009B                     	;# 
   112  009C                     	;# 
   113  009D                     	;# 
   114  009E                     	;# 
   115  009F                     	;# 
   116  0105                     	;# 
   117  0107                     	;# 
   118  0108                     	;# 
   119  0109                     	;# 
   120  010C                     	;# 
   121  010C                     	;# 
   122  010D                     	;# 
   123  010E                     	;# 
   124  010F                     	;# 
   125  0185                     	;# 
   126  0187                     	;# 
   127  0188                     	;# 
   128  0189                     	;# 
   129  018C                     	;# 
   130  018D                     	;# 
   131  0000                     	;# 
   132  0001                     	;# 
   133  0002                     	;# 
   134  0003                     	;# 
   135  0004                     	;# 
   136  0005                     	;# 
   137  0006                     	;# 
   138  0007                     	;# 
   139  0008                     	;# 
   140  0009                     	;# 
   141  000A                     	;# 
   142  000B                     	;# 
   143  000C                     	;# 
   144  000D                     	;# 
   145  000E                     	;# 
   146  000E                     	;# 
   147  000F                     	;# 
   148  0010                     	;# 
   149  0011                     	;# 
   150  0012                     	;# 
   151  0013                     	;# 
   152  0014                     	;# 
   153  0015                     	;# 
   154  0015                     	;# 
   155  0016                     	;# 
   156  0017                     	;# 
   157  0018                     	;# 
   158  0019                     	;# 
   159  001A                     	;# 
   160  001B                     	;# 
   161  001B                     	;# 
   162  001C                     	;# 
   163  001D                     	;# 
   164  001E                     	;# 
   165  001F                     	;# 
   166  0081                     	;# 
   167  0085                     	;# 
   168  0086                     	;# 
   169  0087                     	;# 
   170  0088                     	;# 
   171  0089                     	;# 
   172  008C                     	;# 
   173  008D                     	;# 
   174  008E                     	;# 
   175  008F                     	;# 
   176  0090                     	;# 
   177  0091                     	;# 
   178  0092                     	;# 
   179  0093                     	;# 
   180  0093                     	;# 
   181  0093                     	;# 
   182  0094                     	;# 
   183  0095                     	;# 
   184  0096                     	;# 
   185  0097                     	;# 
   186  0098                     	;# 
   187  0099                     	;# 
   188  009A                     	;# 
   189  009B                     	;# 
   190  009C                     	;# 
   191  009D                     	;# 
   192  009E                     	;# 
   193  009F                     	;# 
   194  0105                     	;# 
   195  0107                     	;# 
   196  0108                     	;# 
   197  0109                     	;# 
   198  010C                     	;# 
   199  010C                     	;# 
   200  010D                     	;# 
   201  010E                     	;# 
   202  010F                     	;# 
   203  0185                     	;# 
   204  0187                     	;# 
   205  0188                     	;# 
   206  0189                     	;# 
   207  018C                     	;# 
   208  018D                     	;# 
   209                           
   210                           	psect	idataCOMMON
   211  0149                     __pidataCOMMON:
   212                           
   213                           ;initializer for _cuentareg
   214  0149  3403               	retlw	3
   215                           
   216                           	psect	idataBANK0
   217  013C                     __pidataBANK0:
   218                           
   219                           ;initializer for _tabladecadas
   220  013C  3400               	retlw	0
   221  013D  3480               	retlw	128
   222  013E  3440               	retlw	64
   223  013F  3420               	retlw	32
   224  0140  3410               	retlw	16
   225  0141  3408               	retlw	8
   226  0142  3404               	retlw	4
   227  0143  3402               	retlw	2
   228  0144  3401               	retlw	1
   229                           
   230                           ;initializer for _tabla
   231  0145  343F               	retlw	63
   232  0146  3406               	retlw	6
   233  0147  345B               	retlw	91
   234  0148  344F               	retlw	79
   235  0007                     _PORTC	set	7
   236  0006                     _PORTB	set	6
   237  0001                     _TMR0	set	1
   238  000B                     _INTCONbits	set	11
   239  0005                     _PORTA	set	5
   240  0008                     _PORTD	set	8
   241  0006                     _PORTBbits	set	6
   242  005A                     _T0IF	set	90
   243  0058                     _RBIF	set	88
   244  0096                     _IOCBbits	set	150
   245  0095                     _WPUBbits	set	149
   246  0081                     _OPTION_REGbits	set	129
   247  0088                     _TRISD	set	136
   248  0087                     _TRISC	set	135
   249  0086                     _TRISB	set	134
   250  0085                     _TRISA	set	133
   251  008F                     _OSCCONbits	set	143
   252  0188                     _ANSEL	set	392
   253  0189                     _ANSELH	set	393
   254                           
   255                           	psect	cinit
   256  000F                     start_initialization:	
   257                           ; #config settings
   258                           
   259  000F                     __initialization:
   260                           
   261                           ; Initialize objects allocated to BANK0
   262  000F  1383               	bcf	3,7	;select IRP bank0
   263  0010  302D               	movlw	low (__pdataBANK0+13)
   264  0011  00FD               	movwf	btemp+-1
   265  0012  3001               	movlw	high __pidataBANK0
   266  0013  00FE               	movwf	btemp
   267  0014  303C               	movlw	low __pidataBANK0
   268  0015  00FF               	movwf	btemp+1
   269  0016  3020               	movlw	low __pdataBANK0
   270  0017  0084               	movwf	4
   271  0018  120A  118A  212D  120A  118A  	fcall	init_ram0
   272                           
   273                           ; Initialize objects allocated to COMMON
   274  001D  120A  118A  2149  120A  118A  	fcall	__pidataCOMMON	;fetch initializer
   275  0022  00F9               	movwf	__pdataCOMMON& (0+127)
   276                           
   277                           ; Clear objects allocated to COMMON
   278  0023  01F0               	clrf	__pbssCOMMON& (0+127)
   279  0024  01F1               	clrf	(__pbssCOMMON+1)& (0+127)
   280  0025  01F2               	clrf	(__pbssCOMMON+2)& (0+127)
   281  0026  01F3               	clrf	(__pbssCOMMON+3)& (0+127)
   282  0027  01F4               	clrf	(__pbssCOMMON+4)& (0+127)
   283  0028  01F5               	clrf	(__pbssCOMMON+5)& (0+127)
   284  0029                     end_of_initialization:	
   285                           ;End of C runtime variable initialization code
   286                           
   287  0029                     __end_of__initialization:
   288  0029  0183               	clrf	3
   289  002A  120A  118A  282D   	ljmp	_main	;jump to C main() function
   290                           
   291                           	psect	bssCOMMON
   292  0070                     __pbssCOMMON:
   293  0070                     _j2:
   294  0070                     	ds	1
   295  0071                     _j1:
   296  0071                     	ds	1
   297  0072                     _carrera:
   298  0072                     	ds	1
   299  0073                     _c:
   300  0073                     	ds	1
   301  0074                     _a:
   302  0074                     	ds	1
   303  0075                     _inicio:
   304  0075                     	ds	1
   305                           
   306                           	psect	dataCOMMON
   307  0079                     __pdataCOMMON:
   308  0079                     _cuentareg:
   309  0079                     	ds	1
   310                           
   311                           	psect	dataBANK0
   312  0020                     __pdataBANK0:
   313  0020                     _tabladecadas:
   314  0020                     	ds	9
   315  0029                     _tabla:
   316  0029                     	ds	4
   317                           
   318                           	psect	inittext
   319  0129                     init_fetch0:	
   320                           ;	Called with low address in FSR and high address in W
   321                           
   322  0129  087E               	movf	btemp,w
   323  012A  008A               	movwf	10
   324  012B  087F               	movf	btemp+1,w
   325  012C  0082               	movwf	2
   326  012D                     init_ram0:	
   327                           ;Called with:
   328                           ;	high address of idata address in btemp 
   329                           ;	low address of idata address in btemp+1 
   330                           ;	low address of data in FSR
   331                           ;	high address + 1 of data in btemp-1
   332                           
   333  012D  120A  118A  2129  120A  118A  	fcall	init_fetch0
   334  0132  0080               	movwf	0
   335  0133  0A84               	incf	4,f
   336  0134  0804               	movf	4,w
   337  0135  067D               	xorwf	btemp+-1,w
   338  0136  1903               	btfsc	3,2
   339  0137  3400               	retlw	0
   340  0138  0AFF               	incf	btemp+1,f
   341  0139  1903               	btfsc	3,2
   342  013A  0AFE               	incf	btemp,f
   343  013B  292D               	goto	init_ram0
   344                           
   345                           	psect	cstackCOMMON
   346  0076                     __pcstackCOMMON:
   347  0076                     ?_isr:
   348  0076                     ??_isr:	
   349                           ; 1 bytes @ 0x0
   350                           
   351  0076                     ?_main:	
   352                           ; 1 bytes @ 0x0
   353                           
   354                           
   355                           ; 1 bytes @ 0x0
   356  0076                     	ds	3
   357                           
   358                           	psect	cstackBANK0
   359  002D                     __pcstackBANK0:
   360  002D                     ??_main:
   361                           
   362                           ; 1 bytes @ 0x0
   363  002D                     	ds	2
   364                           
   365                           	psect	maintext
   366  002D                     __pmaintext:	
   367 ;;
   368 ;;Main: autosize = 0, tempsize = 2, incstack = 0, save=0
   369 ;;
   370 ;; *************** function _main *****************
   371 ;; Defined at:
   372 ;;		line 89 in file "lab0fisicov0.c"
   373 ;; Parameters:    Size  Location     Type
   374 ;;		None
   375 ;; Auto vars:     Size  Location     Type
   376 ;;		None
   377 ;; Return value:  Size  Location     Type
   378 ;;                  1    wreg      void 
   379 ;; Registers used:
   380 ;;		wreg, fsr0l, fsr0h, status,2, status,0
   381 ;; Tracked objects:
   382 ;;		On entry : B00/0
   383 ;;		On exit  : 0/0
   384 ;;		Unchanged: 0/0
   385 ;; Data sizes:     COMMON   BANK0   BANK1   BANK3   BANK2
   386 ;;      Params:         0       0       0       0       0
   387 ;;      Locals:         0       0       0       0       0
   388 ;;      Temps:          0       2       0       0       0
   389 ;;      Totals:         0       2       0       0       0
   390 ;;Total ram usage:        2 bytes
   391 ;; Hardware stack levels required when called:    1
   392 ;; This function calls:
   393 ;;		Nothing
   394 ;; This function is called by:
   395 ;;		Startup code after reset
   396 ;; This function uses a non-reentrant model
   397 ;;
   398                           
   399                           
   400                           ;psect for function _main
   401  002D                     _main:
   402  002D                     l1012:	
   403                           ;incstack = 0
   404                           ; Regs used in _main: [wreg-fsr0h+status,2+status,0]
   405                           
   406                           
   407                           ;lab0fisicov0.c: 92:     INTCONbits.RBIE = 1;
   408  002D  1683               	bsf	3,5	;RP0=1, select bank1
   409  002E  1303               	bcf	3,6	;RP1=0, select bank1
   410  002F  080F               	movf	15,w	;volatile
   411  0030  398F               	andlw	-113
   412  0031  3810               	iorlw	16
   413  0032  008F               	movwf	15	;volatile
   414  0033                     l1014:
   415                           
   416                           ;lab0fisicov0.c: 93:     INTCONbits.T0IE = 1;
   417  0033  140F               	bsf	15,0	;volatile
   418  0034                     l1016:
   419                           
   420                           ;lab0fisicov0.c: 95:               PORTD = tabladecadas[c];
   421  0034  1683               	bsf	3,5	;RP0=1, select bank3
   422  0035  1703               	bsf	3,6	;RP1=1, select bank3
   423  0036  0189               	clrf	9	;volatile
   424  0037                     l1018:
   425                           
   426                           ;lab0fisicov0.c: 96:               if (PORTBbits.RB1 == 1) {j1 = 1;}
   427  0037  0188               	clrf	8	;volatile
   428  0038                     l1020:
   429                           
   430                           ;lab0fisicov0.c: 97:               if (PORTBbits.RB2 == 1) {j2 = 1;}
   431  0038  1683               	bsf	3,5	;RP0=1, select bank1
   432  0039  1303               	bcf	3,6	;RP1=0, select bank1
   433  003A  0185               	clrf	5	;volatile
   434  003B                     l1022:
   435                           
   436                           ;lab0fisicov0.c: 98:               if (PORTBbits.RB1 == 0 && j1 == 1 && carrera == 1){
   437  003B  3007               	movlw	7
   438  003C  0086               	movwf	6	;volatile
   439  003D                     l1024:
   440                           
   441                           ;lab0fisicov0.c: 99:                   j1 = 0;
   442  003D  0187               	clrf	7	;volatile
   443  003E                     l1026:
   444                           
   445                           ;lab0fisicov0.c: 100:                   a++;
   446  003E  0188               	clrf	8	;volatile
   447  003F                     l1028:
   448                           
   449                           ;lab0fisicov0.c: 101:               }
   450  003F  1381               	bcf	1,7	;volatile
   451  0040                     l1030:
   452                           
   453                           ;lab0fisicov0.c: 102:               if (PORTBbits.RB2 == 0 && j2 == 1 && carrera == 1){
   454  0040  1415               	bsf	21,0	;volatile
   455  0041                     l1032:
   456                           
   457                           ;lab0fisicov0.c: 103:                   j2 = 0;
   458  0041  1495               	bsf	21,1	;volatile
   459  0042                     l1034:
   460                           
   461                           ;lab0fisicov0.c: 104:                   c++;
   462  0042  1515               	bsf	21,2	;volatile
   463  0043                     l1036:
   464                           
   465                           ;lab0fisicov0.c: 105:               }
   466  0043  1283               	bcf	3,5	;RP0=0, select bank0
   467  0044  1303               	bcf	3,6	;RP1=0, select bank0
   468  0045  0185               	clrf	5	;volatile
   469  0046                     l1038:
   470                           
   471                           ;lab0fisicov0.c: 106:               if (a != 8 && c != 8){PORTC = tabla[cuentareg];}
   472  0046  0186               	clrf	6	;volatile
   473  0047                     l1040:
   474                           
   475                           ;lab0fisicov0.c: 107: 
   476  0047  0187               	clrf	7	;volatile
   477  0048                     l1042:
   478                           
   479                           ;lab0fisicov0.c: 108:               if (a == 8){
   480  0048  0188               	clrf	8	;volatile
   481  0049                     l1044:
   482                           
   483                           ;lab0fisicov0.c: 110:                   PORTC = tabla[1];
   484  0049  1683               	bsf	3,5	;RP0=1, select bank1
   485  004A  1303               	bcf	3,6	;RP1=0, select bank1
   486  004B  1416               	bsf	22,0	;volatile
   487  004C                     l1046:
   488                           
   489                           ;lab0fisicov0.c: 111:                   PORTBbits.RB6 = 1;
   490  004C  1496               	bsf	22,1	;volatile
   491  004D                     l1048:
   492                           
   493                           ;lab0fisicov0.c: 112:               }
   494  004D  1516               	bsf	22,2	;volatile
   495  004E                     l1050:
   496                           
   497                           ;lab0fisicov0.c: 114:               if (c == 8){
   498  004E  1281               	bcf	1,5	;volatile
   499  004F                     l1052:
   500                           
   501                           ;lab0fisicov0.c: 115:                   carrera = 0;
   502  004F  1181               	bcf	1,3	;volatile
   503  0050                     l1054:
   504                           
   505                           ;lab0fisicov0.c: 116:                   PORTC = tabla[2];
   506  0050  3007               	movlw	7
   507  0051  0481               	iorwf	1,f	;volatile
   508  0052                     l1056:
   509                           
   510                           ;lab0fisicov0.c: 118:               }
   511  0052  3086               	movlw	134
   512  0053  1283               	bcf	3,5	;RP0=0, select bank0
   513  0054  1303               	bcf	3,6	;RP1=0, select bank0
   514  0055  0081               	movwf	1	;volatile
   515  0056                     l1058:
   516                           
   517                           ;lab0fisicov0.c: 119: 
   518  0056  110B               	bcf	11,2	;volatile
   519  0057                     l1060:
   520                           
   521                           ;lab0fisicov0.c: 121:                 case 0:
   522  0057  178B               	bsf	11,7	;volatile
   523  0058                     l1062:
   524                           
   525                           ;lab0fisicov0.c: 122:                     PORTBbits.RB3 = 1;
   526  0058  158B               	bsf	11,3	;volatile
   527  0059                     l1064:
   528                           
   529                           ;lab0fisicov0.c: 123:                     PORTBbits.RB4 = 0;
   530  0059  168B               	bsf	11,5	;volatile
   531  005A                     l1066:
   532  005A  0874               	movf	_a,w
   533  005B  3E20               	addlw	(low (_tabladecadas| 0))& (0+255)
   534  005C  0084               	movwf	4
   535  005D  1383               	bcf	3,7	;select IRP bank0
   536  005E  0800               	movf	0,w
   537  005F  0085               	movwf	5	;volatile
   538  0060                     l1068:
   539                           
   540                           ;lab0fisicov0.c: 125:                     break;
   541  0060  0873               	movf	_c,w
   542  0061  3E20               	addlw	(low (_tabladecadas| 0))& (0+255)
   543  0062  0084               	movwf	4
   544  0063  0800               	movf	0,w
   545  0064  0088               	movwf	8	;volatile
   546  0065                     l1070:
   547                           
   548                           ;lab0fisicov0.c: 126:                 case 1:
   549  0065  1C86               	btfss	6,1	;volatile
   550  0066  2868               	goto	u321
   551  0067  2869               	goto	u320
   552  0068                     u321:
   553  0068  286B               	goto	l73
   554  0069                     u320:
   555  0069                     l1072:
   556  0069  01F1               	clrf	_j1
   557  006A  0AF1               	incf	_j1,f
   558  006B                     l73:
   559                           
   560                           ;lab0fisicov0.c: 127:                     PORTBbits.RB3 = 0;
   561  006B  1D06               	btfss	6,2	;volatile
   562  006C  286E               	goto	u331
   563  006D  286F               	goto	u330
   564  006E                     u331:
   565  006E  2871               	goto	l74
   566  006F                     u330:
   567  006F                     l1074:
   568  006F  01F0               	clrf	_j2
   569  0070  0AF0               	incf	_j2,f
   570  0071                     l74:
   571                           
   572                           ;lab0fisicov0.c: 128:                     PORTBbits.RB4 = 1;
   573  0071  1886               	btfsc	6,1	;volatile
   574  0072  2874               	goto	u341
   575  0073  2875               	goto	u340
   576  0074                     u341:
   577  0074  2884               	goto	l1084
   578  0075                     u340:
   579  0075                     l1076:
   580  0075  0371               	decf	_j1,w
   581  0076  1D03               	btfss	3,2
   582  0077  2879               	goto	u351
   583  0078  287A               	goto	u350
   584  0079                     u351:
   585  0079  2884               	goto	l1084
   586  007A                     u350:
   587  007A                     l1078:
   588  007A  0372               	decf	_carrera,w
   589  007B  1D03               	btfss	3,2
   590  007C  287E               	goto	u361
   591  007D  287F               	goto	u360
   592  007E                     u361:
   593  007E  2884               	goto	l1084
   594  007F                     u360:
   595  007F                     l1080:
   596                           
   597                           ;lab0fisicov0.c: 129:                     PORTBbits.RB5 = 0;
   598  007F  01F1               	clrf	_j1
   599  0080                     l1082:
   600                           
   601                           ;lab0fisicov0.c: 130:                     break;
   602  0080  3001               	movlw	1
   603  0081  00AD               	movwf	??_main
   604  0082  082D               	movf	??_main,w
   605  0083  07F4               	addwf	_a,f
   606  0084                     l1084:
   607                           
   608                           ;lab0fisicov0.c: 132:                     PORTBbits.RB3 = 0;
   609  0084  1906               	btfsc	6,2	;volatile
   610  0085  2887               	goto	u371
   611  0086  2888               	goto	u370
   612  0087                     u371:
   613  0087  2897               	goto	l1094
   614  0088                     u370:
   615  0088                     l1086:
   616  0088  0370               	decf	_j2,w
   617  0089  1D03               	btfss	3,2
   618  008A  288C               	goto	u381
   619  008B  288D               	goto	u380
   620  008C                     u381:
   621  008C  2897               	goto	l1094
   622  008D                     u380:
   623  008D                     l1088:
   624  008D  0372               	decf	_carrera,w
   625  008E  1D03               	btfss	3,2
   626  008F  2891               	goto	u391
   627  0090  2892               	goto	u390
   628  0091                     u391:
   629  0091  2897               	goto	l1094
   630  0092                     u390:
   631  0092                     l1090:
   632                           
   633                           ;lab0fisicov0.c: 133:                     PORTBbits.RB4 = 0;
   634  0092  01F0               	clrf	_j2
   635  0093                     l1092:
   636                           
   637                           ;lab0fisicov0.c: 134:                     PORTBbits.RB5 = 1;
   638  0093  3001               	movlw	1
   639  0094  00AD               	movwf	??_main
   640  0095  082D               	movf	??_main,w
   641  0096  07F3               	addwf	_c,f
   642  0097                     l1094:
   643                           
   644                           ;lab0fisicov0.c: 136:                 case 3:
   645  0097  3008               	movlw	8
   646  0098  0674               	xorwf	_a,w
   647  0099  1903               	btfsc	3,2
   648  009A  289C               	goto	u401
   649  009B  289D               	goto	u400
   650  009C                     u401:
   651  009C  28A8               	goto	l1100
   652  009D                     u400:
   653  009D                     l1096:
   654  009D  3008               	movlw	8
   655  009E  0673               	xorwf	_c,w
   656  009F  1903               	btfsc	3,2
   657  00A0  28A2               	goto	u411
   658  00A1  28A3               	goto	u410
   659  00A2                     u411:
   660  00A2  28A8               	goto	l1100
   661  00A3                     u410:
   662  00A3                     l1098:
   663  00A3  0879               	movf	_cuentareg,w
   664  00A4  3E29               	addlw	(low (_tabla| 0))& (0+255)
   665  00A5  0084               	movwf	4
   666  00A6  0800               	movf	0,w
   667  00A7  0087               	movwf	7	;volatile
   668  00A8                     l1100:
   669                           
   670                           ;lab0fisicov0.c: 138:                     PORTBbits.RB4 = 0;
   671  00A8  3008               	movlw	8
   672  00A9  0674               	xorwf	_a,w
   673  00AA  1D03               	btfss	3,2
   674  00AB  28AD               	goto	u421
   675  00AC  28AE               	goto	u420
   676  00AD                     u421:
   677  00AD  28B2               	goto	l1108
   678  00AE                     u420:
   679  00AE                     l1102:
   680                           
   681                           ;lab0fisicov0.c: 139:                     PORTBbits.RB5 = 1;
   682  00AE  01F2               	clrf	_carrera
   683  00AF                     l1104:
   684                           
   685                           ;lab0fisicov0.c: 140:                     break;}
   686  00AF  082A               	movf	_tabla+1,w
   687  00B0  0087               	movwf	7	;volatile
   688  00B1                     l1106:
   689                           
   690                           ;lab0fisicov0.c: 141:              }
   691  00B1  1706               	bsf	6,6	;volatile
   692  00B2                     l1108:
   693  00B2  3008               	movlw	8
   694  00B3  0673               	xorwf	_c,w
   695  00B4  1D03               	btfss	3,2
   696  00B5  28B7               	goto	u431
   697  00B6  28B8               	goto	u430
   698  00B7                     u431:
   699  00B7  28CD               	goto	l1118
   700  00B8                     u430:
   701  00B8                     l1110:
   702  00B8  01F2               	clrf	_carrera
   703  00B9                     l1112:
   704  00B9  082B               	movf	_tabla+2,w
   705  00BA  0087               	movwf	7	;volatile
   706  00BB                     l1114:
   707  00BB  1786               	bsf	6,7	;volatile
   708  00BC  28CD               	goto	l1118
   709  00BD                     l81:
   710  00BD  1586               	bsf	6,3	;volatile
   711  00BE  1206               	bcf	6,4	;volatile
   712  00BF  1286               	bcf	6,5	;volatile
   713  00C0  285A               	goto	l1066
   714  00C1                     l83:
   715  00C1  1186               	bcf	6,3	;volatile
   716  00C2  1606               	bsf	6,4	;volatile
   717  00C3  1286               	bcf	6,5	;volatile
   718  00C4  285A               	goto	l1066
   719  00C5                     l84:
   720  00C5  1186               	bcf	6,3	;volatile
   721  00C6  1206               	bcf	6,4	;volatile
   722  00C7  1686               	bsf	6,5	;volatile
   723  00C8  285A               	goto	l1066
   724  00C9                     l85:
   725  00C9  1186               	bcf	6,3	;volatile
   726  00CA  1206               	bcf	6,4	;volatile
   727  00CB  1686               	bsf	6,5	;volatile
   728  00CC  285A               	goto	l1066
   729  00CD                     l1118:
   730  00CD  0879               	movf	_cuentareg,w
   731  00CE  00AD               	movwf	??_main
   732  00CF  01AE               	clrf	??_main+1
   733                           
   734                           ; Switch on 2 bytes has been partitioned into a top level switch of size 1, and 1 sub-sw
      +                          itches
   735                           ; Switch size 1, requested type "simple"
   736                           ; Number of cases is 1, Range of values is 0 to 0
   737                           ; switch strategies available:
   738                           ; Name         Instructions Cycles
   739                           ; simple_byte            4     3 (average)
   740                           ; direct_byte           11     8 (fixed)
   741                           ; jumptable            260     6 (fixed)
   742                           ;	Chosen strategy is simple_byte
   743  00D0  082E               	movf	??_main+1,w
   744  00D1  3A00               	xorlw	0	; case 0
   745  00D2  1903               	skipnz
   746  00D3  28D5               	goto	l1156
   747  00D4  285A               	goto	l1066
   748  00D5                     l1156:
   749                           
   750                           ; Switch size 1, requested type "simple"
   751                           ; Number of cases is 4, Range of values is 0 to 3
   752                           ; switch strategies available:
   753                           ; Name         Instructions Cycles
   754                           ; simple_byte           13     7 (average)
   755                           ; direct_byte           20     8 (fixed)
   756                           ; jumptable            260     6 (fixed)
   757                           ;	Chosen strategy is simple_byte
   758  00D5  082D               	movf	??_main,w
   759  00D6  3A00               	xorlw	0	; case 0
   760  00D7  1903               	skipnz
   761  00D8  28BD               	goto	l81
   762  00D9  3A01               	xorlw	1	; case 1
   763  00DA  1903               	skipnz
   764  00DB  28C1               	goto	l83
   765  00DC  3A03               	xorlw	3	; case 2
   766  00DD  1903               	skipnz
   767  00DE  28C5               	goto	l84
   768  00DF  3A01               	xorlw	1	; case 3
   769  00E0  1903               	skipnz
   770  00E1  28C9               	goto	l85
   771  00E2  285A               	goto	l1066
   772  00E3  120A  118A  280C   	ljmp	start
   773  00E6                     __end_of_main:
   774                           
   775                           	psect	text1
   776  00E6                     __ptext1:	
   777 ;; *************** function _isr *****************
   778 ;; Defined at:
   779 ;;		line 56 in file "lab0fisicov0.c"
   780 ;; Parameters:    Size  Location     Type
   781 ;;		None
   782 ;; Auto vars:     Size  Location     Type
   783 ;;		None
   784 ;; Return value:  Size  Location     Type
   785 ;;                  1    wreg      void 
   786 ;; Registers used:
   787 ;;		wreg, status,2, status,0
   788 ;; Tracked objects:
   789 ;;		On entry : 0/0
   790 ;;		On exit  : 0/0
   791 ;;		Unchanged: 0/0
   792 ;; Data sizes:     COMMON   BANK0   BANK1   BANK3   BANK2
   793 ;;      Params:         0       0       0       0       0
   794 ;;      Locals:         0       0       0       0       0
   795 ;;      Temps:          3       0       0       0       0
   796 ;;      Totals:         3       0       0       0       0
   797 ;;Total ram usage:        3 bytes
   798 ;; Hardware stack levels used:    1
   799 ;; This function calls:
   800 ;;		Nothing
   801 ;; This function is called by:
   802 ;;		Interrupt level 1
   803 ;; This function uses a non-reentrant model
   804 ;;
   805                           
   806                           
   807                           ;psect for function _isr
   808  00E6                     _isr:
   809  00E6                     i1l680:
   810                           
   811                           ;lab0fisicov0.c: 58: 
   812  00E6  1C0B               	btfss	11,0	;volatile
   813  00E7  28E9               	goto	u1_21
   814  00E8  28EA               	goto	u1_20
   815  00E9                     u1_21:
   816  00E9  2904               	goto	i1l706
   817  00EA                     u1_20:
   818  00EA                     i1l682:
   819                           
   820                           ;lab0fisicov0.c: 60: 
   821  00EA  1283               	bcf	3,5	;RP0=0, select bank0
   822  00EB  1303               	bcf	3,6	;RP1=0, select bank0
   823  00EC  1806               	btfsc	6,0	;volatile
   824  00ED  28EF               	goto	u2_21
   825  00EE  28F0               	goto	u2_20
   826  00EF                     u2_21:
   827  00EF  2903               	goto	i1l704
   828  00F0                     u2_20:
   829  00F0                     i1l684:
   830  00F0  0872               	movf	_carrera,w
   831  00F1  1D03               	btfss	3,2
   832  00F2  28F4               	goto	u3_21
   833  00F3  28F5               	goto	u3_20
   834  00F4                     u3_21:
   835  00F4  2903               	goto	i1l704
   836  00F5                     u3_20:
   837  00F5                     i1l686:
   838                           
   839                           ;lab0fisicov0.c: 61: 
   840  00F5  01F5               	clrf	_inicio
   841  00F6  0AF5               	incf	_inicio,f
   842  00F7                     i1l688:
   843                           
   844                           ;lab0fisicov0.c: 62:     OSCCONbits.IRCF = 1;
   845  00F7  01F4               	clrf	_a
   846                           
   847                           ;lab0fisicov0.c: 63:     OSCCONbits.SCS = 1;
   848  00F8  01F3               	clrf	_c
   849  00F9                     i1l690:
   850                           
   851                           ;lab0fisicov0.c: 64: 
   852  00F9  3003               	movlw	3
   853  00FA  00F6               	movwf	??_isr
   854  00FB  0876               	movf	??_isr,w
   855  00FC  00F9               	movwf	_cuentareg
   856  00FD                     i1l692:
   857                           
   858                           ;lab0fisicov0.c: 65:     ANSELH = 0;
   859  00FD  01F1               	clrf	_j1
   860  00FE                     i1l694:
   861                           
   862                           ;lab0fisicov0.c: 66:     ANSEL = 0;
   863  00FE  01F0               	clrf	_j2
   864  00FF                     i1l696:
   865                           
   866                           ;lab0fisicov0.c: 67:     TRISA = 0;
   867  00FF  1306               	bcf	6,6	;volatile
   868  0100                     i1l698:
   869                           
   870                           ;lab0fisicov0.c: 68:     TRISB = 7;
   871  0100  1386               	bcf	6,7	;volatile
   872  0101                     i1l700:
   873                           
   874                           ;lab0fisicov0.c: 69:     TRISC = 0;
   875  0101  0188               	clrf	8	;volatile
   876  0102                     i1l702:
   877                           
   878                           ;lab0fisicov0.c: 70:     TRISD = 0;
   879  0102  0185               	clrf	5	;volatile
   880  0103                     i1l704:
   881                           
   882                           ;lab0fisicov0.c: 73:     WPUBbits.WPUB1 = 1;
   883  0103  100B               	bcf	11,0	;volatile
   884  0104                     i1l706:
   885                           
   886                           ;lab0fisicov0.c: 76:     PORTB = 0;
   887  0104  1D0B               	btfss	11,2	;volatile
   888  0105  2907               	goto	u4_21
   889  0106  2908               	goto	u4_20
   890  0107                     u4_21:
   891  0107  2922               	goto	i1l67
   892  0108                     u4_20:
   893  0108                     i1l708:
   894                           
   895                           ;lab0fisicov0.c: 78:     PORTD = 0;
   896  0108  0879               	movf	_cuentareg,w
   897  0109  1D03               	btfss	3,2
   898  010A  290C               	goto	u5_21
   899  010B  290D               	goto	u5_20
   900  010C                     u5_21:
   901  010C  2916               	goto	i1l716
   902  010D                     u5_20:
   903  010D                     i1l710:
   904  010D  0375               	decf	_inicio,w
   905  010E  1D03               	btfss	3,2
   906  010F  2911               	goto	u6_21
   907  0110  2912               	goto	u6_20
   908  0111                     u6_21:
   909  0111  2916               	goto	i1l716
   910  0112                     u6_20:
   911  0112                     i1l712:
   912                           
   913                           ;lab0fisicov0.c: 79: 
   914  0112  01F5               	clrf	_inicio
   915  0113                     i1l714:
   916                           
   917                           ;lab0fisicov0.c: 80:     IOCBbits.IOCB0 = 1;
   918  0113  01F2               	clrf	_carrera
   919  0114  0AF2               	incf	_carrera,f
   920                           
   921                           ;lab0fisicov0.c: 81:     IOCBbits.IOCB1 = 1;
   922  0115  291D               	goto	i1l720
   923  0116                     i1l716:
   924  0116  0375               	decf	_inicio,w
   925  0117  1D03               	btfss	3,2
   926  0118  291A               	goto	u7_21
   927  0119  291B               	goto	u7_20
   928  011A                     u7_21:
   929  011A  291D               	goto	i1l720
   930  011B                     u7_20:
   931  011B                     i1l718:
   932  011B  3001               	movlw	1
   933  011C  02F9               	subwf	_cuentareg,f
   934  011D                     i1l720:
   935                           
   936                           ;lab0fisicov0.c: 84:     OPTION_REGbits.T0CS = 0;
   937  011D  3086               	movlw	134
   938  011E  1283               	bcf	3,5	;RP0=0, select bank0
   939  011F  1303               	bcf	3,6	;RP1=0, select bank0
   940  0120  0081               	movwf	1	;volatile
   941  0121                     i1l722:
   942                           
   943                           ;lab0fisicov0.c: 85:     OPTION_REGbits.PSA = 0;
   944  0121  110B               	bcf	11,2	;volatile
   945  0122                     i1l67:
   946  0122  0878               	movf	??_isr+2,w
   947  0123  008A               	movwf	10
   948  0124  0E77               	swapf	??_isr+1,w
   949  0125  0083               	movwf	3
   950  0126  0EFE               	swapf	btemp,f
   951  0127  0E7E               	swapf	btemp,w
   952  0128  0009               	retfie
   953  0129                     __end_of_isr:
   954  007E                     btemp	set	126	;btemp
   955  007E                     wtemp0	set	126
   956                           
   957                           	psect	intentry
   958  0004                     __pintentry:	
   959                           ;incstack = 0
   960                           ; Regs used in _isr: [wreg+status,2+status,0]
   961                           
   962  0004                     interrupt_function:
   963  007E                     saved_w	set	btemp
   964  0004  00FE               	movwf	btemp
   965  0005  0E03               	swapf	3,w
   966  0006  00F7               	movwf	??_isr+1
   967  0007  080A               	movf	10,w
   968  0008  00F8               	movwf	??_isr+2
   969  0009  120A  118A  28E6   	ljmp	_isr
   970                           
   971                           	psect	config
   972                           
   973                           ;Config register CONFIG1 @ 0x2007
   974                           ;	Oscillator Selection bits
   975                           ;	FOSC = INTRC_NOCLKOUT, INTOSCIO oscillator: I/O function on RA6/OSC2/CLKOUT pin, I/O f
      +                          unction on RA7/OSC1/CLKIN
   976                           ;	Watchdog Timer Enable bit
   977                           ;	WDTE = OFF, WDT disabled and can be enabled by SWDTEN bit of the WDTCON register
   978                           ;	Power-up Timer Enable bit
   979                           ;	PWRTE = OFF, PWRT disabled
   980                           ;	RE3/MCLR pin function select bit
   981                           ;	MCLRE = OFF, RE3/MCLR pin function is digital input, MCLR internally tied to VDD
   982                           ;	Code Protection bit
   983                           ;	CP = OFF, Program memory code protection is disabled
   984                           ;	Data Code Protection bit
   985                           ;	CPD = OFF, Data memory code protection is disabled
   986                           ;	Brown Out Reset Selection bits
   987                           ;	BOREN = OFF, BOR disabled
   988                           ;	Internal External Switchover bit
   989                           ;	IESO = OFF, Internal/External Switchover mode is disabled
   990                           ;	Fail-Safe Clock Monitor Enabled bit
   991                           ;	FCMEN = OFF, Fail-Safe Clock Monitor is disabled
   992                           ;	Low Voltage Programming Enable bit
   993                           ;	LVP = OFF, RB3 pin has digital I/O, HV on MCLR must be used for programming
   994                           ;	In-Circuit Debugger Mode bit
   995                           ;	DEBUG = 0x1, unprogrammed default
   996  2007                     	org	8199
   997  2007  20D4               	dw	8404
   998                           
   999                           ;Config register CONFIG2 @ 0x2008
  1000                           ;	Brown-out Reset Selection bit
  1001                           ;	BOR4V = BOR40V, Brown-out Reset set to 4.0V
  1002                           ;	Flash Program Memory Self Write Enable bits
  1003                           ;	WRT = OFF, Write protection off
  1004  2008                     	org	8200
  1005  2008  3FFF               	dw	16383

Data Sizes:
    Strings     0
    Constant    0
    Data        14
    BSS         6
    Persistent  0
    Stack       0

Auto Spaces:
    Space          Size  Autos    Used
    COMMON           14      3      10
    BANK0            80      2      15
    BANK1            80      0       0
    BANK3            96      0       0
    BANK2            96      0       0

Pointer List with Targets:

    None.

Critical Paths under _main in COMMON

    None.

Critical Paths under _isr in COMMON

    None.

Critical Paths under _main in BANK0

    None.

Critical Paths under _isr in BANK0

    None.

Critical Paths under _main in BANK1

    None.

Critical Paths under _isr in BANK1

    None.

Critical Paths under _main in BANK3

    None.

Critical Paths under _isr in BANK3

    None.

Critical Paths under _main in BANK2

    None.

Critical Paths under _isr in BANK2

    None.

Call Graph Tables:

 ---------------------------------------------------------------------------------
 (Depth) Function   	        Calls       Base Space   Used Autos Params    Refs
 ---------------------------------------------------------------------------------
 (0) _main                                                 2     2      0       0
                                              0 BANK0      2     2      0
 ---------------------------------------------------------------------------------
 Estimated maximum stack depth 0
 ---------------------------------------------------------------------------------
 (Depth) Function   	        Calls       Base Space   Used Autos Params    Refs
 ---------------------------------------------------------------------------------
 (1) _isr                                                  3     3      0       0
                                              0 COMMON     3     3      0
 ---------------------------------------------------------------------------------
 Estimated maximum stack depth 1
 ---------------------------------------------------------------------------------

 Call Graph Graphs:

 _main (ROOT)

 _isr (ROOT)

 Address spaces:
Name               Size   Autos  Total    Cost      Usage
BANK3               60      0       0       9        0.0%
BITBANK3            60      0       0       8        0.0%
SFR3                 0      0       0       4        0.0%
BITSFR3              0      0       0       4        0.0%
BANK2               60      0       0      11        0.0%
BITBANK2            60      0       0      10        0.0%
SFR2                 0      0       0       5        0.0%
BITSFR2              0      0       0       5        0.0%
BANK1               50      0       0       7        0.0%
BITBANK1            50      0       0       6        0.0%
SFR1                 0      0       0       2        0.0%
BITSFR1              0      0       0       2        0.0%
BANK0               50      2       F       5       18.8%
BITBANK0            50      0       0       4        0.0%
SFR0                 0      0       0       1        0.0%
BITSFR0              0      0       0       1        0.0%
COMMON               E      3       A       1       71.4%
BITCOMMON            E      0       0       0        0.0%
CODE                 0      0       0       0        0.0%
DATA                 0      0      19      12        0.0%
ABS                  0      0      19       3        0.0%
NULL                 0      0       0       0        0.0%
STACK                0      0       0       2        0.0%
EEDATA             100      0       0       0        0.0%


Microchip Technology PIC Macro Assembler V2.31 build 20201012212115 
Symbol Table                                                                                   Wed Sep 01 17:15:01 2021

                      _a 0074                        _c 0073                        pc 0002  
                     l81 00BD                       l73 006B                       l74 0071  
                     l83 00C1                       l84 00C5                       l85 00C9  
                     _j1 0071                       _j2 0070                       fsr 0004  
                    u400 009D                      u320 0069                      u401 009C  
                    u321 0068                      u410 00A3                      u330 006F  
                    u411 00A2                      u331 006E                      u420 00AE  
                    u340 0075                      u421 00AD                      u341 0074  
                    u430 00B8                      u350 007A                      u431 00B7  
                    u351 0079                      u360 007F                      u361 007E  
                    u370 0088                      u371 0087                      u380 008D  
                    u381 008C                      u390 0092                      u391 0091  
                    _isr 00E6                      fsr0 0004                      indf 0000  
                   l1100 00A8                     l1020 0038                     l1012 002D  
                   l1110 00B8                     l1102 00AE                     l1030 0040  
                   l1022 003B                     l1014 0033                     l1112 00B9  
                   l1104 00AF                     l1040 0047                     l1032 0041  
                   l1024 003D                     l1016 0034                     l1114 00BB  
                   l1106 00B1                     l1050 004E                     l1042 0048  
                   l1034 0042                     l1026 003E                     l1018 0037  
                   l1108 00B2                     l1060 0057                     l1052 004F  
                   l1044 0049                     l1036 0043                     l1028 003F  
                   l1118 00CD                     l1070 0065                     l1062 0058  
                   l1054 0050                     l1046 004C                     l1038 0046  
                   l1080 007F                     l1072 0069                     l1064 0059  
                   l1056 0052                     l1048 004D                     l1090 0092  
                   l1082 0080                     l1074 006F                     l1066 005A  
                   l1058 0056                     l1156 00D5                     l1092 0093  
                   l1076 0075                     l1084 0084                     l1068 0060  
                   l1086 0088                     l1094 0097                     l1078 007A  
                   l1096 009D                     l1088 008D                     l1098 00A3  
                   ?_isr 0076                     _T0IF 005A                     _RBIF 0058  
                   i1l67 0122                     _TMR0 0001                     u1_20 00EA  
                   u1_21 00E9                     u2_20 00F0                     u2_21 00EF  
                   u3_20 00F5                     u3_21 00F4                     u4_20 0108  
                   u4_21 0107                     u5_20 010D                     u5_21 010C  
                   u6_20 0112                     u6_21 0111                     u7_20 011B  
                   u7_21 011A                     _main 002D                     btemp 007E  
                   start 000C                    ??_isr 0076                    ?_main 0076  
                  _ANSEL 0188                    i1l700 0101                    i1l710 010D  
                  i1l702 0102                    i1l720 011D                    i1l712 0112  
                  i1l704 0103                    i1l722 0121                    i1l714 0113  
                  i1l706 0104                    i1l716 0116                    i1l708 0108  
                  i1l718 011B                    i1l680 00E6                    i1l690 00F9  
                  i1l682 00EA                    i1l692 00FD                    i1l684 00F0  
                  i1l694 00FE                    i1l686 00F5                    i1l696 00FF  
                  i1l688 00F7                    i1l698 0100                    _PORTA 0005  
                  _PORTB 0006                    _PORTC 0007                    _PORTD 0008  
                  _TRISA 0085                    _TRISB 0086                    _TRISC 0087  
                  _TRISD 0088                    _tabla 0029                    pclath 000A  
                  status 0003                    wtemp0 007E          __initialization 000F  
           __end_of_main 00E6                   ??_main 002D                   _ANSELH 0189  
                 _inicio 0075             __pdataCOMMON 0079                   saved_w 007E  
__end_of__initialization 0029           __pcstackCOMMON 0076             __pidataBANK0 013C  
         _OPTION_REGbits 0081               __pmaintext 002D               __pintentry 0004  
                _carrera 0072                  __ptext1 00E6             __size_of_isr 0043  
   end_of_initialization 0029                _PORTBbits 0006            __pidataCOMMON 0149  
    start_initialization 000F              __end_of_isr 0129               init_fetch0 0129  
            __pdataBANK0 0020              __pbssCOMMON 0070                ___latbits 0002  
          __pcstackBANK0 002D                _cuentareg 0079             _tabladecadas 0020  
      interrupt_function 0004                 _IOCBbits 0096                 _WPUBbits 0095  
          __size_of_main 00B9               _INTCONbits 000B                 init_ram0 012D  
               intlevel1 0000               _OSCCONbits 008F  
